<?xml version="1.0" encoding="UTF-8"?>
<testsuite xmlns:xsi="http://www.w3.org/2001/XMLSchema-instance" xsi:noNamespaceSchemaLocation="https://maven.apache.org/surefire/maven-surefire-plugin/xsd/surefire-test-report-3.0.xsd" version="3.0" name="gep.ma.intelligent.pv.IntelligentPvApplicationTests" time="3.402" tests="1" errors="0" skipped="0" failures="0">
  <properties>
    <property name="java.specification.version" value="22"/>
    <property name="sun.jnu.encoding" value="UTF-8"/>
    <property name="java.class.path" value="/Users/youssef.elassaoui/IntelligentPV--/intelligent-pv-backend/target/test-classes:/Users/youssef.elassaoui/IntelligentPV--/intelligent-pv-backend/target/classes:/Users/youssef.elassaoui/.m2/repository/org/springframework/boot/spring-boot-starter-actuator/3.3.0/spring-boot-starter-actuator-3.3.0.jar:/Users/youssef.elassaoui/.m2/repository/org/springframework/boot/spring-boot-starter/3.3.0/spring-boot-starter-3.3.0.jar:/Users/youssef.elassaoui/.m2/repository/org/springframework/boot/spring-boot-starter-logging/3.3.0/spring-boot-starter-logging-3.3.0.jar:/Users/youssef.elassaoui/.m2/repository/ch/qos/logback/logback-classic/1.5.6/logback-classic-1.5.6.jar:/Users/youssef.elassaoui/.m2/repository/ch/qos/logback/logback-core/1.5.6/logback-core-1.5.6.jar:/Users/youssef.elassaoui/.m2/repository/org/apache/logging/log4j/log4j-to-slf4j/2.23.1/log4j-to-slf4j-2.23.1.jar:/Users/youssef.elassaoui/.m2/repository/org/apache/logging/log4j/log4j-api/2.23.1/log4j-api-2.23.1.jar:/Users/youssef.elassaoui/.m2/repository/org/slf4j/jul-to-slf4j/2.0.13/jul-to-slf4j-2.0.13.jar:/Users/youssef.elassaoui/.m2/repository/jakarta/annotation/jakarta.annotation-api/2.1.1/jakarta.annotation-api-2.1.1.jar:/Users/youssef.elassaoui/.m2/repository/org/yaml/snakeyaml/2.2/snakeyaml-2.2.jar:/Users/youssef.elassaoui/.m2/repository/org/springframework/boot/spring-boot-actuator-autoconfigure/3.3.0/spring-boot-actuator-autoconfigure-3.3.0.jar:/Users/youssef.elassaoui/.m2/repository/org/springframework/boot/spring-boot-actuator/3.3.0/spring-boot-actuator-3.3.0.jar:/Users/youssef.elassaoui/.m2/repository/com/fasterxml/jackson/datatype/jackson-datatype-jsr310/2.17.1/jackson-datatype-jsr310-2.17.1.jar:/Users/youssef.elassaoui/.m2/repository/io/micrometer/micrometer-observation/1.13.0/micrometer-observation-1.13.0.jar:/Users/youssef.elassaoui/.m2/repository/io/micrometer/micrometer-commons/1.13.0/micrometer-commons-1.13.0.jar:/Users/youssef.elassaoui/.m2/repository/io/micrometer/micrometer-jakarta9/1.13.0/micrometer-jakarta9-1.13.0.jar:/Users/youssef.elassaoui/.m2/repository/io/micrometer/micrometer-core/1.13.0/micrometer-core-1.13.0.jar:/Users/youssef.elassaoui/.m2/repository/org/hdrhistogram/HdrHistogram/2.2.1/HdrHistogram-2.2.1.jar:/Users/youssef.elassaoui/.m2/repository/org/latencyutils/LatencyUtils/2.0.3/LatencyUtils-2.0.3.jar:/Users/youssef.elassaoui/.m2/repository/org/springframework/boot/spring-boot-starter-data-cassandra/3.3.0/spring-boot-starter-data-cassandra-3.3.0.jar:/Users/youssef.elassaoui/.m2/repository/org/springframework/spring-tx/6.1.8/spring-tx-6.1.8.jar:/Users/youssef.elassaoui/.m2/repository/org/springframework/spring-beans/6.1.8/spring-beans-6.1.8.jar:/Users/youssef.elassaoui/.m2/repository/org/springframework/data/spring-data-cassandra/4.3.0/spring-data-cassandra-4.3.0.jar:/Users/youssef.elassaoui/.m2/repository/org/springframework/spring-context/6.1.8/spring-context-6.1.8.jar:/Users/youssef.elassaoui/.m2/repository/org/springframework/spring-expression/6.1.8/spring-expression-6.1.8.jar:/Users/youssef.elassaoui/.m2/repository/org/springframework/data/spring-data-commons/3.3.0/spring-data-commons-3.3.0.jar:/Users/youssef.elassaoui/.m2/repository/org/apache/cassandra/java-driver-core/4.18.1/java-driver-core-4.18.1.jar:/Users/youssef.elassaoui/.m2/repository/com/datastax/oss/native-protocol/1.5.1/native-protocol-1.5.1.jar:/Users/youssef.elassaoui/.m2/repository/io/netty/netty-handler/4.1.110.Final/netty-handler-4.1.110.Final.jar:/Users/youssef.elassaoui/.m2/repository/io/netty/netty-common/4.1.110.Final/netty-common-4.1.110.Final.jar:/Users/youssef.elassaoui/.m2/repository/io/netty/netty-resolver/4.1.110.Final/netty-resolver-4.1.110.Final.jar:/Users/youssef.elassaoui/.m2/repository/io/netty/netty-buffer/4.1.110.Final/netty-buffer-4.1.110.Final.jar:/Users/youssef.elassaoui/.m2/repository/io/netty/netty-transport/4.1.110.Final/netty-transport-4.1.110.Final.jar:/Users/youssef.elassaoui/.m2/repository/io/netty/netty-transport-native-unix-common/4.1.110.Final/netty-transport-native-unix-common-4.1.110.Final.jar:/Users/youssef.elassaoui/.m2/repository/io/netty/netty-codec/4.1.110.Final/netty-codec-4.1.110.Final.jar:/Users/youssef.elassaoui/.m2/repository/com/datastax/oss/java-driver-shaded-guava/25.1-jre-graal-sub-1/java-driver-shaded-guava-25.1-jre-graal-sub-1.jar:/Users/youssef.elassaoui/.m2/repository/com/typesafe/config/1.4.1/config-1.4.1.jar:/Users/youssef.elassaoui/.m2/repository/com/github/jnr/jnr-posix/3.1.15/jnr-posix-3.1.15.jar:/Users/youssef.elassaoui/.m2/repository/com/github/jnr/jnr-ffi/2.2.11/jnr-ffi-2.2.11.jar:/Users/youssef.elassaoui/.m2/repository/com/github/jnr/jffi/1.3.9/jffi-1.3.9.jar:/Users/youssef.elassaoui/.m2/repository/com/github/jnr/jffi/1.3.9/jffi-1.3.9-native.jar:/Users/youssef.elassaoui/.m2/repository/org/ow2/asm/asm-commons/9.2/asm-commons-9.2.jar:/Users/youssef.elassaoui/.m2/repository/org/ow2/asm/asm-analysis/9.2/asm-analysis-9.2.jar:/Users/youssef.elassaoui/.m2/repository/org/ow2/asm/asm-tree/9.2/asm-tree-9.2.jar:/Users/youssef.elassaoui/.m2/repository/org/ow2/asm/asm-util/9.2/asm-util-9.2.jar:/Users/youssef.elassaoui/.m2/repository/com/github/jnr/jnr-a64asm/1.0.0/jnr-a64asm-1.0.0.jar:/Users/youssef.elassaoui/.m2/repository/com/github/jnr/jnr-x86asm/1.0.2/jnr-x86asm-1.0.2.jar:/Users/youssef.elassaoui/.m2/repository/com/github/jnr/jnr-constants/0.10.3/jnr-constants-0.10.3.jar:/Users/youssef.elassaoui/.m2/repository/io/dropwizard/metrics/metrics-core/4.1.18/metrics-core-4.1.18.jar:/Users/youssef.elassaoui/.m2/repository/org/reactivestreams/reactive-streams/1.0.4/reactive-streams-1.0.4.jar:/Users/youssef.elassaoui/.m2/repository/org/apache/cassandra/java-driver-query-builder/4.18.1/java-driver-query-builder-4.18.1.jar:/Users/youssef.elassaoui/.m2/repository/org/slf4j/slf4j-api/2.0.13/slf4j-api-2.0.13.jar:/Users/youssef.elassaoui/.m2/repository/org/springframework/boot/spring-boot-starter-web/3.3.0/spring-boot-starter-web-3.3.0.jar:/Users/youssef.elassaoui/.m2/repository/org/springframework/boot/spring-boot-starter-json/3.3.0/spring-boot-starter-json-3.3.0.jar:/Users/youssef.elassaoui/.m2/repository/com/fasterxml/jackson/datatype/jackson-datatype-jdk8/2.17.1/jackson-datatype-jdk8-2.17.1.jar:/Users/youssef.elassaoui/.m2/repository/com/fasterxml/jackson/module/jackson-module-parameter-names/2.17.1/jackson-module-parameter-names-2.17.1.jar:/Users/youssef.elassaoui/.m2/repository/org/springframework/boot/spring-boot-starter-tomcat/3.3.0/spring-boot-starter-tomcat-3.3.0.jar:/Users/youssef.elassaoui/.m2/repository/org/apache/tomcat/embed/tomcat-embed-core/10.1.24/tomcat-embed-core-10.1.24.jar:/Users/youssef.elassaoui/.m2/repository/org/apache/tomcat/embed/tomcat-embed-websocket/10.1.24/tomcat-embed-websocket-10.1.24.jar:/Users/youssef.elassaoui/.m2/repository/org/springframework/spring-web/6.1.8/spring-web-6.1.8.jar:/Users/youssef.elassaoui/.m2/repository/org/springframework/spring-webmvc/6.1.8/spring-webmvc-6.1.8.jar:/Users/youssef.elassaoui/.m2/repository/org/springframework/boot/spring-boot-starter-security/3.3.0/spring-boot-starter-security-3.3.0.jar:/Users/youssef.elassaoui/.m2/repository/org/springframework/spring-aop/6.1.8/spring-aop-6.1.8.jar:/Users/youssef.elassaoui/.m2/repository/org/springframework/security/spring-security-config/6.3.0/spring-security-config-6.3.0.jar:/Users/youssef.elassaoui/.m2/repository/org/springframework/security/spring-security-core/6.3.0/spring-security-core-6.3.0.jar:/Users/youssef.elassaoui/.m2/repository/org/springframework/security/spring-security-crypto/6.3.0/spring-security-crypto-6.3.0.jar:/Users/youssef.elassaoui/.m2/repository/org/springframework/security/spring-security-web/6.3.0/spring-security-web-6.3.0.jar:/Users/youssef.elassaoui/.m2/repository/io/jsonwebtoken/jjwt-api/0.11.2/jjwt-api-0.11.2.jar:/Users/youssef.elassaoui/.m2/repository/io/jsonwebtoken/jjwt-impl/0.11.2/jjwt-impl-0.11.2.jar:/Users/youssef.elassaoui/.m2/repository/io/jsonwebtoken/jjwt-jackson/0.11.2/jjwt-jackson-0.11.2.jar:/Users/youssef.elassaoui/.m2/repository/com/fasterxml/jackson/core/jackson-databind/2.17.1/jackson-databind-2.17.1.jar:/Users/youssef.elassaoui/.m2/repository/com/fasterxml/jackson/core/jackson-annotations/2.17.1/jackson-annotations-2.17.1.jar:/Users/youssef.elassaoui/.m2/repository/com/fasterxml/jackson/core/jackson-core/2.17.1/jackson-core-2.17.1.jar:/Users/youssef.elassaoui/.m2/repository/org/springframework/boot/spring-boot-starter-validation/3.3.0/spring-boot-starter-validation-3.3.0.jar:/Users/youssef.elassaoui/.m2/repository/org/apache/tomcat/embed/tomcat-embed-el/10.1.24/tomcat-embed-el-10.1.24.jar:/Users/youssef.elassaoui/.m2/repository/org/hibernate/validator/hibernate-validator/8.0.1.Final/hibernate-validator-8.0.1.Final.jar:/Users/youssef.elassaoui/.m2/repository/jakarta/validation/jakarta.validation-api/3.0.2/jakarta.validation-api-3.0.2.jar:/Users/youssef.elassaoui/.m2/repository/org/jboss/logging/jboss-logging/3.5.3.Final/jboss-logging-3.5.3.Final.jar:/Users/youssef.elassaoui/.m2/repository/com/fasterxml/classmate/1.7.0/classmate-1.7.0.jar:/Users/youssef.elassaoui/.m2/repository/org/projectlombok/lombok/1.18.32/lombok-1.18.32.jar:/Users/youssef.elassaoui/.m2/repository/org/springframework/boot/spring-boot-starter-test/3.3.0/spring-boot-starter-test-3.3.0.jar:/Users/youssef.elassaoui/.m2/repository/org/springframework/boot/spring-boot-test/3.3.0/spring-boot-test-3.3.0.jar:/Users/youssef.elassaoui/.m2/repository/org/springframework/boot/spring-boot-test-autoconfigure/3.3.0/spring-boot-test-autoconfigure-3.3.0.jar:/Users/youssef.elassaoui/.m2/repository/com/jayway/jsonpath/json-path/2.9.0/json-path-2.9.0.jar:/Users/youssef.elassaoui/.m2/repository/jakarta/xml/bind/jakarta.xml.bind-api/4.0.2/jakarta.xml.bind-api-4.0.2.jar:/Users/youssef.elassaoui/.m2/repository/jakarta/activation/jakarta.activation-api/2.1.3/jakarta.activation-api-2.1.3.jar:/Users/youssef.elassaoui/.m2/repository/net/minidev/json-smart/2.5.1/json-smart-2.5.1.jar:/Users/youssef.elassaoui/.m2/repository/net/minidev/accessors-smart/2.5.1/accessors-smart-2.5.1.jar:/Users/youssef.elassaoui/.m2/repository/org/ow2/asm/asm/9.6/asm-9.6.jar:/Users/youssef.elassaoui/.m2/repository/org/assertj/assertj-core/3.25.3/assertj-core-3.25.3.jar:/Users/youssef.elassaoui/.m2/repository/net/bytebuddy/byte-buddy/1.14.16/byte-buddy-1.14.16.jar:/Users/youssef.elassaoui/.m2/repository/org/awaitility/awaitility/4.2.1/awaitility-4.2.1.jar:/Users/youssef.elassaoui/.m2/repository/org/hamcrest/hamcrest/2.2/hamcrest-2.2.jar:/Users/youssef.elassaoui/.m2/repository/org/junit/jupiter/junit-jupiter/5.10.2/junit-jupiter-5.10.2.jar:/Users/youssef.elassaoui/.m2/repository/org/junit/jupiter/junit-jupiter-api/5.10.2/junit-jupiter-api-5.10.2.jar:/Users/youssef.elassaoui/.m2/repository/org/opentest4j/opentest4j/1.3.0/opentest4j-1.3.0.jar:/Users/youssef.elassaoui/.m2/repository/org/junit/platform/junit-platform-commons/1.10.2/junit-platform-commons-1.10.2.jar:/Users/youssef.elassaoui/.m2/repository/org/apiguardian/apiguardian-api/1.1.2/apiguardian-api-1.1.2.jar:/Users/youssef.elassaoui/.m2/repository/org/junit/jupiter/junit-jupiter-params/5.10.2/junit-jupiter-params-5.10.2.jar:/Users/youssef.elassaoui/.m2/repository/org/junit/jupiter/junit-jupiter-engine/5.10.2/junit-jupiter-engine-5.10.2.jar:/Users/youssef.elassaoui/.m2/repository/org/junit/platform/junit-platform-engine/1.10.2/junit-platform-engine-1.10.2.jar:/Users/youssef.elassaoui/.m2/repository/org/mockito/mockito-core/5.11.0/mockito-core-5.11.0.jar:/Users/youssef.elassaoui/.m2/repository/net/bytebuddy/byte-buddy-agent/1.14.16/byte-buddy-agent-1.14.16.jar:/Users/youssef.elassaoui/.m2/repository/org/objenesis/objenesis/3.3/objenesis-3.3.jar:/Users/youssef.elassaoui/.m2/repository/org/mockito/mockito-junit-jupiter/5.11.0/mockito-junit-jupiter-5.11.0.jar:/Users/youssef.elassaoui/.m2/repository/org/skyscreamer/jsonassert/1.5.1/jsonassert-1.5.1.jar:/Users/youssef.elassaoui/.m2/repository/com/vaadin/external/google/android-json/0.0.20131108.vaadin1/android-json-0.0.20131108.vaadin1.jar:/Users/youssef.elassaoui/.m2/repository/org/springframework/spring-core/6.1.8/spring-core-6.1.8.jar:/Users/youssef.elassaoui/.m2/repository/org/springframework/spring-jcl/6.1.8/spring-jcl-6.1.8.jar:/Users/youssef.elassaoui/.m2/repository/org/springframework/spring-test/6.1.8/spring-test-6.1.8.jar:/Users/youssef.elassaoui/.m2/repository/org/xmlunit/xmlunit-core/2.9.1/xmlunit-core-2.9.1.jar:/Users/youssef.elassaoui/.m2/repository/org/springframework/boot/spring-boot-devtools/3.3.0/spring-boot-devtools-3.3.0.jar:/Users/youssef.elassaoui/.m2/repository/org/springframework/boot/spring-boot/3.3.0/spring-boot-3.3.0.jar:/Users/youssef.elassaoui/.m2/repository/org/springframework/boot/spring-boot-autoconfigure/3.3.0/spring-boot-autoconfigure-3.3.0.jar:"/>
    <property name="java.vm.vendor" value="Homebrew"/>
    <property name="sun.arch.data.model" value="64"/>
    <property name="java.vendor.url" value="https://github.com/Homebrew/homebrew-core/issues"/>
    <property name="user.timezone" value="Africa/Casablanca"/>
    <property name="org.jboss.logging.provider" value="slf4j"/>
    <property name="os.name" value="Mac OS X"/>
    <property name="java.vm.specification.version" value="22"/>
    <property name="sun.java.launcher" value="SUN_STANDARD"/>
    <property name="user.country" value="MA"/>
    <property name="sun.boot.library.path" value="/opt/homebrew/Cellar/openjdk/22.0.2/libexec/openjdk.jdk/Contents/Home/lib"/>
    <property name="sun.java.command" value="/Users/youssef.elassaoui/IntelligentPV--/intelligent-pv-backend/target/surefire/surefirebooter-20241204114511008_3.jar /Users/youssef.elassaoui/IntelligentPV--/intelligent-pv-backend/target/surefire 2024-12-04T11-45-10_965-jvmRun1 surefire-20241204114511008_1tmp surefire_0-20241204114511008_2tmp"/>
    <property name="http.nonProxyHosts" value="local|*.local|169.254/16|*.169.254/16"/>
    <property name="jdk.debug" value="release"/>
    <property name="surefire.test.class.path" value="/Users/youssef.elassaoui/IntelligentPV--/intelligent-pv-backend/target/test-classes:/Users/youssef.elassaoui/IntelligentPV--/intelligent-pv-backend/target/classes:/Users/youssef.elassaoui/.m2/repository/org/springframework/boot/spring-boot-starter-actuator/3.3.0/spring-boot-starter-actuator-3.3.0.jar:/Users/youssef.elassaoui/.m2/repository/org/springframework/boot/spring-boot-starter/3.3.0/spring-boot-starter-3.3.0.jar:/Users/youssef.elassaoui/.m2/repository/org/springframework/boot/spring-boot-starter-logging/3.3.0/spring-boot-starter-logging-3.3.0.jar:/Users/youssef.elassaoui/.m2/repository/ch/qos/logback/logback-classic/1.5.6/logback-classic-1.5.6.jar:/Users/youssef.elassaoui/.m2/repository/ch/qos/logback/logback-core/1.5.6/logback-core-1.5.6.jar:/Users/youssef.elassaoui/.m2/repository/org/apache/logging/log4j/log4j-to-slf4j/2.23.1/log4j-to-slf4j-2.23.1.jar:/Users/youssef.elassaoui/.m2/repository/org/apache/logging/log4j/log4j-api/2.23.1/log4j-api-2.23.1.jar:/Users/youssef.elassaoui/.m2/repository/org/slf4j/jul-to-slf4j/2.0.13/jul-to-slf4j-2.0.13.jar:/Users/youssef.elassaoui/.m2/repository/jakarta/annotation/jakarta.annotation-api/2.1.1/jakarta.annotation-api-2.1.1.jar:/Users/youssef.elassaoui/.m2/repository/org/yaml/snakeyaml/2.2/snakeyaml-2.2.jar:/Users/youssef.elassaoui/.m2/repository/org/springframework/boot/spring-boot-actuator-autoconfigure/3.3.0/spring-boot-actuator-autoconfigure-3.3.0.jar:/Users/youssef.elassaoui/.m2/repository/org/springframework/boot/spring-boot-actuator/3.3.0/spring-boot-actuator-3.3.0.jar:/Users/youssef.elassaoui/.m2/repository/com/fasterxml/jackson/datatype/jackson-datatype-jsr310/2.17.1/jackson-datatype-jsr310-2.17.1.jar:/Users/youssef.elassaoui/.m2/repository/io/micrometer/micrometer-observation/1.13.0/micrometer-observation-1.13.0.jar:/Users/youssef.elassaoui/.m2/repository/io/micrometer/micrometer-commons/1.13.0/micrometer-commons-1.13.0.jar:/Users/youssef.elassaoui/.m2/repository/io/micrometer/micrometer-jakarta9/1.13.0/micrometer-jakarta9-1.13.0.jar:/Users/youssef.elassaoui/.m2/repository/io/micrometer/micrometer-core/1.13.0/micrometer-core-1.13.0.jar:/Users/youssef.elassaoui/.m2/repository/org/hdrhistogram/HdrHistogram/2.2.1/HdrHistogram-2.2.1.jar:/Users/youssef.elassaoui/.m2/repository/org/latencyutils/LatencyUtils/2.0.3/LatencyUtils-2.0.3.jar:/Users/youssef.elassaoui/.m2/repository/org/springframework/boot/spring-boot-starter-data-cassandra/3.3.0/spring-boot-starter-data-cassandra-3.3.0.jar:/Users/youssef.elassaoui/.m2/repository/org/springframework/spring-tx/6.1.8/spring-tx-6.1.8.jar:/Users/youssef.elassaoui/.m2/repository/org/springframework/spring-beans/6.1.8/spring-beans-6.1.8.jar:/Users/youssef.elassaoui/.m2/repository/org/springframework/data/spring-data-cassandra/4.3.0/spring-data-cassandra-4.3.0.jar:/Users/youssef.elassaoui/.m2/repository/org/springframework/spring-context/6.1.8/spring-context-6.1.8.jar:/Users/youssef.elassaoui/.m2/repository/org/springframework/spring-expression/6.1.8/spring-expression-6.1.8.jar:/Users/youssef.elassaoui/.m2/repository/org/springframework/data/spring-data-commons/3.3.0/spring-data-commons-3.3.0.jar:/Users/youssef.elassaoui/.m2/repository/org/apache/cassandra/java-driver-core/4.18.1/java-driver-core-4.18.1.jar:/Users/youssef.elassaoui/.m2/repository/com/datastax/oss/native-protocol/1.5.1/native-protocol-1.5.1.jar:/Users/youssef.elassaoui/.m2/repository/io/netty/netty-handler/4.1.110.Final/netty-handler-4.1.110.Final.jar:/Users/youssef.elassaoui/.m2/repository/io/netty/netty-common/4.1.110.Final/netty-common-4.1.110.Final.jar:/Users/youssef.elassaoui/.m2/repository/io/netty/netty-resolver/4.1.110.Final/netty-resolver-4.1.110.Final.jar:/Users/youssef.elassaoui/.m2/repository/io/netty/netty-buffer/4.1.110.Final/netty-buffer-4.1.110.Final.jar:/Users/youssef.elassaoui/.m2/repository/io/netty/netty-transport/4.1.110.Final/netty-transport-4.1.110.Final.jar:/Users/youssef.elassaoui/.m2/repository/io/netty/netty-transport-native-unix-common/4.1.110.Final/netty-transport-native-unix-common-4.1.110.Final.jar:/Users/youssef.elassaoui/.m2/repository/io/netty/netty-codec/4.1.110.Final/netty-codec-4.1.110.Final.jar:/Users/youssef.elassaoui/.m2/repository/com/datastax/oss/java-driver-shaded-guava/25.1-jre-graal-sub-1/java-driver-shaded-guava-25.1-jre-graal-sub-1.jar:/Users/youssef.elassaoui/.m2/repository/com/typesafe/config/1.4.1/config-1.4.1.jar:/Users/youssef.elassaoui/.m2/repository/com/github/jnr/jnr-posix/3.1.15/jnr-posix-3.1.15.jar:/Users/youssef.elassaoui/.m2/repository/com/github/jnr/jnr-ffi/2.2.11/jnr-ffi-2.2.11.jar:/Users/youssef.elassaoui/.m2/repository/com/github/jnr/jffi/1.3.9/jffi-1.3.9.jar:/Users/youssef.elassaoui/.m2/repository/com/github/jnr/jffi/1.3.9/jffi-1.3.9-native.jar:/Users/youssef.elassaoui/.m2/repository/org/ow2/asm/asm-commons/9.2/asm-commons-9.2.jar:/Users/youssef.elassaoui/.m2/repository/org/ow2/asm/asm-analysis/9.2/asm-analysis-9.2.jar:/Users/youssef.elassaoui/.m2/repository/org/ow2/asm/asm-tree/9.2/asm-tree-9.2.jar:/Users/youssef.elassaoui/.m2/repository/org/ow2/asm/asm-util/9.2/asm-util-9.2.jar:/Users/youssef.elassaoui/.m2/repository/com/github/jnr/jnr-a64asm/1.0.0/jnr-a64asm-1.0.0.jar:/Users/youssef.elassaoui/.m2/repository/com/github/jnr/jnr-x86asm/1.0.2/jnr-x86asm-1.0.2.jar:/Users/youssef.elassaoui/.m2/repository/com/github/jnr/jnr-constants/0.10.3/jnr-constants-0.10.3.jar:/Users/youssef.elassaoui/.m2/repository/io/dropwizard/metrics/metrics-core/4.1.18/metrics-core-4.1.18.jar:/Users/youssef.elassaoui/.m2/repository/org/reactivestreams/reactive-streams/1.0.4/reactive-streams-1.0.4.jar:/Users/youssef.elassaoui/.m2/repository/org/apache/cassandra/java-driver-query-builder/4.18.1/java-driver-query-builder-4.18.1.jar:/Users/youssef.elassaoui/.m2/repository/org/slf4j/slf4j-api/2.0.13/slf4j-api-2.0.13.jar:/Users/youssef.elassaoui/.m2/repository/org/springframework/boot/spring-boot-starter-web/3.3.0/spring-boot-starter-web-3.3.0.jar:/Users/youssef.elassaoui/.m2/repository/org/springframework/boot/spring-boot-starter-json/3.3.0/spring-boot-starter-json-3.3.0.jar:/Users/youssef.elassaoui/.m2/repository/com/fasterxml/jackson/datatype/jackson-datatype-jdk8/2.17.1/jackson-datatype-jdk8-2.17.1.jar:/Users/youssef.elassaoui/.m2/repository/com/fasterxml/jackson/module/jackson-module-parameter-names/2.17.1/jackson-module-parameter-names-2.17.1.jar:/Users/youssef.elassaoui/.m2/repository/org/springframework/boot/spring-boot-starter-tomcat/3.3.0/spring-boot-starter-tomcat-3.3.0.jar:/Users/youssef.elassaoui/.m2/repository/org/apache/tomcat/embed/tomcat-embed-core/10.1.24/tomcat-embed-core-10.1.24.jar:/Users/youssef.elassaoui/.m2/repository/org/apache/tomcat/embed/tomcat-embed-websocket/10.1.24/tomcat-embed-websocket-10.1.24.jar:/Users/youssef.elassaoui/.m2/repository/org/springframework/spring-web/6.1.8/spring-web-6.1.8.jar:/Users/youssef.elassaoui/.m2/repository/org/springframework/spring-webmvc/6.1.8/spring-webmvc-6.1.8.jar:/Users/youssef.elassaoui/.m2/repository/org/springframework/boot/spring-boot-starter-security/3.3.0/spring-boot-starter-security-3.3.0.jar:/Users/youssef.elassaoui/.m2/repository/org/springframework/spring-aop/6.1.8/spring-aop-6.1.8.jar:/Users/youssef.elassaoui/.m2/repository/org/springframework/security/spring-security-config/6.3.0/spring-security-config-6.3.0.jar:/Users/youssef.elassaoui/.m2/repository/org/springframework/security/spring-security-core/6.3.0/spring-security-core-6.3.0.jar:/Users/youssef.elassaoui/.m2/repository/org/springframework/security/spring-security-crypto/6.3.0/spring-security-crypto-6.3.0.jar:/Users/youssef.elassaoui/.m2/repository/org/springframework/security/spring-security-web/6.3.0/spring-security-web-6.3.0.jar:/Users/youssef.elassaoui/.m2/repository/io/jsonwebtoken/jjwt-api/0.11.2/jjwt-api-0.11.2.jar:/Users/youssef.elassaoui/.m2/repository/io/jsonwebtoken/jjwt-impl/0.11.2/jjwt-impl-0.11.2.jar:/Users/youssef.elassaoui/.m2/repository/io/jsonwebtoken/jjwt-jackson/0.11.2/jjwt-jackson-0.11.2.jar:/Users/youssef.elassaoui/.m2/repository/com/fasterxml/jackson/core/jackson-databind/2.17.1/jackson-databind-2.17.1.jar:/Users/youssef.elassaoui/.m2/repository/com/fasterxml/jackson/core/jackson-annotations/2.17.1/jackson-annotations-2.17.1.jar:/Users/youssef.elassaoui/.m2/repository/com/fasterxml/jackson/core/jackson-core/2.17.1/jackson-core-2.17.1.jar:/Users/youssef.elassaoui/.m2/repository/org/springframework/boot/spring-boot-starter-validation/3.3.0/spring-boot-starter-validation-3.3.0.jar:/Users/youssef.elassaoui/.m2/repository/org/apache/tomcat/embed/tomcat-embed-el/10.1.24/tomcat-embed-el-10.1.24.jar:/Users/youssef.elassaoui/.m2/repository/org/hibernate/validator/hibernate-validator/8.0.1.Final/hibernate-validator-8.0.1.Final.jar:/Users/youssef.elassaoui/.m2/repository/jakarta/validation/jakarta.validation-api/3.0.2/jakarta.validation-api-3.0.2.jar:/Users/youssef.elassaoui/.m2/repository/org/jboss/logging/jboss-logging/3.5.3.Final/jboss-logging-3.5.3.Final.jar:/Users/youssef.elassaoui/.m2/repository/com/fasterxml/classmate/1.7.0/classmate-1.7.0.jar:/Users/youssef.elassaoui/.m2/repository/org/projectlombok/lombok/1.18.32/lombok-1.18.32.jar:/Users/youssef.elassaoui/.m2/repository/org/springframework/boot/spring-boot-starter-test/3.3.0/spring-boot-starter-test-3.3.0.jar:/Users/youssef.elassaoui/.m2/repository/org/springframework/boot/spring-boot-test/3.3.0/spring-boot-test-3.3.0.jar:/Users/youssef.elassaoui/.m2/repository/org/springframework/boot/spring-boot-test-autoconfigure/3.3.0/spring-boot-test-autoconfigure-3.3.0.jar:/Users/youssef.elassaoui/.m2/repository/com/jayway/jsonpath/json-path/2.9.0/json-path-2.9.0.jar:/Users/youssef.elassaoui/.m2/repository/jakarta/xml/bind/jakarta.xml.bind-api/4.0.2/jakarta.xml.bind-api-4.0.2.jar:/Users/youssef.elassaoui/.m2/repository/jakarta/activation/jakarta.activation-api/2.1.3/jakarta.activation-api-2.1.3.jar:/Users/youssef.elassaoui/.m2/repository/net/minidev/json-smart/2.5.1/json-smart-2.5.1.jar:/Users/youssef.elassaoui/.m2/repository/net/minidev/accessors-smart/2.5.1/accessors-smart-2.5.1.jar:/Users/youssef.elassaoui/.m2/repository/org/ow2/asm/asm/9.6/asm-9.6.jar:/Users/youssef.elassaoui/.m2/repository/org/assertj/assertj-core/3.25.3/assertj-core-3.25.3.jar:/Users/youssef.elassaoui/.m2/repository/net/bytebuddy/byte-buddy/1.14.16/byte-buddy-1.14.16.jar:/Users/youssef.elassaoui/.m2/repository/org/awaitility/awaitility/4.2.1/awaitility-4.2.1.jar:/Users/youssef.elassaoui/.m2/repository/org/hamcrest/hamcrest/2.2/hamcrest-2.2.jar:/Users/youssef.elassaoui/.m2/repository/org/junit/jupiter/junit-jupiter/5.10.2/junit-jupiter-5.10.2.jar:/Users/youssef.elassaoui/.m2/repository/org/junit/jupiter/junit-jupiter-api/5.10.2/junit-jupiter-api-5.10.2.jar:/Users/youssef.elassaoui/.m2/repository/org/opentest4j/opentest4j/1.3.0/opentest4j-1.3.0.jar:/Users/youssef.elassaoui/.m2/repository/org/junit/platform/junit-platform-commons/1.10.2/junit-platform-commons-1.10.2.jar:/Users/youssef.elassaoui/.m2/repository/org/apiguardian/apiguardian-api/1.1.2/apiguardian-api-1.1.2.jar:/Users/youssef.elassaoui/.m2/repository/org/junit/jupiter/junit-jupiter-params/5.10.2/junit-jupiter-params-5.10.2.jar:/Users/youssef.elassaoui/.m2/repository/org/junit/jupiter/junit-jupiter-engine/5.10.2/junit-jupiter-engine-5.10.2.jar:/Users/youssef.elassaoui/.m2/repository/org/junit/platform/junit-platform-engine/1.10.2/junit-platform-engine-1.10.2.jar:/Users/youssef.elassaoui/.m2/repository/org/mockito/mockito-core/5.11.0/mockito-core-5.11.0.jar:/Users/youssef.elassaoui/.m2/repository/net/bytebuddy/byte-buddy-agent/1.14.16/byte-buddy-agent-1.14.16.jar:/Users/youssef.elassaoui/.m2/repository/org/objenesis/objenesis/3.3/objenesis-3.3.jar:/Users/youssef.elassaoui/.m2/repository/org/mockito/mockito-junit-jupiter/5.11.0/mockito-junit-jupiter-5.11.0.jar:/Users/youssef.elassaoui/.m2/repository/org/skyscreamer/jsonassert/1.5.1/jsonassert-1.5.1.jar:/Users/youssef.elassaoui/.m2/repository/com/vaadin/external/google/android-json/0.0.20131108.vaadin1/android-json-0.0.20131108.vaadin1.jar:/Users/youssef.elassaoui/.m2/repository/org/springframework/spring-core/6.1.8/spring-core-6.1.8.jar:/Users/youssef.elassaoui/.m2/repository/org/springframework/spring-jcl/6.1.8/spring-jcl-6.1.8.jar:/Users/youssef.elassaoui/.m2/repository/org/springframework/spring-test/6.1.8/spring-test-6.1.8.jar:/Users/youssef.elassaoui/.m2/repository/org/xmlunit/xmlunit-core/2.9.1/xmlunit-core-2.9.1.jar:/Users/youssef.elassaoui/.m2/repository/org/springframework/boot/spring-boot-devtools/3.3.0/spring-boot-devtools-3.3.0.jar:/Users/youssef.elassaoui/.m2/repository/org/springframework/boot/spring-boot/3.3.0/spring-boot-3.3.0.jar:/Users/youssef.elassaoui/.m2/repository/org/springframework/boot/spring-boot-autoconfigure/3.3.0/spring-boot-autoconfigure-3.3.0.jar:"/>
    <property name="sun.cpu.endian" value="little"/>
    <property name="user.home" value="/Users/youssef.elassaoui"/>
    <property name="user.language" value="en"/>
    <property name="java.specification.vendor" value="Oracle Corporation"/>
    <property name="java.version.date" value="2024-07-16"/>
    <property name="java.home" value="/opt/homebrew/Cellar/openjdk/22.0.2/libexec/openjdk.jdk/Contents/Home"/>
    <property name="file.separator" value="/"/>
    <property name="basedir" value="/Users/youssef.elassaoui/IntelligentPV--/intelligent-pv-backend"/>
    <property name="java.vm.compressedOopsMode" value="Zero based"/>
    <property name="line.separator" value="&#10;"/>
    <property name="java.vm.specification.vendor" value="Oracle Corporation"/>
    <property name="java.specification.name" value="Java Platform API Specification"/>
    <property name="FILE_LOG_CHARSET" value="UTF-8"/>
    <property name="java.awt.headless" value="true"/>
    <property name="apple.awt.application.name" value="ForkedBooter"/>
    <property name="surefire.real.class.path" value="/Users/youssef.elassaoui/IntelligentPV--/intelligent-pv-backend/target/surefire/surefirebooter-20241204114511008_3.jar"/>
    <property name="sun.management.compiler" value="HotSpot 64-Bit Tiered Compilers"/>
    <property name="ftp.nonProxyHosts" value="local|*.local|169.254/16|*.169.254/16"/>
    <property name="java.runtime.version" value="22.0.2"/>
    <property name="user.name" value="youssef.elassaoui"/>
    <property name="stdout.encoding" value="UTF-8"/>
    <property name="path.separator" value=":"/>
    <property name="LOG_EXCEPTION_CONVERSION_WORD" value="%ex{full}"/>
    <property name="os.version" value="14.4"/>
    <property name="java.runtime.name" value="OpenJDK Runtime Environment"/>
    <property name="file.encoding" value="UTF-8"/>
    <property name="java.vm.name" value="OpenJDK 64-Bit Server VM"/>
    <property name="java.vendor.version" value="Homebrew"/>
    <property name="localRepository" value="/Users/youssef.elassaoui/.m2/repository"/>
    <property name="java.vendor.url.bug" value="https://github.com/Homebrew/homebrew-core/issues"/>
    <property name="java.io.tmpdir" value="/var/folders/0d/4_659wxd41qcyx_0n8_fc07w0000gn/T/"/>
    <property name="java.version" value="22.0.2"/>
    <property name="user.dir" value="/Users/youssef.elassaoui/IntelligentPV--/intelligent-pv-backend"/>
    <property name="os.arch" value="aarch64"/>
    <property name="java.vm.specification.name" value="Java Virtual Machine Specification"/>
    <property name="PID" value="72666"/>
    <property name="CONSOLE_LOG_CHARSET" value="UTF-8"/>
    <property name="native.encoding" value="UTF-8"/>
    <property name="java.library.path" value="/Users/youssef.elassaoui/Library/Java/Extensions:/Library/Java/Extensions:/Network/Library/Java/Extensions:/System/Library/Java/Extensions:/usr/lib/java:."/>
    <property name="java.vm.info" value="mixed mode, sharing"/>
    <property name="stderr.encoding" value="UTF-8"/>
    <property name="java.vendor" value="Homebrew"/>
    <property name="java.vm.version" value="22.0.2"/>
    <property name="sun.io.unicode.encoding" value="UnicodeBig"/>
    <property name="socksNonProxyHosts" value="local|*.local|169.254/16|*.169.254/16"/>
    <property name="java.class.version" value="66.0"/>
    <property name="LOGGED_APPLICATION_NAME" value="[intelligent_pv] "/>
  </properties>
  <testcase name="contextLoads" classname="gep.ma.intelligent.pv.IntelligentPvApplicationTests" time="0.476">
    <system-out><![CDATA[11:45:11.443 [main] INFO org.springframework.test.context.support.AnnotationConfigContextLoaderUtils -- Could not detect default configuration classes for test class [gep.ma.intelligent.pv.IntelligentPvApplicationTests]: IntelligentPvApplicationTests does not declare any static, non-private, non-final, nested classes annotated with @Configuration.
11:45:11.496 [main] INFO org.springframework.boot.test.context.SpringBootTestContextBootstrapper -- Found @SpringBootConfiguration gep.ma.intelligent.pv.IntelligentPvApplication for test class gep.ma.intelligent.pv.IntelligentPvApplicationTests
11:45:11.571 [main] INFO org.springframework.boot.devtools.restart.RestartApplicationListener -- Restart disabled due to context in which it is running
  .   ____          _            __ _ _
 /\\ / ___'_ __ _ _(_)_ __  __ _ \ \ \ \
( ( )\___ | '_ | '_| | '_ \/ _` | \ \ \ \
 \\/  ___)| |_)| | | | | || (_| |  ) ) ) )
  '  |____| .__|_| |_|_| |_\__, | / / / /
 =========|_|==============|___/=/_/_/_/

 :: Spring Boot ::                (v3.3.0)

2024-12-04T11:45:11.755+01:00  INFO 72666 --- [intelligent_pv] [           main] g.m.i.pv.IntelligentPvApplicationTests   : Starting IntelligentPvApplicationTests using Java 22.0.2 with PID 72666 (started by youssef.elassaoui in /Users/youssef.elassaoui/IntelligentPV--/intelligent-pv-backend)
2024-12-04T11:45:11.756+01:00  INFO 72666 --- [intelligent_pv] [           main] g.m.i.pv.IntelligentPvApplicationTests   : No active profile set, falling back to 1 default profile: "default"
2024-12-04T11:45:11.756+01:00 DEBUG 72666 --- [intelligent_pv] [           main] o.s.boot.SpringApplication               : Loading source class gep.ma.intelligent.pv.IntelligentPvApplication
2024-12-04T11:45:11.775+01:00 TRACE 72666 --- [intelligent_pv] [           main] uePropertySourceEnvironmentPostProcessor : RandomValuePropertySource add to Environment
2024-12-04T11:45:11.776+01:00 DEBUG 72666 --- [intelligent_pv] [           main] o.s.w.c.s.GenericWebApplicationContext   : Refreshing org.springframework.web.context.support.GenericWebApplicationContext@1cefc4b3
2024-12-04T11:45:11.786+01:00 DEBUG 72666 --- [intelligent_pv] [           main] o.s.b.f.s.DefaultListableBeanFactory     : Creating shared instance of singleton bean 'org.springframework.context.annotation.internalConfigurationAnnotationProcessor'
2024-12-04T11:45:11.793+01:00 DEBUG 72666 --- [intelligent_pv] [           main] o.s.b.f.s.DefaultListableBeanFactory     : Creating shared instance of singleton bean 'org.springframework.boot.autoconfigure.internalCachingMetadataReaderFactory'
2024-12-04T11:45:11.815+01:00 DEBUG 72666 --- [intelligent_pv] [           main] o.s.c.a.ClassPathBeanDefinitionScanner   : Identified candidate component class: file [/Users/youssef.elassaoui/IntelligentPV--/intelligent-pv-backend/target/classes/gep/ma/intelligent/pv/Config/SecurityConfig.class]
2024-12-04T11:45:11.815+01:00 DEBUG 72666 --- [intelligent_pv] [           main] o.s.c.a.ClassPathBeanDefinitionScanner   : Identified candidate component class: file [/Users/youssef.elassaoui/IntelligentPV--/intelligent-pv-backend/target/classes/gep/ma/intelligent/pv/Config/WebConfig.class]
2024-12-04T11:45:11.822+01:00 DEBUG 72666 --- [intelligent_pv] [           main] o.s.c.a.ClassPathBeanDefinitionScanner   : Identified candidate component class: file [/Users/youssef.elassaoui/IntelligentPV--/intelligent-pv-backend/target/classes/gep/ma/intelligent/pv/Controllers/AdminController.class]
2024-12-04T11:45:11.822+01:00 DEBUG 72666 --- [intelligent_pv] [           main] o.s.c.a.ClassPathBeanDefinitionScanner   : Identified candidate component class: file [/Users/youssef.elassaoui/IntelligentPV--/intelligent-pv-backend/target/classes/gep/ma/intelligent/pv/Controllers/DevicesByPlantController.class]
2024-12-04T11:45:11.822+01:00 DEBUG 72666 --- [intelligent_pv] [           main] o.s.c.a.ClassPathBeanDefinitionScanner   : Identified candidate component class: file [/Users/youssef.elassaoui/IntelligentPV--/intelligent-pv-backend/target/classes/gep/ma/intelligent/pv/Controllers/ErrorsController.class]
2024-12-04T11:45:11.823+01:00 DEBUG 72666 --- [intelligent_pv] [           main] o.s.c.a.ClassPathBeanDefinitionScanner   : Identified candidate component class: file [/Users/youssef.elassaoui/IntelligentPV--/intelligent-pv-backend/target/classes/gep/ma/intelligent/pv/Controllers/KpisController.class]
2024-12-04T11:45:11.823+01:00 DEBUG 72666 --- [intelligent_pv] [           main] o.s.c.a.ClassPathBeanDefinitionScanner   : Identified candidate component class: file [/Users/youssef.elassaoui/IntelligentPV--/intelligent-pv-backend/target/classes/gep/ma/intelligent/pv/Controllers/MeasuresController.class]
2024-12-04T11:45:11.823+01:00 DEBUG 72666 --- [intelligent_pv] [           main] o.s.c.a.ClassPathBeanDefinitionScanner   : Identified candidate component class: file [/Users/youssef.elassaoui/IntelligentPV--/intelligent-pv-backend/target/classes/gep/ma/intelligent/pv/Controllers/PlantsController.class]
2024-12-04T11:45:11.823+01:00 DEBUG 72666 --- [intelligent_pv] [           main] o.s.c.a.ClassPathBeanDefinitionScanner   : Identified candidate component class: file [/Users/youssef.elassaoui/IntelligentPV--/intelligent-pv-backend/target/classes/gep/ma/intelligent/pv/Controllers/UserController.class]
2024-12-04T11:45:11.829+01:00 DEBUG 72666 --- [intelligent_pv] [           main] o.s.c.a.ClassPathBeanDefinitionScanner   : Ignored because not a concrete top-level class: file [/Users/youssef.elassaoui/IntelligentPV--/intelligent-pv-backend/target/classes/gep/ma/intelligent/pv/Repos/DevicesByPlantRepository.class]
2024-12-04T11:45:11.829+01:00 DEBUG 72666 --- [intelligent_pv] [           main] o.s.c.a.ClassPathBeanDefinitionScanner   : Ignored because not a concrete top-level class: file [/Users/youssef.elassaoui/IntelligentPV--/intelligent-pv-backend/target/classes/gep/ma/intelligent/pv/Repos/ErrorsRepository.class]
2024-12-04T11:45:11.829+01:00 DEBUG 72666 --- [intelligent_pv] [           main] o.s.c.a.ClassPathBeanDefinitionScanner   : Ignored because not a concrete top-level class: file [/Users/youssef.elassaoui/IntelligentPV--/intelligent-pv-backend/target/classes/gep/ma/intelligent/pv/Repos/KpisRepository.class]
2024-12-04T11:45:11.830+01:00 DEBUG 72666 --- [intelligent_pv] [           main] o.s.c.a.ClassPathBeanDefinitionScanner   : Ignored because not a concrete top-level class: file [/Users/youssef.elassaoui/IntelligentPV--/intelligent-pv-backend/target/classes/gep/ma/intelligent/pv/Repos/MeasuresRepository.class]
2024-12-04T11:45:11.830+01:00 DEBUG 72666 --- [intelligent_pv] [           main] o.s.c.a.ClassPathBeanDefinitionScanner   : Ignored because not a concrete top-level class: file [/Users/youssef.elassaoui/IntelligentPV--/intelligent-pv-backend/target/classes/gep/ma/intelligent/pv/Repos/PlantsRepository.class]
2024-12-04T11:45:11.830+01:00 DEBUG 72666 --- [intelligent_pv] [           main] o.s.c.a.ClassPathBeanDefinitionScanner   : Ignored because not a concrete top-level class: file [/Users/youssef.elassaoui/IntelligentPV--/intelligent-pv-backend/target/classes/gep/ma/intelligent/pv/Repos/UserRepository.class]
2024-12-04T11:45:11.830+01:00 DEBUG 72666 --- [intelligent_pv] [           main] o.s.c.a.ClassPathBeanDefinitionScanner   : Identified candidate component class: file [/Users/youssef.elassaoui/IntelligentPV--/intelligent-pv-backend/target/classes/gep/ma/intelligent/pv/Security/JwtAuthenticationFilter.class]
2024-12-04T11:45:11.831+01:00 DEBUG 72666 --- [intelligent_pv] [           main] o.s.c.a.ClassPathBeanDefinitionScanner   : Identified candidate component class: file [/Users/youssef.elassaoui/IntelligentPV--/intelligent-pv-backend/target/classes/gep/ma/intelligent/pv/Services/DevicesByPlantService.class]
2024-12-04T11:45:11.831+01:00 DEBUG 72666 --- [intelligent_pv] [           main] o.s.c.a.ClassPathBeanDefinitionScanner   : Identified candidate component class: file [/Users/youssef.elassaoui/IntelligentPV--/intelligent-pv-backend/target/classes/gep/ma/intelligent/pv/Services/ErrorsService.class]
2024-12-04T11:45:11.831+01:00 DEBUG 72666 --- [intelligent_pv] [           main] o.s.c.a.ClassPathBeanDefinitionScanner   : Identified candidate component class: file [/Users/youssef.elassaoui/IntelligentPV--/intelligent-pv-backend/target/classes/gep/ma/intelligent/pv/Services/KpisService.class]
2024-12-04T11:45:11.831+01:00 DEBUG 72666 --- [intelligent_pv] [           main] o.s.c.a.ClassPathBeanDefinitionScanner   : Identified candidate component class: file [/Users/youssef.elassaoui/IntelligentPV--/intelligent-pv-backend/target/classes/gep/ma/intelligent/pv/Services/MeasuresService.class]
2024-12-04T11:45:11.832+01:00 DEBUG 72666 --- [intelligent_pv] [           main] o.s.c.a.ClassPathBeanDefinitionScanner   : Identified candidate component class: file [/Users/youssef.elassaoui/IntelligentPV--/intelligent-pv-backend/target/classes/gep/ma/intelligent/pv/Services/PlantsService.class]
2024-12-04T11:45:11.832+01:00 DEBUG 72666 --- [intelligent_pv] [           main] o.s.c.a.ClassPathBeanDefinitionScanner   : Identified candidate component class: file [/Users/youssef.elassaoui/IntelligentPV--/intelligent-pv-backend/target/classes/gep/ma/intelligent/pv/Services/UserDetailsServiceImpl.class]
2024-12-04T11:45:11.832+01:00 DEBUG 72666 --- [intelligent_pv] [           main] o.s.c.a.ClassPathBeanDefinitionScanner   : Identified candidate component class: file [/Users/youssef.elassaoui/IntelligentPV--/intelligent-pv-backend/target/classes/gep/ma/intelligent/pv/Services/UserService.class]
2024-12-04T11:45:11.832+01:00 DEBUG 72666 --- [intelligent_pv] [           main] o.s.c.a.ClassPathBeanDefinitionScanner   : Identified candidate component class: file [/Users/youssef.elassaoui/IntelligentPV--/intelligent-pv-backend/target/classes/gep/ma/intelligent/pv/Util/JwtUtils.class]
2024-12-04T11:45:11.982+01:00 TRACE 72666 --- [intelligent_pv] [           main] s.b.a.a.e.c.OnAvailableEndpointCondition : Condition OnAvailableEndpointCondition on org.springframework.boot.actuate.autoconfigure.audit.AuditEventsEndpointAutoConfiguration did not match due to @ConditionalOnAvailableEndpoint no 'management.endpoints' property marked it as exposed
2024-12-04T11:45:11.985+01:00 TRACE 72666 --- [intelligent_pv] [           main] yProbesAutoConfiguration$ProbesCondition : Condition AvailabilityProbesAutoConfiguration.ProbesCondition on org.springframework.boot.actuate.autoconfigure.availability.AvailabilityProbesAutoConfiguration did not match due to Probes availability not running on a supported cloud platform
2024-12-04T11:45:11.986+01:00 TRACE 72666 --- [intelligent_pv] [           main] s.b.a.a.e.c.OnAvailableEndpointCondition : Condition OnAvailableEndpointCondition on org.springframework.boot.actuate.autoconfigure.beans.BeansEndpointAutoConfiguration did not match due to @ConditionalOnAvailableEndpoint no 'management.endpoints' property marked it as exposed
2024-12-04T11:45:11.997+01:00 TRACE 72666 --- [intelligent_pv] [           main] s.b.a.a.e.c.OnAvailableEndpointCondition : Condition OnAvailableEndpointCondition on org.springframework.boot.actuate.autoconfigure.cache.CachesEndpointAutoConfiguration did not match due to @ConditionalOnAvailableEndpoint no 'management.endpoints' property marked it as exposed
2024-12-04T11:45:12.000+01:00 TRACE 72666 --- [intelligent_pv] [           main] .a.a.h.OnEnabledHealthIndicatorCondition : Condition OnEnabledHealthIndicatorCondition on org.springframework.boot.actuate.autoconfigure.cassandra.CassandraHealthContributorAutoConfiguration matched due to @ConditionalOnEnabledHealthIndicator management.health.defaults.enabled is considered true
2024-12-04T11:45:12.003+01:00 TRACE 72666 --- [intelligent_pv] [           main] s.b.a.a.e.c.OnAvailableEndpointCondition : Condition OnAvailableEndpointCondition on org.springframework.boot.actuate.autoconfigure.health.HealthEndpointAutoConfiguration matched due to @ConditionalOnAvailableEndpoint marked as exposed by a 'management.endpoints.web.exposure' property
2024-12-04T11:45:12.005+01:00 TRACE 72666 --- [intelligent_pv] [           main] s.b.a.a.e.c.OnAvailableEndpointCondition : Condition OnAvailableEndpointCondition on org.springframework.boot.actuate.autoconfigure.health.HealthEndpointWebExtensionConfiguration matched due to @ConditionalOnAvailableEndpoint marked as exposed by a 'management.endpoints.web.exposure' property
2024-12-04T11:45:12.006+01:00 TRACE 72666 --- [intelligent_pv] [           main] s.b.a.a.e.c.OnAvailableEndpointCondition : Condition OnAvailableEndpointCondition on org.springframework.boot.actuate.autoconfigure.health.HealthEndpointWebExtensionConfiguration$MvcAdditionalHealthEndpointPathsConfiguration matched due to @ConditionalOnAvailableEndpoint marked as exposed by a 'management.endpoints.web.exposure' property
2024-12-04T11:45:12.010+01:00 TRACE 72666 --- [intelligent_pv] [           main] s.b.a.a.e.c.OnAvailableEndpointCondition : Condition OnAvailableEndpointCondition on org.springframework.boot.actuate.autoconfigure.info.InfoEndpointAutoConfiguration did not match due to @ConditionalOnAvailableEndpoint no 'management.endpoints' property marked it as exposed
2024-12-04T11:45:12.012+01:00 TRACE 72666 --- [intelligent_pv] [           main] s.b.a.a.e.c.OnAvailableEndpointCondition : Condition OnAvailableEndpointCondition on org.springframework.boot.actuate.autoconfigure.condition.ConditionsReportEndpointAutoConfiguration did not match due to @ConditionalOnAvailableEndpoint no 'management.endpoints' property marked it as exposed
2024-12-04T11:45:12.013+01:00 TRACE 72666 --- [intelligent_pv] [           main] s.b.a.a.e.c.OnAvailableEndpointCondition : Condition OnAvailableEndpointCondition on org.springframework.boot.actuate.autoconfigure.context.ShutdownEndpointAutoConfiguration did not match due to @ConditionalOnAvailableEndpoint no property management.endpoint.shutdown.enabled found so using endpoint default of false
2024-12-04T11:45:12.014+01:00 TRACE 72666 --- [intelligent_pv] [           main] s.b.a.a.e.c.OnAvailableEndpointCondition : Condition OnAvailableEndpointCondition on org.springframework.boot.actuate.autoconfigure.context.properties.ConfigurationPropertiesReportEndpointAutoConfiguration did not match due to @ConditionalOnAvailableEndpoint no 'management.endpoints' property marked it as exposed
2024-12-04T11:45:12.017+01:00 TRACE 72666 --- [intelligent_pv] [           main] s.b.a.a.e.c.OnAvailableEndpointCondition : Condition OnAvailableEndpointCondition on org.springframework.boot.actuate.autoconfigure.env.EnvironmentEndpointAutoConfiguration did not match due to @ConditionalOnAvailableEndpoint no 'management.endpoints' property marked it as exposed
2024-12-04T11:45:12.017+01:00 TRACE 72666 --- [intelligent_pv] [           main] .a.a.h.OnEnabledHealthIndicatorCondition : Condition OnEnabledHealthIndicatorCondition on org.springframework.boot.actuate.autoconfigure.system.DiskSpaceHealthContributorAutoConfiguration matched due to @ConditionalOnEnabledHealthIndicator management.health.defaults.enabled is considered true
2024-12-04T11:45:12.020+01:00 TRACE 72666 --- [intelligent_pv] [           main] s.b.a.a.e.c.OnAvailableEndpointCondition : Condition OnAvailableEndpointCondition on org.springframework.boot.actuate.autoconfigure.logging.LogFileWebEndpointAutoConfiguration did not match due to @ConditionalOnAvailableEndpoint no 'management.endpoints' property marked it as exposed
2024-12-04T11:45:12.021+01:00 TRACE 72666 --- [intelligent_pv] [           main] s.b.a.a.e.c.OnAvailableEndpointCondition : Condition OnAvailableEndpointCondition on org.springframework.boot.actuate.autoconfigure.logging.LoggersEndpointAutoConfiguration did not match due to @ConditionalOnAvailableEndpoint no 'management.endpoints' property marked it as exposed
2024-12-04T11:45:12.022+01:00 TRACE 72666 --- [intelligent_pv] [           main] s.b.a.a.e.c.OnAvailableEndpointCondition : Condition OnAvailableEndpointCondition on org.springframework.boot.actuate.autoconfigure.management.HeapDumpWebEndpointAutoConfiguration did not match due to @ConditionalOnAvailableEndpoint no 'management.endpoints' property marked it as exposed
2024-12-04T11:45:12.022+01:00 TRACE 72666 --- [intelligent_pv] [           main] s.b.a.a.e.c.OnAvailableEndpointCondition : Condition OnAvailableEndpointCondition on org.springframework.boot.actuate.autoconfigure.management.ThreadDumpEndpointAutoConfiguration did not match due to @ConditionalOnAvailableEndpoint no 'management.endpoints' property marked it as exposed
2024-12-04T11:45:12.024+01:00 TRACE 72666 --- [intelligent_pv] [           main] .a.a.m.e.OnMetricsExportEnabledCondition : Condition OnMetricsExportEnabledCondition on org.springframework.boot.actuate.autoconfigure.metrics.export.simple.SimpleMetricsExportAutoConfiguration matched due to @ConditionalOnEnabledMetricsExport management.simple.metrics.export.enabled is true
2024-12-04T11:45:12.031+01:00 TRACE 72666 --- [intelligent_pv] [           main] utoConfiguration$LogbackLoggingCondition : Condition LogbackMetricsAutoConfiguration.LogbackLoggingCondition on org.springframework.boot.actuate.autoconfigure.metrics.LogbackMetricsAutoConfiguration matched due to LogbackLoggingCondition ILoggerFactory is a Logback LoggerContext
2024-12-04T11:45:12.032+01:00 TRACE 72666 --- [intelligent_pv] [           main] s.b.a.a.e.c.OnAvailableEndpointCondition : Condition OnAvailableEndpointCondition on org.springframework.boot.actuate.autoconfigure.metrics.MetricsEndpointAutoConfiguration did not match due to @ConditionalOnAvailableEndpoint no 'management.endpoints' property marked it as exposed
2024-12-04T11:45:12.048+01:00 TRACE 72666 --- [intelligent_pv] [           main] s.b.a.a.e.c.OnAvailableEndpointCondition : Condition OnAvailableEndpointCondition on org.springframework.boot.actuate.autoconfigure.sbom.SbomEndpointAutoConfiguration did not match due to @ConditionalOnAvailableEndpoint no 'management.endpoints' property marked it as exposed
2024-12-04T11:45:12.050+01:00 TRACE 72666 --- [intelligent_pv] [           main] s.b.a.a.e.c.OnAvailableEndpointCondition : Condition OnAvailableEndpointCondition on org.springframework.boot.actuate.autoconfigure.scheduling.ScheduledTasksEndpointAutoConfiguration did not match due to @ConditionalOnAvailableEndpoint no 'management.endpoints' property marked it as exposed
2024-12-04T11:45:12.052+01:00 TRACE 72666 --- [intelligent_pv] [           main] onfiguration$ApplicationStartupCondition : Condition StartupEndpointAutoConfiguration.ApplicationStartupCondition on org.springframework.boot.actuate.autoconfigure.startup.StartupEndpointAutoConfiguration did not match due to ApplicationStartup configured applicationStartup is of type class org.springframework.core.metrics.DefaultApplicationStartup, expected BufferingApplicationStartup.
2024-12-04T11:45:12.054+01:00 TRACE 72666 --- [intelligent_pv] [           main] s.b.a.a.e.c.OnAvailableEndpointCondition : Condition OnAvailableEndpointCondition on org.springframework.boot.actuate.autoconfigure.web.exchanges.HttpExchangesEndpointAutoConfiguration did not match due to @ConditionalOnAvailableEndpoint no 'management.endpoints' property marked it as exposed
2024-12-04T11:45:12.054+01:00 TRACE 72666 --- [intelligent_pv] [           main] s.b.a.a.e.c.OnAvailableEndpointCondition : Condition OnAvailableEndpointCondition on org.springframework.boot.actuate.autoconfigure.web.mappings.MappingsEndpointAutoConfiguration did not match due to @ConditionalOnAvailableEndpoint no 'management.endpoints' property marked it as exposed
2024-12-04T11:45:12.080+01:00 TRACE 72666 --- [intelligent_pv] [           main] o.s.b.d.a.OnEnabledDevToolsCondition     : Condition OnEnabledDevToolsCondition on org.springframework.boot.devtools.autoconfigure.DevToolsDataSourceAutoConfiguration did not match due to Devtools devtools is disabled for current context.
2024-12-04T11:45:12.080+01:00 TRACE 72666 --- [intelligent_pv] [           main] .s.b.d.r.OnInitializedRestarterCondition : Condition OnInitializedRestarterCondition on org.springframework.boot.devtools.autoconfigure.LocalDevToolsAutoConfiguration did not match due to Initialized Restarter Condition initialized without URLs
2024-12-04T11:45:12.083+01:00 TRACE 72666 --- [intelligent_pv] [           main] o.s.b.a.a.w.s.OnManagementPortCondition  : Condition OnManagementPortCondition on org.springframework.boot.actuate.autoconfigure.web.server.ManagementContextAutoConfiguration$DifferentManagementContextConfiguration did not match due to Management Port actual port type (SAME) did not match required type (DIFFERENT)
2024-12-04T11:45:12.083+01:00 TRACE 72666 --- [intelligent_pv] [           main] o.s.b.a.a.w.s.OnManagementPortCondition  : Condition OnManagementPortCondition on org.springframework.boot.actuate.autoconfigure.web.server.ManagementContextAutoConfiguration$SameManagementContextConfiguration matched due to Management Port actual port type (SAME) matched required type
2024-12-04T11:45:12.097+01:00  INFO 72666 --- [intelligent_pv] [           main] .s.d.r.c.RepositoryConfigurationDelegate : Bootstrapping Spring Data Cassandra repositories in DEFAULT mode.
2024-12-04T11:45:12.116+01:00 DEBUG 72666 --- [intelligent_pv] [           main] ssPathScanningCandidateComponentProvider : Identified candidate component class: file [/Users/youssef.elassaoui/IntelligentPV--/intelligent-pv-backend/target/classes/gep/ma/intelligent/pv/Services/UserDetailsServiceImpl.class]
2024-12-04T11:45:12.122+01:00  INFO 72666 --- [intelligent_pv] [           main] .s.d.r.c.RepositoryConfigurationDelegate : Finished Spring Data repository scanning in 22 ms. Found 6 Cassandra repository interfaces.
2024-12-04T11:45:12.209+01:00 TRACE 72666 --- [intelligent_pv] [           main] .a.a.h.OnEnabledHealthIndicatorCondition : Condition OnEnabledHealthIndicatorCondition on org.springframework.boot.actuate.autoconfigure.cassandra.CassandraHealthContributorAutoConfiguration matched due to @ConditionalOnEnabledHealthIndicator management.health.defaults.enabled is considered true
2024-12-04T11:45:12.210+01:00 TRACE 72666 --- [intelligent_pv] [           main] s.b.a.a.e.c.OnAvailableEndpointCondition : Condition OnAvailableEndpointCondition on org.springframework.boot.actuate.autoconfigure.health.HealthEndpointAutoConfiguration matched due to @ConditionalOnAvailableEndpoint marked as exposed by a 'management.endpoints.web.exposure' property
2024-12-04T11:45:12.214+01:00 TRACE 72666 --- [intelligent_pv] [           main] s.b.a.a.e.c.OnAvailableEndpointCondition : Condition OnAvailableEndpointCondition on org.springframework.boot.actuate.autoconfigure.health.HealthEndpointWebExtensionConfiguration matched due to @ConditionalOnAvailableEndpoint marked as exposed by a 'management.endpoints.web.exposure' property
2024-12-04T11:45:12.214+01:00 TRACE 72666 --- [intelligent_pv] [           main] s.b.a.a.e.c.OnAvailableEndpointCondition : Condition OnAvailableEndpointCondition on org.springframework.boot.actuate.autoconfigure.health.HealthEndpointWebExtensionConfiguration$MvcAdditionalHealthEndpointPathsConfiguration matched due to @ConditionalOnAvailableEndpoint marked as exposed by a 'management.endpoints.web.exposure' property
2024-12-04T11:45:12.218+01:00 TRACE 72666 --- [intelligent_pv] [           main] .a.a.i.OnEnabledInfoContributorCondition : Condition OnEnabledInfoContributorCondition on org.springframework.boot.actuate.autoconfigure.info.InfoContributorAutoConfiguration#envInfoContributor did not match due to @ConditionalOnEnabledInfoContributor management.info.env.enabled is not true
2024-12-04T11:45:12.218+01:00 TRACE 72666 --- [intelligent_pv] [           main] .a.a.i.OnEnabledInfoContributorCondition : Condition OnEnabledInfoContributorCondition on org.springframework.boot.actuate.autoconfigure.info.InfoContributorAutoConfiguration#gitInfoContributor matched due to @ConditionalOnEnabledInfoContributor management.info.defaults.enabled is considered true
2024-12-04T11:45:12.219+01:00 TRACE 72666 --- [intelligent_pv] [           main] .a.a.i.OnEnabledInfoContributorCondition : Condition OnEnabledInfoContributorCondition on org.springframework.boot.actuate.autoconfigure.info.InfoContributorAutoConfiguration#buildInfoContributor matched due to @ConditionalOnEnabledInfoContributor management.info.defaults.enabled is considered true
2024-12-04T11:45:12.220+01:00 TRACE 72666 --- [intelligent_pv] [           main] .a.a.i.OnEnabledInfoContributorCondition : Condition OnEnabledInfoContributorCondition on org.springframework.boot.actuate.autoconfigure.info.InfoContributorAutoConfiguration#javaInfoContributor did not match due to @ConditionalOnEnabledInfoContributor management.info.java.enabled is not true
2024-12-04T11:45:12.220+01:00 TRACE 72666 --- [intelligent_pv] [           main] .a.a.i.OnEnabledInfoContributorCondition : Condition OnEnabledInfoContributorCondition on org.springframework.boot.actuate.autoconfigure.info.InfoContributorAutoConfiguration#osInfoContributor did not match due to @ConditionalOnEnabledInfoContributor management.info.os.enabled is not true
2024-12-04T11:45:12.220+01:00 TRACE 72666 --- [intelligent_pv] [           main] .a.a.i.OnEnabledInfoContributorCondition : Condition OnEnabledInfoContributorCondition on org.springframework.boot.actuate.autoconfigure.info.InfoContributorAutoConfiguration#processInfoContributor did not match due to @ConditionalOnEnabledInfoContributor management.info.process.enabled is not true
2024-12-04T11:45:12.233+01:00 TRACE 72666 --- [intelligent_pv] [           main] .a.a.h.OnEnabledHealthIndicatorCondition : Condition OnEnabledHealthIndicatorCondition on org.springframework.boot.actuate.autoconfigure.system.DiskSpaceHealthContributorAutoConfiguration matched due to @ConditionalOnEnabledHealthIndicator management.health.defaults.enabled is considered true
2024-12-04T11:45:12.233+01:00 TRACE 72666 --- [intelligent_pv] [           main] .a.a.h.OnEnabledHealthIndicatorCondition : Condition OnEnabledHealthIndicatorCondition on org.springframework.boot.actuate.autoconfigure.health.HealthContributorAutoConfiguration#pingHealthContributor matched due to @ConditionalOnEnabledHealthIndicator management.health.defaults.enabled is considered true
2024-12-04T11:45:12.238+01:00 TRACE 72666 --- [intelligent_pv] [           main] .a.a.m.e.OnMetricsExportEnabledCondition : Condition OnMetricsExportEnabledCondition on org.springframework.boot.actuate.autoconfigure.metrics.export.simple.SimpleMetricsExportAutoConfiguration matched due to @ConditionalOnEnabledMetricsExport management.simple.metrics.export.enabled is true
2024-12-04T11:45:12.242+01:00 TRACE 72666 --- [intelligent_pv] [           main] ltipleNonPrimaryMeterRegistriesCondition : Condition CompositeMeterRegistryConfiguration.MultipleNonPrimaryMeterRegistriesCondition on org.springframework.boot.actuate.autoconfigure.metrics.CompositeMeterRegistryConfiguration did not match due to NoneNestedConditions 1 matched 1 did not; NestedCondition on CompositeMeterRegistryConfiguration.MultipleNonPrimaryMeterRegistriesCondition.SingleInjectableMeterRegistry @ConditionalOnSingleCandidate (types: io.micrometer.core.instrument.MeterRegistry; SearchStrategy: all) found a single bean 'simpleMeterRegistry'; NestedCondition on CompositeMeterRegistryConfiguration.MultipleNonPrimaryMeterRegistriesCondition.NoMeterRegistryCondition @ConditionalOnMissingBean (types: io.micrometer.core.instrument.MeterRegistry; SearchStrategy: all) found beans of type 'io.micrometer.core.instrument.MeterRegistry' simpleMeterRegistry
2024-12-04T11:45:12.246+01:00 TRACE 72666 --- [intelligent_pv] [           main] utoConfiguration$LogbackLoggingCondition : Condition LogbackMetricsAutoConfiguration.LogbackLoggingCondition on org.springframework.boot.actuate.autoconfigure.metrics.LogbackMetricsAutoConfiguration matched due to LogbackLoggingCondition ILoggerFactory is a Logback LoggerContext
2024-12-04T11:45:12.282+01:00  INFO 72666 --- [intelligent_pv] [           main] .s.d.r.c.RepositoryConfigurationDelegate : Bootstrapping Spring Data Reactive Cassandra repositories in DEFAULT mode.
2024-12-04T11:45:12.282+01:00 DEBUG 72666 --- [intelligent_pv] [           main] o.s.b.f.s.DefaultListableBeanFactory     : Creating shared instance of singleton bean 'org.springframework.boot.autoconfigure.AutoConfigurationPackages'
2024-12-04T11:45:12.286+01:00 DEBUG 72666 --- [intelligent_pv] [           main] o.s.b.a.AutoConfigurationPackages        : @EnableAutoConfiguration was declared on a class in the package 'gep.ma.intelligent.pv'. Automatic @Repository and @Entity scanning is enabled.
2024-12-04T11:45:12.288+01:00  INFO 72666 --- [intelligent_pv] [           main] .s.d.r.c.RepositoryConfigurationDelegate : Finished Spring Data repository scanning in 6 ms. Found 0 Reactive Cassandra repository interfaces.
2024-12-04T11:45:12.301+01:00 TRACE 72666 --- [intelligent_pv] [           main] o.s.b.a.a.w.s.OnManagementPortCondition  : Condition OnManagementPortCondition on org.springframework.boot.actuate.autoconfigure.web.server.ManagementContextAutoConfiguration$SameManagementContextConfiguration matched due to Management Port actual port type (SAME) matched required type
2024-12-04T11:45:12.304+01:00 TRACE 72666 --- [intelligent_pv] [           main] o.s.b.a.a.w.s.OnManagementPortCondition  : Condition OnManagementPortCondition on org.springframework.boot.actuate.autoconfigure.endpoint.web.servlet.WebMvcEndpointManagementContextConfiguration#managementHealthEndpointWebMvcHandlerMapping did not match due to Management Port actual port type (SAME) did not match required type (DIFFERENT)
2024-12-04T11:45:12.314+01:00 DEBUG 72666 --- [intelligent_pv] [           main] o.s.b.f.s.DefaultListableBeanFactory     : Creating shared instance of singleton bean 'springSecurityHandlerMappingIntrospectorBeanDefinitionRegistryPostProcessor'
2024-12-04T11:45:12.363+01:00 DEBUG 72666 --- [intelligent_pv] [           main] o.s.b.f.s.DefaultListableBeanFactory     : Creating shared instance of singleton bean 'propertySourcesPlaceholderConfigurer'
2024-12-04T11:45:12.367+01:00 DEBUG 72666 --- [intelligent_pv] [           main] o.s.b.f.s.DefaultListableBeanFactory     : Creating shared instance of singleton bean 'org.springframework.boot.test.mock.mockito.MockitoPostProcessor'
2024-12-04T11:45:12.367+01:00 DEBUG 72666 --- [intelligent_pv] [           main] o.s.b.f.s.DefaultListableBeanFactory     : Creating shared instance of singleton bean 'org.springframework.boot.sql.init.dependency.DatabaseInitializationDependencyConfigurer$DependsOnDatabaseInitializationPostProcessor'
2024-12-04T11:45:12.382+01:00 DEBUG 72666 --- [intelligent_pv] [           main] o.s.b.f.s.DefaultListableBeanFactory     : Creating shared instance of singleton bean 'org.springframework.context.event.internalEventListenerProcessor'
2024-12-04T11:45:12.383+01:00 DEBUG 72666 --- [intelligent_pv] [           main] o.s.b.f.s.DefaultListableBeanFactory     : Creating shared instance of singleton bean 'conversionServicePostProcessor'
2024-12-04T11:45:12.387+01:00 DEBUG 72666 --- [intelligent_pv] [           main] o.s.b.f.s.DefaultListableBeanFactory     : Creating shared instance of singleton bean 'preserveErrorControllerTargetClassPostProcessor'
2024-12-04T11:45:12.387+01:00 DEBUG 72666 --- [intelligent_pv] [           main] o.s.b.f.s.DefaultListableBeanFactory     : Creating shared instance of singleton bean 'forceAutoProxyCreatorToUseClassProxying'
2024-12-04T11:45:12.388+01:00 DEBUG 72666 --- [intelligent_pv] [           main] o.s.b.f.s.DefaultListableBeanFactory     : Creating shared instance of singleton bean 'org.springframework.context.event.internalEventListenerFactory'
2024-12-04T11:45:12.391+01:00 DEBUG 72666 --- [intelligent_pv] [           main] o.s.b.f.s.DefaultListableBeanFactory     : Creating shared instance of singleton bean 'org.springframework.boot.test.mock.mockito.MockitoPostProcessor$SpyPostProcessor'
2024-12-04T11:45:12.391+01:00 DEBUG 72666 --- [intelligent_pv] [           main] o.s.b.f.s.DefaultListableBeanFactory     : Creating shared instance of singleton bean 'org.springframework.context.annotation.internalAutowiredAnnotationProcessor'
2024-12-04T11:45:12.392+01:00 DEBUG 72666 --- [intelligent_pv] [           main] o.s.b.f.s.DefaultListableBeanFactory     : Creating shared instance of singleton bean 'org.springframework.context.annotation.internalCommonAnnotationProcessor'
2024-12-04T11:45:12.393+01:00 DEBUG 72666 --- [intelligent_pv] [           main] o.s.b.f.s.DefaultListableBeanFactory     : Creating shared instance of singleton bean 'org.springframework.boot.context.properties.ConfigurationPropertiesBindingPostProcessor'
2024-12-04T11:45:12.393+01:00 DEBUG 72666 --- [intelligent_pv] [           main] o.s.b.f.s.DefaultListableBeanFactory     : Creating shared instance of singleton bean 'org.springframework.boot.context.internalConfigurationPropertiesBinder'
2024-12-04T11:45:12.394+01:00 DEBUG 72666 --- [intelligent_pv] [           main] o.s.b.f.s.DefaultListableBeanFactory     : Creating shared instance of singleton bean 'org.springframework.context.annotation.internalAsyncAnnotationProcessor'
2024-12-04T11:45:12.395+01:00 DEBUG 72666 --- [intelligent_pv] [           main] o.s.b.f.s.DefaultListableBeanFactory     : Creating shared instance of singleton bean 'org.springframework.scheduling.annotation.ProxyAsyncConfiguration'
2024-12-04T11:45:12.402+01:00 DEBUG 72666 --- [intelligent_pv] [           main] o.s.b.f.s.DefaultListableBeanFactory     : Creating shared instance of singleton bean 'methodValidationPostProcessor'
2024-12-04T11:45:12.408+01:00 DEBUG 72666 --- [intelligent_pv] [           main] o.s.b.f.s.DefaultListableBeanFactory     : Autowiring by type from bean name 'methodValidationPostProcessor' via factory method to bean named 'environment'
2024-12-04T11:45:12.409+01:00 DEBUG 72666 --- [intelligent_pv] [           main] o.s.b.f.s.DefaultListableBeanFactory     : Creating shared instance of singleton bean 'org.springframework.boot.context.properties.EnableConfigurationPropertiesRegistrar.methodValidationExcludeFilter'
2024-12-04T11:45:12.414+01:00 DEBUG 72666 --- [intelligent_pv] [           main] o.s.b.f.s.DefaultListableBeanFactory     : Creating shared instance of singleton bean 'persistenceExceptionTranslationPostProcessor'
2024-12-04T11:45:12.415+01:00 DEBUG 72666 --- [intelligent_pv] [           main] o.s.b.f.s.DefaultListableBeanFactory     : Autowiring by type from bean name 'persistenceExceptionTranslationPostProcessor' via factory method to bean named 'environment'
2024-12-04T11:45:12.415+01:00 DEBUG 72666 --- [intelligent_pv] [           main] o.s.b.f.s.DefaultListableBeanFactory     : Creating shared instance of singleton bean 'org.springframework.aop.config.internalAutoProxyCreator'
2024-12-04T11:45:12.422+01:00 DEBUG 72666 --- [intelligent_pv] [           main] o.s.b.f.s.DefaultListableBeanFactory     : Creating shared instance of singleton bean 'webServerFactoryCustomizerBeanPostProcessor'
2024-12-04T11:45:12.423+01:00 DEBUG 72666 --- [intelligent_pv] [           main] o.s.b.f.s.DefaultListableBeanFactory     : Creating shared instance of singleton bean 'errorPageRegistrarBeanPostProcessor'
2024-12-04T11:45:12.423+01:00 DEBUG 72666 --- [intelligent_pv] [           main] o.s.b.f.s.DefaultListableBeanFactory     : Creating shared instance of singleton bean 'healthEndpointGroupsBeanPostProcessor'
2024-12-04T11:45:12.425+01:00 DEBUG 72666 --- [intelligent_pv] [           main] o.s.b.f.s.DefaultListableBeanFactory     : Creating shared instance of singleton bean 'meterRegistryPostProcessor'
2024-12-04T11:45:12.426+01:00 DEBUG 72666 --- [intelligent_pv] [           main] o.s.b.f.s.DefaultListableBeanFactory     : Autowiring by type from bean name 'meterRegistryPostProcessor' via factory method to bean named 'org.springframework.web.context.support.GenericWebApplicationContext@1cefc4b3'
2024-12-04T11:45:12.427+01:00 DEBUG 72666 --- [intelligent_pv] [           main] o.s.b.f.s.DefaultListableBeanFactory     : Creating shared instance of singleton bean 'metricsRepositoryMethodInvocationListenerBeanPostProcessor'
2024-12-04T11:45:12.428+01:00 DEBUG 72666 --- [intelligent_pv] [           main] o.s.b.f.s.DefaultListableBeanFactory     : Creating shared instance of singleton bean 'observationRegistryPostProcessor'
2024-12-04T11:45:12.429+01:00 DEBUG 72666 --- [intelligent_pv] [           main] o.s.b.f.s.DefaultListableBeanFactory     : Creating shared instance of singleton bean 'projectingArgumentResolverBeanPostProcessor'
2024-12-04T11:45:12.437+01:00 DEBUG 72666 --- [intelligent_pv] [           main] o.s.b.f.s.DefaultListableBeanFactory     : Creating shared instance of singleton bean 'intelligentPvApplication'
2024-12-04T11:45:12.438+01:00 DEBUG 72666 --- [intelligent_pv] [           main] o.s.b.f.s.DefaultListableBeanFactory     : Creating shared instance of singleton bean 'securityConfig'
2024-12-04T11:45:12.439+01:00 DEBUG 72666 --- [intelligent_pv] [           main] o.s.b.f.s.DefaultListableBeanFactory     : Creating shared instance of singleton bean 'jwtAuthenticationFilter'
2024-12-04T11:45:12.441+01:00 DEBUG 72666 --- [intelligent_pv] [           main] o.s.b.f.s.DefaultListableBeanFactory     : Creating shared instance of singleton bean 'jwtUtils'
2024-12-04T11:45:12.441+01:00 DEBUG 72666 --- [intelligent_pv] [           main] o.s.b.f.s.DefaultListableBeanFactory     : Creating shared instance of singleton bean 'userDetailsServiceImpl'
2024-12-04T11:45:12.442+01:00 DEBUG 72666 --- [intelligent_pv] [           main] o.s.b.f.s.DefaultListableBeanFactory     : Creating shared instance of singleton bean 'userRepository'
2024-12-04T11:45:12.444+01:00 DEBUG 72666 --- [intelligent_pv] [           main] o.s.b.f.s.DefaultListableBeanFactory     : Creating shared instance of singleton bean 'cassandra.named-queries#3'
2024-12-04T11:45:12.446+01:00 DEBUG 72666 --- [intelligent_pv] [           main] o.s.b.f.s.DefaultListableBeanFactory     : Creating shared instance of singleton bean 'cassandra.UserRepository.fragments#0'
2024-12-04T11:45:12.449+01:00 DEBUG 72666 --- [intelligent_pv] [           main] o.s.b.f.s.DefaultListableBeanFactory     : Creating shared instance of singleton bean 'cassandraTemplate'
2024-12-04T11:45:12.449+01:00 DEBUG 72666 --- [intelligent_pv] [           main] o.s.b.f.s.DefaultListableBeanFactory     : Creating shared instance of singleton bean 'org.springframework.boot.autoconfigure.data.cassandra.CassandraDataAutoConfiguration'
2024-12-04T11:45:12.457+01:00  INFO 72666 --- [intelligent_pv] [           main] c.d.o.d.i.core.DefaultMavenCoordinates   : Apache Cassandra Java Driver (org.apache.cassandra:java-driver-core) version 4.18.1
2024-12-04T11:45:12.459+01:00 DEBUG 72666 --- [intelligent_pv] [           main] o.s.b.f.s.DefaultListableBeanFactory     : Creating shared instance of singleton bean 'cassandraSessionFactory'
2024-12-04T11:45:12.460+01:00 DEBUG 72666 --- [intelligent_pv] [           main] o.s.b.f.s.DefaultListableBeanFactory     : Creating shared instance of singleton bean 'cassandraConverter'
2024-12-04T11:45:12.460+01:00 DEBUG 72666 --- [intelligent_pv] [           main] o.s.b.f.s.DefaultListableBeanFactory     : Creating shared instance of singleton bean 'cassandraMappingContext'
2024-12-04T11:45:12.460+01:00 DEBUG 72666 --- [intelligent_pv] [           main] o.s.b.f.s.DefaultListableBeanFactory     : Creating shared instance of singleton bean 'cassandraManagedTypes'
2024-12-04T11:45:12.461+01:00 DEBUG 72666 --- [intelligent_pv] [           main] o.s.b.f.s.DefaultListableBeanFactory     : Autowiring by type from bean name 'cassandraManagedTypes' via factory method to bean named 'org.springframework.beans.factory.support.DefaultListableBeanFactory@a8a8b75'
2024-12-04T11:45:12.470+01:00 DEBUG 72666 --- [intelligent_pv] [           main] o.s.b.f.s.DefaultListableBeanFactory     : Creating shared instance of singleton bean 'cassandraCustomConversions'
2024-12-04T11:45:12.522+01:00 TRACE 72666 --- [intelligent_pv] [           main] c.d.o.d.i.c.t.c.r.CachingCodecRegistry   : [default] Looking up codec for CQL type ASCII
2024-12-04T11:45:12.522+01:00 TRACE 72666 --- [intelligent_pv] [           main] c.d.o.d.i.c.t.c.r.CachingCodecRegistry   : [default] Found matching primitive codec com.datastax.oss.driver.internal.core.type.codec.StringCodec@691541bc
2024-12-04T11:45:12.523+01:00 TRACE 72666 --- [intelligent_pv] [           main] c.d.o.d.i.c.t.c.r.CachingCodecRegistry   : [default] Looking up codec for CQL type BIGINT
2024-12-04T11:45:12.523+01:00 TRACE 72666 --- [intelligent_pv] [           main] c.d.o.d.i.c.t.c.r.CachingCodecRegistry   : [default] Found matching primitive codec com.datastax.oss.driver.internal.core.type.codec.BigIntCodec@8840c98
2024-12-04T11:45:12.523+01:00 TRACE 72666 --- [intelligent_pv] [           main] c.d.o.d.i.c.t.c.r.CachingCodecRegistry   : [default] Looking up codec for CQL type BLOB
2024-12-04T11:45:12.523+01:00 TRACE 72666 --- [intelligent_pv] [           main] c.d.o.d.i.c.t.c.r.CachingCodecRegistry   : [default] Found matching primitive codec com.datastax.oss.driver.internal.core.type.codec.BlobCodec@626b639e
2024-12-04T11:45:12.523+01:00 TRACE 72666 --- [intelligent_pv] [           main] c.d.o.d.i.c.t.c.r.CachingCodecRegistry   : [default] Looking up codec for CQL type BOOLEAN
2024-12-04T11:45:12.523+01:00 TRACE 72666 --- [intelligent_pv] [           main] c.d.o.d.i.c.t.c.r.CachingCodecRegistry   : [default] Found matching primitive codec com.datastax.oss.driver.internal.core.type.codec.BooleanCodec@273fa9e
2024-12-04T11:45:12.523+01:00 TRACE 72666 --- [intelligent_pv] [           main] c.d.o.d.i.c.t.c.r.CachingCodecRegistry   : [default] Looking up codec for CQL type COUNTER
2024-12-04T11:45:12.523+01:00 TRACE 72666 --- [intelligent_pv] [           main] c.d.o.d.i.c.t.c.r.CachingCodecRegistry   : [default] Found matching primitive codec com.datastax.oss.driver.internal.core.type.codec.CounterCodec@527a8665
2024-12-04T11:45:12.523+01:00 TRACE 72666 --- [intelligent_pv] [           main] c.d.o.d.i.c.t.c.r.CachingCodecRegistry   : [default] Looking up codec for CQL type DECIMAL
2024-12-04T11:45:12.523+01:00 TRACE 72666 --- [intelligent_pv] [           main] c.d.o.d.i.c.t.c.r.CachingCodecRegistry   : [default] Found matching primitive codec com.datastax.oss.driver.internal.core.type.codec.DecimalCodec@7ab2a07e
2024-12-04T11:45:12.523+01:00 TRACE 72666 --- [intelligent_pv] [           main] c.d.o.d.i.c.t.c.r.CachingCodecRegistry   : [default] Looking up codec for CQL type DOUBLE
2024-12-04T11:45:12.523+01:00 TRACE 72666 --- [intelligent_pv] [           main] c.d.o.d.i.c.t.c.r.CachingCodecRegistry   : [default] Found matching primitive codec com.datastax.oss.driver.internal.core.type.codec.DoubleCodec@437c4b25
2024-12-04T11:45:12.523+01:00 TRACE 72666 --- [intelligent_pv] [           main] c.d.o.d.i.c.t.c.r.CachingCodecRegistry   : [default] Looking up codec for CQL type FLOAT
2024-12-04T11:45:12.523+01:00 TRACE 72666 --- [intelligent_pv] [           main] c.d.o.d.i.c.t.c.r.CachingCodecRegistry   : [default] Found matching primitive codec com.datastax.oss.driver.internal.core.type.codec.FloatCodec@5ec6fede
2024-12-04T11:45:12.523+01:00 TRACE 72666 --- [intelligent_pv] [           main] c.d.o.d.i.c.t.c.r.CachingCodecRegistry   : [default] Looking up codec for CQL type INT
2024-12-04T11:45:12.523+01:00 TRACE 72666 --- [intelligent_pv] [           main] c.d.o.d.i.c.t.c.r.CachingCodecRegistry   : [default] Found matching primitive codec com.datastax.oss.driver.internal.core.type.codec.IntCodec@580902cd
2024-12-04T11:45:12.523+01:00 TRACE 72666 --- [intelligent_pv] [           main] c.d.o.d.i.c.t.c.r.CachingCodecRegistry   : [default] Looking up codec for CQL type TIMESTAMP
2024-12-04T11:45:12.523+01:00 TRACE 72666 --- [intelligent_pv] [           main] c.d.o.d.i.c.t.c.r.CachingCodecRegistry   : [default] Found matching primitive codec com.datastax.oss.driver.internal.core.type.codec.TimestampCodec@3757e8e2
2024-12-04T11:45:12.523+01:00 TRACE 72666 --- [intelligent_pv] [           main] c.d.o.d.i.c.t.c.r.CachingCodecRegistry   : [default] Looking up codec for CQL type UUID
2024-12-04T11:45:12.523+01:00 TRACE 72666 --- [intelligent_pv] [           main] c.d.o.d.i.c.t.c.r.CachingCodecRegistry   : [default] Found matching primitive codec com.datastax.oss.driver.internal.core.type.codec.UuidCodec@1653b84e
2024-12-04T11:45:12.523+01:00 TRACE 72666 --- [intelligent_pv] [           main] c.d.o.d.i.c.t.c.r.CachingCodecRegistry   : [default] Looking up codec for CQL type VARINT
2024-12-04T11:45:12.524+01:00 TRACE 72666 --- [intelligent_pv] [           main] c.d.o.d.i.c.t.c.r.CachingCodecRegistry   : [default] Found matching primitive codec com.datastax.oss.driver.internal.core.type.codec.VarIntCodec@7f8a9454
2024-12-04T11:45:12.524+01:00 TRACE 72666 --- [intelligent_pv] [           main] c.d.o.d.i.c.t.c.r.CachingCodecRegistry   : [default] Looking up codec for CQL type TIMEUUID
2024-12-04T11:45:12.524+01:00 TRACE 72666 --- [intelligent_pv] [           main] c.d.o.d.i.c.t.c.r.CachingCodecRegistry   : [default] Found matching primitive codec com.datastax.oss.driver.internal.core.type.codec.TimeUuidCodec@6f85ee02
2024-12-04T11:45:12.524+01:00 TRACE 72666 --- [intelligent_pv] [           main] c.d.o.d.i.c.t.c.r.CachingCodecRegistry   : [default] Looking up codec for CQL type INET
2024-12-04T11:45:12.524+01:00 TRACE 72666 --- [intelligent_pv] [           main] c.d.o.d.i.c.t.c.r.CachingCodecRegistry   : [default] Found matching primitive codec com.datastax.oss.driver.internal.core.type.codec.InetCodec@679d0be8
2024-12-04T11:45:12.524+01:00 TRACE 72666 --- [intelligent_pv] [           main] c.d.o.d.i.c.t.c.r.CachingCodecRegistry   : [default] Looking up codec for CQL type DATE
2024-12-04T11:45:12.524+01:00 TRACE 72666 --- [intelligent_pv] [           main] c.d.o.d.i.c.t.c.r.CachingCodecRegistry   : [default] Found matching primitive codec com.datastax.oss.driver.internal.core.type.codec.DateCodec@6c075e9d
2024-12-04T11:45:12.524+01:00 TRACE 72666 --- [intelligent_pv] [           main] c.d.o.d.i.c.t.c.r.CachingCodecRegistry   : [default] Looking up codec for CQL type TEXT
2024-12-04T11:45:12.524+01:00 TRACE 72666 --- [intelligent_pv] [           main] c.d.o.d.i.c.t.c.r.CachingCodecRegistry   : [default] Found matching primitive codec com.datastax.oss.driver.internal.core.type.codec.StringCodec@47044f7d
2024-12-04T11:45:12.524+01:00 TRACE 72666 --- [intelligent_pv] [           main] c.d.o.d.i.c.t.c.r.CachingCodecRegistry   : [default] Looking up codec for CQL type TIME
2024-12-04T11:45:12.524+01:00 TRACE 72666 --- [intelligent_pv] [           main] c.d.o.d.i.c.t.c.r.CachingCodecRegistry   : [default] Found matching primitive codec com.datastax.oss.driver.internal.core.type.codec.TimeCodec@7b14c61
2024-12-04T11:45:12.524+01:00 TRACE 72666 --- [intelligent_pv] [           main] c.d.o.d.i.c.t.c.r.CachingCodecRegistry   : [default] Looking up codec for CQL type SMALLINT
2024-12-04T11:45:12.524+01:00 TRACE 72666 --- [intelligent_pv] [           main] c.d.o.d.i.c.t.c.r.CachingCodecRegistry   : [default] Found matching primitive codec com.datastax.oss.driver.internal.core.type.codec.SmallIntCodec@8fcc534
2024-12-04T11:45:12.524+01:00 TRACE 72666 --- [intelligent_pv] [           main] c.d.o.d.i.c.t.c.r.CachingCodecRegistry   : [default] Looking up codec for CQL type TINYINT
2024-12-04T11:45:12.524+01:00 TRACE 72666 --- [intelligent_pv] [           main] c.d.o.d.i.c.t.c.r.CachingCodecRegistry   : [default] Found matching primitive codec com.datastax.oss.driver.internal.core.type.codec.TinyIntCodec@5e599100
2024-12-04T11:45:12.524+01:00 TRACE 72666 --- [intelligent_pv] [           main] c.d.o.d.i.c.t.c.r.CachingCodecRegistry   : [default] Looking up codec for CQL type DURATION
2024-12-04T11:45:12.524+01:00 TRACE 72666 --- [intelligent_pv] [           main] c.d.o.d.i.c.t.c.r.CachingCodecRegistry   : [default] Found matching primitive codec com.datastax.oss.driver.internal.core.type.codec.CqlDurationCodec@3b435211
2024-12-04T11:45:12.525+01:00 TRACE 72666 --- [intelligent_pv] [           main] c.d.o.d.i.c.t.c.r.CachingCodecRegistry   : [default] Looking up codec for CQL type ASCII
2024-12-04T11:45:12.525+01:00 TRACE 72666 --- [intelligent_pv] [           main] c.d.o.d.i.c.t.c.r.CachingCodecRegistry   : [default] Found matching primitive codec com.datastax.oss.driver.internal.core.type.codec.StringCodec@691541bc
2024-12-04T11:45:12.525+01:00 TRACE 72666 --- [intelligent_pv] [           main] c.d.o.d.i.c.t.c.r.CachingCodecRegistry   : [default] Looking up codec for CQL type BIGINT
2024-12-04T11:45:12.525+01:00 TRACE 72666 --- [intelligent_pv] [           main] c.d.o.d.i.c.t.c.r.CachingCodecRegistry   : [default] Found matching primitive codec com.datastax.oss.driver.internal.core.type.codec.BigIntCodec@8840c98
2024-12-04T11:45:12.525+01:00 TRACE 72666 --- [intelligent_pv] [           main] c.d.o.d.i.c.t.c.r.CachingCodecRegistry   : [default] Looking up codec for CQL type BLOB
2024-12-04T11:45:12.525+01:00 TRACE 72666 --- [intelligent_pv] [           main] c.d.o.d.i.c.t.c.r.CachingCodecRegistry   : [default] Found matching primitive codec com.datastax.oss.driver.internal.core.type.codec.BlobCodec@626b639e
2024-12-04T11:45:12.525+01:00 TRACE 72666 --- [intelligent_pv] [           main] c.d.o.d.i.c.t.c.r.CachingCodecRegistry   : [default] Looking up codec for CQL type BOOLEAN
2024-12-04T11:45:12.525+01:00 TRACE 72666 --- [intelligent_pv] [           main] c.d.o.d.i.c.t.c.r.CachingCodecRegistry   : [default] Found matching primitive codec com.datastax.oss.driver.internal.core.type.codec.BooleanCodec@273fa9e
2024-12-04T11:45:12.525+01:00 TRACE 72666 --- [intelligent_pv] [           main] c.d.o.d.i.c.t.c.r.CachingCodecRegistry   : [default] Looking up codec for CQL type COUNTER
2024-12-04T11:45:12.525+01:00 TRACE 72666 --- [intelligent_pv] [           main] c.d.o.d.i.c.t.c.r.CachingCodecRegistry   : [default] Found matching primitive codec com.datastax.oss.driver.internal.core.type.codec.CounterCodec@527a8665
2024-12-04T11:45:12.525+01:00 TRACE 72666 --- [intelligent_pv] [           main] c.d.o.d.i.c.t.c.r.CachingCodecRegistry   : [default] Looking up codec for CQL type DECIMAL
2024-12-04T11:45:12.525+01:00 TRACE 72666 --- [intelligent_pv] [           main] c.d.o.d.i.c.t.c.r.CachingCodecRegistry   : [default] Found matching primitive codec com.datastax.oss.driver.internal.core.type.codec.DecimalCodec@7ab2a07e
2024-12-04T11:45:12.525+01:00 TRACE 72666 --- [intelligent_pv] [           main] c.d.o.d.i.c.t.c.r.CachingCodecRegistry   : [default] Looking up codec for CQL type DOUBLE
2024-12-04T11:45:12.525+01:00 TRACE 72666 --- [intelligent_pv] [           main] c.d.o.d.i.c.t.c.r.CachingCodecRegistry   : [default] Found matching primitive codec com.datastax.oss.driver.internal.core.type.codec.DoubleCodec@437c4b25
2024-12-04T11:45:12.525+01:00 TRACE 72666 --- [intelligent_pv] [           main] c.d.o.d.i.c.t.c.r.CachingCodecRegistry   : [default] Looking up codec for CQL type FLOAT
2024-12-04T11:45:12.525+01:00 TRACE 72666 --- [intelligent_pv] [           main] c.d.o.d.i.c.t.c.r.CachingCodecRegistry   : [default] Found matching primitive codec com.datastax.oss.driver.internal.core.type.codec.FloatCodec@5ec6fede
2024-12-04T11:45:12.525+01:00 TRACE 72666 --- [intelligent_pv] [           main] c.d.o.d.i.c.t.c.r.CachingCodecRegistry   : [default] Looking up codec for CQL type INT
2024-12-04T11:45:12.525+01:00 TRACE 72666 --- [intelligent_pv] [           main] c.d.o.d.i.c.t.c.r.CachingCodecRegistry   : [default] Found matching primitive codec com.datastax.oss.driver.internal.core.type.codec.IntCodec@580902cd
2024-12-04T11:45:12.525+01:00 TRACE 72666 --- [intelligent_pv] [           main] c.d.o.d.i.c.t.c.r.CachingCodecRegistry   : [default] Looking up codec for CQL type TIMESTAMP
2024-12-04T11:45:12.525+01:00 TRACE 72666 --- [intelligent_pv] [           main] c.d.o.d.i.c.t.c.r.CachingCodecRegistry   : [default] Found matching primitive codec com.datastax.oss.driver.internal.core.type.codec.TimestampCodec@3757e8e2
2024-12-04T11:45:12.525+01:00 TRACE 72666 --- [intelligent_pv] [           main] c.d.o.d.i.c.t.c.r.CachingCodecRegistry   : [default] Looking up codec for CQL type UUID
2024-12-04T11:45:12.525+01:00 TRACE 72666 --- [intelligent_pv] [           main] c.d.o.d.i.c.t.c.r.CachingCodecRegistry   : [default] Found matching primitive codec com.datastax.oss.driver.internal.core.type.codec.UuidCodec@1653b84e
2024-12-04T11:45:12.525+01:00 TRACE 72666 --- [intelligent_pv] [           main] c.d.o.d.i.c.t.c.r.CachingCodecRegistry   : [default] Looking up codec for CQL type VARINT
2024-12-04T11:45:12.525+01:00 TRACE 72666 --- [intelligent_pv] [           main] c.d.o.d.i.c.t.c.r.CachingCodecRegistry   : [default] Found matching primitive codec com.datastax.oss.driver.internal.core.type.codec.VarIntCodec@7f8a9454
2024-12-04T11:45:12.525+01:00 TRACE 72666 --- [intelligent_pv] [           main] c.d.o.d.i.c.t.c.r.CachingCodecRegistry   : [default] Looking up codec for CQL type TIMEUUID
2024-12-04T11:45:12.525+01:00 TRACE 72666 --- [intelligent_pv] [           main] c.d.o.d.i.c.t.c.r.CachingCodecRegistry   : [default] Found matching primitive codec com.datastax.oss.driver.internal.core.type.codec.TimeUuidCodec@6f85ee02
2024-12-04T11:45:12.525+01:00 TRACE 72666 --- [intelligent_pv] [           main] c.d.o.d.i.c.t.c.r.CachingCodecRegistry   : [default] Looking up codec for CQL type INET
2024-12-04T11:45:12.525+01:00 TRACE 72666 --- [intelligent_pv] [           main] c.d.o.d.i.c.t.c.r.CachingCodecRegistry   : [default] Found matching primitive codec com.datastax.oss.driver.internal.core.type.codec.InetCodec@679d0be8
2024-12-04T11:45:12.525+01:00 TRACE 72666 --- [intelligent_pv] [           main] c.d.o.d.i.c.t.c.r.CachingCodecRegistry   : [default] Looking up codec for CQL type DATE
2024-12-04T11:45:12.525+01:00 TRACE 72666 --- [intelligent_pv] [           main] c.d.o.d.i.c.t.c.r.CachingCodecRegistry   : [default] Found matching primitive codec com.datastax.oss.driver.internal.core.type.codec.DateCodec@6c075e9d
2024-12-04T11:45:12.525+01:00 TRACE 72666 --- [intelligent_pv] [           main] c.d.o.d.i.c.t.c.r.CachingCodecRegistry   : [default] Looking up codec for CQL type TEXT
2024-12-04T11:45:12.525+01:00 TRACE 72666 --- [intelligent_pv] [           main] c.d.o.d.i.c.t.c.r.CachingCodecRegistry   : [default] Found matching primitive codec com.datastax.oss.driver.internal.core.type.codec.StringCodec@47044f7d
2024-12-04T11:45:12.525+01:00 TRACE 72666 --- [intelligent_pv] [           main] c.d.o.d.i.c.t.c.r.CachingCodecRegistry   : [default] Looking up codec for CQL type TIME
2024-12-04T11:45:12.526+01:00 TRACE 72666 --- [intelligent_pv] [           main] c.d.o.d.i.c.t.c.r.CachingCodecRegistry   : [default] Found matching primitive codec com.datastax.oss.driver.internal.core.type.codec.TimeCodec@7b14c61
2024-12-04T11:45:12.526+01:00 TRACE 72666 --- [intelligent_pv] [           main] c.d.o.d.i.c.t.c.r.CachingCodecRegistry   : [default] Looking up codec for CQL type SMALLINT
2024-12-04T11:45:12.526+01:00 TRACE 72666 --- [intelligent_pv] [           main] c.d.o.d.i.c.t.c.r.CachingCodecRegistry   : [default] Found matching primitive codec com.datastax.oss.driver.internal.core.type.codec.SmallIntCodec@8fcc534
2024-12-04T11:45:12.526+01:00 TRACE 72666 --- [intelligent_pv] [           main] c.d.o.d.i.c.t.c.r.CachingCodecRegistry   : [default] Looking up codec for CQL type TINYINT
2024-12-04T11:45:12.526+01:00 TRACE 72666 --- [intelligent_pv] [           main] c.d.o.d.i.c.t.c.r.CachingCodecRegistry   : [default] Found matching primitive codec com.datastax.oss.driver.internal.core.type.codec.TinyIntCodec@5e599100
2024-12-04T11:45:12.526+01:00 TRACE 72666 --- [intelligent_pv] [           main] c.d.o.d.i.c.t.c.r.CachingCodecRegistry   : [default] Looking up codec for CQL type DURATION
2024-12-04T11:45:12.526+01:00 TRACE 72666 --- [intelligent_pv] [           main] c.d.o.d.i.c.t.c.r.CachingCodecRegistry   : [default] Found matching primitive codec com.datastax.oss.driver.internal.core.type.codec.CqlDurationCodec@3b435211
2024-12-04T11:45:12.532+01:00 DEBUG 72666 --- [intelligent_pv] [           main] o.s.b.f.s.DefaultListableBeanFactory     : Autowiring by type from bean name 'cassandraMappingContext' via factory method to bean named 'cassandraManagedTypes'
2024-12-04T11:45:12.532+01:00 DEBUG 72666 --- [intelligent_pv] [           main] o.s.b.f.s.DefaultListableBeanFactory     : Autowiring by type from bean name 'cassandraMappingContext' via factory method to bean named 'cassandraCustomConversions'
2024-12-04T11:45:12.569+01:00 DEBUG 72666 --- [intelligent_pv] [           main] o.s.b.f.s.DefaultListableBeanFactory     : Creating shared instance of singleton bean 'delegatingApplicationListener'
2024-12-04T11:45:12.570+01:00 DEBUG 72666 --- [intelligent_pv] [           main] o.s.b.f.s.DefaultListableBeanFactory     : Creating shared instance of singleton bean 'startupTimeMetrics'
2024-12-04T11:45:12.570+01:00 DEBUG 72666 --- [intelligent_pv] [           main] o.s.b.f.s.DefaultListableBeanFactory     : Creating shared instance of singleton bean 'org.springframework.boot.actuate.autoconfigure.metrics.startup.StartupTimeMetricsListenerAutoConfiguration'
2024-12-04T11:45:12.571+01:00 DEBUG 72666 --- [intelligent_pv] [           main] o.s.b.f.s.DefaultListableBeanFactory     : Creating shared instance of singleton bean 'simpleMeterRegistry'
2024-12-04T11:45:12.571+01:00 DEBUG 72666 --- [intelligent_pv] [           main] o.s.b.f.s.DefaultListableBeanFactory     : Creating shared instance of singleton bean 'org.springframework.boot.actuate.autoconfigure.metrics.export.simple.SimpleMetricsExportAutoConfiguration'
2024-12-04T11:45:12.571+01:00 DEBUG 72666 --- [intelligent_pv] [           main] o.s.b.f.s.DefaultListableBeanFactory     : Creating shared instance of singleton bean 'simpleConfig'
2024-12-04T11:45:12.572+01:00 DEBUG 72666 --- [intelligent_pv] [           main] o.s.b.f.s.DefaultListableBeanFactory     : Creating shared instance of singleton bean 'management.simple.metrics.export-org.springframework.boot.actuate.autoconfigure.metrics.export.simple.SimpleProperties'
2024-12-04T11:45:12.572+01:00 DEBUG 72666 --- [intelligent_pv] [           main] o.s.b.f.s.DefaultListableBeanFactory     : Creating shared instance of singleton bean 'org.springframework.boot.context.properties.BoundConfigurationProperties'
2024-12-04T11:45:12.581+01:00 DEBUG 72666 --- [intelligent_pv] [           main] o.s.b.f.s.DefaultListableBeanFactory     : Autowiring by type from bean name 'simpleConfig' via factory method to bean named 'management.simple.metrics.export-org.springframework.boot.actuate.autoconfigure.metrics.export.simple.SimpleProperties'
2024-12-04T11:45:12.584+01:00 DEBUG 72666 --- [intelligent_pv] [           main] o.s.b.f.s.DefaultListableBeanFactory     : Creating shared instance of singleton bean 'micrometerClock'
2024-12-04T11:45:12.584+01:00 DEBUG 72666 --- [intelligent_pv] [           main] o.s.b.f.s.DefaultListableBeanFactory     : Creating shared instance of singleton bean 'org.springframework.boot.actuate.autoconfigure.metrics.MetricsAutoConfiguration'
2024-12-04T11:45:12.584+01:00 DEBUG 72666 --- [intelligent_pv] [           main] o.s.b.f.s.DefaultListableBeanFactory     : Autowiring by type from bean name 'simpleMeterRegistry' via factory method to bean named 'simpleConfig'
2024-12-04T11:45:12.584+01:00 DEBUG 72666 --- [intelligent_pv] [           main] o.s.b.f.s.DefaultListableBeanFactory     : Autowiring by type from bean name 'simpleMeterRegistry' via factory method to bean named 'micrometerClock'
2024-12-04T11:45:12.594+01:00 DEBUG 72666 --- [intelligent_pv] [           main] o.s.b.f.s.DefaultListableBeanFactory     : Creating shared instance of singleton bean 'propertiesMeterFilter'
2024-12-04T11:45:12.594+01:00 DEBUG 72666 --- [intelligent_pv] [           main] o.s.b.f.s.DefaultListableBeanFactory     : Creating shared instance of singleton bean 'management.metrics-org.springframework.boot.actuate.autoconfigure.metrics.MetricsProperties'
2024-12-04T11:45:12.596+01:00 DEBUG 72666 --- [intelligent_pv] [           main] o.s.b.f.s.DefaultListableBeanFactory     : Autowiring by type from bean name 'propertiesMeterFilter' via factory method to bean named 'management.metrics-org.springframework.boot.actuate.autoconfigure.metrics.MetricsProperties'
2024-12-04T11:45:12.597+01:00 DEBUG 72666 --- [intelligent_pv] [           main] o.s.b.f.s.DefaultListableBeanFactory     : Creating shared instance of singleton bean 'metricsHttpClientUriTagFilter'
2024-12-04T11:45:12.597+01:00 DEBUG 72666 --- [intelligent_pv] [           main] o.s.b.f.s.DefaultListableBeanFactory     : Creating shared instance of singleton bean 'org.springframework.boot.actuate.autoconfigure.observation.web.client.HttpClientObservationsAutoConfiguration$MeterFilterConfiguration'
2024-12-04T11:45:12.598+01:00 DEBUG 72666 --- [intelligent_pv] [           main] o.s.b.f.s.DefaultListableBeanFactory     : Creating shared instance of singleton bean 'management.observations-org.springframework.boot.actuate.autoconfigure.observation.ObservationProperties'
2024-12-04T11:45:12.598+01:00 DEBUG 72666 --- [intelligent_pv] [           main] o.s.b.f.s.DefaultListableBeanFactory     : Autowiring by type from bean name 'metricsHttpClientUriTagFilter' via factory method to bean named 'management.observations-org.springframework.boot.actuate.autoconfigure.observation.ObservationProperties'
2024-12-04T11:45:12.599+01:00 DEBUG 72666 --- [intelligent_pv] [           main] o.s.b.f.s.DefaultListableBeanFactory     : Autowiring by type from bean name 'metricsHttpClientUriTagFilter' via factory method to bean named 'management.metrics-org.springframework.boot.actuate.autoconfigure.metrics.MetricsProperties'
2024-12-04T11:45:12.599+01:00 DEBUG 72666 --- [intelligent_pv] [           main] o.s.b.f.s.DefaultListableBeanFactory     : Creating shared instance of singleton bean 'metricsHttpServerUriTagFilter'
2024-12-04T11:45:12.600+01:00 DEBUG 72666 --- [intelligent_pv] [           main] o.s.b.f.s.DefaultListableBeanFactory     : Creating shared instance of singleton bean 'org.springframework.boot.actuate.autoconfigure.observation.web.servlet.WebMvcObservationAutoConfiguration$MeterFilterConfiguration'
2024-12-04T11:45:12.600+01:00 DEBUG 72666 --- [intelligent_pv] [           main] o.s.b.f.s.DefaultListableBeanFactory     : Autowiring by type from bean name 'metricsHttpServerUriTagFilter' via factory method to bean named 'management.observations-org.springframework.boot.actuate.autoconfigure.observation.ObservationProperties'
2024-12-04T11:45:12.600+01:00 DEBUG 72666 --- [intelligent_pv] [           main] o.s.b.f.s.DefaultListableBeanFactory     : Autowiring by type from bean name 'metricsHttpServerUriTagFilter' via factory method to bean named 'management.metrics-org.springframework.boot.actuate.autoconfigure.metrics.MetricsProperties'
2024-12-04T11:45:12.602+01:00 DEBUG 72666 --- [intelligent_pv] [           main] o.s.b.f.s.DefaultListableBeanFactory     : Autowiring by type from bean name 'startupTimeMetrics' via factory method to bean named 'simpleMeterRegistry'
2024-12-04T11:45:12.624+01:00 DEBUG 72666 --- [intelligent_pv] [           main] o.s.b.f.s.DefaultListableBeanFactory     : Autowiring by type from bean name 'cassandraConverter' via factory method to bean named 'cassandraMappingContext'
2024-12-04T11:45:12.624+01:00 DEBUG 72666 --- [intelligent_pv] [           main] o.s.b.f.s.DefaultListableBeanFactory     : Autowiring by type from bean name 'cassandraConverter' via factory method to bean named 'cassandraCustomConversions'
2024-12-04T11:45:12.635+01:00 DEBUG 72666 --- [intelligent_pv] [           main] o.s.b.f.s.DefaultListableBeanFactory     : Autowiring by type from bean name 'cassandraSessionFactory' via factory method to bean named 'environment'
2024-12-04T11:45:12.635+01:00 DEBUG 72666 --- [intelligent_pv] [           main] o.s.b.f.s.DefaultListableBeanFactory     : Autowiring by type from bean name 'cassandraSessionFactory' via factory method to bean named 'cassandraConverter'
2024-12-04T11:45:12.657+01:00 DEBUG 72666 --- [intelligent_pv] [           main] o.s.b.f.s.DefaultListableBeanFactory     : Creating shared instance of singleton bean 'cassandraSession'
2024-12-04T11:45:12.657+01:00 DEBUG 72666 --- [intelligent_pv] [           main] o.s.b.f.s.DefaultListableBeanFactory     : Creating shared instance of singleton bean 'org.springframework.boot.autoconfigure.cassandra.CassandraAutoConfiguration'
2024-12-04T11:45:12.657+01:00 DEBUG 72666 --- [intelligent_pv] [           main] o.s.b.f.s.DefaultListableBeanFactory     : Creating shared instance of singleton bean 'spring.cassandra-org.springframework.boot.autoconfigure.cassandra.CassandraProperties'
2024-12-04T11:45:12.663+01:00 DEBUG 72666 --- [intelligent_pv] [           main] o.s.b.f.s.DefaultListableBeanFactory     : Autowiring by type from bean name 'org.springframework.boot.autoconfigure.cassandra.CassandraAutoConfiguration' via constructor to bean named 'spring.cassandra-org.springframework.boot.autoconfigure.cassandra.CassandraProperties'
2024-12-04T11:45:12.678+01:00 DEBUG 72666 --- [intelligent_pv] [           main] o.s.b.f.s.DefaultListableBeanFactory     : Creating shared instance of singleton bean 'cassandraDriverConfigLoader'
2024-12-04T11:45:12.679+01:00 DEBUG 72666 --- [intelligent_pv] [           main] o.s.b.f.s.DefaultListableBeanFactory     : Creating shared instance of singleton bean 'cassandraConnectionDetails'
2024-12-04T11:45:12.679+01:00 DEBUG 72666 --- [intelligent_pv] [           main] o.s.b.f.s.DefaultListableBeanFactory     : Autowiring by type from bean name 'cassandraDriverConfigLoader' via factory method to bean named 'cassandraConnectionDetails'
2024-12-04T11:45:12.713+01:00 DEBUG 72666 --- [intelligent_pv] [           main] o.s.b.f.s.DefaultListableBeanFactory     : Autowiring by type from bean name 'cassandraSessionBuilder' via factory method to bean named 'cassandraDriverConfigLoader'
2024-12-04T11:45:12.713+01:00 DEBUG 72666 --- [intelligent_pv] [           main] o.s.b.f.s.DefaultListableBeanFactory     : Autowiring by type from bean name 'cassandraSessionBuilder' via factory method to bean named 'cassandraConnectionDetails'
2024-12-04T11:45:12.716+01:00 DEBUG 72666 --- [intelligent_pv] [           main] o.s.b.f.s.DefaultListableBeanFactory     : Creating shared instance of singleton bean 'sslBundleRegistry'
2024-12-04T11:45:12.716+01:00 DEBUG 72666 --- [intelligent_pv] [           main] o.s.b.f.s.DefaultListableBeanFactory     : Creating shared instance of singleton bean 'org.springframework.boot.autoconfigure.ssl.SslAutoConfiguration'
2024-12-04T11:45:12.716+01:00 DEBUG 72666 --- [intelligent_pv] [           main] o.s.b.f.s.DefaultListableBeanFactory     : Creating shared instance of singleton bean 'spring.ssl-org.springframework.boot.autoconfigure.ssl.SslProperties'
2024-12-04T11:45:12.717+01:00 DEBUG 72666 --- [intelligent_pv] [           main] o.s.b.f.s.DefaultListableBeanFactory     : Autowiring by type from bean name 'org.springframework.boot.autoconfigure.ssl.SslAutoConfiguration' via constructor to bean named 'spring.ssl-org.springframework.boot.autoconfigure.ssl.SslProperties'
2024-12-04T11:45:12.718+01:00 DEBUG 72666 --- [intelligent_pv] [           main] o.s.b.f.s.DefaultListableBeanFactory     : Creating shared instance of singleton bean 'sslPropertiesSslBundleRegistrar'
2024-12-04T11:45:12.718+01:00 DEBUG 72666 --- [intelligent_pv] [           main] o.s.b.f.s.DefaultListableBeanFactory     : Creating shared instance of singleton bean 'fileWatcher'
2024-12-04T11:45:12.718+01:00 DEBUG 72666 --- [intelligent_pv] [           main] o.s.b.f.s.DefaultListableBeanFactory     : Autowiring by type from bean name 'sslPropertiesSslBundleRegistrar' via factory method to bean named 'fileWatcher'
2024-12-04T11:45:12.722+01:00 DEBUG 72666 --- [intelligent_pv] [           main] o.s.b.f.s.DefaultListableBeanFactory     : Autowiring by type from bean name 'cassandraSession' via factory method to bean named 'cassandraSessionBuilder'
2024-12-04T11:45:12.735+01:00 TRACE 72666 --- [intelligent_pv] [           main] c.d.o.d.i.c.t.c.r.DefaultCodecRegistry   : [s0] Checking cache
2024-12-04T11:45:12.739+01:00 TRACE 72666 --- [intelligent_pv] [           main] c.d.o.d.i.c.t.c.r.CachingCodecRegistry   : [s0] Cache miss, creating codec
2024-12-04T11:45:12.741+01:00 TRACE 72666 --- [intelligent_pv] [           main] c.d.o.d.internal.core.util.Reflection    : Attempting to load com.esri.core.geometry.ogc.OGCGeometry with driver's class loader
2024-12-04T11:45:12.741+01:00 DEBUG 72666 --- [intelligent_pv] [           main] c.d.o.d.internal.core.util.Reflection    : Could not load com.esri.core.geometry.ogc.OGCGeometry with loader null: java.lang.ClassNotFoundException: com.esri.core.geometry.ogc.OGCGeometry
java.lang.ClassNotFoundException: com.esri.core.geometry.ogc.OGCGeometry
	at java.base/jdk.internal.loader.BuiltinClassLoader.loadClass(BuiltinClassLoader.java:641)
	at java.base/jdk.internal.loader.ClassLoaders$AppClassLoader.loadClass(ClassLoaders.java:188)
	at java.base/java.lang.ClassLoader.loadClass(ClassLoader.java:525)
	at java.base/java.lang.Class.forName0(Native Method)
	at java.base/java.lang.Class.forName(Class.java:413)
	at java.base/java.lang.Class.forName(Class.java:404)
	at com.datastax.oss.driver.internal.core.util.Reflection.loadClass(Reflection.java:59)
	at com.datastax.oss.driver.internal.core.util.DefaultDependencyChecker.lambda$isPresent$0(DefaultDependencyChecker.java:50)
	at java.base/java.util.concurrent.ConcurrentHashMap.computeIfAbsent(ConcurrentHashMap.java:1710)
	at com.datastax.oss.driver.internal.core.util.DefaultDependencyChecker.isPresent(DefaultDependencyChecker.java:43)
	at com.datastax.dse.driver.internal.core.type.codec.DseTypeCodecsRegistrar.registerDseCodecs(DseTypeCodecsRegistrar.java:34)
	at com.datastax.oss.driver.internal.core.context.DefaultDriverContext.buildCodecRegistry(DefaultDriverContext.java:525)
	at com.datastax.oss.driver.internal.core.context.DefaultDriverContext.<init>(DefaultDriverContext.java:262)
	at com.datastax.oss.driver.api.core.session.SessionBuilder.buildContext(SessionBuilder.java:970)
	at com.datastax.oss.driver.api.core.session.SessionBuilder.buildDefaultSessionAsync(SessionBuilder.java:906)
	at com.datastax.oss.driver.api.core.session.SessionBuilder.buildAsync(SessionBuilder.java:819)
	at com.datastax.oss.driver.api.core.session.SessionBuilder.build(SessionBuilder.java:837)
	at org.springframework.boot.autoconfigure.cassandra.CassandraAutoConfiguration.cassandraSession(CassandraAutoConfiguration.java:109)
	at java.base/jdk.internal.reflect.DirectMethodHandleAccessor.invoke(DirectMethodHandleAccessor.java:103)
	at java.base/java.lang.reflect.Method.invoke(Method.java:580)
	at org.springframework.beans.factory.support.SimpleInstantiationStrategy.instantiate(SimpleInstantiationStrategy.java:140)
	at org.springframework.beans.factory.support.ConstructorResolver.instantiate(ConstructorResolver.java:644)
	at org.springframework.beans.factory.support.ConstructorResolver.instantiateUsingFactoryMethod(ConstructorResolver.java:636)
	at org.springframework.beans.factory.support.AbstractAutowireCapableBeanFactory.instantiateUsingFactoryMethod(AbstractAutowireCapableBeanFactory.java:1337)
	at org.springframework.beans.factory.support.AbstractAutowireCapableBeanFactory.createBeanInstance(AbstractAutowireCapableBeanFactory.java:1167)
	at org.springframework.beans.factory.support.AbstractAutowireCapableBeanFactory.doCreateBean(AbstractAutowireCapableBeanFactory.java:562)
	at org.springframework.beans.factory.support.AbstractAutowireCapableBeanFactory.createBean(AbstractAutowireCapableBeanFactory.java:522)
	at org.springframework.beans.factory.support.AbstractBeanFactory.lambda$doGetBean$0(AbstractBeanFactory.java:337)
	at org.springframework.beans.factory.support.DefaultSingletonBeanRegistry.getSingleton(DefaultSingletonBeanRegistry.java:234)
	at org.springframework.beans.factory.support.AbstractBeanFactory.doGetBean(AbstractBeanFactory.java:335)
	at org.springframework.beans.factory.support.AbstractBeanFactory.getBean(AbstractBeanFactory.java:200)
	at org.springframework.beans.factory.config.DependencyDescriptor.resolveCandidate(DependencyDescriptor.java:254)
	at org.springframework.beans.factory.support.DefaultListableBeanFactory.doResolveDependency(DefaultListableBeanFactory.java:1443)
	at org.springframework.context.annotation.ContextAnnotationAutowireCandidateResolver$1.getTarget(ContextAnnotationAutowireCandidateResolver.java:103)
	at org.springframework.aop.framework.JdkDynamicAopProxy.invoke(JdkDynamicAopProxy.java:203)
	at jdk.proxy2/jdk.proxy2.$Proxy88.getContext(Unknown Source)
	at org.springframework.boot.autoconfigure.data.cassandra.CassandraDataAutoConfiguration.lambda$cassandraConverter$0(CassandraDataAutoConfiguration.java:100)
	at org.springframework.data.util.Lazy.getNullable(Lazy.java:135)
	at org.springframework.data.util.Lazy.get(Lazy.java:113)
	at org.springframework.data.cassandra.core.convert.MappingCassandraConverter.getCodecRegistry(MappingCassandraConverter.java:264)
	at org.springframework.data.cassandra.core.convert.DefaultColumnTypeResolver.getCodecRegistry(DefaultColumnTypeResolver.java:485)
	at org.springframework.data.cassandra.core.convert.DefaultColumnTypeResolver.tryResolve(DefaultColumnTypeResolver.java:244)
	at org.springframework.data.cassandra.core.convert.DefaultColumnTypeResolver.createCassandraTypeDescriptor(DefaultColumnTypeResolver.java:466)
	at org.springframework.data.cassandra.core.convert.DefaultColumnTypeResolver.lambda$resolve$1(DefaultColumnTypeResolver.java:225)
	at java.base/java.util.Optional.orElseGet(Optional.java:364)
	at org.springframework.data.cassandra.core.convert.DefaultColumnTypeResolver.resolve(DefaultColumnTypeResolver.java:224)
	at org.springframework.data.cassandra.core.convert.DefaultColumnTypeResolver.doResolve(DefaultColumnTypeResolver.java:170)
	at org.springframework.data.cassandra.core.convert.DefaultColumnTypeResolver.resolve(DefaultColumnTypeResolver.java:111)
	at org.springframework.data.cassandra.core.convert.SchemaFactory.getDataType(SchemaFactory.java:197)
	at org.springframework.data.cassandra.core.convert.SchemaFactory.getCreateTableSpecificationFor(SchemaFactory.java:173)
	at org.springframework.data.cassandra.core.convert.SchemaFactory.getCreateTableSpecificationFor(SchemaFactory.java:126)
	at org.springframework.data.cassandra.core.CassandraPersistentEntitySchemaCreator.lambda$createTableSpecifications$1(CassandraPersistentEntitySchemaCreator.java:113)
	at java.base/java.util.stream.ReferencePipeline$3$1.accept(ReferencePipeline.java:212)
	at java.base/java.util.concurrent.ConcurrentHashMap$KeySpliterator.forEachRemaining(ConcurrentHashMap.java:3575)
	at java.base/java.util.stream.AbstractPipeline.copyInto(AbstractPipeline.java:556)
	at java.base/java.util.stream.AbstractPipeline.wrapAndCopyInto(AbstractPipeline.java:546)
	at java.base/java.util.stream.ReduceOps$ReduceOp.evaluateSequential(ReduceOps.java:921)
	at java.base/java.util.stream.AbstractPipeline.evaluate(AbstractPipeline.java:265)
	at java.base/java.util.stream.ReferencePipeline.collect(ReferencePipeline.java:702)
	at org.springframework.data.cassandra.core.CassandraPersistentEntitySchemaCreator.createTableSpecifications(CassandraPersistentEntitySchemaCreator.java:115)
	at org.springframework.data.cassandra.core.CassandraPersistentEntitySchemaCreator.createTables(CassandraPersistentEntitySchemaCreator.java:98)
	at org.springframework.data.cassandra.config.SessionFactoryFactoryBean.performSchemaActions(SessionFactoryFactoryBean.java:267)
	at org.springframework.data.cassandra.config.SessionFactoryFactoryBean.createTables(SessionFactoryFactoryBean.java:238)
	at org.springframework.data.cassandra.config.SessionFactoryFactoryBean.performSchemaAction(SessionFactoryFactoryBean.java:224)
	at org.springframework.data.cassandra.config.SessionFactoryFactoryBean.lambda$afterPropertiesSet$0(SessionFactoryFactoryBean.java:157)
	at org.springframework.data.cassandra.config.SchemaUtils.withAsyncSchemaRefresh(SchemaUtils.java:96)
	at org.springframework.data.cassandra.config.SchemaUtils.withSchemaRefresh(SchemaUtils.java:84)
	at org.springframework.data.cassandra.config.SessionFactoryFactoryBean.afterPropertiesSet(SessionFactoryFactoryBean.java:163)
	at org.springframework.beans.factory.support.AbstractAutowireCapableBeanFactory.invokeInitMethods(AbstractAutowireCapableBeanFactory.java:1835)
	at org.springframework.beans.factory.support.AbstractAutowireCapableBeanFactory.initializeBean(AbstractAutowireCapableBeanFactory.java:1784)
	at org.springframework.beans.factory.support.AbstractAutowireCapableBeanFactory.doCreateBean(AbstractAutowireCapableBeanFactory.java:600)
	at org.springframework.beans.factory.support.AbstractAutowireCapableBeanFactory.createBean(AbstractAutowireCapableBeanFactory.java:522)
	at org.springframework.beans.factory.support.AbstractBeanFactory.lambda$doGetBean$0(AbstractBeanFactory.java:337)
	at org.springframework.beans.factory.support.DefaultSingletonBeanRegistry.getSingleton(DefaultSingletonBeanRegistry.java:234)
	at org.springframework.beans.factory.support.AbstractBeanFactory.doGetBean(AbstractBeanFactory.java:335)
	at org.springframework.beans.factory.support.AbstractBeanFactory.getBean(AbstractBeanFactory.java:200)
	at org.springframework.beans.factory.config.DependencyDescriptor.resolveCandidate(DependencyDescriptor.java:254)
	at org.springframework.beans.factory.support.DefaultListableBeanFactory.doResolveDependency(DefaultListableBeanFactory.java:1443)
	at org.springframework.beans.factory.support.DefaultListableBeanFactory.resolveDependency(DefaultListableBeanFactory.java:1353)
	at org.springframework.beans.factory.support.ConstructorResolver.resolveAutowiredArgument(ConstructorResolver.java:904)
	at org.springframework.beans.factory.support.ConstructorResolver.createArgumentArray(ConstructorResolver.java:782)
	at org.springframework.beans.factory.support.ConstructorResolver.instantiateUsingFactoryMethod(ConstructorResolver.java:542)
	at org.springframework.beans.factory.support.AbstractAutowireCapableBeanFactory.instantiateUsingFactoryMethod(AbstractAutowireCapableBeanFactory.java:1337)
	at org.springframework.beans.factory.support.AbstractAutowireCapableBeanFactory.createBeanInstance(AbstractAutowireCapableBeanFactory.java:1167)
	at org.springframework.beans.factory.support.AbstractAutowireCapableBeanFactory.doCreateBean(AbstractAutowireCapableBeanFactory.java:562)
	at org.springframework.beans.factory.support.AbstractAutowireCapableBeanFactory.createBean(AbstractAutowireCapableBeanFactory.java:522)
	at org.springframework.beans.factory.support.AbstractBeanFactory.lambda$doGetBean$0(AbstractBeanFactory.java:337)
	at org.springframework.beans.factory.support.DefaultSingletonBeanRegistry.getSingleton(DefaultSingletonBeanRegistry.java:234)
	at org.springframework.beans.factory.support.AbstractBeanFactory.doGetBean(AbstractBeanFactory.java:335)
	at org.springframework.beans.factory.support.AbstractBeanFactory.getBean(AbstractBeanFactory.java:200)
	at org.springframework.beans.factory.support.BeanDefinitionValueResolver.resolveReference(BeanDefinitionValueResolver.java:365)
	at org.springframework.beans.factory.support.BeanDefinitionValueResolver.resolveValueIfNecessary(BeanDefinitionValueResolver.java:135)
	at org.springframework.beans.factory.support.AbstractAutowireCapableBeanFactory.applyPropertyValues(AbstractAutowireCapableBeanFactory.java:1687)
	at org.springframework.beans.factory.support.AbstractAutowireCapableBeanFactory.populateBean(AbstractAutowireCapableBeanFactory.java:1436)
	at org.springframework.beans.factory.support.AbstractAutowireCapableBeanFactory.doCreateBean(AbstractAutowireCapableBeanFactory.java:599)
	at org.springframework.beans.factory.support.AbstractAutowireCapableBeanFactory.createBean(AbstractAutowireCapableBeanFactory.java:522)
	at org.springframework.beans.factory.support.AbstractBeanFactory.lambda$doGetBean$0(AbstractBeanFactory.java:337)
	at org.springframework.beans.factory.support.DefaultSingletonBeanRegistry.getSingleton(DefaultSingletonBeanRegistry.java:234)
	at org.springframework.beans.factory.support.AbstractBeanFactory.doGetBean(AbstractBeanFactory.java:335)
	at org.springframework.beans.factory.support.AbstractBeanFactory.getBean(AbstractBeanFactory.java:200)
	at org.springframework.beans.factory.config.DependencyDescriptor.resolveCandidate(DependencyDescriptor.java:254)
	at org.springframework.beans.factory.support.DefaultListableBeanFactory.doResolveDependency(DefaultListableBeanFactory.java:1443)
	at org.springframework.beans.factory.support.DefaultListableBeanFactory.resolveDependency(DefaultListableBeanFactory.java:1353)
	at org.springframework.beans.factory.annotation.AutowiredAnnotationBeanPostProcessor$AutowiredFieldElement.resolveFieldValue(AutowiredAnnotationBeanPostProcessor.java:784)
	at org.springframework.beans.factory.annotation.AutowiredAnnotationBeanPostProcessor$AutowiredFieldElement.inject(AutowiredAnnotationBeanPostProcessor.java:767)
	at org.springframework.beans.factory.annotation.InjectionMetadata.inject(InjectionMetadata.java:145)
	at org.springframework.beans.factory.annotation.AutowiredAnnotationBeanPostProcessor.postProcessProperties(AutowiredAnnotationBeanPostProcessor.java:508)
	at org.springframework.beans.factory.support.AbstractAutowireCapableBeanFactory.populateBean(AbstractAutowireCapableBeanFactory.java:1421)
	at org.springframework.beans.factory.support.AbstractAutowireCapableBeanFactory.doCreateBean(AbstractAutowireCapableBeanFactory.java:599)
	at org.springframework.beans.factory.support.AbstractAutowireCapableBeanFactory.createBean(AbstractAutowireCapableBeanFactory.java:522)
	at org.springframework.beans.factory.support.AbstractBeanFactory.lambda$doGetBean$0(AbstractBeanFactory.java:337)
	at org.springframework.beans.factory.support.DefaultSingletonBeanRegistry.getSingleton(DefaultSingletonBeanRegistry.java:234)
	at org.springframework.beans.factory.support.AbstractBeanFactory.doGetBean(AbstractBeanFactory.java:335)
	at org.springframework.beans.factory.support.AbstractBeanFactory.getBean(AbstractBeanFactory.java:200)
	at org.springframework.beans.factory.config.DependencyDescriptor.resolveCandidate(DependencyDescriptor.java:254)
	at org.springframework.beans.factory.support.DefaultListableBeanFactory.doResolveDependency(DefaultListableBeanFactory.java:1443)
	at org.springframework.beans.factory.support.DefaultListableBeanFactory.resolveDependency(DefaultListableBeanFactory.java:1353)
	at org.springframework.beans.factory.annotation.AutowiredAnnotationBeanPostProcessor$AutowiredFieldElement.resolveFieldValue(AutowiredAnnotationBeanPostProcessor.java:784)
	at org.springframework.beans.factory.annotation.AutowiredAnnotationBeanPostProcessor$AutowiredFieldElement.inject(AutowiredAnnotationBeanPostProcessor.java:767)
	at org.springframework.beans.factory.annotation.InjectionMetadata.inject(InjectionMetadata.java:145)
	at org.springframework.beans.factory.annotation.AutowiredAnnotationBeanPostProcessor.postProcessProperties(AutowiredAnnotationBeanPostProcessor.java:508)
	at org.springframework.beans.factory.support.AbstractAutowireCapableBeanFactory.populateBean(AbstractAutowireCapableBeanFactory.java:1421)
	at org.springframework.beans.factory.support.AbstractAutowireCapableBeanFactory.doCreateBean(AbstractAutowireCapableBeanFactory.java:599)
	at org.springframework.beans.factory.support.AbstractAutowireCapableBeanFactory.createBean(AbstractAutowireCapableBeanFactory.java:522)
	at org.springframework.beans.factory.support.AbstractBeanFactory.lambda$doGetBean$0(AbstractBeanFactory.java:337)
	at org.springframework.beans.factory.support.DefaultSingletonBeanRegistry.getSingleton(DefaultSingletonBeanRegistry.java:234)
	at org.springframework.beans.factory.support.AbstractBeanFactory.doGetBean(AbstractBeanFactory.java:335)
	at org.springframework.beans.factory.support.AbstractBeanFactory.getBean(AbstractBeanFactory.java:200)
	at org.springframework.beans.factory.config.DependencyDescriptor.resolveCandidate(DependencyDescriptor.java:254)
	at org.springframework.beans.factory.support.DefaultListableBeanFactory.doResolveDependency(DefaultListableBeanFactory.java:1443)
	at org.springframework.beans.factory.support.DefaultListableBeanFactory.resolveDependency(DefaultListableBeanFactory.java:1353)
	at org.springframework.beans.factory.support.ConstructorResolver.resolveAutowiredArgument(ConstructorResolver.java:904)
	at org.springframework.beans.factory.support.ConstructorResolver.createArgumentArray(ConstructorResolver.java:782)
	at org.springframework.beans.factory.support.ConstructorResolver.autowireConstructor(ConstructorResolver.java:237)
	at org.springframework.beans.factory.support.AbstractAutowireCapableBeanFactory.autowireConstructor(AbstractAutowireCapableBeanFactory.java:1357)
	at org.springframework.beans.factory.support.AbstractAutowireCapableBeanFactory.createBeanInstance(AbstractAutowireCapableBeanFactory.java:1194)
	at org.springframework.beans.factory.support.AbstractAutowireCapableBeanFactory.doCreateBean(AbstractAutowireCapableBeanFactory.java:562)
	at org.springframework.beans.factory.support.AbstractAutowireCapableBeanFactory.createBean(AbstractAutowireCapableBeanFactory.java:522)
	at org.springframework.beans.factory.support.AbstractBeanFactory.lambda$doGetBean$0(AbstractBeanFactory.java:337)
	at org.springframework.beans.factory.support.DefaultSingletonBeanRegistry.getSingleton(DefaultSingletonBeanRegistry.java:234)
	at org.springframework.beans.factory.support.AbstractBeanFactory.doGetBean(AbstractBeanFactory.java:335)
	at org.springframework.beans.factory.support.AbstractBeanFactory.getBean(AbstractBeanFactory.java:200)
	at org.springframework.beans.factory.support.DefaultListableBeanFactory.preInstantiateSingletons(DefaultListableBeanFactory.java:975)
	at org.springframework.context.support.AbstractApplicationContext.finishBeanFactoryInitialization(AbstractApplicationContext.java:962)
	at org.springframework.context.support.AbstractApplicationContext.refresh(AbstractApplicationContext.java:624)
	at org.springframework.boot.SpringApplication.refresh(SpringApplication.java:754)
	at org.springframework.boot.SpringApplication.refreshContext(SpringApplication.java:456)
	at org.springframework.boot.SpringApplication.run(SpringApplication.java:335)
	at org.springframework.boot.test.context.SpringBootContextLoader.lambda$loadContext$3(SpringBootContextLoader.java:137)
	at org.springframework.util.function.ThrowingSupplier.get(ThrowingSupplier.java:58)
	at org.springframework.util.function.ThrowingSupplier.get(ThrowingSupplier.java:46)
	at org.springframework.boot.SpringApplication.withHook(SpringApplication.java:1463)
	at org.springframework.boot.test.context.SpringBootContextLoader$ContextLoaderHook.run(SpringBootContextLoader.java:553)
	at org.springframework.boot.test.context.SpringBootContextLoader.loadContext(SpringBootContextLoader.java:137)
	at org.springframework.boot.test.context.SpringBootContextLoader.loadContext(SpringBootContextLoader.java:108)
	at org.springframework.test.context.cache.DefaultCacheAwareContextLoaderDelegate.loadContextInternal(DefaultCacheAwareContextLoaderDelegate.java:225)
	at org.springframework.test.context.cache.DefaultCacheAwareContextLoaderDelegate.loadContext(DefaultCacheAwareContextLoaderDelegate.java:152)
	at org.springframework.test.context.support.DefaultTestContext.getApplicationContext(DefaultTestContext.java:130)
	at org.springframework.test.context.web.ServletTestExecutionListener.setUpRequestContextIfNecessary(ServletTestExecutionListener.java:191)
	at org.springframework.test.context.web.ServletTestExecutionListener.prepareTestInstance(ServletTestExecutionListener.java:130)
	at org.springframework.test.context.TestContextManager.prepareTestInstance(TestContextManager.java:260)
	at org.springframework.test.context.junit.jupiter.SpringExtension.postProcessTestInstance(SpringExtension.java:163)
	at org.junit.jupiter.engine.descriptor.ClassBasedTestDescriptor.lambda$invokeTestInstancePostProcessors$10(ClassBasedTestDescriptor.java:378)
	at org.junit.jupiter.engine.descriptor.ClassBasedTestDescriptor.executeAndMaskThrowable(ClassBasedTestDescriptor.java:383)
	at org.junit.jupiter.engine.descriptor.ClassBasedTestDescriptor.lambda$invokeTestInstancePostProcessors$11(ClassBasedTestDescriptor.java:378)
	at java.base/java.util.stream.ReferencePipeline$3$1.accept(ReferencePipeline.java:212)
	at java.base/java.util.stream.ReferencePipeline$2$1.accept(ReferencePipeline.java:194)
	at java.base/java.util.ArrayList$ArrayListSpliterator.forEachRemaining(ArrayList.java:1709)
	at java.base/java.util.stream.AbstractPipeline.copyInto(AbstractPipeline.java:556)
	at java.base/java.util.stream.AbstractPipeline.wrapAndCopyInto(AbstractPipeline.java:546)
	at java.base/java.util.stream.StreamSpliterators$WrappingSpliterator.forEachRemaining(StreamSpliterators.java:310)
	at java.base/java.util.stream.Streams$ConcatSpliterator.forEachRemaining(Streams.java:735)
	at java.base/java.util.stream.Streams$ConcatSpliterator.forEachRemaining(Streams.java:734)
	at java.base/java.util.stream.ReferencePipeline$Head.forEach(ReferencePipeline.java:782)
	at org.junit.jupiter.engine.descriptor.ClassBasedTestDescriptor.invokeTestInstancePostProcessors(ClassBasedTestDescriptor.java:377)
	at org.junit.jupiter.engine.descriptor.ClassBasedTestDescriptor.lambda$instantiateAndPostProcessTestInstance$6(ClassBasedTestDescriptor.java:290)
	at org.junit.platform.engine.support.hierarchical.ThrowableCollector.execute(ThrowableCollector.java:73)
	at org.junit.jupiter.engine.descriptor.ClassBasedTestDescriptor.instantiateAndPostProcessTestInstance(ClassBasedTestDescriptor.java:289)
	at org.junit.jupiter.engine.descriptor.ClassBasedTestDescriptor.lambda$testInstancesProvider$4(ClassBasedTestDescriptor.java:279)
	at java.base/java.util.Optional.orElseGet(Optional.java:364)
	at org.junit.jupiter.engine.descriptor.ClassBasedTestDescriptor.lambda$testInstancesProvider$5(ClassBasedTestDescriptor.java:278)
	at org.junit.jupiter.engine.execution.TestInstancesProvider.getTestInstances(TestInstancesProvider.java:31)
	at org.junit.jupiter.engine.descriptor.TestMethodTestDescriptor.lambda$prepare$0(TestMethodTestDescriptor.java:106)
	at org.junit.platform.engine.support.hierarchical.ThrowableCollector.execute(ThrowableCollector.java:73)
	at org.junit.jupiter.engine.descriptor.TestMethodTestDescriptor.prepare(TestMethodTestDescriptor.java:105)
	at org.junit.jupiter.engine.descriptor.TestMethodTestDescriptor.prepare(TestMethodTestDescriptor.java:69)
	at org.junit.platform.engine.support.hierarchical.NodeTestTask.lambda$prepare$2(NodeTestTask.java:123)
	at org.junit.platform.engine.support.hierarchical.ThrowableCollector.execute(ThrowableCollector.java:73)
	at org.junit.platform.engine.support.hierarchical.NodeTestTask.prepare(NodeTestTask.java:123)
	at org.junit.platform.engine.support.hierarchical.NodeTestTask.execute(NodeTestTask.java:90)
	at java.base/java.util.ArrayList.forEach(ArrayList.java:1597)
	at org.junit.platform.engine.support.hierarchical.SameThreadHierarchicalTestExecutorService.invokeAll(SameThreadHierarchicalTestExecutorService.java:41)
	at org.junit.platform.engine.support.hierarchical.NodeTestTask.lambda$executeRecursively$6(NodeTestTask.java:155)
	at org.junit.platform.engine.support.hierarchical.ThrowableCollector.execute(ThrowableCollector.java:73)
	at org.junit.platform.engine.support.hierarchical.NodeTestTask.lambda$executeRecursively$8(NodeTestTask.java:141)
	at org.junit.platform.engine.support.hierarchical.Node.around(Node.java:137)
	at org.junit.platform.engine.support.hierarchical.NodeTestTask.lambda$executeRecursively$9(NodeTestTask.java:139)
	at org.junit.platform.engine.support.hierarchical.ThrowableCollector.execute(ThrowableCollector.java:73)
	at org.junit.platform.engine.support.hierarchical.NodeTestTask.executeRecursively(NodeTestTask.java:138)
	at org.junit.platform.engine.support.hierarchical.NodeTestTask.execute(NodeTestTask.java:95)
	at java.base/java.util.ArrayList.forEach(ArrayList.java:1597)
	at org.junit.platform.engine.support.hierarchical.SameThreadHierarchicalTestExecutorService.invokeAll(SameThreadHierarchicalTestExecutorService.java:41)
	at org.junit.platform.engine.support.hierarchical.NodeTestTask.lambda$executeRecursively$6(NodeTestTask.java:155)
	at org.junit.platform.engine.support.hierarchical.ThrowableCollector.execute(ThrowableCollector.java:73)
	at org.junit.platform.engine.support.hierarchical.NodeTestTask.lambda$executeRecursively$8(NodeTestTask.java:141)
	at org.junit.platform.engine.support.hierarchical.Node.around(Node.java:137)
	at org.junit.platform.engine.support.hierarchical.NodeTestTask.lambda$executeRecursively$9(NodeTestTask.java:139)
	at org.junit.platform.engine.support.hierarchical.ThrowableCollector.execute(ThrowableCollector.java:73)
	at org.junit.platform.engine.support.hierarchical.NodeTestTask.executeRecursively(NodeTestTask.java:138)
	at org.junit.platform.engine.support.hierarchical.NodeTestTask.execute(NodeTestTask.java:95)
	at org.junit.platform.engine.support.hierarchical.SameThreadHierarchicalTestExecutorService.submit(SameThreadHierarchicalTestExecutorService.java:35)
	at org.junit.platform.engine.support.hierarchical.HierarchicalTestExecutor.execute(HierarchicalTestExecutor.java:57)
	at org.junit.platform.engine.support.hierarchical.HierarchicalTestEngine.execute(HierarchicalTestEngine.java:54)
	at org.junit.platform.launcher.core.EngineExecutionOrchestrator.execute(EngineExecutionOrchestrator.java:198)
	at org.junit.platform.launcher.core.EngineExecutionOrchestrator.execute(EngineExecutionOrchestrator.java:169)
	at org.junit.platform.launcher.core.EngineExecutionOrchestrator.execute(EngineExecutionOrchestrator.java:93)
	at org.junit.platform.launcher.core.EngineExecutionOrchestrator.lambda$execute$0(EngineExecutionOrchestrator.java:58)
	at org.junit.platform.launcher.core.EngineExecutionOrchestrator.withInterceptedStreams(EngineExecutionOrchestrator.java:141)
	at org.junit.platform.launcher.core.EngineExecutionOrchestrator.execute(EngineExecutionOrchestrator.java:57)
	at org.junit.platform.launcher.core.DefaultLauncher.execute(DefaultLauncher.java:103)
	at org.junit.platform.launcher.core.DefaultLauncher.execute(DefaultLauncher.java:85)
	at org.junit.platform.launcher.core.DelegatingLauncher.execute(DelegatingLauncher.java:47)
	at org.apache.maven.surefire.junitplatform.LazyLauncher.execute(LazyLauncher.java:56)
	at org.apache.maven.surefire.junitplatform.JUnitPlatformProvider.execute(JUnitPlatformProvider.java:184)
	at org.apache.maven.surefire.junitplatform.JUnitPlatformProvider.invokeAllTests(JUnitPlatformProvider.java:148)
	at org.apache.maven.surefire.junitplatform.JUnitPlatformProvider.invoke(JUnitPlatformProvider.java:122)
	at org.apache.maven.surefire.booter.ForkedBooter.runSuitesInProcess(ForkedBooter.java:385)
	at org.apache.maven.surefire.booter.ForkedBooter.execute(ForkedBooter.java:162)
	at org.apache.maven.surefire.booter.ForkedBooter.run(ForkedBooter.java:507)
	at org.apache.maven.surefire.booter.ForkedBooter.main(ForkedBooter.java:495)
2024-12-04T11:45:12.745+01:00 DEBUG 72666 --- [intelligent_pv] [           main] c.d.o.d.i.core.session.DefaultSession    : Creating new session s0 (1 live instances)
2024-12-04T11:45:12.783+01:00 DEBUG 72666 --- [intelligent_pv] [           main] c.d.o.d.internal.core.util.Reflection    : Creating a ReconnectionPolicy from config option advanced.reconnection-policy.class
2024-12-04T11:45:12.784+01:00 DEBUG 72666 --- [intelligent_pv] [           main] c.d.o.d.internal.core.util.Reflection    : Building from unqualified name ExponentialReconnectionPolicy
2024-12-04T11:45:12.784+01:00 DEBUG 72666 --- [intelligent_pv] [           main] c.d.o.d.internal.core.util.Reflection    : Trying with default package com.datastax.oss.driver.internal.core.connection.ExponentialReconnectionPolicy
2024-12-04T11:45:12.784+01:00 TRACE 72666 --- [intelligent_pv] [           main] c.d.o.d.internal.core.util.Reflection    : Attempting to load com.datastax.oss.driver.internal.core.connection.ExponentialReconnectionPolicy with driver's class loader
2024-12-04T11:45:12.784+01:00 TRACE 72666 --- [intelligent_pv] [           main] c.d.o.d.internal.core.util.Reflection    : Successfully loaded com.datastax.oss.driver.internal.core.connection.ExponentialReconnectionPolicy
2024-12-04T11:45:12.789+01:00 DEBUG 72666 --- [intelligent_pv] [           main] c.d.o.d.internal.core.context.EventBus   : [s0] Registering com.datastax.oss.driver.internal.core.util.concurrent.RunOrSchedule$$Lambda/0x00000004015d0778@56d822dc for class com.datastax.oss.driver.internal.core.metadata.DistanceEvent
2024-12-04T11:45:12.790+01:00 DEBUG 72666 --- [intelligent_pv] [           main] c.d.o.d.internal.core.context.EventBus   : [s0] Registering com.datastax.oss.driver.internal.core.util.concurrent.RunOrSchedule$$Lambda/0x00000004015d0778@16b76858 for class com.datastax.oss.driver.internal.core.metadata.NodeStateEvent
2024-12-04T11:45:12.790+01:00 DEBUG 72666 --- [intelligent_pv] [           main] .d.o.d.i.c.m.s.q.RuleBasedKeyspaceFilter : [s0] No server-side filtering
2024-12-04T11:45:12.790+01:00 DEBUG 72666 --- [intelligent_pv] [           main] c.d.o.d.internal.core.context.EventBus   : [s0] Registering com.datastax.oss.driver.internal.core.metadata.MetadataManager$$Lambda/0x00000004015d18c0@4ecd8ab1 for class com.datastax.oss.driver.internal.core.config.ConfigChangeEvent
2024-12-04T11:45:12.791+01:00 DEBUG 72666 --- [intelligent_pv] [           main] c.d.o.d.internal.core.context.EventBus   : [s0] Registering com.datastax.oss.driver.internal.core.util.concurrent.RunOrSchedule$$Lambda/0x00000004015d0778@6d001fbe for class com.datastax.oss.driver.internal.core.channel.ChannelEvent
2024-12-04T11:45:12.791+01:00 DEBUG 72666 --- [intelligent_pv] [           main] c.d.o.d.internal.core.context.EventBus   : [s0] Registering com.datastax.oss.driver.internal.core.util.concurrent.RunOrSchedule$$Lambda/0x00000004015d0778@38a96593 for class com.datastax.oss.driver.internal.core.metadata.TopologyEvent
2024-12-04T11:45:12.792+01:00 DEBUG 72666 --- [intelligent_pv] [           main] c.d.o.d.internal.core.context.EventBus   : [s0] Registering com.datastax.oss.driver.internal.core.util.concurrent.RunOrSchedule$$Lambda/0x00000004015d0778@5d08976a for class com.datastax.oss.driver.internal.core.metadata.schema.events.AggregateChangeEvent
2024-12-04T11:45:12.792+01:00 DEBUG 72666 --- [intelligent_pv] [           main] c.d.o.d.internal.core.context.EventBus   : [s0] Registering com.datastax.oss.driver.internal.core.util.concurrent.RunOrSchedule$$Lambda/0x00000004015d0778@1d1c37d5 for class com.datastax.oss.driver.internal.core.metadata.schema.events.FunctionChangeEvent
2024-12-04T11:45:12.792+01:00 DEBUG 72666 --- [intelligent_pv] [           main] c.d.o.d.internal.core.context.EventBus   : [s0] Registering com.datastax.oss.driver.internal.core.util.concurrent.RunOrSchedule$$Lambda/0x00000004015d0778@1fee4278 for class com.datastax.oss.driver.internal.core.metadata.schema.events.KeyspaceChangeEvent
2024-12-04T11:45:12.792+01:00 DEBUG 72666 --- [intelligent_pv] [           main] c.d.o.d.internal.core.context.EventBus   : [s0] Registering com.datastax.oss.driver.internal.core.util.concurrent.RunOrSchedule$$Lambda/0x00000004015d0778@79604abe for class com.datastax.oss.driver.internal.core.metadata.schema.events.TableChangeEvent
2024-12-04T11:45:12.793+01:00 DEBUG 72666 --- [intelligent_pv] [           main] c.d.o.d.internal.core.context.EventBus   : [s0] Registering com.datastax.oss.driver.internal.core.util.concurrent.RunOrSchedule$$Lambda/0x00000004015d0778@6e73974 for class com.datastax.oss.driver.internal.core.metadata.schema.events.TypeChangeEvent
2024-12-04T11:45:12.793+01:00 DEBUG 72666 --- [intelligent_pv] [           main] c.d.o.d.internal.core.context.EventBus   : [s0] Registering com.datastax.oss.driver.internal.core.util.concurrent.RunOrSchedule$$Lambda/0x00000004015d0778@76b305e1 for class com.datastax.oss.driver.internal.core.metadata.schema.events.ViewChangeEvent
2024-12-04T11:45:12.793+01:00 DEBUG 72666 --- [intelligent_pv] [           main] c.d.o.d.internal.core.context.EventBus   : [s0] Registering com.datastax.oss.driver.internal.core.util.concurrent.RunOrSchedule$$Lambda/0x00000004015d0778@7adae08e for class com.datastax.oss.driver.internal.core.metadata.NodeStateEvent
2024-12-04T11:45:12.797+01:00  INFO 72666 --- [intelligent_pv] [           main] c.d.o.d.i.c.c.CqlPrepareAsyncProcessor   : Adding handler to invalidate cached prepared statements on type changes
2024-12-04T11:45:12.798+01:00 DEBUG 72666 --- [intelligent_pv] [           main] c.d.o.d.internal.core.context.EventBus   : [s0] Registering com.datastax.oss.driver.internal.core.util.concurrent.RunOrSchedule$$Lambda/0x00000004015d0778@5d221b20 for class com.datastax.oss.driver.internal.core.metadata.schema.events.TypeChangeEvent
2024-12-04T11:45:12.799+01:00 TRACE 72666 --- [intelligent_pv] [           main] c.d.o.d.internal.core.util.Reflection    : Attempting to load org.apache.tinkerpop.gremlin.process.traversal.dsl.graph.GraphTraversal with driver's class loader
2024-12-04T11:45:12.799+01:00 DEBUG 72666 --- [intelligent_pv] [           main] c.d.o.d.internal.core.util.Reflection    : Could not load org.apache.tinkerpop.gremlin.process.traversal.dsl.graph.GraphTraversal with loader null: java.lang.ClassNotFoundException: org.apache.tinkerpop.gremlin.process.traversal.dsl.graph.GraphTraversal
java.lang.ClassNotFoundException: org.apache.tinkerpop.gremlin.process.traversal.dsl.graph.GraphTraversal
	at java.base/jdk.internal.loader.BuiltinClassLoader.loadClass(BuiltinClassLoader.java:641)
	at java.base/jdk.internal.loader.ClassLoaders$AppClassLoader.loadClass(ClassLoaders.java:188)
	at java.base/java.lang.ClassLoader.loadClass(ClassLoader.java:525)
	at java.base/java.lang.Class.forName0(Native Method)
	at java.base/java.lang.Class.forName(Class.java:413)
	at java.base/java.lang.Class.forName(Class.java:404)
	at com.datastax.oss.driver.internal.core.util.Reflection.loadClass(Reflection.java:59)
	at com.datastax.oss.driver.internal.core.util.DefaultDependencyChecker.lambda$isPresent$0(DefaultDependencyChecker.java:50)
	at java.base/java.util.concurrent.ConcurrentHashMap.computeIfAbsent(ConcurrentHashMap.java:1710)
	at com.datastax.oss.driver.internal.core.util.DefaultDependencyChecker.isPresent(DefaultDependencyChecker.java:43)
	at com.datastax.oss.driver.internal.core.session.BuiltInRequestProcessors.createDefaultProcessors(BuiltInRequestProcessors.java:50)
	at com.datastax.oss.driver.internal.core.context.DefaultDriverContext.buildRequestProcessorRegistry(DefaultDriverContext.java:514)
	at com.datastax.oss.driver.internal.core.util.concurrent.LazyReference.get(LazyReference.java:57)
	at com.datastax.oss.driver.internal.core.context.DefaultDriverContext.getRequestProcessorRegistry(DefaultDriverContext.java:907)
	at com.datastax.oss.driver.internal.core.session.DefaultSession.<init>(DefaultSession.java:125)
	at com.datastax.oss.driver.internal.core.session.DefaultSession.init(DefaultSession.java:92)
	at com.datastax.oss.driver.api.core.session.SessionBuilder.buildDefaultSessionAsync(SessionBuilder.java:905)
	at com.datastax.oss.driver.api.core.session.SessionBuilder.buildAsync(SessionBuilder.java:819)
	at com.datastax.oss.driver.api.core.session.SessionBuilder.build(SessionBuilder.java:837)
	at org.springframework.boot.autoconfigure.cassandra.CassandraAutoConfiguration.cassandraSession(CassandraAutoConfiguration.java:109)
	at java.base/jdk.internal.reflect.DirectMethodHandleAccessor.invoke(DirectMethodHandleAccessor.java:103)
	at java.base/java.lang.reflect.Method.invoke(Method.java:580)
	at org.springframework.beans.factory.support.SimpleInstantiationStrategy.instantiate(SimpleInstantiationStrategy.java:140)
	at org.springframework.beans.factory.support.ConstructorResolver.instantiate(ConstructorResolver.java:644)
	at org.springframework.beans.factory.support.ConstructorResolver.instantiateUsingFactoryMethod(ConstructorResolver.java:636)
	at org.springframework.beans.factory.support.AbstractAutowireCapableBeanFactory.instantiateUsingFactoryMethod(AbstractAutowireCapableBeanFactory.java:1337)
	at org.springframework.beans.factory.support.AbstractAutowireCapableBeanFactory.createBeanInstance(AbstractAutowireCapableBeanFactory.java:1167)
	at org.springframework.beans.factory.support.AbstractAutowireCapableBeanFactory.doCreateBean(AbstractAutowireCapableBeanFactory.java:562)
	at org.springframework.beans.factory.support.AbstractAutowireCapableBeanFactory.createBean(AbstractAutowireCapableBeanFactory.java:522)
	at org.springframework.beans.factory.support.AbstractBeanFactory.lambda$doGetBean$0(AbstractBeanFactory.java:337)
	at org.springframework.beans.factory.support.DefaultSingletonBeanRegistry.getSingleton(DefaultSingletonBeanRegistry.java:234)
	at org.springframework.beans.factory.support.AbstractBeanFactory.doGetBean(AbstractBeanFactory.java:335)
	at org.springframework.beans.factory.support.AbstractBeanFactory.getBean(AbstractBeanFactory.java:200)
	at org.springframework.beans.factory.config.DependencyDescriptor.resolveCandidate(DependencyDescriptor.java:254)
	at org.springframework.beans.factory.support.DefaultListableBeanFactory.doResolveDependency(DefaultListableBeanFactory.java:1443)
	at org.springframework.context.annotation.ContextAnnotationAutowireCandidateResolver$1.getTarget(ContextAnnotationAutowireCandidateResolver.java:103)
	at org.springframework.aop.framework.JdkDynamicAopProxy.invoke(JdkDynamicAopProxy.java:203)
	at jdk.proxy2/jdk.proxy2.$Proxy88.getContext(Unknown Source)
	at org.springframework.boot.autoconfigure.data.cassandra.CassandraDataAutoConfiguration.lambda$cassandraConverter$0(CassandraDataAutoConfiguration.java:100)
	at org.springframework.data.util.Lazy.getNullable(Lazy.java:135)
	at org.springframework.data.util.Lazy.get(Lazy.java:113)
	at org.springframework.data.cassandra.core.convert.MappingCassandraConverter.getCodecRegistry(MappingCassandraConverter.java:264)
	at org.springframework.data.cassandra.core.convert.DefaultColumnTypeResolver.getCodecRegistry(DefaultColumnTypeResolver.java:485)
	at org.springframework.data.cassandra.core.convert.DefaultColumnTypeResolver.tryResolve(DefaultColumnTypeResolver.java:244)
	at org.springframework.data.cassandra.core.convert.DefaultColumnTypeResolver.createCassandraTypeDescriptor(DefaultColumnTypeResolver.java:466)
	at org.springframework.data.cassandra.core.convert.DefaultColumnTypeResolver.lambda$resolve$1(DefaultColumnTypeResolver.java:225)
	at java.base/java.util.Optional.orElseGet(Optional.java:364)
	at org.springframework.data.cassandra.core.convert.DefaultColumnTypeResolver.resolve(DefaultColumnTypeResolver.java:224)
	at org.springframework.data.cassandra.core.convert.DefaultColumnTypeResolver.doResolve(DefaultColumnTypeResolver.java:170)
	at org.springframework.data.cassandra.core.convert.DefaultColumnTypeResolver.resolve(DefaultColumnTypeResolver.java:111)
	at org.springframework.data.cassandra.core.convert.SchemaFactory.getDataType(SchemaFactory.java:197)
	at org.springframework.data.cassandra.core.convert.SchemaFactory.getCreateTableSpecificationFor(SchemaFactory.java:173)
	at org.springframework.data.cassandra.core.convert.SchemaFactory.getCreateTableSpecificationFor(SchemaFactory.java:126)
	at org.springframework.data.cassandra.core.CassandraPersistentEntitySchemaCreator.lambda$createTableSpecifications$1(CassandraPersistentEntitySchemaCreator.java:113)
	at java.base/java.util.stream.ReferencePipeline$3$1.accept(ReferencePipeline.java:212)
	at java.base/java.util.concurrent.ConcurrentHashMap$KeySpliterator.forEachRemaining(ConcurrentHashMap.java:3575)
	at java.base/java.util.stream.AbstractPipeline.copyInto(AbstractPipeline.java:556)
	at java.base/java.util.stream.AbstractPipeline.wrapAndCopyInto(AbstractPipeline.java:546)
	at java.base/java.util.stream.ReduceOps$ReduceOp.evaluateSequential(ReduceOps.java:921)
	at java.base/java.util.stream.AbstractPipeline.evaluate(AbstractPipeline.java:265)
	at java.base/java.util.stream.ReferencePipeline.collect(ReferencePipeline.java:702)
	at org.springframework.data.cassandra.core.CassandraPersistentEntitySchemaCreator.createTableSpecifications(CassandraPersistentEntitySchemaCreator.java:115)
	at org.springframework.data.cassandra.core.CassandraPersistentEntitySchemaCreator.createTables(CassandraPersistentEntitySchemaCreator.java:98)
	at org.springframework.data.cassandra.config.SessionFactoryFactoryBean.performSchemaActions(SessionFactoryFactoryBean.java:267)
	at org.springframework.data.cassandra.config.SessionFactoryFactoryBean.createTables(SessionFactoryFactoryBean.java:238)
	at org.springframework.data.cassandra.config.SessionFactoryFactoryBean.performSchemaAction(SessionFactoryFactoryBean.java:224)
	at org.springframework.data.cassandra.config.SessionFactoryFactoryBean.lambda$afterPropertiesSet$0(SessionFactoryFactoryBean.java:157)
	at org.springframework.data.cassandra.config.SchemaUtils.withAsyncSchemaRefresh(SchemaUtils.java:96)
	at org.springframework.data.cassandra.config.SchemaUtils.withSchemaRefresh(SchemaUtils.java:84)
	at org.springframework.data.cassandra.config.SessionFactoryFactoryBean.afterPropertiesSet(SessionFactoryFactoryBean.java:163)
	at org.springframework.beans.factory.support.AbstractAutowireCapableBeanFactory.invokeInitMethods(AbstractAutowireCapableBeanFactory.java:1835)
	at org.springframework.beans.factory.support.AbstractAutowireCapableBeanFactory.initializeBean(AbstractAutowireCapableBeanFactory.java:1784)
	at org.springframework.beans.factory.support.AbstractAutowireCapableBeanFactory.doCreateBean(AbstractAutowireCapableBeanFactory.java:600)
	at org.springframework.beans.factory.support.AbstractAutowireCapableBeanFactory.createBean(AbstractAutowireCapableBeanFactory.java:522)
	at org.springframework.beans.factory.support.AbstractBeanFactory.lambda$doGetBean$0(AbstractBeanFactory.java:337)
	at org.springframework.beans.factory.support.DefaultSingletonBeanRegistry.getSingleton(DefaultSingletonBeanRegistry.java:234)
	at org.springframework.beans.factory.support.AbstractBeanFactory.doGetBean(AbstractBeanFactory.java:335)
	at org.springframework.beans.factory.support.AbstractBeanFactory.getBean(AbstractBeanFactory.java:200)
	at org.springframework.beans.factory.config.DependencyDescriptor.resolveCandidate(DependencyDescriptor.java:254)
	at org.springframework.beans.factory.support.DefaultListableBeanFactory.doResolveDependency(DefaultListableBeanFactory.java:1443)
	at org.springframework.beans.factory.support.DefaultListableBeanFactory.resolveDependency(DefaultListableBeanFactory.java:1353)
	at org.springframework.beans.factory.support.ConstructorResolver.resolveAutowiredArgument(ConstructorResolver.java:904)
	at org.springframework.beans.factory.support.ConstructorResolver.createArgumentArray(ConstructorResolver.java:782)
	at org.springframework.beans.factory.support.ConstructorResolver.instantiateUsingFactoryMethod(ConstructorResolver.java:542)
	at org.springframework.beans.factory.support.AbstractAutowireCapableBeanFactory.instantiateUsingFactoryMethod(AbstractAutowireCapableBeanFactory.java:1337)
	at org.springframework.beans.factory.support.AbstractAutowireCapableBeanFactory.createBeanInstance(AbstractAutowireCapableBeanFactory.java:1167)
	at org.springframework.beans.factory.support.AbstractAutowireCapableBeanFactory.doCreateBean(AbstractAutowireCapableBeanFactory.java:562)
	at org.springframework.beans.factory.support.AbstractAutowireCapableBeanFactory.createBean(AbstractAutowireCapableBeanFactory.java:522)
	at org.springframework.beans.factory.support.AbstractBeanFactory.lambda$doGetBean$0(AbstractBeanFactory.java:337)
	at org.springframework.beans.factory.support.DefaultSingletonBeanRegistry.getSingleton(DefaultSingletonBeanRegistry.java:234)
	at org.springframework.beans.factory.support.AbstractBeanFactory.doGetBean(AbstractBeanFactory.java:335)
	at org.springframework.beans.factory.support.AbstractBeanFactory.getBean(AbstractBeanFactory.java:200)
	at org.springframework.beans.factory.support.BeanDefinitionValueResolver.resolveReference(BeanDefinitionValueResolver.java:365)
	at org.springframework.beans.factory.support.BeanDefinitionValueResolver.resolveValueIfNecessary(BeanDefinitionValueResolver.java:135)
	at org.springframework.beans.factory.support.AbstractAutowireCapableBeanFactory.applyPropertyValues(AbstractAutowireCapableBeanFactory.java:1687)
	at org.springframework.beans.factory.support.AbstractAutowireCapableBeanFactory.populateBean(AbstractAutowireCapableBeanFactory.java:1436)
	at org.springframework.beans.factory.support.AbstractAutowireCapableBeanFactory.doCreateBean(AbstractAutowireCapableBeanFactory.java:599)
	at org.springframework.beans.factory.support.AbstractAutowireCapableBeanFactory.createBean(AbstractAutowireCapableBeanFactory.java:522)
	at org.springframework.beans.factory.support.AbstractBeanFactory.lambda$doGetBean$0(AbstractBeanFactory.java:337)
	at org.springframework.beans.factory.support.DefaultSingletonBeanRegistry.getSingleton(DefaultSingletonBeanRegistry.java:234)
	at org.springframework.beans.factory.support.AbstractBeanFactory.doGetBean(AbstractBeanFactory.java:335)
	at org.springframework.beans.factory.support.AbstractBeanFactory.getBean(AbstractBeanFactory.java:200)
	at org.springframework.beans.factory.config.DependencyDescriptor.resolveCandidate(DependencyDescriptor.java:254)
	at org.springframework.beans.factory.support.DefaultListableBeanFactory.doResolveDependency(DefaultListableBeanFactory.java:1443)
	at org.springframework.beans.factory.support.DefaultListableBeanFactory.resolveDependency(DefaultListableBeanFactory.java:1353)
	at org.springframework.beans.factory.annotation.AutowiredAnnotationBeanPostProcessor$AutowiredFieldElement.resolveFieldValue(AutowiredAnnotationBeanPostProcessor.java:784)
	at org.springframework.beans.factory.annotation.AutowiredAnnotationBeanPostProcessor$AutowiredFieldElement.inject(AutowiredAnnotationBeanPostProcessor.java:767)
	at org.springframework.beans.factory.annotation.InjectionMetadata.inject(InjectionMetadata.java:145)
	at org.springframework.beans.factory.annotation.AutowiredAnnotationBeanPostProcessor.postProcessProperties(AutowiredAnnotationBeanPostProcessor.java:508)
	at org.springframework.beans.factory.support.AbstractAutowireCapableBeanFactory.populateBean(AbstractAutowireCapableBeanFactory.java:1421)
	at org.springframework.beans.factory.support.AbstractAutowireCapableBeanFactory.doCreateBean(AbstractAutowireCapableBeanFactory.java:599)
	at org.springframework.beans.factory.support.AbstractAutowireCapableBeanFactory.createBean(AbstractAutowireCapableBeanFactory.java:522)
	at org.springframework.beans.factory.support.AbstractBeanFactory.lambda$doGetBean$0(AbstractBeanFactory.java:337)
	at org.springframework.beans.factory.support.DefaultSingletonBeanRegistry.getSingleton(DefaultSingletonBeanRegistry.java:234)
	at org.springframework.beans.factory.support.AbstractBeanFactory.doGetBean(AbstractBeanFactory.java:335)
	at org.springframework.beans.factory.support.AbstractBeanFactory.getBean(AbstractBeanFactory.java:200)
	at org.springframework.beans.factory.config.DependencyDescriptor.resolveCandidate(DependencyDescriptor.java:254)
	at org.springframework.beans.factory.support.DefaultListableBeanFactory.doResolveDependency(DefaultListableBeanFactory.java:1443)
	at org.springframework.beans.factory.support.DefaultListableBeanFactory.resolveDependency(DefaultListableBeanFactory.java:1353)
	at org.springframework.beans.factory.annotation.AutowiredAnnotationBeanPostProcessor$AutowiredFieldElement.resolveFieldValue(AutowiredAnnotationBeanPostProcessor.java:784)
	at org.springframework.beans.factory.annotation.AutowiredAnnotationBeanPostProcessor$AutowiredFieldElement.inject(AutowiredAnnotationBeanPostProcessor.java:767)
	at org.springframework.beans.factory.annotation.InjectionMetadata.inject(InjectionMetadata.java:145)
	at org.springframework.beans.factory.annotation.AutowiredAnnotationBeanPostProcessor.postProcessProperties(AutowiredAnnotationBeanPostProcessor.java:508)
	at org.springframework.beans.factory.support.AbstractAutowireCapableBeanFactory.populateBean(AbstractAutowireCapableBeanFactory.java:1421)
	at org.springframework.beans.factory.support.AbstractAutowireCapableBeanFactory.doCreateBean(AbstractAutowireCapableBeanFactory.java:599)
	at org.springframework.beans.factory.support.AbstractAutowireCapableBeanFactory.createBean(AbstractAutowireCapableBeanFactory.java:522)
	at org.springframework.beans.factory.support.AbstractBeanFactory.lambda$doGetBean$0(AbstractBeanFactory.java:337)
	at org.springframework.beans.factory.support.DefaultSingletonBeanRegistry.getSingleton(DefaultSingletonBeanRegistry.java:234)
	at org.springframework.beans.factory.support.AbstractBeanFactory.doGetBean(AbstractBeanFactory.java:335)
	at org.springframework.beans.factory.support.AbstractBeanFactory.getBean(AbstractBeanFactory.java:200)
	at org.springframework.beans.factory.config.DependencyDescriptor.resolveCandidate(DependencyDescriptor.java:254)
	at org.springframework.beans.factory.support.DefaultListableBeanFactory.doResolveDependency(DefaultListableBeanFactory.java:1443)
	at org.springframework.beans.factory.support.DefaultListableBeanFactory.resolveDependency(DefaultListableBeanFactory.java:1353)
	at org.springframework.beans.factory.support.ConstructorResolver.resolveAutowiredArgument(ConstructorResolver.java:904)
	at org.springframework.beans.factory.support.ConstructorResolver.createArgumentArray(ConstructorResolver.java:782)
	at org.springframework.beans.factory.support.ConstructorResolver.autowireConstructor(ConstructorResolver.java:237)
	at org.springframework.beans.factory.support.AbstractAutowireCapableBeanFactory.autowireConstructor(AbstractAutowireCapableBeanFactory.java:1357)
	at org.springframework.beans.factory.support.AbstractAutowireCapableBeanFactory.createBeanInstance(AbstractAutowireCapableBeanFactory.java:1194)
	at org.springframework.beans.factory.support.AbstractAutowireCapableBeanFactory.doCreateBean(AbstractAutowireCapableBeanFactory.java:562)
	at org.springframework.beans.factory.support.AbstractAutowireCapableBeanFactory.createBean(AbstractAutowireCapableBeanFactory.java:522)
	at org.springframework.beans.factory.support.AbstractBeanFactory.lambda$doGetBean$0(AbstractBeanFactory.java:337)
	at org.springframework.beans.factory.support.DefaultSingletonBeanRegistry.getSingleton(DefaultSingletonBeanRegistry.java:234)
	at org.springframework.beans.factory.support.AbstractBeanFactory.doGetBean(AbstractBeanFactory.java:335)
	at org.springframework.beans.factory.support.AbstractBeanFactory.getBean(AbstractBeanFactory.java:200)
	at org.springframework.beans.factory.support.DefaultListableBeanFactory.preInstantiateSingletons(DefaultListableBeanFactory.java:975)
	at org.springframework.context.support.AbstractApplicationContext.finishBeanFactoryInitialization(AbstractApplicationContext.java:962)
	at org.springframework.context.support.AbstractApplicationContext.refresh(AbstractApplicationContext.java:624)
	at org.springframework.boot.SpringApplication.refresh(SpringApplication.java:754)
	at org.springframework.boot.SpringApplication.refreshContext(SpringApplication.java:456)
	at org.springframework.boot.SpringApplication.run(SpringApplication.java:335)
	at org.springframework.boot.test.context.SpringBootContextLoader.lambda$loadContext$3(SpringBootContextLoader.java:137)
	at org.springframework.util.function.ThrowingSupplier.get(ThrowingSupplier.java:58)
	at org.springframework.util.function.ThrowingSupplier.get(ThrowingSupplier.java:46)
	at org.springframework.boot.SpringApplication.withHook(SpringApplication.java:1463)
	at org.springframework.boot.test.context.SpringBootContextLoader$ContextLoaderHook.run(SpringBootContextLoader.java:553)
	at org.springframework.boot.test.context.SpringBootContextLoader.loadContext(SpringBootContextLoader.java:137)
	at org.springframework.boot.test.context.SpringBootContextLoader.loadContext(SpringBootContextLoader.java:108)
	at org.springframework.test.context.cache.DefaultCacheAwareContextLoaderDelegate.loadContextInternal(DefaultCacheAwareContextLoaderDelegate.java:225)
	at org.springframework.test.context.cache.DefaultCacheAwareContextLoaderDelegate.loadContext(DefaultCacheAwareContextLoaderDelegate.java:152)
	at org.springframework.test.context.support.DefaultTestContext.getApplicationContext(DefaultTestContext.java:130)
	at org.springframework.test.context.web.ServletTestExecutionListener.setUpRequestContextIfNecessary(ServletTestExecutionListener.java:191)
	at org.springframework.test.context.web.ServletTestExecutionListener.prepareTestInstance(ServletTestExecutionListener.java:130)
	at org.springframework.test.context.TestContextManager.prepareTestInstance(TestContextManager.java:260)
	at org.springframework.test.context.junit.jupiter.SpringExtension.postProcessTestInstance(SpringExtension.java:163)
	at org.junit.jupiter.engine.descriptor.ClassBasedTestDescriptor.lambda$invokeTestInstancePostProcessors$10(ClassBasedTestDescriptor.java:378)
	at org.junit.jupiter.engine.descriptor.ClassBasedTestDescriptor.executeAndMaskThrowable(ClassBasedTestDescriptor.java:383)
	at org.junit.jupiter.engine.descriptor.ClassBasedTestDescriptor.lambda$invokeTestInstancePostProcessors$11(ClassBasedTestDescriptor.java:378)
	at java.base/java.util.stream.ReferencePipeline$3$1.accept(ReferencePipeline.java:212)
	at java.base/java.util.stream.ReferencePipeline$2$1.accept(ReferencePipeline.java:194)
	at java.base/java.util.ArrayList$ArrayListSpliterator.forEachRemaining(ArrayList.java:1709)
	at java.base/java.util.stream.AbstractPipeline.copyInto(AbstractPipeline.java:556)
	at java.base/java.util.stream.AbstractPipeline.wrapAndCopyInto(AbstractPipeline.java:546)
	at java.base/java.util.stream.StreamSpliterators$WrappingSpliterator.forEachRemaining(StreamSpliterators.java:310)
	at java.base/java.util.stream.Streams$ConcatSpliterator.forEachRemaining(Streams.java:735)
	at java.base/java.util.stream.Streams$ConcatSpliterator.forEachRemaining(Streams.java:734)
	at java.base/java.util.stream.ReferencePipeline$Head.forEach(ReferencePipeline.java:782)
	at org.junit.jupiter.engine.descriptor.ClassBasedTestDescriptor.invokeTestInstancePostProcessors(ClassBasedTestDescriptor.java:377)
	at org.junit.jupiter.engine.descriptor.ClassBasedTestDescriptor.lambda$instantiateAndPostProcessTestInstance$6(ClassBasedTestDescriptor.java:290)
	at org.junit.platform.engine.support.hierarchical.ThrowableCollector.execute(ThrowableCollector.java:73)
	at org.junit.jupiter.engine.descriptor.ClassBasedTestDescriptor.instantiateAndPostProcessTestInstance(ClassBasedTestDescriptor.java:289)
	at org.junit.jupiter.engine.descriptor.ClassBasedTestDescriptor.lambda$testInstancesProvider$4(ClassBasedTestDescriptor.java:279)
	at java.base/java.util.Optional.orElseGet(Optional.java:364)
	at org.junit.jupiter.engine.descriptor.ClassBasedTestDescriptor.lambda$testInstancesProvider$5(ClassBasedTestDescriptor.java:278)
	at org.junit.jupiter.engine.execution.TestInstancesProvider.getTestInstances(TestInstancesProvider.java:31)
	at org.junit.jupiter.engine.descriptor.TestMethodTestDescriptor.lambda$prepare$0(TestMethodTestDescriptor.java:106)
	at org.junit.platform.engine.support.hierarchical.ThrowableCollector.execute(ThrowableCollector.java:73)
	at org.junit.jupiter.engine.descriptor.TestMethodTestDescriptor.prepare(TestMethodTestDescriptor.java:105)
	at org.junit.jupiter.engine.descriptor.TestMethodTestDescriptor.prepare(TestMethodTestDescriptor.java:69)
	at org.junit.platform.engine.support.hierarchical.NodeTestTask.lambda$prepare$2(NodeTestTask.java:123)
	at org.junit.platform.engine.support.hierarchical.ThrowableCollector.execute(ThrowableCollector.java:73)
	at org.junit.platform.engine.support.hierarchical.NodeTestTask.prepare(NodeTestTask.java:123)
	at org.junit.platform.engine.support.hierarchical.NodeTestTask.execute(NodeTestTask.java:90)
	at java.base/java.util.ArrayList.forEach(ArrayList.java:1597)
	at org.junit.platform.engine.support.hierarchical.SameThreadHierarchicalTestExecutorService.invokeAll(SameThreadHierarchicalTestExecutorService.java:41)
	at org.junit.platform.engine.support.hierarchical.NodeTestTask.lambda$executeRecursively$6(NodeTestTask.java:155)
	at org.junit.platform.engine.support.hierarchical.ThrowableCollector.execute(ThrowableCollector.java:73)
	at org.junit.platform.engine.support.hierarchical.NodeTestTask.lambda$executeRecursively$8(NodeTestTask.java:141)
	at org.junit.platform.engine.support.hierarchical.Node.around(Node.java:137)
	at org.junit.platform.engine.support.hierarchical.NodeTestTask.lambda$executeRecursively$9(NodeTestTask.java:139)
	at org.junit.platform.engine.support.hierarchical.ThrowableCollector.execute(ThrowableCollector.java:73)
	at org.junit.platform.engine.support.hierarchical.NodeTestTask.executeRecursively(NodeTestTask.java:138)
	at org.junit.platform.engine.support.hierarchical.NodeTestTask.execute(NodeTestTask.java:95)
	at java.base/java.util.ArrayList.forEach(ArrayList.java:1597)
	at org.junit.platform.engine.support.hierarchical.SameThreadHierarchicalTestExecutorService.invokeAll(SameThreadHierarchicalTestExecutorService.java:41)
	at org.junit.platform.engine.support.hierarchical.NodeTestTask.lambda$executeRecursively$6(NodeTestTask.java:155)
	at org.junit.platform.engine.support.hierarchical.ThrowableCollector.execute(ThrowableCollector.java:73)
	at org.junit.platform.engine.support.hierarchical.NodeTestTask.lambda$executeRecursively$8(NodeTestTask.java:141)
	at org.junit.platform.engine.support.hierarchical.Node.around(Node.java:137)
	at org.junit.platform.engine.support.hierarchical.NodeTestTask.lambda$executeRecursively$9(NodeTestTask.java:139)
	at org.junit.platform.engine.support.hierarchical.ThrowableCollector.execute(ThrowableCollector.java:73)
	at org.junit.platform.engine.support.hierarchical.NodeTestTask.executeRecursively(NodeTestTask.java:138)
	at org.junit.platform.engine.support.hierarchical.NodeTestTask.execute(NodeTestTask.java:95)
	at org.junit.platform.engine.support.hierarchical.SameThreadHierarchicalTestExecutorService.submit(SameThreadHierarchicalTestExecutorService.java:35)
	at org.junit.platform.engine.support.hierarchical.HierarchicalTestExecutor.execute(HierarchicalTestExecutor.java:57)
	at org.junit.platform.engine.support.hierarchical.HierarchicalTestEngine.execute(HierarchicalTestEngine.java:54)
	at org.junit.platform.launcher.core.EngineExecutionOrchestrator.execute(EngineExecutionOrchestrator.java:198)
	at org.junit.platform.launcher.core.EngineExecutionOrchestrator.execute(EngineExecutionOrchestrator.java:169)
	at org.junit.platform.launcher.core.EngineExecutionOrchestrator.execute(EngineExecutionOrchestrator.java:93)
	at org.junit.platform.launcher.core.EngineExecutionOrchestrator.lambda$execute$0(EngineExecutionOrchestrator.java:58)
	at org.junit.platform.launcher.core.EngineExecutionOrchestrator.withInterceptedStreams(EngineExecutionOrchestrator.java:141)
	at org.junit.platform.launcher.core.EngineExecutionOrchestrator.execute(EngineExecutionOrchestrator.java:57)
	at org.junit.platform.launcher.core.DefaultLauncher.execute(DefaultLauncher.java:103)
	at org.junit.platform.launcher.core.DefaultLauncher.execute(DefaultLauncher.java:85)
	at org.junit.platform.launcher.core.DelegatingLauncher.execute(DelegatingLauncher.java:47)
	at org.apache.maven.surefire.junitplatform.LazyLauncher.execute(LazyLauncher.java:56)
	at org.apache.maven.surefire.junitplatform.JUnitPlatformProvider.execute(JUnitPlatformProvider.java:184)
	at org.apache.maven.surefire.junitplatform.JUnitPlatformProvider.invokeAllTests(JUnitPlatformProvider.java:148)
	at org.apache.maven.surefire.junitplatform.JUnitPlatformProvider.invoke(JUnitPlatformProvider.java:122)
	at org.apache.maven.surefire.booter.ForkedBooter.runSuitesInProcess(ForkedBooter.java:385)
	at org.apache.maven.surefire.booter.ForkedBooter.execute(ForkedBooter.java:162)
	at org.apache.maven.surefire.booter.ForkedBooter.run(ForkedBooter.java:507)
	at org.apache.maven.surefire.booter.ForkedBooter.main(ForkedBooter.java:495)
2024-12-04T11:45:12.800+01:00 DEBUG 72666 --- [intelligent_pv] [           main] c.d.o.d.i.c.s.BuiltInRequestProcessors   : Tinkerpop was not found on the classpath: graph extensions will not be available
2024-12-04T11:45:12.800+01:00 TRACE 72666 --- [intelligent_pv] [           main] c.d.o.d.internal.core.util.Reflection    : Attempting to load org.reactivestreams.Publisher with driver's class loader
2024-12-04T11:45:12.801+01:00 TRACE 72666 --- [intelligent_pv] [           main] c.d.o.d.internal.core.util.Reflection    : Successfully loaded org.reactivestreams.Publisher
2024-12-04T11:45:12.802+01:00 DEBUG 72666 --- [intelligent_pv] [           main] c.d.o.d.internal.core.context.EventBus   : [s0] Registering com.datastax.oss.driver.internal.core.util.concurrent.RunOrSchedule$$Lambda/0x00000004015d0778@631bc9f4 for class com.datastax.oss.driver.internal.core.metadata.DistanceEvent
2024-12-04T11:45:12.802+01:00 DEBUG 72666 --- [intelligent_pv] [           main] c.d.o.d.internal.core.context.EventBus   : [s0] Registering com.datastax.oss.driver.internal.core.util.concurrent.RunOrSchedule$$Lambda/0x00000004015d0778@4e6cbdf1 for class com.datastax.oss.driver.internal.core.metadata.NodeStateEvent
2024-12-04T11:45:12.802+01:00 DEBUG 72666 --- [intelligent_pv] [           main] c.d.o.d.internal.core.context.EventBus   : [s0] Registering com.datastax.oss.driver.internal.core.util.concurrent.RunOrSchedule$$Lambda/0x00000004015d0778@5a13f1f7 for class com.datastax.oss.driver.internal.core.metadata.TopologyEvent
2024-12-04T11:45:12.802+01:00 DEBUG 72666 --- [intelligent_pv] [           main] c.d.o.d.i.core.session.PoolManager       : [s0] Prepared statements cache configured to use weak values
2024-12-04T11:45:12.805+01:00 DEBUG 72666 --- [intelligent_pv] [           main] c.d.o.d.internal.core.util.Reflection    : Creating a MetricsFactory from config option advanced.metrics.factory.class
2024-12-04T11:45:12.805+01:00 DEBUG 72666 --- [intelligent_pv] [           main] c.d.o.d.internal.core.util.Reflection    : Building from unqualified name DefaultMetricsFactory
2024-12-04T11:45:12.805+01:00 DEBUG 72666 --- [intelligent_pv] [           main] c.d.o.d.internal.core.util.Reflection    : Trying with default package com.datastax.oss.driver.internal.core.metrics.DefaultMetricsFactory
2024-12-04T11:45:12.805+01:00 TRACE 72666 --- [intelligent_pv] [           main] c.d.o.d.internal.core.util.Reflection    : Attempting to load com.datastax.oss.driver.internal.core.metrics.DefaultMetricsFactory with driver's class loader
2024-12-04T11:45:12.805+01:00 TRACE 72666 --- [intelligent_pv] [           main] c.d.o.d.internal.core.util.Reflection    : Successfully loaded com.datastax.oss.driver.internal.core.metrics.DefaultMetricsFactory
2024-12-04T11:45:12.806+01:00 TRACE 72666 --- [intelligent_pv] [           main] c.d.o.d.internal.core.util.Reflection    : Attempting to load com.codahale.metrics.MetricRegistry with driver's class loader
2024-12-04T11:45:12.806+01:00 TRACE 72666 --- [intelligent_pv] [           main] c.d.o.d.internal.core.util.Reflection    : Successfully loaded com.codahale.metrics.MetricRegistry
2024-12-04T11:45:12.807+01:00 DEBUG 72666 --- [intelligent_pv] [           main] c.d.o.d.i.c.m.DropwizardMetricsFactory   : [s0] All metrics are disabled, Session.getMetrics will be empty
2024-12-04T11:45:12.807+01:00 DEBUG 72666 --- [intelligent_pv] [           main] c.d.o.d.i.c.m.DefaultMetricsFactory      : [s0] Using DropwizardMetricsFactory
2024-12-04T11:45:12.808+01:00 DEBUG 72666 --- [intelligent_pv] [     s0-admin-0] c.d.o.d.i.core.session.DefaultSession    : [s0] Starting initialization
2024-12-04T11:45:12.812+01:00 DEBUG 72666 --- [intelligent_pv] [     s0-admin-0] c.d.o.d.internal.core.util.Reflection    : Creating a LoadBalancingPolicy from config option basic.load-balancing-policy.class
2024-12-04T11:45:12.812+01:00 DEBUG 72666 --- [intelligent_pv] [     s0-admin-0] c.d.o.d.internal.core.util.Reflection    : Building from unqualified name DefaultLoadBalancingPolicy
2024-12-04T11:45:12.812+01:00 DEBUG 72666 --- [intelligent_pv] [     s0-admin-0] c.d.o.d.internal.core.util.Reflection    : Trying with default package com.datastax.oss.driver.internal.core.loadbalancing.DefaultLoadBalancingPolicy
2024-12-04T11:45:12.812+01:00 TRACE 72666 --- [intelligent_pv] [     s0-admin-0] c.d.o.d.internal.core.util.Reflection    : Attempting to load com.datastax.oss.driver.internal.core.loadbalancing.DefaultLoadBalancingPolicy with driver's class loader
2024-12-04T11:45:12.814+01:00 TRACE 72666 --- [intelligent_pv] [     s0-admin-0] c.d.o.d.internal.core.util.Reflection    : Successfully loaded com.datastax.oss.driver.internal.core.loadbalancing.DefaultLoadBalancingPolicy
2024-12-04T11:45:12.815+01:00 DEBUG 72666 --- [intelligent_pv] [     s0-admin-0] c.d.o.d.internal.core.util.Reflection    : Creating a RetryPolicy from config option advanced.retry-policy.class
2024-12-04T11:45:12.815+01:00 DEBUG 72666 --- [intelligent_pv] [     s0-admin-0] c.d.o.d.internal.core.util.Reflection    : Building from unqualified name DefaultRetryPolicy
2024-12-04T11:45:12.815+01:00 DEBUG 72666 --- [intelligent_pv] [     s0-admin-0] c.d.o.d.internal.core.util.Reflection    : Trying with default package com.datastax.oss.driver.internal.core.retry.DefaultRetryPolicy
2024-12-04T11:45:12.815+01:00 TRACE 72666 --- [intelligent_pv] [     s0-admin-0] c.d.o.d.internal.core.util.Reflection    : Attempting to load com.datastax.oss.driver.internal.core.retry.DefaultRetryPolicy with driver's class loader
2024-12-04T11:45:12.815+01:00 TRACE 72666 --- [intelligent_pv] [     s0-admin-0] c.d.o.d.internal.core.util.Reflection    : Successfully loaded com.datastax.oss.driver.internal.core.retry.DefaultRetryPolicy
2024-12-04T11:45:12.815+01:00 DEBUG 72666 --- [intelligent_pv] [     s0-admin-0] c.d.o.d.internal.core.util.Reflection    : Creating a SpeculativeExecutionPolicy from config option advanced.speculative-execution-policy.class
2024-12-04T11:45:12.815+01:00 DEBUG 72666 --- [intelligent_pv] [     s0-admin-0] c.d.o.d.internal.core.util.Reflection    : Building from unqualified name NoSpeculativeExecutionPolicy
2024-12-04T11:45:12.815+01:00 DEBUG 72666 --- [intelligent_pv] [     s0-admin-0] c.d.o.d.internal.core.util.Reflection    : Trying with default package com.datastax.oss.driver.internal.core.specex.NoSpeculativeExecutionPolicy
2024-12-04T11:45:12.815+01:00 TRACE 72666 --- [intelligent_pv] [     s0-admin-0] c.d.o.d.internal.core.util.Reflection    : Attempting to load com.datastax.oss.driver.internal.core.specex.NoSpeculativeExecutionPolicy with driver's class loader
2024-12-04T11:45:12.815+01:00 TRACE 72666 --- [intelligent_pv] [     s0-admin-0] c.d.o.d.internal.core.util.Reflection    : Successfully loaded com.datastax.oss.driver.internal.core.specex.NoSpeculativeExecutionPolicy
2024-12-04T11:45:12.815+01:00 DEBUG 72666 --- [intelligent_pv] [     s0-admin-0] c.d.o.d.internal.core.util.Reflection    : Creating a AddressTranslator from config option advanced.address-translator.class
2024-12-04T11:45:12.815+01:00 DEBUG 72666 --- [intelligent_pv] [     s0-admin-0] c.d.o.d.internal.core.util.Reflection    : Building from unqualified name PassThroughAddressTranslator
2024-12-04T11:45:12.815+01:00 DEBUG 72666 --- [intelligent_pv] [     s0-admin-0] c.d.o.d.internal.core.util.Reflection    : Trying with default package com.datastax.oss.driver.internal.core.addresstranslation.PassThroughAddressTranslator
2024-12-04T11:45:12.816+01:00 TRACE 72666 --- [intelligent_pv] [     s0-admin-0] c.d.o.d.internal.core.util.Reflection    : Attempting to load com.datastax.oss.driver.internal.core.addresstranslation.PassThroughAddressTranslator with driver's class loader
2024-12-04T11:45:12.816+01:00 TRACE 72666 --- [intelligent_pv] [     s0-admin-0] c.d.o.d.internal.core.util.Reflection    : Successfully loaded com.datastax.oss.driver.internal.core.addresstranslation.PassThroughAddressTranslator
2024-12-04T11:45:12.816+01:00 DEBUG 72666 --- [intelligent_pv] [     s0-admin-0] c.d.o.d.internal.core.util.Reflection    : Creating a RequestThrottler from config option advanced.throttler.class
2024-12-04T11:45:12.816+01:00 DEBUG 72666 --- [intelligent_pv] [     s0-admin-0] c.d.o.d.internal.core.util.Reflection    : Building from unqualified name PassThroughRequestThrottler
2024-12-04T11:45:12.816+01:00 DEBUG 72666 --- [intelligent_pv] [     s0-admin-0] c.d.o.d.internal.core.util.Reflection    : Trying with default package com.datastax.oss.driver.internal.core.session.throttling.PassThroughRequestThrottler
2024-12-04T11:45:12.816+01:00 TRACE 72666 --- [intelligent_pv] [     s0-admin-0] c.d.o.d.internal.core.util.Reflection    : Attempting to load com.datastax.oss.driver.internal.core.session.throttling.PassThroughRequestThrottler with driver's class loader
2024-12-04T11:45:12.816+01:00 TRACE 72666 --- [intelligent_pv] [     s0-admin-0] c.d.o.d.internal.core.util.Reflection    : Successfully loaded com.datastax.oss.driver.internal.core.session.throttling.PassThroughRequestThrottler
2024-12-04T11:45:12.816+01:00 DEBUG 72666 --- [intelligent_pv] [     s0-admin-0] c.d.o.d.internal.core.util.Reflection    : Creating a SslEngineFactory from config option advanced.ssl-engine-factory.class
2024-12-04T11:45:12.816+01:00 DEBUG 72666 --- [intelligent_pv] [     s0-admin-0] c.d.o.d.internal.core.util.Reflection    : Option is not defined, skipping
2024-12-04T11:45:12.817+01:00 DEBUG 72666 --- [intelligent_pv] [     s0-admin-0] c.d.o.d.internal.core.util.Reflection    : Creating a TimestampGenerator from config option advanced.timestamp-generator.class
2024-12-04T11:45:12.817+01:00 DEBUG 72666 --- [intelligent_pv] [     s0-admin-0] c.d.o.d.internal.core.util.Reflection    : Building from unqualified name AtomicTimestampGenerator
2024-12-04T11:45:12.817+01:00 DEBUG 72666 --- [intelligent_pv] [     s0-admin-0] c.d.o.d.internal.core.util.Reflection    : Trying with default package com.datastax.oss.driver.internal.core.time.AtomicTimestampGenerator
2024-12-04T11:45:12.817+01:00 TRACE 72666 --- [intelligent_pv] [     s0-admin-0] c.d.o.d.internal.core.util.Reflection    : Attempting to load com.datastax.oss.driver.internal.core.time.AtomicTimestampGenerator with driver's class loader
2024-12-04T11:45:12.817+01:00 TRACE 72666 --- [intelligent_pv] [     s0-admin-0] c.d.o.d.internal.core.util.Reflection    : Successfully loaded com.datastax.oss.driver.internal.core.time.AtomicTimestampGenerator
2024-12-04T11:45:13.192+01:00  INFO 72666 --- [intelligent_pv] [     s0-admin-0] c.d.oss.driver.internal.core.time.Clock  : Using native clock for microsecond precision
2024-12-04T11:45:13.194+01:00 DEBUG 72666 --- [intelligent_pv] [     s0-admin-0] c.d.o.d.i.core.metadata.MetadataManager  : [s0] Adding initial contact points [Node(endPoint=/192.168.100.244:9042, hostId=null, hashCode=17616cd1)]
2024-12-04T11:45:13.195+01:00 DEBUG 72666 --- [intelligent_pv] [     s0-admin-1] c.d.o.d.i.c.control.ControlConnection    : [s0] Initializing with event types [SCHEMA_CHANGE, STATUS_CHANGE, TOPOLOGY_CHANGE]
2024-12-04T11:45:13.196+01:00 DEBUG 72666 --- [intelligent_pv] [     s0-admin-1] c.d.o.d.internal.core.context.EventBus   : [s0] Registering com.datastax.oss.driver.internal.core.metadata.LoadBalancingPolicyWrapper$$Lambda/0x000000040163ba60@7e8f4bad for class com.datastax.oss.driver.internal.core.metadata.NodeStateEvent
2024-12-04T11:45:13.197+01:00 DEBUG 72666 --- [intelligent_pv] [     s0-admin-1] c.d.o.d.i.c.control.ControlConnection    : [s0] Trying to establish a connection to Node(endPoint=/192.168.100.244:9042, hostId=null, hashCode=17616cd1)
2024-12-04T11:45:13.268+01:00 DEBUG 72666 --- [intelligent_pv] [        s0-io-0] c.d.o.d.i.c.channel.ProtocolInitHandler  : [s0|control|connecting...] Starting channel initialization
2024-12-04T11:45:13.270+01:00 TRACE 72666 --- [intelligent_pv] [        s0-io-0] c.d.o.d.i.core.channel.InFlightHandler   : [s0|control|connecting...] Writing init query OPTIONS on stream id 0
2024-12-04T11:45:13.290+01:00 DEBUG 72666 --- [intelligent_pv] [        s0-io-0] c.d.o.d.i.core.channel.InFlightHandler   : [s0|control|id: 0x29c69c73, L:/192.168.100.54:52381 - R:/192.168.100.244:9042] Got last response on in-flight stream id 0, completing and releasing
2024-12-04T11:45:13.290+01:00 TRACE 72666 --- [intelligent_pv] [        s0-io-0] c.d.o.d.i.core.channel.InFlightHandler   : [s0|control|id: 0x29c69c73, L:/192.168.100.54:52381 - R:/192.168.100.244:9042] Releasing stream id 0
2024-12-04T11:45:13.291+01:00 DEBUG 72666 --- [intelligent_pv] [        s0-io-0] c.d.o.d.i.c.channel.ProtocolInitHandler  : [s0|control|id: 0x29c69c73, L:/192.168.100.54:52381 - R:/192.168.100.244:9042] step OPTIONS received response opcode=ERROR
2024-12-04T11:45:13.292+01:00 DEBUG 72666 --- [intelligent_pv] [        s0-io-0] c.d.o.d.i.core.channel.ChannelFactory    : [s0] Failed to connect with protocol DSE_V2, retrying with DSE_V1
2024-12-04T11:45:13.322+01:00 DEBUG 72666 --- [intelligent_pv] [        s0-io-1] c.d.o.d.i.c.channel.ProtocolInitHandler  : [s0|control|connecting...] Starting channel initialization
2024-12-04T11:45:13.322+01:00 TRACE 72666 --- [intelligent_pv] [        s0-io-1] c.d.o.d.i.core.channel.InFlightHandler   : [s0|control|connecting...] Writing init query OPTIONS on stream id 0
2024-12-04T11:45:13.329+01:00 DEBUG 72666 --- [intelligent_pv] [        s0-io-1] c.d.o.d.i.core.channel.InFlightHandler   : [s0|control|id: 0x4761bcce, L:/192.168.100.54:52383 - R:/192.168.100.244:9042] Got last response on in-flight stream id 0, completing and releasing
2024-12-04T11:45:13.329+01:00 TRACE 72666 --- [intelligent_pv] [        s0-io-1] c.d.o.d.i.core.channel.InFlightHandler   : [s0|control|id: 0x4761bcce, L:/192.168.100.54:52383 - R:/192.168.100.244:9042] Releasing stream id 0
2024-12-04T11:45:13.329+01:00 DEBUG 72666 --- [intelligent_pv] [        s0-io-1] c.d.o.d.i.c.channel.ProtocolInitHandler  : [s0|control|id: 0x4761bcce, L:/192.168.100.54:52383 - R:/192.168.100.244:9042] step OPTIONS received response opcode=ERROR
2024-12-04T11:45:13.329+01:00 DEBUG 72666 --- [intelligent_pv] [        s0-io-1] c.d.o.d.i.core.channel.ChannelFactory    : [s0] Failed to connect with protocol DSE_V1, retrying with V5
2024-12-04T11:45:13.333+01:00 DEBUG 72666 --- [intelligent_pv] [        s0-io-2] c.d.o.d.i.c.channel.ProtocolInitHandler  : [s0|control|connecting...] Starting channel initialization
2024-12-04T11:45:13.335+01:00 TRACE 72666 --- [intelligent_pv] [        s0-io-2] c.d.o.d.i.core.channel.InFlightHandler   : [s0|control|connecting...] Writing init query OPTIONS on stream id 0
2024-12-04T11:45:13.341+01:00 DEBUG 72666 --- [intelligent_pv] [        s0-io-2] c.d.o.d.i.core.channel.InFlightHandler   : [s0|control|id: 0x5751efae, L:/192.168.100.54:52385 - R:/192.168.100.244:9042] Got last response on in-flight stream id 0, completing and releasing
2024-12-04T11:45:13.341+01:00 TRACE 72666 --- [intelligent_pv] [        s0-io-2] c.d.o.d.i.core.channel.InFlightHandler   : [s0|control|id: 0x5751efae, L:/192.168.100.54:52385 - R:/192.168.100.244:9042] Releasing stream id 0
2024-12-04T11:45:13.341+01:00 DEBUG 72666 --- [intelligent_pv] [        s0-io-2] c.d.o.d.i.c.channel.ProtocolInitHandler  : [s0|control|id: 0x5751efae, L:/192.168.100.54:52385 - R:/192.168.100.244:9042] step OPTIONS received response opcode=SUPPORTED
2024-12-04T11:45:13.343+01:00 TRACE 72666 --- [intelligent_pv] [        s0-io-2] c.d.o.d.i.core.channel.InFlightHandler   : [s0|control|id: 0x5751efae, L:/192.168.100.54:52385 - R:/192.168.100.244:9042] Writing init query STARTUP on stream id 0
2024-12-04T11:45:13.347+01:00 DEBUG 72666 --- [intelligent_pv] [        s0-io-2] c.d.o.d.i.core.channel.InFlightHandler   : [s0|control|id: 0x5751efae, L:/192.168.100.54:52385 - R:/192.168.100.244:9042] Got last response on in-flight stream id 0, completing and releasing
2024-12-04T11:45:13.347+01:00 TRACE 72666 --- [intelligent_pv] [        s0-io-2] c.d.o.d.i.core.channel.InFlightHandler   : [s0|control|id: 0x5751efae, L:/192.168.100.54:52385 - R:/192.168.100.244:9042] Releasing stream id 0
2024-12-04T11:45:13.347+01:00 DEBUG 72666 --- [intelligent_pv] [        s0-io-2] c.d.o.d.i.c.channel.ProtocolInitHandler  : [s0|control|id: 0x5751efae, L:/192.168.100.54:52385 - R:/192.168.100.244:9042] step STARTUP received response opcode=AUTHENTICATE
2024-12-04T11:45:13.350+01:00 TRACE 72666 --- [intelligent_pv] [        s0-io-2] c.d.o.d.i.core.channel.InFlightHandler   : [s0|control|id: 0x5751efae, L:/192.168.100.54:52385 - R:/192.168.100.244:9042] Writing init query AUTH_RESPONSE on stream id 0
2024-12-04T11:45:13.350+01:00 TRACE 72666 --- [intelligent_pv] [        s0-io-2] c.d.o.d.i.c.p.ByteBufSegmentBuilder      : [s0|control|id: 0x5751efae, L:/192.168.100.54:52385 - R:/192.168.100.244:9042] Added frame 0 to current self-contained segment (bringing it to 31/131071 bytes, 1 frames)
2024-12-04T11:45:13.351+01:00 TRACE 72666 --- [intelligent_pv] [        s0-io-2] c.d.o.d.i.c.p.ByteBufSegmentBuilder      : [s0|control|id: 0x5751efae, L:/192.168.100.54:52385 - R:/192.168.100.244:9042] Flushing last self-contained segment (31/131071 bytes, 1 frames)
2024-12-04T11:45:13.410+01:00 TRACE 72666 --- [intelligent_pv] [        s0-io-2] c.d.o.d.i.c.p.SegmentToFrameDecoder      : [s0|control|id: 0x5751efae, L:/192.168.100.54:52385 - R:/192.168.100.244:9042] Decoded response frame 0 from self-contained segment
2024-12-04T11:45:13.410+01:00 TRACE 72666 --- [intelligent_pv] [        s0-io-2] c.d.o.d.i.c.p.SegmentToFrameDecoder      : [s0|control|id: 0x5751efae, L:/192.168.100.54:52385 - R:/192.168.100.244:9042] Done processing self-contained segment (1 frames)
2024-12-04T11:45:13.410+01:00 DEBUG 72666 --- [intelligent_pv] [        s0-io-2] c.d.o.d.i.core.channel.InFlightHandler   : [s0|control|id: 0x5751efae, L:/192.168.100.54:52385 - R:/192.168.100.244:9042] Got last response on in-flight stream id 0, completing and releasing
2024-12-04T11:45:13.410+01:00 TRACE 72666 --- [intelligent_pv] [        s0-io-2] c.d.o.d.i.core.channel.InFlightHandler   : [s0|control|id: 0x5751efae, L:/192.168.100.54:52385 - R:/192.168.100.244:9042] Releasing stream id 0
2024-12-04T11:45:13.410+01:00 DEBUG 72666 --- [intelligent_pv] [        s0-io-2] c.d.o.d.i.c.channel.ProtocolInitHandler  : [s0|control|id: 0x5751efae, L:/192.168.100.54:52385 - R:/192.168.100.244:9042] step AUTH_RESPONSE received response opcode=AUTH_SUCCESS
2024-12-04T11:45:13.411+01:00 TRACE 72666 --- [intelligent_pv] [        s0-io-2] c.d.o.d.i.core.channel.InFlightHandler   : [s0|control|id: 0x5751efae, L:/192.168.100.54:52385 - R:/192.168.100.244:9042] Writing init query GET_CLUSTER_NAME on stream id 0
2024-12-04T11:45:13.411+01:00 TRACE 72666 --- [intelligent_pv] [        s0-io-2] c.d.o.d.i.c.p.ByteBufSegmentBuilder      : [s0|control|id: 0x5751efae, L:/192.168.100.54:52385 - R:/192.168.100.244:9042] Added frame 0 to current self-contained segment (bringing it to 56/131071 bytes, 1 frames)
2024-12-04T11:45:13.411+01:00 TRACE 72666 --- [intelligent_pv] [        s0-io-2] c.d.o.d.i.c.p.ByteBufSegmentBuilder      : [s0|control|id: 0x5751efae, L:/192.168.100.54:52385 - R:/192.168.100.244:9042] Flushing last self-contained segment (56/131071 bytes, 1 frames)
2024-12-04T11:45:13.416+01:00 TRACE 72666 --- [intelligent_pv] [        s0-io-2] c.d.o.d.i.c.p.SegmentToFrameDecoder      : [s0|control|id: 0x5751efae, L:/192.168.100.54:52385 - R:/192.168.100.244:9042] Decoded response frame 0 from self-contained segment
2024-12-04T11:45:13.416+01:00 TRACE 72666 --- [intelligent_pv] [        s0-io-2] c.d.o.d.i.c.p.SegmentToFrameDecoder      : [s0|control|id: 0x5751efae, L:/192.168.100.54:52385 - R:/192.168.100.244:9042] Done processing self-contained segment (1 frames)
2024-12-04T11:45:13.416+01:00 DEBUG 72666 --- [intelligent_pv] [        s0-io-2] c.d.o.d.i.core.channel.InFlightHandler   : [s0|control|id: 0x5751efae, L:/192.168.100.54:52385 - R:/192.168.100.244:9042] Got last response on in-flight stream id 0, completing and releasing
2024-12-04T11:45:13.416+01:00 TRACE 72666 --- [intelligent_pv] [        s0-io-2] c.d.o.d.i.core.channel.InFlightHandler   : [s0|control|id: 0x5751efae, L:/192.168.100.54:52385 - R:/192.168.100.244:9042] Releasing stream id 0
2024-12-04T11:45:13.416+01:00 DEBUG 72666 --- [intelligent_pv] [        s0-io-2] c.d.o.d.i.c.channel.ProtocolInitHandler  : [s0|control|id: 0x5751efae, L:/192.168.100.54:52385 - R:/192.168.100.244:9042] step GET_CLUSTER_NAME received response opcode=RESULT
2024-12-04T11:45:13.416+01:00 TRACE 72666 --- [intelligent_pv] [        s0-io-2] c.d.o.d.i.core.channel.InFlightHandler   : [s0|control|id: 0x5751efae, L:/192.168.100.54:52385 - R:/192.168.100.244:9042] Writing init query REGISTER on stream id 0
2024-12-04T11:45:13.416+01:00 TRACE 72666 --- [intelligent_pv] [        s0-io-2] c.d.o.d.i.c.p.ByteBufSegmentBuilder      : [s0|control|id: 0x5751efae, L:/192.168.100.54:52385 - R:/192.168.100.244:9042] Added frame 0 to current self-contained segment (bringing it to 58/131071 bytes, 1 frames)
2024-12-04T11:45:13.416+01:00 TRACE 72666 --- [intelligent_pv] [        s0-io-2] c.d.o.d.i.c.p.ByteBufSegmentBuilder      : [s0|control|id: 0x5751efae, L:/192.168.100.54:52385 - R:/192.168.100.244:9042] Flushing last self-contained segment (58/131071 bytes, 1 frames)
2024-12-04T11:45:13.420+01:00 TRACE 72666 --- [intelligent_pv] [        s0-io-2] c.d.o.d.i.c.p.SegmentToFrameDecoder      : [s0|control|id: 0x5751efae, L:/192.168.100.54:52385 - R:/192.168.100.244:9042] Decoded response frame 0 from self-contained segment
2024-12-04T11:45:13.421+01:00 TRACE 72666 --- [intelligent_pv] [        s0-io-2] c.d.o.d.i.c.p.SegmentToFrameDecoder      : [s0|control|id: 0x5751efae, L:/192.168.100.54:52385 - R:/192.168.100.244:9042] Done processing self-contained segment (1 frames)
2024-12-04T11:45:13.421+01:00 DEBUG 72666 --- [intelligent_pv] [        s0-io-2] c.d.o.d.i.core.channel.InFlightHandler   : [s0|control|id: 0x5751efae, L:/192.168.100.54:52385 - R:/192.168.100.244:9042] Got last response on in-flight stream id 0, completing and releasing
2024-12-04T11:45:13.421+01:00 TRACE 72666 --- [intelligent_pv] [        s0-io-2] c.d.o.d.i.core.channel.InFlightHandler   : [s0|control|id: 0x5751efae, L:/192.168.100.54:52385 - R:/192.168.100.244:9042] Releasing stream id 0
2024-12-04T11:45:13.421+01:00 DEBUG 72666 --- [intelligent_pv] [        s0-io-2] c.d.o.d.i.c.channel.ProtocolInitHandler  : [s0|control|id: 0x5751efae, L:/192.168.100.54:52385 - R:/192.168.100.244:9042] step REGISTER received response opcode=READY
2024-12-04T11:45:13.421+01:00 DEBUG 72666 --- [intelligent_pv] [     s0-admin-1] c.d.o.d.i.c.control.ControlConnection    : [s0] New channel opened [id: 0x5751efae, L:/192.168.100.54:52385 - R:/192.168.100.244:9042]
2024-12-04T11:45:13.421+01:00 DEBUG 72666 --- [intelligent_pv] [     s0-admin-1] c.d.o.d.internal.core.context.EventBus   : [s0] Firing an instance of class com.datastax.oss.driver.internal.core.channel.ChannelEvent: ChannelEvent(OPENED, Node(endPoint=/192.168.100.244:9042, hostId=null, hashCode=17616cd1))
2024-12-04T11:45:13.422+01:00 DEBUG 72666 --- [intelligent_pv] [     s0-admin-1] c.d.o.d.internal.core.context.EventBus   : [s0] Notifying com.datastax.oss.driver.internal.core.util.concurrent.RunOrSchedule$$Lambda/0x00000004015d0778@6d001fbe of ChannelEvent(OPENED, Node(endPoint=/192.168.100.244:9042, hostId=null, hashCode=17616cd1))
2024-12-04T11:45:13.422+01:00 DEBUG 72666 --- [intelligent_pv] [     s0-admin-1] c.d.o.d.i.c.metadata.NodeStateManager    : [s0] Processing ChannelEvent(OPENED, Node(endPoint=/192.168.100.244:9042, hostId=null, hashCode=17616cd1))
2024-12-04T11:45:13.422+01:00 DEBUG 72666 --- [intelligent_pv] [     s0-admin-1] c.d.o.d.i.c.metadata.NodeStateManager    : [s0] Transitioning Node(endPoint=/192.168.100.244:9042, hostId=null, hashCode=17616cd1) UNKNOWN=>UP (because a new connection was opened to it)
2024-12-04T11:45:13.422+01:00 DEBUG 72666 --- [intelligent_pv] [     s0-admin-1] c.d.o.d.internal.core.context.EventBus   : [s0] Firing an instance of class com.datastax.oss.driver.internal.core.metadata.NodeStateEvent: NodeStateEvent(UNKNOWN=>UP, Node(endPoint=/192.168.100.244:9042, hostId=null, hashCode=17616cd1))
2024-12-04T11:45:13.422+01:00 DEBUG 72666 --- [intelligent_pv] [     s0-admin-1] c.d.o.d.internal.core.context.EventBus   : [s0] Notifying com.datastax.oss.driver.internal.core.metadata.LoadBalancingPolicyWrapper$$Lambda/0x000000040163ba60@7e8f4bad of NodeStateEvent(UNKNOWN=>UP, Node(endPoint=/192.168.100.244:9042, hostId=null, hashCode=17616cd1))
2024-12-04T11:45:13.423+01:00 DEBUG 72666 --- [intelligent_pv] [     s0-admin-1] c.d.o.d.internal.core.context.EventBus   : [s0] Notifying com.datastax.oss.driver.internal.core.util.concurrent.RunOrSchedule$$Lambda/0x00000004015d0778@7adae08e of NodeStateEvent(UNKNOWN=>UP, Node(endPoint=/192.168.100.244:9042, hostId=null, hashCode=17616cd1))
2024-12-04T11:45:13.423+01:00 DEBUG 72666 --- [intelligent_pv] [     s0-admin-1] c.d.o.d.internal.core.context.EventBus   : [s0] Notifying com.datastax.oss.driver.internal.core.util.concurrent.RunOrSchedule$$Lambda/0x00000004015d0778@4e6cbdf1 of NodeStateEvent(UNKNOWN=>UP, Node(endPoint=/192.168.100.244:9042, hostId=null, hashCode=17616cd1))
2024-12-04T11:45:13.423+01:00 DEBUG 72666 --- [intelligent_pv] [     s0-admin-1] c.d.o.d.internal.core.context.EventBus   : [s0] Notifying com.datastax.oss.driver.internal.core.util.concurrent.RunOrSchedule$$Lambda/0x00000004015d0778@16b76858 of NodeStateEvent(UNKNOWN=>UP, Node(endPoint=/192.168.100.244:9042, hostId=null, hashCode=17616cd1))
2024-12-04T11:45:13.423+01:00 DEBUG 72666 --- [intelligent_pv] [     s0-admin-1] c.d.o.d.i.c.m.DefaultTopologyMonitor     : [s0] Refreshing node list
2024-12-04T11:45:13.423+01:00 DEBUG 72666 --- [intelligent_pv] [     s0-admin-1] c.d.o.d.i.c.a.AdminRequestHandler        : [s0] Executing query 'SELECT * FROM system.local'
2024-12-04T11:45:13.424+01:00 DEBUG 72666 --- [intelligent_pv] [     s0-admin-1] c.d.o.d.i.c.a.AdminRequestHandler        : [s0] Executing query 'SELECT * FROM system.peers_v2'
2024-12-04T11:45:13.424+01:00 TRACE 72666 --- [intelligent_pv] [        s0-io-2] c.d.o.d.i.core.channel.InFlightHandler   : [s0|control|id: 0x5751efae, L:/192.168.100.54:52385 - R:/192.168.100.244:9042] Writing query 'SELECT * FROM system.local' on stream id 0
2024-12-04T11:45:13.424+01:00 TRACE 72666 --- [intelligent_pv] [        s0-io-2] c.d.o.d.i.c.p.ByteBufSegmentBuilder      : [s0|control|id: 0x5751efae, L:/192.168.100.54:52385 - R:/192.168.100.244:9042] Added frame 0 to current self-contained segment (bringing it to 45/131071 bytes, 1 frames)
2024-12-04T11:45:13.424+01:00 TRACE 72666 --- [intelligent_pv] [        s0-io-2] c.d.o.d.i.core.channel.InFlightHandler   : [s0|control|id: 0x5751efae, L:/192.168.100.54:52385 - R:/192.168.100.244:9042] Writing query 'SELECT * FROM system.peers_v2' on stream id 1
2024-12-04T11:45:13.424+01:00 TRACE 72666 --- [intelligent_pv] [        s0-io-2] c.d.o.d.i.c.p.ByteBufSegmentBuilder      : [s0|control|id: 0x5751efae, L:/192.168.100.54:52385 - R:/192.168.100.244:9042] Added frame 1 to current self-contained segment (bringing it to 93/131071 bytes, 2 frames)
2024-12-04T11:45:13.424+01:00 TRACE 72666 --- [intelligent_pv] [        s0-io-2] c.d.o.d.i.c.p.ByteBufSegmentBuilder      : [s0|control|id: 0x5751efae, L:/192.168.100.54:52385 - R:/192.168.100.244:9042] Flushing last self-contained segment (93/131071 bytes, 2 frames)
2024-12-04T11:45:13.425+01:00 DEBUG 72666 --- [intelligent_pv] [        s0-io-2] c.d.o.d.i.c.a.AdminRequestHandler        : [s0] Successfully wrote query 'SELECT * FROM system.local', waiting for response
2024-12-04T11:45:13.425+01:00 DEBUG 72666 --- [intelligent_pv] [        s0-io-2] c.d.o.d.i.c.a.AdminRequestHandler        : [s0] Successfully wrote query 'SELECT * FROM system.peers_v2', waiting for response
2024-12-04T11:45:13.431+01:00 TRACE 72666 --- [intelligent_pv] [        s0-io-2] c.d.o.d.i.c.p.SegmentToFrameDecoder      : [s0|control|id: 0x5751efae, L:/192.168.100.54:52385 - R:/192.168.100.244:9042] Decoded response frame 1 from self-contained segment
2024-12-04T11:45:13.431+01:00 TRACE 72666 --- [intelligent_pv] [        s0-io-2] c.d.o.d.i.c.p.SegmentToFrameDecoder      : [s0|control|id: 0x5751efae, L:/192.168.100.54:52385 - R:/192.168.100.244:9042] Done processing self-contained segment (1 frames)
2024-12-04T11:45:13.431+01:00 DEBUG 72666 --- [intelligent_pv] [        s0-io-2] c.d.o.d.i.core.channel.InFlightHandler   : [s0|control|id: 0x5751efae, L:/192.168.100.54:52385 - R:/192.168.100.244:9042] Got last response on in-flight stream id 1, completing and releasing
2024-12-04T11:45:13.431+01:00 TRACE 72666 --- [intelligent_pv] [        s0-io-2] c.d.o.d.i.core.channel.InFlightHandler   : [s0|control|id: 0x5751efae, L:/192.168.100.54:52385 - R:/192.168.100.244:9042] Releasing stream id 1
2024-12-04T11:45:13.432+01:00 DEBUG 72666 --- [intelligent_pv] [        s0-io-2] c.d.o.d.i.c.a.AdminRequestHandler        : [s0] Got response ROWS(0 x 12 columns)
2024-12-04T11:45:13.432+01:00 TRACE 72666 --- [intelligent_pv] [        s0-io-2] c.d.o.d.i.c.p.SegmentToFrameDecoder      : [s0|control|id: 0x5751efae, L:/192.168.100.54:52385 - R:/192.168.100.244:9042] Decoded response frame 0 from self-contained segment
2024-12-04T11:45:13.432+01:00 TRACE 72666 --- [intelligent_pv] [        s0-io-2] c.d.o.d.i.c.p.SegmentToFrameDecoder      : [s0|control|id: 0x5751efae, L:/192.168.100.54:52385 - R:/192.168.100.244:9042] Done processing self-contained segment (1 frames)
2024-12-04T11:45:13.432+01:00 DEBUG 72666 --- [intelligent_pv] [        s0-io-2] c.d.o.d.i.core.channel.InFlightHandler   : [s0|control|id: 0x5751efae, L:/192.168.100.54:52385 - R:/192.168.100.244:9042] Got last response on in-flight stream id 0, completing and releasing
2024-12-04T11:45:13.432+01:00 TRACE 72666 --- [intelligent_pv] [        s0-io-2] c.d.o.d.i.core.channel.InFlightHandler   : [s0|control|id: 0x5751efae, L:/192.168.100.54:52385 - R:/192.168.100.244:9042] Releasing stream id 0
2024-12-04T11:45:13.432+01:00 DEBUG 72666 --- [intelligent_pv] [        s0-io-2] c.d.o.d.i.c.a.AdminRequestHandler        : [s0] Got response ROWS(1 x 20 columns)
2024-12-04T11:45:13.435+01:00 DEBUG 72666 --- [intelligent_pv] [     s0-admin-0] c.d.o.d.i.c.m.InitialNodeListRefresh     : [s0] Copying contact point Node(endPoint=/192.168.100.244:9042, hostId=null, hashCode=17616cd1)
2024-12-04T11:45:13.435+01:00 DEBUG 72666 --- [intelligent_pv] [     s0-admin-0] .o.d.i.c.m.t.DefaultTokenFactoryRegistry : [s0] Detected Murmur3 partitioner (org.apache.cassandra.dht.Murmur3Partitioner)
2024-12-04T11:45:13.436+01:00 DEBUG 72666 --- [intelligent_pv] [     s0-admin-0] c.d.o.d.i.core.metadata.DefaultMetadata  : [s0] Building initial token map
2024-12-04T11:45:13.437+01:00 DEBUG 72666 --- [intelligent_pv] [     s0-admin-0] c.d.o.d.i.c.m.token.DefaultTokenMap      : [s0] Rebuilt ring (16 tokens)
2024-12-04T11:45:13.440+01:00 DEBUG 72666 --- [intelligent_pv] [     s0-admin-0] c.d.o.d.i.c.m.token.DefaultTokenMap      : [s0] Computing keyspace-level data for {}
2024-12-04T11:45:13.440+01:00 DEBUG 72666 --- [intelligent_pv] [     s0-admin-0] c.d.o.d.i.core.metadata.DefaultMetadata  : [s0] Rebuilding token map took 4 ms
2024-12-04T11:45:13.440+01:00 DEBUG 72666 --- [intelligent_pv] [     s0-admin-0] d.o.d.i.c.DefaultProtocolVersionRegistry : [s0] Node /192.168.100.244:9042 reports Cassandra version 4.0.5
2024-12-04T11:45:13.440+01:00 DEBUG 72666 --- [intelligent_pv] [     s0-admin-0] d.o.d.i.c.DefaultProtocolVersionRegistry : [s0] Excluding protocol DSE_V1
2024-12-04T11:45:13.440+01:00 DEBUG 72666 --- [intelligent_pv] [     s0-admin-0] d.o.d.i.c.DefaultProtocolVersionRegistry : [s0] Excluding protocol DSE_V2
2024-12-04T11:45:13.441+01:00 DEBUG 72666 --- [intelligent_pv] [     s0-admin-0] c.d.o.d.i.c.util.concurrent.Debouncer    : [s0|metadata debouncer] Received java.util.concurrent.CompletableFuture@45dcd5c2[Not completed], scheduling next flush in PT1S
2024-12-04T11:45:13.441+01:00 DEBUG 72666 --- [intelligent_pv] [     s0-admin-0] c.d.o.d.i.c.util.concurrent.Debouncer    : [s0|metadata debouncer] Flushing now
2024-12-04T11:45:13.441+01:00 DEBUG 72666 --- [intelligent_pv] [     s0-admin-0] c.d.o.d.i.c.util.concurrent.Debouncer    : [s0|metadata debouncer] Cancelled existing scheduled flush
2024-12-04T11:45:13.441+01:00 DEBUG 72666 --- [intelligent_pv] [     s0-admin-0] c.d.o.d.i.core.metadata.MetadataManager  : [s0] Starting schema refresh
2024-12-04T11:45:13.442+01:00 DEBUG 72666 --- [intelligent_pv] [     s0-admin-0] c.d.o.d.i.c.m.SchemaAgreementChecker     : [s0] Checking schema agreement
2024-12-04T11:45:13.442+01:00 DEBUG 72666 --- [intelligent_pv] [     s0-admin-0] c.d.o.d.i.c.a.AdminRequestHandler        : [s0] Executing query 'SELECT schema_version FROM system.local WHERE key='local''
2024-12-04T11:45:13.442+01:00 DEBUG 72666 --- [intelligent_pv] [     s0-admin-0] c.d.o.d.i.c.a.AdminRequestHandler        : [s0] Executing query 'SELECT * FROM system.peers'
2024-12-04T11:45:13.442+01:00 TRACE 72666 --- [intelligent_pv] [        s0-io-2] c.d.o.d.i.core.channel.InFlightHandler   : [s0|control|id: 0x5751efae, L:/192.168.100.54:52385 - R:/192.168.100.244:9042] Writing query 'SELECT schema_version FROM system.local WHERE key='local'' on stream id 0
2024-12-04T11:45:13.442+01:00 TRACE 72666 --- [intelligent_pv] [        s0-io-2] c.d.o.d.i.c.p.ByteBufSegmentBuilder      : [s0|control|id: 0x5751efae, L:/192.168.100.54:52385 - R:/192.168.100.244:9042] Added frame 0 to current self-contained segment (bringing it to 76/131071 bytes, 1 frames)
2024-12-04T11:45:13.442+01:00 TRACE 72666 --- [intelligent_pv] [        s0-io-2] c.d.o.d.i.core.channel.InFlightHandler   : [s0|control|id: 0x5751efae, L:/192.168.100.54:52385 - R:/192.168.100.244:9042] Writing query 'SELECT * FROM system.peers' on stream id 1
2024-12-04T11:45:13.442+01:00 TRACE 72666 --- [intelligent_pv] [        s0-io-2] c.d.o.d.i.c.p.ByteBufSegmentBuilder      : [s0|control|id: 0x5751efae, L:/192.168.100.54:52385 - R:/192.168.100.244:9042] Added frame 1 to current self-contained segment (bringing it to 121/131071 bytes, 2 frames)
2024-12-04T11:45:13.442+01:00 TRACE 72666 --- [intelligent_pv] [        s0-io-2] c.d.o.d.i.c.p.ByteBufSegmentBuilder      : [s0|control|id: 0x5751efae, L:/192.168.100.54:52385 - R:/192.168.100.244:9042] Flushing last self-contained segment (121/131071 bytes, 2 frames)
2024-12-04T11:45:13.443+01:00 DEBUG 72666 --- [intelligent_pv] [        s0-io-2] c.d.o.d.i.c.a.AdminRequestHandler        : [s0] Successfully wrote query 'SELECT schema_version FROM system.local WHERE key='local'', waiting for response
2024-12-04T11:45:13.443+01:00 DEBUG 72666 --- [intelligent_pv] [        s0-io-2] c.d.o.d.i.c.a.AdminRequestHandler        : [s0] Successfully wrote query 'SELECT * FROM system.peers', waiting for response
2024-12-04T11:45:13.447+01:00 TRACE 72666 --- [intelligent_pv] [        s0-io-2] c.d.o.d.i.c.p.SegmentToFrameDecoder      : [s0|control|id: 0x5751efae, L:/192.168.100.54:52385 - R:/192.168.100.244:9042] Decoded response frame 1 from self-contained segment
2024-12-04T11:45:13.447+01:00 TRACE 72666 --- [intelligent_pv] [        s0-io-2] c.d.o.d.i.c.p.SegmentToFrameDecoder      : [s0|control|id: 0x5751efae, L:/192.168.100.54:52385 - R:/192.168.100.244:9042] Done processing self-contained segment (1 frames)
2024-12-04T11:45:13.447+01:00 DEBUG 72666 --- [intelligent_pv] [        s0-io-2] c.d.o.d.i.core.channel.InFlightHandler   : [s0|control|id: 0x5751efae, L:/192.168.100.54:52385 - R:/192.168.100.244:9042] Got last response on in-flight stream id 1, completing and releasing
2024-12-04T11:45:13.447+01:00 TRACE 72666 --- [intelligent_pv] [        s0-io-2] c.d.o.d.i.core.channel.InFlightHandler   : [s0|control|id: 0x5751efae, L:/192.168.100.54:52385 - R:/192.168.100.244:9042] Releasing stream id 1
2024-12-04T11:45:13.447+01:00 DEBUG 72666 --- [intelligent_pv] [        s0-io-2] c.d.o.d.i.c.a.AdminRequestHandler        : [s0] Got response ROWS(0 x 9 columns)
2024-12-04T11:45:13.447+01:00 TRACE 72666 --- [intelligent_pv] [        s0-io-2] c.d.o.d.i.c.p.SegmentToFrameDecoder      : [s0|control|id: 0x5751efae, L:/192.168.100.54:52385 - R:/192.168.100.244:9042] Decoded response frame 0 from self-contained segment
2024-12-04T11:45:13.447+01:00 TRACE 72666 --- [intelligent_pv] [        s0-io-2] c.d.o.d.i.c.p.SegmentToFrameDecoder      : [s0|control|id: 0x5751efae, L:/192.168.100.54:52385 - R:/192.168.100.244:9042] Done processing self-contained segment (1 frames)
2024-12-04T11:45:13.447+01:00 DEBUG 72666 --- [intelligent_pv] [        s0-io-2] c.d.o.d.i.core.channel.InFlightHandler   : [s0|control|id: 0x5751efae, L:/192.168.100.54:52385 - R:/192.168.100.244:9042] Got last response on in-flight stream id 0, completing and releasing
2024-12-04T11:45:13.447+01:00 TRACE 72666 --- [intelligent_pv] [        s0-io-2] c.d.o.d.i.core.channel.InFlightHandler   : [s0|control|id: 0x5751efae, L:/192.168.100.54:52385 - R:/192.168.100.244:9042] Releasing stream id 0
2024-12-04T11:45:13.447+01:00 DEBUG 72666 --- [intelligent_pv] [        s0-io-2] c.d.o.d.i.c.a.AdminRequestHandler        : [s0] Got response ROWS(1 x 1 columns)
2024-12-04T11:45:13.447+01:00 DEBUG 72666 --- [intelligent_pv] [        s0-io-2] c.d.o.d.i.c.m.SchemaAgreementChecker     : [s0] Schema agreement reached (9fdca5b8-72eb-3465-8ed9-d410ce2db1b4), completing
2024-12-04T11:45:13.448+01:00 DEBUG 72666 --- [intelligent_pv] [        s0-io-2] .d.i.c.m.s.q.DefaultSchemaQueriesFactory : [s0] Sending schema queries to Node(endPoint=/192.168.100.244:9042, hostId=15ed43b2-67a9-4feb-99a5-ddbdc4db317a, hashCode=17616cd1) with version 4.0.5
2024-12-04T11:45:13.448+01:00 DEBUG 72666 --- [intelligent_pv] [        s0-io-2] .d.o.d.i.c.m.s.q.RuleBasedKeyspaceFilter : [s0] No server-side filtering
2024-12-04T11:45:13.449+01:00 DEBUG 72666 --- [intelligent_pv] [        s0-io-2] c.d.o.d.i.c.a.AdminRequestHandler        : [s0] Executing query 'SELECT * FROM system_schema.keyspaces'
2024-12-04T11:45:13.449+01:00 DEBUG 72666 --- [intelligent_pv] [        s0-io-2] c.d.o.d.i.c.a.AdminRequestHandler        : [s0] Executing query 'SELECT * FROM system_schema.types'
2024-12-04T11:45:13.449+01:00 DEBUG 72666 --- [intelligent_pv] [        s0-io-2] c.d.o.d.i.c.a.AdminRequestHandler        : [s0] Executing query 'SELECT * FROM system_schema.tables'
2024-12-04T11:45:13.449+01:00 DEBUG 72666 --- [intelligent_pv] [        s0-io-2] c.d.o.d.i.c.a.AdminRequestHandler        : [s0] Executing query 'SELECT * FROM system_schema.columns'
2024-12-04T11:45:13.450+01:00 DEBUG 72666 --- [intelligent_pv] [        s0-io-2] c.d.o.d.i.c.a.AdminRequestHandler        : [s0] Executing query 'SELECT * FROM system_schema.indexes'
2024-12-04T11:45:13.450+01:00 DEBUG 72666 --- [intelligent_pv] [        s0-io-2] c.d.o.d.i.c.a.AdminRequestHandler        : [s0] Executing query 'SELECT * FROM system_schema.views'
2024-12-04T11:45:13.450+01:00 DEBUG 72666 --- [intelligent_pv] [        s0-io-2] c.d.o.d.i.c.a.AdminRequestHandler        : [s0] Executing query 'SELECT * FROM system_schema.functions'
2024-12-04T11:45:13.450+01:00 DEBUG 72666 --- [intelligent_pv] [        s0-io-2] c.d.o.d.i.c.a.AdminRequestHandler        : [s0] Executing query 'SELECT * FROM system_schema.aggregates'
2024-12-04T11:45:13.450+01:00 DEBUG 72666 --- [intelligent_pv] [        s0-io-2] c.d.o.d.i.c.a.AdminRequestHandler        : [s0] Executing query 'SELECT * FROM system_virtual_schema.keyspaces'
2024-12-04T11:45:13.450+01:00 DEBUG 72666 --- [intelligent_pv] [        s0-io-2] c.d.o.d.i.c.a.AdminRequestHandler        : [s0] Executing query 'SELECT * FROM system_virtual_schema.tables'
2024-12-04T11:45:13.450+01:00 DEBUG 72666 --- [intelligent_pv] [        s0-io-2] c.d.o.d.i.c.a.AdminRequestHandler        : [s0] Executing query 'SELECT * FROM system_virtual_schema.columns'
2024-12-04T11:45:13.451+01:00 TRACE 72666 --- [intelligent_pv] [        s0-io-2] c.d.o.d.i.core.channel.InFlightHandler   : [s0|control|id: 0x5751efae, L:/192.168.100.54:52385 - R:/192.168.100.244:9042] Writing query 'SELECT * FROM system_schema.keyspaces' on stream id 0
2024-12-04T11:45:13.451+01:00 TRACE 72666 --- [intelligent_pv] [        s0-io-2] c.d.o.d.i.c.p.ByteBufSegmentBuilder      : [s0|control|id: 0x5751efae, L:/192.168.100.54:52385 - R:/192.168.100.244:9042] Added frame 0 to current self-contained segment (bringing it to 60/131071 bytes, 1 frames)
2024-12-04T11:45:13.451+01:00 TRACE 72666 --- [intelligent_pv] [        s0-io-2] c.d.o.d.i.core.channel.InFlightHandler   : [s0|control|id: 0x5751efae, L:/192.168.100.54:52385 - R:/192.168.100.244:9042] Writing query 'SELECT * FROM system_schema.types' on stream id 1
2024-12-04T11:45:13.451+01:00 TRACE 72666 --- [intelligent_pv] [        s0-io-2] c.d.o.d.i.c.p.ByteBufSegmentBuilder      : [s0|control|id: 0x5751efae, L:/192.168.100.54:52385 - R:/192.168.100.244:9042] Added frame 1 to current self-contained segment (bringing it to 116/131071 bytes, 2 frames)
2024-12-04T11:45:13.451+01:00 TRACE 72666 --- [intelligent_pv] [        s0-io-2] c.d.o.d.i.core.channel.InFlightHandler   : [s0|control|id: 0x5751efae, L:/192.168.100.54:52385 - R:/192.168.100.244:9042] Writing query 'SELECT * FROM system_schema.tables' on stream id 2
2024-12-04T11:45:13.451+01:00 TRACE 72666 --- [intelligent_pv] [        s0-io-2] c.d.o.d.i.c.p.ByteBufSegmentBuilder      : [s0|control|id: 0x5751efae, L:/192.168.100.54:52385 - R:/192.168.100.244:9042] Added frame 2 to current self-contained segment (bringing it to 173/131071 bytes, 3 frames)
2024-12-04T11:45:13.451+01:00 TRACE 72666 --- [intelligent_pv] [        s0-io-2] c.d.o.d.i.core.channel.InFlightHandler   : [s0|control|id: 0x5751efae, L:/192.168.100.54:52385 - R:/192.168.100.244:9042] Writing query 'SELECT * FROM system_schema.columns' on stream id 3
2024-12-04T11:45:13.451+01:00 TRACE 72666 --- [intelligent_pv] [        s0-io-2] c.d.o.d.i.c.p.ByteBufSegmentBuilder      : [s0|control|id: 0x5751efae, L:/192.168.100.54:52385 - R:/192.168.100.244:9042] Added frame 3 to current self-contained segment (bringing it to 231/131071 bytes, 4 frames)
2024-12-04T11:45:13.451+01:00 TRACE 72666 --- [intelligent_pv] [        s0-io-2] c.d.o.d.i.core.channel.InFlightHandler   : [s0|control|id: 0x5751efae, L:/192.168.100.54:52385 - R:/192.168.100.244:9042] Writing query 'SELECT * FROM system_schema.indexes' on stream id 4
2024-12-04T11:45:13.451+01:00 TRACE 72666 --- [intelligent_pv] [        s0-io-2] c.d.o.d.i.c.p.ByteBufSegmentBuilder      : [s0|control|id: 0x5751efae, L:/192.168.100.54:52385 - R:/192.168.100.244:9042] Added frame 4 to current self-contained segment (bringing it to 289/131071 bytes, 5 frames)
2024-12-04T11:45:13.451+01:00 TRACE 72666 --- [intelligent_pv] [        s0-io-2] c.d.o.d.i.core.channel.InFlightHandler   : [s0|control|id: 0x5751efae, L:/192.168.100.54:52385 - R:/192.168.100.244:9042] Writing query 'SELECT * FROM system_schema.views' on stream id 5
2024-12-04T11:45:13.451+01:00 TRACE 72666 --- [intelligent_pv] [        s0-io-2] c.d.o.d.i.c.p.ByteBufSegmentBuilder      : [s0|control|id: 0x5751efae, L:/192.168.100.54:52385 - R:/192.168.100.244:9042] Added frame 5 to current self-contained segment (bringing it to 345/131071 bytes, 6 frames)
2024-12-04T11:45:13.451+01:00 TRACE 72666 --- [intelligent_pv] [        s0-io-2] c.d.o.d.i.core.channel.InFlightHandler   : [s0|control|id: 0x5751efae, L:/192.168.100.54:52385 - R:/192.168.100.244:9042] Writing query 'SELECT * FROM system_schema.functions' on stream id 6
2024-12-04T11:45:13.451+01:00 TRACE 72666 --- [intelligent_pv] [        s0-io-2] c.d.o.d.i.c.p.ByteBufSegmentBuilder      : [s0|control|id: 0x5751efae, L:/192.168.100.54:52385 - R:/192.168.100.244:9042] Added frame 6 to current self-contained segment (bringing it to 405/131071 bytes, 7 frames)
2024-12-04T11:45:13.451+01:00 TRACE 72666 --- [intelligent_pv] [        s0-io-2] c.d.o.d.i.core.channel.InFlightHandler   : [s0|control|id: 0x5751efae, L:/192.168.100.54:52385 - R:/192.168.100.244:9042] Writing query 'SELECT * FROM system_schema.aggregates' on stream id 7
2024-12-04T11:45:13.451+01:00 TRACE 72666 --- [intelligent_pv] [        s0-io-2] c.d.o.d.i.c.p.ByteBufSegmentBuilder      : [s0|control|id: 0x5751efae, L:/192.168.100.54:52385 - R:/192.168.100.244:9042] Added frame 7 to current self-contained segment (bringing it to 466/131071 bytes, 8 frames)
2024-12-04T11:45:13.451+01:00 TRACE 72666 --- [intelligent_pv] [        s0-io-2] c.d.o.d.i.core.channel.InFlightHandler   : [s0|control|id: 0x5751efae, L:/192.168.100.54:52385 - R:/192.168.100.244:9042] Writing query 'SELECT * FROM system_virtual_schema.keyspaces' on stream id 8
2024-12-04T11:45:13.451+01:00 TRACE 72666 --- [intelligent_pv] [        s0-io-2] c.d.o.d.i.c.p.ByteBufSegmentBuilder      : [s0|control|id: 0x5751efae, L:/192.168.100.54:52385 - R:/192.168.100.244:9042] Added frame 8 to current self-contained segment (bringing it to 534/131071 bytes, 9 frames)
2024-12-04T11:45:13.451+01:00 TRACE 72666 --- [intelligent_pv] [        s0-io-2] c.d.o.d.i.core.channel.InFlightHandler   : [s0|control|id: 0x5751efae, L:/192.168.100.54:52385 - R:/192.168.100.244:9042] Writing query 'SELECT * FROM system_virtual_schema.tables' on stream id 9
2024-12-04T11:45:13.451+01:00 TRACE 72666 --- [intelligent_pv] [        s0-io-2] c.d.o.d.i.c.p.ByteBufSegmentBuilder      : [s0|control|id: 0x5751efae, L:/192.168.100.54:52385 - R:/192.168.100.244:9042] Added frame 9 to current self-contained segment (bringing it to 599/131071 bytes, 10 frames)
2024-12-04T11:45:13.451+01:00 TRACE 72666 --- [intelligent_pv] [        s0-io-2] c.d.o.d.i.core.channel.InFlightHandler   : [s0|control|id: 0x5751efae, L:/192.168.100.54:52385 - R:/192.168.100.244:9042] Writing query 'SELECT * FROM system_virtual_schema.columns' on stream id 10
2024-12-04T11:45:13.451+01:00 TRACE 72666 --- [intelligent_pv] [        s0-io-2] c.d.o.d.i.c.p.ByteBufSegmentBuilder      : [s0|control|id: 0x5751efae, L:/192.168.100.54:52385 - R:/192.168.100.244:9042] Added frame 10 to current self-contained segment (bringing it to 665/131071 bytes, 11 frames)
2024-12-04T11:45:13.451+01:00 TRACE 72666 --- [intelligent_pv] [        s0-io-2] c.d.o.d.i.c.p.ByteBufSegmentBuilder      : [s0|control|id: 0x5751efae, L:/192.168.100.54:52385 - R:/192.168.100.244:9042] Flushing last self-contained segment (665/131071 bytes, 11 frames)
2024-12-04T11:45:13.451+01:00 DEBUG 72666 --- [intelligent_pv] [        s0-io-2] c.d.o.d.i.c.a.AdminRequestHandler        : [s0] Successfully wrote query 'SELECT * FROM system_schema.keyspaces', waiting for response
2024-12-04T11:45:13.451+01:00 DEBUG 72666 --- [intelligent_pv] [        s0-io-2] c.d.o.d.i.c.a.AdminRequestHandler        : [s0] Successfully wrote query 'SELECT * FROM system_schema.types', waiting for response
2024-12-04T11:45:13.451+01:00 DEBUG 72666 --- [intelligent_pv] [        s0-io-2] c.d.o.d.i.c.a.AdminRequestHandler        : [s0] Successfully wrote query 'SELECT * FROM system_schema.tables', waiting for response
2024-12-04T11:45:13.451+01:00 DEBUG 72666 --- [intelligent_pv] [        s0-io-2] c.d.o.d.i.c.a.AdminRequestHandler        : [s0] Successfully wrote query 'SELECT * FROM system_schema.columns', waiting for response
2024-12-04T11:45:13.451+01:00 DEBUG 72666 --- [intelligent_pv] [        s0-io-2] c.d.o.d.i.c.a.AdminRequestHandler        : [s0] Successfully wrote query 'SELECT * FROM system_schema.indexes', waiting for response
2024-12-04T11:45:13.451+01:00 DEBUG 72666 --- [intelligent_pv] [        s0-io-2] c.d.o.d.i.c.a.AdminRequestHandler        : [s0] Successfully wrote query 'SELECT * FROM system_schema.views', waiting for response
2024-12-04T11:45:13.451+01:00 DEBUG 72666 --- [intelligent_pv] [        s0-io-2] c.d.o.d.i.c.a.AdminRequestHandler        : [s0] Successfully wrote query 'SELECT * FROM system_schema.functions', waiting for response
2024-12-04T11:45:13.451+01:00 DEBUG 72666 --- [intelligent_pv] [        s0-io-2] c.d.o.d.i.c.a.AdminRequestHandler        : [s0] Successfully wrote query 'SELECT * FROM system_schema.aggregates', waiting for response
2024-12-04T11:45:13.451+01:00 DEBUG 72666 --- [intelligent_pv] [        s0-io-2] c.d.o.d.i.c.a.AdminRequestHandler        : [s0] Successfully wrote query 'SELECT * FROM system_virtual_schema.keyspaces', waiting for response
2024-12-04T11:45:13.451+01:00 DEBUG 72666 --- [intelligent_pv] [        s0-io-2] c.d.o.d.i.c.a.AdminRequestHandler        : [s0] Successfully wrote query 'SELECT * FROM system_virtual_schema.tables', waiting for response
2024-12-04T11:45:13.452+01:00 DEBUG 72666 --- [intelligent_pv] [        s0-io-2] c.d.o.d.i.c.a.AdminRequestHandler        : [s0] Successfully wrote query 'SELECT * FROM system_virtual_schema.columns', waiting for response
2024-12-04T11:45:13.457+01:00 TRACE 72666 --- [intelligent_pv] [        s0-io-2] c.d.o.d.i.c.p.SegmentToFrameDecoder      : [s0|control|id: 0x5751efae, L:/192.168.100.54:52385 - R:/192.168.100.244:9042] Decoded response frame 8 from self-contained segment
2024-12-04T11:45:13.457+01:00 TRACE 72666 --- [intelligent_pv] [        s0-io-2] c.d.o.d.i.c.p.SegmentToFrameDecoder      : [s0|control|id: 0x5751efae, L:/192.168.100.54:52385 - R:/192.168.100.244:9042] Done processing self-contained segment (1 frames)
2024-12-04T11:45:13.457+01:00 DEBUG 72666 --- [intelligent_pv] [        s0-io-2] c.d.o.d.i.core.channel.InFlightHandler   : [s0|control|id: 0x5751efae, L:/192.168.100.54:52385 - R:/192.168.100.244:9042] Got last response on in-flight stream id 8, completing and releasing
2024-12-04T11:45:13.457+01:00 TRACE 72666 --- [intelligent_pv] [        s0-io-2] c.d.o.d.i.core.channel.InFlightHandler   : [s0|control|id: 0x5751efae, L:/192.168.100.54:52385 - R:/192.168.100.244:9042] Releasing stream id 8
2024-12-04T11:45:13.457+01:00 DEBUG 72666 --- [intelligent_pv] [        s0-io-2] c.d.o.d.i.c.a.AdminRequestHandler        : [s0] Got response ROWS(2 x 1 columns)
2024-12-04T11:45:13.457+01:00 TRACE 72666 --- [intelligent_pv] [        s0-io-2] c.d.o.d.i.c.p.SegmentToFrameDecoder      : [s0|control|id: 0x5751efae, L:/192.168.100.54:52385 - R:/192.168.100.244:9042] Decoded response frame 9 from self-contained segment
2024-12-04T11:45:13.457+01:00 TRACE 72666 --- [intelligent_pv] [        s0-io-2] c.d.o.d.i.c.p.SegmentToFrameDecoder      : [s0|control|id: 0x5751efae, L:/192.168.100.54:52385 - R:/192.168.100.244:9042] Done processing self-contained segment (1 frames)
2024-12-04T11:45:13.457+01:00 DEBUG 72666 --- [intelligent_pv] [        s0-io-2] c.d.o.d.i.core.channel.InFlightHandler   : [s0|control|id: 0x5751efae, L:/192.168.100.54:52385 - R:/192.168.100.244:9042] Got last response on in-flight stream id 9, completing and releasing
2024-12-04T11:45:13.457+01:00 TRACE 72666 --- [intelligent_pv] [        s0-io-2] c.d.o.d.i.core.channel.InFlightHandler   : [s0|control|id: 0x5751efae, L:/192.168.100.54:52385 - R:/192.168.100.244:9042] Releasing stream id 9
2024-12-04T11:45:13.457+01:00 DEBUG 72666 --- [intelligent_pv] [        s0-io-2] c.d.o.d.i.c.a.AdminRequestHandler        : [s0] Got response ROWS(21 x 3 columns)
2024-12-04T11:45:13.458+01:00 TRACE 72666 --- [intelligent_pv] [        s0-io-2] c.d.o.d.i.c.p.SegmentToFrameDecoder      : [s0|control|id: 0x5751efae, L:/192.168.100.54:52385 - R:/192.168.100.244:9042] Decoded response frame 1 from self-contained segment
2024-12-04T11:45:13.458+01:00 TRACE 72666 --- [intelligent_pv] [        s0-io-2] c.d.o.d.i.c.p.SegmentToFrameDecoder      : [s0|control|id: 0x5751efae, L:/192.168.100.54:52385 - R:/192.168.100.244:9042] Decoded response frame 7 from self-contained segment
2024-12-04T11:45:13.458+01:00 TRACE 72666 --- [intelligent_pv] [        s0-io-2] c.d.o.d.i.c.p.SegmentToFrameDecoder      : [s0|control|id: 0x5751efae, L:/192.168.100.54:52385 - R:/192.168.100.244:9042] Decoded response frame 6 from self-contained segment
2024-12-04T11:45:13.458+01:00 TRACE 72666 --- [intelligent_pv] [        s0-io-2] c.d.o.d.i.c.p.SegmentToFrameDecoder      : [s0|control|id: 0x5751efae, L:/192.168.100.54:52385 - R:/192.168.100.244:9042] Decoded response frame 5 from self-contained segment
2024-12-04T11:45:13.458+01:00 TRACE 72666 --- [intelligent_pv] [        s0-io-2] c.d.o.d.i.c.p.SegmentToFrameDecoder      : [s0|control|id: 0x5751efae, L:/192.168.100.54:52385 - R:/192.168.100.244:9042] Done processing self-contained segment (4 frames)
2024-12-04T11:45:13.458+01:00 DEBUG 72666 --- [intelligent_pv] [        s0-io-2] c.d.o.d.i.core.channel.InFlightHandler   : [s0|control|id: 0x5751efae, L:/192.168.100.54:52385 - R:/192.168.100.244:9042] Got last response on in-flight stream id 1, completing and releasing
2024-12-04T11:45:13.458+01:00 TRACE 72666 --- [intelligent_pv] [        s0-io-2] c.d.o.d.i.core.channel.InFlightHandler   : [s0|control|id: 0x5751efae, L:/192.168.100.54:52385 - R:/192.168.100.244:9042] Releasing stream id 1
2024-12-04T11:45:13.458+01:00 DEBUG 72666 --- [intelligent_pv] [        s0-io-2] c.d.o.d.i.c.a.AdminRequestHandler        : [s0] Got response ROWS(0 x 4 columns)
2024-12-04T11:45:13.458+01:00 DEBUG 72666 --- [intelligent_pv] [        s0-io-2] c.d.o.d.i.core.channel.InFlightHandler   : [s0|control|id: 0x5751efae, L:/192.168.100.54:52385 - R:/192.168.100.244:9042] Got last response on in-flight stream id 7, completing and releasing
2024-12-04T11:45:13.458+01:00 TRACE 72666 --- [intelligent_pv] [        s0-io-2] c.d.o.d.i.core.channel.InFlightHandler   : [s0|control|id: 0x5751efae, L:/192.168.100.54:52385 - R:/192.168.100.244:9042] Releasing stream id 7
2024-12-04T11:45:13.458+01:00 DEBUG 72666 --- [intelligent_pv] [        s0-io-2] c.d.o.d.i.c.a.AdminRequestHandler        : [s0] Got response ROWS(0 x 8 columns)
2024-12-04T11:45:13.458+01:00 DEBUG 72666 --- [intelligent_pv] [        s0-io-2] c.d.o.d.i.core.channel.InFlightHandler   : [s0|control|id: 0x5751efae, L:/192.168.100.54:52385 - R:/192.168.100.244:9042] Got last response on in-flight stream id 6, completing and releasing
2024-12-04T11:45:13.458+01:00 TRACE 72666 --- [intelligent_pv] [        s0-io-2] c.d.o.d.i.core.channel.InFlightHandler   : [s0|control|id: 0x5751efae, L:/192.168.100.54:52385 - R:/192.168.100.244:9042] Releasing stream id 6
2024-12-04T11:45:13.458+01:00 DEBUG 72666 --- [intelligent_pv] [        s0-io-2] c.d.o.d.i.c.a.AdminRequestHandler        : [s0] Got response ROWS(0 x 8 columns)
2024-12-04T11:45:13.458+01:00 DEBUG 72666 --- [intelligent_pv] [        s0-io-2] c.d.o.d.i.core.channel.InFlightHandler   : [s0|control|id: 0x5751efae, L:/192.168.100.54:52385 - R:/192.168.100.244:9042] Got last response on in-flight stream id 5, completing and releasing
2024-12-04T11:45:13.458+01:00 TRACE 72666 --- [intelligent_pv] [        s0-io-2] c.d.o.d.i.core.channel.InFlightHandler   : [s0|control|id: 0x5751efae, L:/192.168.100.54:52385 - R:/192.168.100.244:9042] Releasing stream id 5
2024-12-04T11:45:13.458+01:00 DEBUG 72666 --- [intelligent_pv] [        s0-io-2] c.d.o.d.i.c.a.AdminRequestHandler        : [s0] Got response ROWS(0 x 25 columns)
2024-12-04T11:45:13.458+01:00 TRACE 72666 --- [intelligent_pv] [        s0-io-2] c.d.o.d.i.c.p.SegmentToFrameDecoder      : [s0|control|id: 0x5751efae, L:/192.168.100.54:52385 - R:/192.168.100.244:9042] Decoded response frame 4 from self-contained segment
2024-12-04T11:45:13.458+01:00 TRACE 72666 --- [intelligent_pv] [        s0-io-2] c.d.o.d.i.c.p.SegmentToFrameDecoder      : [s0|control|id: 0x5751efae, L:/192.168.100.54:52385 - R:/192.168.100.244:9042] Done processing self-contained segment (1 frames)
2024-12-04T11:45:13.458+01:00 DEBUG 72666 --- [intelligent_pv] [        s0-io-2] c.d.o.d.i.core.channel.InFlightHandler   : [s0|control|id: 0x5751efae, L:/192.168.100.54:52385 - R:/192.168.100.244:9042] Got last response on in-flight stream id 4, completing and releasing
2024-12-04T11:45:13.458+01:00 TRACE 72666 --- [intelligent_pv] [        s0-io-2] c.d.o.d.i.core.channel.InFlightHandler   : [s0|control|id: 0x5751efae, L:/192.168.100.54:52385 - R:/192.168.100.244:9042] Releasing stream id 4
2024-12-04T11:45:13.458+01:00 DEBUG 72666 --- [intelligent_pv] [        s0-io-2] c.d.o.d.i.c.a.AdminRequestHandler        : [s0] Got response ROWS(1 x 5 columns)
2024-12-04T11:45:13.458+01:00 TRACE 72666 --- [intelligent_pv] [        s0-io-2] c.d.o.d.i.c.p.SegmentToFrameDecoder      : [s0|control|id: 0x5751efae, L:/192.168.100.54:52385 - R:/192.168.100.244:9042] Decoded response frame 0 from self-contained segment
2024-12-04T11:45:13.458+01:00 TRACE 72666 --- [intelligent_pv] [        s0-io-2] c.d.o.d.i.c.p.SegmentToFrameDecoder      : [s0|control|id: 0x5751efae, L:/192.168.100.54:52385 - R:/192.168.100.244:9042] Done processing self-contained segment (1 frames)
2024-12-04T11:45:13.458+01:00 DEBUG 72666 --- [intelligent_pv] [        s0-io-2] c.d.o.d.i.core.channel.InFlightHandler   : [s0|control|id: 0x5751efae, L:/192.168.100.54:52385 - R:/192.168.100.244:9042] Got last response on in-flight stream id 0, completing and releasing
2024-12-04T11:45:13.458+01:00 TRACE 72666 --- [intelligent_pv] [        s0-io-2] c.d.o.d.i.core.channel.InFlightHandler   : [s0|control|id: 0x5751efae, L:/192.168.100.54:52385 - R:/192.168.100.244:9042] Releasing stream id 0
2024-12-04T11:45:13.458+01:00 DEBUG 72666 --- [intelligent_pv] [        s0-io-2] c.d.o.d.i.c.a.AdminRequestHandler        : [s0] Got response ROWS(10 x 3 columns)
2024-12-04T11:45:13.459+01:00 DEBUG 72666 --- [intelligent_pv] [        s0-io-2] .d.o.d.i.c.m.s.q.RuleBasedKeyspaceFilter : [s0] Filtering out 'system_views' because it matches at least one regex exclude
2024-12-04T11:45:13.459+01:00 DEBUG 72666 --- [intelligent_pv] [        s0-io-2] .d.o.d.i.c.m.s.q.RuleBasedKeyspaceFilter : [s0] Filtering out 'system_virtual_schema' because it matches at least one regex exclude
2024-12-04T11:45:13.459+01:00 DEBUG 72666 --- [intelligent_pv] [        s0-io-2] .d.o.d.i.c.m.s.q.RuleBasedKeyspaceFilter : [s0] Filtering in 'intelligentpv' because it does not match any regex exclude
2024-12-04T11:45:13.459+01:00 DEBUG 72666 --- [intelligent_pv] [        s0-io-2] .d.o.d.i.c.m.s.q.RuleBasedKeyspaceFilter : [s0] Filtering in 'trina' because it does not match any regex exclude
2024-12-04T11:45:13.459+01:00 DEBUG 72666 --- [intelligent_pv] [        s0-io-2] .d.o.d.i.c.m.s.q.RuleBasedKeyspaceFilter : [s0] Filtering out 'system_auth' because it matches at least one regex exclude
2024-12-04T11:45:13.459+01:00 DEBUG 72666 --- [intelligent_pv] [        s0-io-2] .d.o.d.i.c.m.s.q.RuleBasedKeyspaceFilter : [s0] Filtering out 'system_schema' because it matches at least one regex exclude
2024-12-04T11:45:13.459+01:00 DEBUG 72666 --- [intelligent_pv] [        s0-io-2] .d.o.d.i.c.m.s.q.RuleBasedKeyspaceFilter : [s0] Filtering in 'campus' because it does not match any regex exclude
2024-12-04T11:45:13.459+01:00 DEBUG 72666 --- [intelligent_pv] [        s0-io-2] .d.o.d.i.c.m.s.q.RuleBasedKeyspaceFilter : [s0] Filtering in 'testbed' because it does not match any regex exclude
2024-12-04T11:45:13.459+01:00 DEBUG 72666 --- [intelligent_pv] [        s0-io-2] .d.o.d.i.c.m.s.q.RuleBasedKeyspaceFilter : [s0] Filtering in 'heliantha' because it does not match any regex exclude
2024-12-04T11:45:13.460+01:00 DEBUG 72666 --- [intelligent_pv] [        s0-io-2] .d.o.d.i.c.m.s.q.RuleBasedKeyspaceFilter : [s0] Filtering out 'system_distributed' because it matches at least one regex exclude
2024-12-04T11:45:13.460+01:00 DEBUG 72666 --- [intelligent_pv] [        s0-io-2] .d.o.d.i.c.m.s.q.RuleBasedKeyspaceFilter : [s0] Filtering out 'system' because it is excluded by name
2024-12-04T11:45:13.460+01:00 DEBUG 72666 --- [intelligent_pv] [        s0-io-2] .d.o.d.i.c.m.s.q.RuleBasedKeyspaceFilter : [s0] Filtering out 'system_traces' because it matches at least one regex exclude
2024-12-04T11:45:13.463+01:00 TRACE 72666 --- [intelligent_pv] [        s0-io-2] c.d.o.d.i.c.p.SegmentToFrameDecoder      : [s0|control|id: 0x5751efae, L:/192.168.100.54:52385 - R:/192.168.100.244:9042] Decoded response frame 10 from self-contained segment
2024-12-04T11:45:13.463+01:00 TRACE 72666 --- [intelligent_pv] [        s0-io-2] c.d.o.d.i.c.p.SegmentToFrameDecoder      : [s0|control|id: 0x5751efae, L:/192.168.100.54:52385 - R:/192.168.100.244:9042] Done processing self-contained segment (1 frames)
2024-12-04T11:45:13.463+01:00 DEBUG 72666 --- [intelligent_pv] [        s0-io-2] c.d.o.d.i.core.channel.InFlightHandler   : [s0|control|id: 0x5751efae, L:/192.168.100.54:52385 - R:/192.168.100.244:9042] Got last response on in-flight stream id 10, completing and releasing
2024-12-04T11:45:13.463+01:00 TRACE 72666 --- [intelligent_pv] [        s0-io-2] c.d.o.d.i.core.channel.InFlightHandler   : [s0|control|id: 0x5751efae, L:/192.168.100.54:52385 - R:/192.168.100.244:9042] Releasing stream id 10
2024-12-04T11:45:13.463+01:00 DEBUG 72666 --- [intelligent_pv] [        s0-io-2] c.d.o.d.i.c.a.AdminRequestHandler        : [s0] Got response ROWS(151 x 8 columns)
2024-12-04T11:45:13.470+01:00 TRACE 72666 --- [intelligent_pv] [        s0-io-2] c.d.o.d.i.c.p.SegmentToFrameDecoder      : [s0|control|id: 0x5751efae, L:/192.168.100.54:52385 - R:/192.168.100.244:9042] Decoded response frame 2 from self-contained segment
2024-12-04T11:45:13.470+01:00 TRACE 72666 --- [intelligent_pv] [        s0-io-2] c.d.o.d.i.c.p.SegmentToFrameDecoder      : [s0|control|id: 0x5751efae, L:/192.168.100.54:52385 - R:/192.168.100.244:9042] Done processing self-contained segment (1 frames)
2024-12-04T11:45:13.470+01:00 DEBUG 72666 --- [intelligent_pv] [        s0-io-2] c.d.o.d.i.core.channel.InFlightHandler   : [s0|control|id: 0x5751efae, L:/192.168.100.54:52385 - R:/192.168.100.244:9042] Got last response on in-flight stream id 2, completing and releasing
2024-12-04T11:45:13.470+01:00 TRACE 72666 --- [intelligent_pv] [        s0-io-2] c.d.o.d.i.core.channel.InFlightHandler   : [s0|control|id: 0x5751efae, L:/192.168.100.54:52385 - R:/192.168.100.244:9042] Releasing stream id 2
2024-12-04T11:45:13.470+01:00 DEBUG 72666 --- [intelligent_pv] [        s0-io-2] c.d.o.d.i.c.a.AdminRequestHandler        : [s0] Got response ROWS(61 x 22 columns)
2024-12-04T11:45:13.473+01:00 TRACE 72666 --- [intelligent_pv] [        s0-io-2] c.d.o.d.i.c.p.SegmentToFrameDecoder      : [s0|control|id: 0x5751efae, L:/192.168.100.54:52385 - R:/192.168.100.244:9042] Decoded response frame 3 from self-contained segment
2024-12-04T11:45:13.473+01:00 TRACE 72666 --- [intelligent_pv] [        s0-io-2] c.d.o.d.i.c.p.SegmentToFrameDecoder      : [s0|control|id: 0x5751efae, L:/192.168.100.54:52385 - R:/192.168.100.244:9042] Done processing self-contained segment (1 frames)
2024-12-04T11:45:13.473+01:00 DEBUG 72666 --- [intelligent_pv] [        s0-io-2] c.d.o.d.i.core.channel.InFlightHandler   : [s0|control|id: 0x5751efae, L:/192.168.100.54:52385 - R:/192.168.100.244:9042] Got last response on in-flight stream id 3, completing and releasing
2024-12-04T11:45:13.473+01:00 TRACE 72666 --- [intelligent_pv] [        s0-io-2] c.d.o.d.i.core.channel.InFlightHandler   : [s0|control|id: 0x5751efae, L:/192.168.100.54:52385 - R:/192.168.100.244:9042] Releasing stream id 3
2024-12-04T11:45:13.473+01:00 DEBUG 72666 --- [intelligent_pv] [        s0-io-2] c.d.o.d.i.c.a.AdminRequestHandler        : [s0] Got response ROWS(383 x 8 columns)
2024-12-04T11:45:13.474+01:00 DEBUG 72666 --- [intelligent_pv] [        s0-io-2] c.d.o.d.i.c.m.s.q.CassandraSchemaQueries : [s0] Schema queries took 25 ms
2024-12-04T11:45:13.480+01:00 DEBUG 72666 --- [intelligent_pv] [     s0-admin-0] c.d.o.d.i.c.m.s.p.CassandraSchemaParser  : [s0] Schema parsing took 5 ms
2024-12-04T11:45:13.482+01:00 DEBUG 72666 --- [intelligent_pv] [     s0-admin-0] c.d.o.d.i.core.metadata.DefaultMetadata  : [s0] Refreshing token map (only schema has changed)
2024-12-04T11:45:13.482+01:00 DEBUG 72666 --- [intelligent_pv] [     s0-admin-0] c.d.o.d.i.c.m.token.DefaultTokenMap      : [s0] Computing keyspace-level data for {trina={class=org.apache.cassandra.locator.SimpleStrategy, replication_factor=1}, campus={class=org.apache.cassandra.locator.SimpleStrategy, replication_factor=1}, testbed={class=org.apache.cassandra.locator.SimpleStrategy, replication_factor=1}, heliantha={class=org.apache.cassandra.locator.SimpleStrategy, replication_factor=1}, intelligentpv={class=org.apache.cassandra.locator.SimpleStrategy, replication_factor=1}}
2024-12-04T11:45:13.482+01:00 DEBUG 72666 --- [intelligent_pv] [     s0-admin-0] c.d.o.d.i.c.m.token.DefaultTokenMap      : [s0] Computing new keyspace-level data for {class=org.apache.cassandra.locator.SimpleStrategy, replication_factor=1}
2024-12-04T11:45:13.483+01:00 DEBUG 72666 --- [intelligent_pv] [     s0-admin-0] c.d.o.d.i.c.m.token.KeyspaceTokenMap     : [s0] Computing keyspace-level data for {class=org.apache.cassandra.locator.SimpleStrategy, replication_factor=1} took 558 us
2024-12-04T11:45:13.483+01:00 DEBUG 72666 --- [intelligent_pv] [     s0-admin-0] c.d.o.d.i.core.metadata.DefaultMetadata  : [s0] Rebuilding token map took 1 ms
2024-12-04T11:45:13.483+01:00 DEBUG 72666 --- [intelligent_pv] [     s0-admin-0] c.d.o.d.i.core.metadata.MetadataManager  : [s0] Applying schema refresh took 2 ms
2024-12-04T11:45:13.483+01:00 DEBUG 72666 --- [intelligent_pv] [     s0-admin-0] c.d.o.d.i.c.m.LoadBalancingPolicyWrapper : [s0] Initializing policies
2024-12-04T11:45:13.483+01:00 DEBUG 72666 --- [intelligent_pv] [     s0-admin-0] c.d.o.d.i.c.l.h.OptionalLocalDcHelper    : [s0|default] Local DC set from configuration: datacenter1
2024-12-04T11:45:13.484+01:00 DEBUG 72666 --- [intelligent_pv] [     s0-admin-0] c.d.o.d.internal.core.util.Reflection    : Creating a NodeDistanceEvaluator from config option basic.load-balancing-policy.evaluator.class
2024-12-04T11:45:13.484+01:00 DEBUG 72666 --- [intelligent_pv] [     s0-admin-0] c.d.o.d.internal.core.util.Reflection    : Option is not defined, skipping
2024-12-04T11:45:13.484+01:00 DEBUG 72666 --- [intelligent_pv] [     s0-admin-0] c.d.o.d.internal.core.util.Reflection    : Creating a Predicate from config option basic.load-balancing-policy.filter.class
2024-12-04T11:45:13.484+01:00 DEBUG 72666 --- [intelligent_pv] [     s0-admin-0] c.d.o.d.internal.core.util.Reflection    : Option is not defined, skipping
2024-12-04T11:45:13.484+01:00 DEBUG 72666 --- [intelligent_pv] [     s0-admin-0] c.l.h.DefaultNodeDistanceEvaluatorHelper : [s0|default] Evaluator did not assign a distance to node Node(endPoint=/192.168.100.244:9042, hostId=15ed43b2-67a9-4feb-99a5-ddbdc4db317a, hashCode=17616cd1)
2024-12-04T11:45:13.484+01:00 DEBUG 72666 --- [intelligent_pv] [     s0-admin-0] c.d.o.d.i.c.m.LoadBalancingPolicyWrapper : [s0] com.datastax.oss.driver.internal.core.loadbalancing.DefaultLoadBalancingPolicy@782ec3 suggested Node(endPoint=/192.168.100.244:9042, hostId=15ed43b2-67a9-4feb-99a5-ddbdc4db317a, hashCode=17616cd1) to LOCAL, checking what other policies said
2024-12-04T11:45:13.484+01:00 DEBUG 72666 --- [intelligent_pv] [     s0-admin-0] c.d.o.d.i.c.m.LoadBalancingPolicyWrapper : [s0] Shortest distance across all policies is LOCAL
2024-12-04T11:45:13.484+01:00 DEBUG 72666 --- [intelligent_pv] [     s0-admin-0] c.d.o.d.i.c.m.LoadBalancingPolicyWrapper : [s0] Node(endPoint=/192.168.100.244:9042, hostId=15ed43b2-67a9-4feb-99a5-ddbdc4db317a, hashCode=17616cd1) was IGNORED, changing to LOCAL
2024-12-04T11:45:13.484+01:00 DEBUG 72666 --- [intelligent_pv] [     s0-admin-0] c.d.o.d.internal.core.context.EventBus   : [s0] Firing an instance of class com.datastax.oss.driver.internal.core.metadata.DistanceEvent: DistanceEvent(LOCAL, Node(endPoint=/192.168.100.244:9042, hostId=15ed43b2-67a9-4feb-99a5-ddbdc4db317a, hashCode=17616cd1))
2024-12-04T11:45:13.484+01:00 DEBUG 72666 --- [intelligent_pv] [     s0-admin-0] c.d.o.d.internal.core.context.EventBus   : [s0] Notifying com.datastax.oss.driver.internal.core.util.concurrent.RunOrSchedule$$Lambda/0x00000004015d0778@56d822dc of DistanceEvent(LOCAL, Node(endPoint=/192.168.100.244:9042, hostId=15ed43b2-67a9-4feb-99a5-ddbdc4db317a, hashCode=17616cd1))
2024-12-04T11:45:13.484+01:00 DEBUG 72666 --- [intelligent_pv] [     s0-admin-0] c.d.o.d.internal.core.context.EventBus   : [s0] Notifying com.datastax.oss.driver.internal.core.util.concurrent.RunOrSchedule$$Lambda/0x00000004015d0778@631bc9f4 of DistanceEvent(LOCAL, Node(endPoint=/192.168.100.244:9042, hostId=15ed43b2-67a9-4feb-99a5-ddbdc4db317a, hashCode=17616cd1))
2024-12-04T11:45:13.485+01:00 DEBUG 72666 --- [intelligent_pv] [     s0-admin-0] .d.o.d.i.c.c.t.DefaultDriverConfigLoader : [s0] Scheduling periodic reloading with interval PT5M
2024-12-04T11:45:13.485+01:00 DEBUG 72666 --- [intelligent_pv] [     s0-admin-1] c.d.o.d.i.core.session.PoolManager       : [s0] Starting initialization
2024-12-04T11:45:13.485+01:00 DEBUG 72666 --- [intelligent_pv] [     s0-admin-1] c.d.o.d.i.core.session.PoolManager       : [s0] Creating a pool for Node(endPoint=/192.168.100.244:9042, hostId=15ed43b2-67a9-4feb-99a5-ddbdc4db317a, hashCode=17616cd1)
2024-12-04T11:45:13.486+01:00 DEBUG 72666 --- [intelligent_pv] [     s0-admin-1] c.d.o.d.internal.core.context.EventBus   : [s0] Registering com.datastax.oss.driver.internal.core.util.concurrent.RunOrSchedule$$Lambda/0x00000004015d0778@193ce133 for class com.datastax.oss.driver.internal.core.config.ConfigChangeEvent
2024-12-04T11:45:13.486+01:00 DEBUG 72666 --- [intelligent_pv] [     s0-admin-1] c.d.o.d.internal.core.pool.ChannelPool   : [s0|/192.168.100.244:9042] Trying to create 1 missing channels
2024-12-04T11:45:13.491+01:00 DEBUG 72666 --- [intelligent_pv] [        s0-io-3] c.d.o.d.i.c.channel.ProtocolInitHandler  : [s0|connecting...] Starting channel initialization
2024-12-04T11:45:13.491+01:00 TRACE 72666 --- [intelligent_pv] [        s0-io-3] c.d.o.d.i.core.channel.InFlightHandler   : [s0|connecting...] Writing init query STARTUP on stream id 0
2024-12-04T11:45:13.498+01:00 DEBUG 72666 --- [intelligent_pv] [        s0-io-3] c.d.o.d.i.core.channel.InFlightHandler   : [s0|id: 0x0111ea8c, L:/192.168.100.54:52389 - R:/192.168.100.244:9042] Got last response on in-flight stream id 0, completing and releasing
2024-12-04T11:45:13.498+01:00 TRACE 72666 --- [intelligent_pv] [        s0-io-3] c.d.o.d.i.core.channel.InFlightHandler   : [s0|id: 0x0111ea8c, L:/192.168.100.54:52389 - R:/192.168.100.244:9042] Releasing stream id 0
2024-12-04T11:45:13.498+01:00 DEBUG 72666 --- [intelligent_pv] [        s0-io-3] c.d.o.d.i.c.channel.ProtocolInitHandler  : [s0|id: 0x0111ea8c, L:/192.168.100.54:52389 - R:/192.168.100.244:9042] step STARTUP received response opcode=AUTHENTICATE
2024-12-04T11:45:13.498+01:00 TRACE 72666 --- [intelligent_pv] [        s0-io-3] c.d.o.d.i.core.channel.InFlightHandler   : [s0|id: 0x0111ea8c, L:/192.168.100.54:52389 - R:/192.168.100.244:9042] Writing init query AUTH_RESPONSE on stream id 0
2024-12-04T11:45:13.498+01:00 TRACE 72666 --- [intelligent_pv] [        s0-io-3] c.d.o.d.i.c.p.ByteBufSegmentBuilder      : [s0|id: 0x0111ea8c, L:/192.168.100.54:52389 - R:/192.168.100.244:9042] Added frame 0 to current self-contained segment (bringing it to 31/131071 bytes, 1 frames)
2024-12-04T11:45:13.498+01:00 TRACE 72666 --- [intelligent_pv] [        s0-io-3] c.d.o.d.i.c.p.ByteBufSegmentBuilder      : [s0|id: 0x0111ea8c, L:/192.168.100.54:52389 - R:/192.168.100.244:9042] Flushing last self-contained segment (31/131071 bytes, 1 frames)
2024-12-04T11:45:13.554+01:00 TRACE 72666 --- [intelligent_pv] [        s0-io-3] c.d.o.d.i.c.p.SegmentToFrameDecoder      : [s0|id: 0x0111ea8c, L:/192.168.100.54:52389 - R:/192.168.100.244:9042] Decoded response frame 0 from self-contained segment
2024-12-04T11:45:13.554+01:00 TRACE 72666 --- [intelligent_pv] [        s0-io-3] c.d.o.d.i.c.p.SegmentToFrameDecoder      : [s0|id: 0x0111ea8c, L:/192.168.100.54:52389 - R:/192.168.100.244:9042] Done processing self-contained segment (1 frames)
2024-12-04T11:45:13.554+01:00 DEBUG 72666 --- [intelligent_pv] [        s0-io-3] c.d.o.d.i.core.channel.InFlightHandler   : [s0|id: 0x0111ea8c, L:/192.168.100.54:52389 - R:/192.168.100.244:9042] Got last response on in-flight stream id 0, completing and releasing
2024-12-04T11:45:13.554+01:00 TRACE 72666 --- [intelligent_pv] [        s0-io-3] c.d.o.d.i.core.channel.InFlightHandler   : [s0|id: 0x0111ea8c, L:/192.168.100.54:52389 - R:/192.168.100.244:9042] Releasing stream id 0
2024-12-04T11:45:13.554+01:00 DEBUG 72666 --- [intelligent_pv] [        s0-io-3] c.d.o.d.i.c.channel.ProtocolInitHandler  : [s0|id: 0x0111ea8c, L:/192.168.100.54:52389 - R:/192.168.100.244:9042] step AUTH_RESPONSE received response opcode=AUTH_SUCCESS
2024-12-04T11:45:13.554+01:00 TRACE 72666 --- [intelligent_pv] [        s0-io-3] c.d.o.d.i.core.channel.InFlightHandler   : [s0|id: 0x0111ea8c, L:/192.168.100.54:52389 - R:/192.168.100.244:9042] Writing init query GET_CLUSTER_NAME on stream id 0
2024-12-04T11:45:13.554+01:00 TRACE 72666 --- [intelligent_pv] [        s0-io-3] c.d.o.d.i.c.p.ByteBufSegmentBuilder      : [s0|id: 0x0111ea8c, L:/192.168.100.54:52389 - R:/192.168.100.244:9042] Added frame 0 to current self-contained segment (bringing it to 56/131071 bytes, 1 frames)
2024-12-04T11:45:13.554+01:00 TRACE 72666 --- [intelligent_pv] [        s0-io-3] c.d.o.d.i.c.p.ByteBufSegmentBuilder      : [s0|id: 0x0111ea8c, L:/192.168.100.54:52389 - R:/192.168.100.244:9042] Flushing last self-contained segment (56/131071 bytes, 1 frames)
2024-12-04T11:45:13.559+01:00 TRACE 72666 --- [intelligent_pv] [        s0-io-3] c.d.o.d.i.c.p.SegmentToFrameDecoder      : [s0|id: 0x0111ea8c, L:/192.168.100.54:52389 - R:/192.168.100.244:9042] Decoded response frame 0 from self-contained segment
2024-12-04T11:45:13.559+01:00 TRACE 72666 --- [intelligent_pv] [        s0-io-3] c.d.o.d.i.c.p.SegmentToFrameDecoder      : [s0|id: 0x0111ea8c, L:/192.168.100.54:52389 - R:/192.168.100.244:9042] Done processing self-contained segment (1 frames)
2024-12-04T11:45:13.559+01:00 DEBUG 72666 --- [intelligent_pv] [        s0-io-3] c.d.o.d.i.core.channel.InFlightHandler   : [s0|id: 0x0111ea8c, L:/192.168.100.54:52389 - R:/192.168.100.244:9042] Got last response on in-flight stream id 0, completing and releasing
2024-12-04T11:45:13.559+01:00 TRACE 72666 --- [intelligent_pv] [        s0-io-3] c.d.o.d.i.core.channel.InFlightHandler   : [s0|id: 0x0111ea8c, L:/192.168.100.54:52389 - R:/192.168.100.244:9042] Releasing stream id 0
2024-12-04T11:45:13.559+01:00 DEBUG 72666 --- [intelligent_pv] [        s0-io-3] c.d.o.d.i.c.channel.ProtocolInitHandler  : [s0|id: 0x0111ea8c, L:/192.168.100.54:52389 - R:/192.168.100.244:9042] step GET_CLUSTER_NAME received response opcode=RESULT
2024-12-04T11:45:13.559+01:00 TRACE 72666 --- [intelligent_pv] [        s0-io-3] c.d.o.d.i.core.channel.InFlightHandler   : [s0|id: 0x0111ea8c, L:/192.168.100.54:52389 - R:/192.168.100.244:9042] Writing init query SET_KEYSPACE on stream id 0
2024-12-04T11:45:13.559+01:00 TRACE 72666 --- [intelligent_pv] [        s0-io-3] c.d.o.d.i.c.p.ByteBufSegmentBuilder      : [s0|id: 0x0111ea8c, L:/192.168.100.54:52389 - R:/192.168.100.244:9042] Added frame 0 to current self-contained segment (bringing it to 38/131071 bytes, 1 frames)
2024-12-04T11:45:13.559+01:00 TRACE 72666 --- [intelligent_pv] [        s0-io-3] c.d.o.d.i.c.p.ByteBufSegmentBuilder      : [s0|id: 0x0111ea8c, L:/192.168.100.54:52389 - R:/192.168.100.244:9042] Flushing last self-contained segment (38/131071 bytes, 1 frames)
2024-12-04T11:45:13.571+01:00 TRACE 72666 --- [intelligent_pv] [        s0-io-3] c.d.o.d.i.c.p.SegmentToFrameDecoder      : [s0|id: 0x0111ea8c, L:/192.168.100.54:52389 - R:/192.168.100.244:9042] Decoded response frame 0 from self-contained segment
2024-12-04T11:45:13.571+01:00 TRACE 72666 --- [intelligent_pv] [        s0-io-3] c.d.o.d.i.c.p.SegmentToFrameDecoder      : [s0|id: 0x0111ea8c, L:/192.168.100.54:52389 - R:/192.168.100.244:9042] Done processing self-contained segment (1 frames)
2024-12-04T11:45:13.571+01:00 DEBUG 72666 --- [intelligent_pv] [        s0-io-3] c.d.o.d.i.core.channel.InFlightHandler   : [s0|id: 0x0111ea8c, L:/192.168.100.54:52389 - R:/192.168.100.244:9042] Got last response on in-flight stream id 0, completing and releasing
2024-12-04T11:45:13.571+01:00 TRACE 72666 --- [intelligent_pv] [        s0-io-3] c.d.o.d.i.core.channel.InFlightHandler   : [s0|id: 0x0111ea8c, L:/192.168.100.54:52389 - R:/192.168.100.244:9042] Releasing stream id 0
2024-12-04T11:45:13.571+01:00 DEBUG 72666 --- [intelligent_pv] [        s0-io-3] c.d.o.d.i.c.channel.ProtocolInitHandler  : [s0|id: 0x0111ea8c, L:/192.168.100.54:52389 - R:/192.168.100.244:9042] step SET_KEYSPACE received response opcode=RESULT
2024-12-04T11:45:13.571+01:00 DEBUG 72666 --- [intelligent_pv] [     s0-admin-1] c.d.o.d.internal.core.pool.ChannelPool   : [s0|/192.168.100.244:9042] New channel added [id: 0x0111ea8c, L:/192.168.100.54:52389 - R:/192.168.100.244:9042]
2024-12-04T11:45:13.571+01:00 DEBUG 72666 --- [intelligent_pv] [     s0-admin-1] c.d.o.d.internal.core.context.EventBus   : [s0] Firing an instance of class com.datastax.oss.driver.internal.core.channel.ChannelEvent: ChannelEvent(OPENED, Node(endPoint=/192.168.100.244:9042, hostId=15ed43b2-67a9-4feb-99a5-ddbdc4db317a, hashCode=17616cd1))
2024-12-04T11:45:13.572+01:00 DEBUG 72666 --- [intelligent_pv] [     s0-admin-1] c.d.o.d.internal.core.context.EventBus   : [s0] Notifying com.datastax.oss.driver.internal.core.util.concurrent.RunOrSchedule$$Lambda/0x00000004015d0778@6d001fbe of ChannelEvent(OPENED, Node(endPoint=/192.168.100.244:9042, hostId=15ed43b2-67a9-4feb-99a5-ddbdc4db317a, hashCode=17616cd1))
2024-12-04T11:45:13.572+01:00 DEBUG 72666 --- [intelligent_pv] [     s0-admin-1] c.d.o.d.i.c.metadata.NodeStateManager    : [s0] Processing ChannelEvent(OPENED, Node(endPoint=/192.168.100.244:9042, hostId=15ed43b2-67a9-4feb-99a5-ddbdc4db317a, hashCode=17616cd1))
2024-12-04T11:45:13.572+01:00 DEBUG 72666 --- [intelligent_pv] [     s0-admin-1] c.d.o.d.internal.core.pool.ChannelPool   : [s0|/192.168.100.244:9042] Reconnection attempt complete, 1/1 channels
2024-12-04T11:45:13.572+01:00 DEBUG 72666 --- [intelligent_pv] [     s0-admin-1] c.d.o.d.i.core.session.PoolManager       : [s0] All pools have finished initializing
2024-12-04T11:45:13.572+01:00 DEBUG 72666 --- [intelligent_pv] [     s0-admin-1] c.d.o.d.i.core.session.PoolManager       : [s0] Initialization complete, ready
2024-12-04T11:45:13.572+01:00 DEBUG 72666 --- [intelligent_pv] [     s0-admin-1] c.d.o.d.i.core.session.DefaultSession    : [s0] Initialization complete, ready
2024-12-04T11:45:13.572+01:00 TRACE 72666 --- [intelligent_pv] [     s0-admin-1] c.d.o.d.internal.core.util.Reflection    : Attempting to load com.fasterxml.jackson.core.JsonParser with driver's class loader
2024-12-04T11:45:13.573+01:00 TRACE 72666 --- [intelligent_pv] [     s0-admin-1] c.d.o.d.internal.core.util.Reflection    : Successfully loaded com.fasterxml.jackson.core.JsonParser
2024-12-04T11:45:13.573+01:00 TRACE 72666 --- [intelligent_pv] [     s0-admin-1] c.d.o.d.internal.core.util.Reflection    : Attempting to load com.fasterxml.jackson.databind.ObjectMapper with driver's class loader
2024-12-04T11:45:13.573+01:00 TRACE 72666 --- [intelligent_pv] [     s0-admin-1] c.d.o.d.internal.core.util.Reflection    : Successfully loaded com.fasterxml.jackson.databind.ObjectMapper
2024-12-04T11:45:13.581+01:00 TRACE 72666 --- [intelligent_pv] [           main] c.d.o.d.i.c.t.c.r.CachingCodecRegistry   : [s0] Looking up codec for Java type java.util.UUID (covariant = false)
2024-12-04T11:45:13.581+01:00 TRACE 72666 --- [intelligent_pv] [           main] c.d.o.d.i.c.t.c.r.CachingCodecRegistry   : [s0] Found matching primitive codec com.datastax.oss.driver.internal.core.type.codec.UuidCodec@1653b84e
2024-12-04T11:45:13.583+01:00 TRACE 72666 --- [intelligent_pv] [           main] c.d.o.d.i.c.t.c.r.CachingCodecRegistry   : [s0] Looking up codec for CQL type TEXT
2024-12-04T11:45:13.583+01:00 TRACE 72666 --- [intelligent_pv] [           main] c.d.o.d.i.c.t.c.r.CachingCodecRegistry   : [s0] Found matching primitive codec com.datastax.oss.driver.internal.core.type.codec.StringCodec@47044f7d
2024-12-04T11:45:13.583+01:00 TRACE 72666 --- [intelligent_pv] [           main] c.d.o.d.i.c.t.c.r.CachingCodecRegistry   : [s0] Looking up codec for CQL type TEXT
2024-12-04T11:45:13.583+01:00 TRACE 72666 --- [intelligent_pv] [           main] c.d.o.d.i.c.t.c.r.CachingCodecRegistry   : [s0] Found matching primitive codec com.datastax.oss.driver.internal.core.type.codec.StringCodec@47044f7d
2024-12-04T11:45:13.583+01:00 TRACE 72666 --- [intelligent_pv] [           main] c.d.o.d.i.c.t.c.r.CachingCodecRegistry   : [s0] Looking up codec for CQL type TEXT
2024-12-04T11:45:13.583+01:00 TRACE 72666 --- [intelligent_pv] [           main] c.d.o.d.i.c.t.c.r.CachingCodecRegistry   : [s0] Found matching primitive codec com.datastax.oss.driver.internal.core.type.codec.StringCodec@47044f7d
2024-12-04T11:45:13.583+01:00 TRACE 72666 --- [intelligent_pv] [           main] c.d.o.d.i.c.t.c.r.CachingCodecRegistry   : [s0] Looking up codec for Java type java.lang.String (covariant = false)
2024-12-04T11:45:13.583+01:00 TRACE 72666 --- [intelligent_pv] [           main] c.d.o.d.i.c.t.c.r.CachingCodecRegistry   : [s0] Found matching primitive codec com.datastax.oss.driver.internal.core.type.codec.StringCodec@47044f7d
2024-12-04T11:45:13.583+01:00 TRACE 72666 --- [intelligent_pv] [           main] c.d.o.d.i.c.t.c.r.CachingCodecRegistry   : [s0] Looking up codec for Java type int (covariant = false)
2024-12-04T11:45:13.584+01:00 TRACE 72666 --- [intelligent_pv] [           main] c.d.o.d.i.c.t.c.r.CachingCodecRegistry   : [s0] Found matching primitive codec com.datastax.oss.driver.internal.core.type.codec.IntCodec@580902cd
2024-12-04T11:45:13.584+01:00 TRACE 72666 --- [intelligent_pv] [           main] c.d.o.d.i.c.t.c.r.CachingCodecRegistry   : [s0] Looking up codec for Java type double (covariant = false)
2024-12-04T11:45:13.584+01:00 TRACE 72666 --- [intelligent_pv] [           main] c.d.o.d.i.c.t.c.r.CachingCodecRegistry   : [s0] Found matching primitive codec com.datastax.oss.driver.internal.core.type.codec.DoubleCodec@437c4b25
2024-12-04T11:45:13.584+01:00 TRACE 72666 --- [intelligent_pv] [           main] c.d.o.d.i.c.t.c.r.CachingCodecRegistry   : [s0] Looking up codec for Java type java.time.Instant (covariant = false)
2024-12-04T11:45:13.584+01:00 TRACE 72666 --- [intelligent_pv] [           main] c.d.o.d.i.c.t.c.r.CachingCodecRegistry   : [s0] Found matching primitive codec com.datastax.oss.driver.internal.core.type.codec.TimestampCodec@3757e8e2
2024-12-04T11:45:13.584+01:00 TRACE 72666 --- [intelligent_pv] [           main] c.d.o.d.i.c.t.c.r.CachingCodecRegistry   : [s0] Looking up codec for Java type int (covariant = false)
2024-12-04T11:45:13.584+01:00 TRACE 72666 --- [intelligent_pv] [           main] c.d.o.d.i.c.t.c.r.CachingCodecRegistry   : [s0] Found matching primitive codec com.datastax.oss.driver.internal.core.type.codec.IntCodec@580902cd
2024-12-04T11:45:13.584+01:00 TRACE 72666 --- [intelligent_pv] [           main] c.d.o.d.i.c.t.c.r.CachingCodecRegistry   : [s0] Looking up codec for Java type java.time.Instant (covariant = false)
2024-12-04T11:45:13.584+01:00 TRACE 72666 --- [intelligent_pv] [           main] c.d.o.d.i.c.t.c.r.CachingCodecRegistry   : [s0] Found matching primitive codec com.datastax.oss.driver.internal.core.type.codec.TimestampCodec@3757e8e2
2024-12-04T11:45:13.584+01:00 TRACE 72666 --- [intelligent_pv] [           main] c.d.o.d.i.c.t.c.r.CachingCodecRegistry   : [s0] Looking up codec for Java type java.lang.Double (covariant = false)
2024-12-04T11:45:13.584+01:00 TRACE 72666 --- [intelligent_pv] [           main] c.d.o.d.i.c.t.c.r.CachingCodecRegistry   : [s0] Found matching primitive codec com.datastax.oss.driver.internal.core.type.codec.DoubleCodec@437c4b25
2024-12-04T11:45:13.584+01:00 TRACE 72666 --- [intelligent_pv] [           main] c.d.o.d.i.c.t.c.r.CachingCodecRegistry   : [s0] Looking up codec for Java type java.lang.Double (covariant = false)
2024-12-04T11:45:13.584+01:00 TRACE 72666 --- [intelligent_pv] [           main] c.d.o.d.i.c.t.c.r.CachingCodecRegistry   : [s0] Found matching primitive codec com.datastax.oss.driver.internal.core.type.codec.DoubleCodec@437c4b25
2024-12-04T11:45:13.584+01:00 TRACE 72666 --- [intelligent_pv] [           main] c.d.o.d.i.c.t.c.r.CachingCodecRegistry   : [s0] Looking up codec for Java type java.lang.Integer (covariant = false)
2024-12-04T11:45:13.584+01:00 TRACE 72666 --- [intelligent_pv] [           main] c.d.o.d.i.c.t.c.r.CachingCodecRegistry   : [s0] Found matching primitive codec com.datastax.oss.driver.internal.core.type.codec.IntCodec@580902cd
2024-12-04T11:45:13.585+01:00 TRACE 72666 --- [intelligent_pv] [           main] c.d.o.d.i.c.t.c.r.CachingCodecRegistry   : [s0] Looking up codec for Java type java.lang.Double (covariant = false)
2024-12-04T11:45:13.585+01:00 TRACE 72666 --- [intelligent_pv] [           main] c.d.o.d.i.c.t.c.r.CachingCodecRegistry   : [s0] Found matching primitive codec com.datastax.oss.driver.internal.core.type.codec.DoubleCodec@437c4b25
2024-12-04T11:45:13.585+01:00 TRACE 72666 --- [intelligent_pv] [           main] c.d.o.d.i.c.t.c.r.CachingCodecRegistry   : [s0] Looking up codec for Java type java.lang.String (covariant = false)
2024-12-04T11:45:13.585+01:00 TRACE 72666 --- [intelligent_pv] [           main] c.d.o.d.i.c.t.c.r.CachingCodecRegistry   : [s0] Found matching primitive codec com.datastax.oss.driver.internal.core.type.codec.StringCodec@47044f7d
2024-12-04T11:45:13.585+01:00 TRACE 72666 --- [intelligent_pv] [           main] c.d.o.d.i.c.t.c.r.CachingCodecRegistry   : [s0] Looking up codec for Java type java.lang.Double (covariant = false)
2024-12-04T11:45:13.585+01:00 TRACE 72666 --- [intelligent_pv] [           main] c.d.o.d.i.c.t.c.r.CachingCodecRegistry   : [s0] Found matching primitive codec com.datastax.oss.driver.internal.core.type.codec.DoubleCodec@437c4b25
2024-12-04T11:45:13.585+01:00 TRACE 72666 --- [intelligent_pv] [           main] c.d.o.d.i.c.t.c.r.CachingCodecRegistry   : [s0] Looking up codec for Java type java.lang.Double (covariant = false)
2024-12-04T11:45:13.585+01:00 TRACE 72666 --- [intelligent_pv] [           main] c.d.o.d.i.c.t.c.r.CachingCodecRegistry   : [s0] Found matching primitive codec com.datastax.oss.driver.internal.core.type.codec.DoubleCodec@437c4b25
2024-12-04T11:45:13.585+01:00 TRACE 72666 --- [intelligent_pv] [           main] c.d.o.d.i.c.t.c.r.CachingCodecRegistry   : [s0] Looking up codec for Java type java.lang.Double (covariant = false)
2024-12-04T11:45:13.585+01:00 TRACE 72666 --- [intelligent_pv] [           main] c.d.o.d.i.c.t.c.r.CachingCodecRegistry   : [s0] Found matching primitive codec com.datastax.oss.driver.internal.core.type.codec.DoubleCodec@437c4b25
2024-12-04T11:45:13.585+01:00 TRACE 72666 --- [intelligent_pv] [           main] c.d.o.d.i.c.t.c.r.CachingCodecRegistry   : [s0] Looking up codec for Java type java.lang.Double (covariant = false)
2024-12-04T11:45:13.585+01:00 TRACE 72666 --- [intelligent_pv] [           main] c.d.o.d.i.c.t.c.r.CachingCodecRegistry   : [s0] Found matching primitive codec com.datastax.oss.driver.internal.core.type.codec.DoubleCodec@437c4b25
2024-12-04T11:45:13.585+01:00 TRACE 72666 --- [intelligent_pv] [           main] c.d.o.d.i.c.t.c.r.CachingCodecRegistry   : [s0] Looking up codec for Java type java.lang.Double (covariant = false)
2024-12-04T11:45:13.585+01:00 TRACE 72666 --- [intelligent_pv] [           main] c.d.o.d.i.c.t.c.r.CachingCodecRegistry   : [s0] Found matching primitive codec com.datastax.oss.driver.internal.core.type.codec.DoubleCodec@437c4b25
2024-12-04T11:45:13.585+01:00 TRACE 72666 --- [intelligent_pv] [           main] c.d.o.d.i.c.t.c.r.CachingCodecRegistry   : [s0] Looking up codec for Java type int (covariant = false)
2024-12-04T11:45:13.585+01:00 TRACE 72666 --- [intelligent_pv] [           main] c.d.o.d.i.c.t.c.r.CachingCodecRegistry   : [s0] Found matching primitive codec com.datastax.oss.driver.internal.core.type.codec.IntCodec@580902cd
2024-12-04T11:45:13.585+01:00 TRACE 72666 --- [intelligent_pv] [           main] c.d.o.d.i.c.t.c.r.CachingCodecRegistry   : [s0] Looking up codec for Java type int (covariant = false)
2024-12-04T11:45:13.585+01:00 TRACE 72666 --- [intelligent_pv] [           main] c.d.o.d.i.c.t.c.r.CachingCodecRegistry   : [s0] Found matching primitive codec com.datastax.oss.driver.internal.core.type.codec.IntCodec@580902cd
2024-12-04T11:45:13.585+01:00 TRACE 72666 --- [intelligent_pv] [           main] c.d.o.d.i.c.t.c.r.CachingCodecRegistry   : [s0] Looking up codec for Java type java.lang.String (covariant = false)
2024-12-04T11:45:13.585+01:00 TRACE 72666 --- [intelligent_pv] [           main] c.d.o.d.i.c.t.c.r.CachingCodecRegistry   : [s0] Found matching primitive codec com.datastax.oss.driver.internal.core.type.codec.StringCodec@47044f7d
2024-12-04T11:45:13.585+01:00 TRACE 72666 --- [intelligent_pv] [           main] c.d.o.d.i.c.t.c.r.CachingCodecRegistry   : [s0] Looking up codec for Java type java.lang.String (covariant = false)
2024-12-04T11:45:13.586+01:00 TRACE 72666 --- [intelligent_pv] [           main] c.d.o.d.i.c.t.c.r.CachingCodecRegistry   : [s0] Found matching primitive codec com.datastax.oss.driver.internal.core.type.codec.StringCodec@47044f7d
2024-12-04T11:45:13.586+01:00 TRACE 72666 --- [intelligent_pv] [           main] c.d.o.d.i.c.t.c.r.CachingCodecRegistry   : [s0] Looking up codec for Java type java.lang.String (covariant = false)
2024-12-04T11:45:13.586+01:00 TRACE 72666 --- [intelligent_pv] [           main] c.d.o.d.i.c.t.c.r.CachingCodecRegistry   : [s0] Found matching primitive codec com.datastax.oss.driver.internal.core.type.codec.StringCodec@47044f7d
2024-12-04T11:45:13.586+01:00 TRACE 72666 --- [intelligent_pv] [           main] c.d.o.d.i.c.t.c.r.CachingCodecRegistry   : [s0] Looking up codec for Java type java.lang.String (covariant = false)
2024-12-04T11:45:13.586+01:00 TRACE 72666 --- [intelligent_pv] [           main] c.d.o.d.i.c.t.c.r.CachingCodecRegistry   : [s0] Found matching primitive codec com.datastax.oss.driver.internal.core.type.codec.StringCodec@47044f7d
2024-12-04T11:45:13.586+01:00 TRACE 72666 --- [intelligent_pv] [           main] c.d.o.d.i.c.t.c.r.CachingCodecRegistry   : [s0] Looking up codec for Java type int (covariant = false)
2024-12-04T11:45:13.586+01:00 TRACE 72666 --- [intelligent_pv] [           main] c.d.o.d.i.c.t.c.r.CachingCodecRegistry   : [s0] Found matching primitive codec com.datastax.oss.driver.internal.core.type.codec.IntCodec@580902cd
2024-12-04T11:45:13.586+01:00 TRACE 72666 --- [intelligent_pv] [           main] c.d.o.d.i.c.t.c.r.CachingCodecRegistry   : [s0] Looking up codec for Java type java.lang.String (covariant = false)
2024-12-04T11:45:13.586+01:00 TRACE 72666 --- [intelligent_pv] [           main] c.d.o.d.i.c.t.c.r.CachingCodecRegistry   : [s0] Found matching primitive codec com.datastax.oss.driver.internal.core.type.codec.StringCodec@47044f7d
2024-12-04T11:45:13.586+01:00 TRACE 72666 --- [intelligent_pv] [           main] c.d.o.d.i.c.t.c.r.CachingCodecRegistry   : [s0] Looking up codec for Java type java.lang.String (covariant = false)
2024-12-04T11:45:13.586+01:00 TRACE 72666 --- [intelligent_pv] [           main] c.d.o.d.i.c.t.c.r.CachingCodecRegistry   : [s0] Found matching primitive codec com.datastax.oss.driver.internal.core.type.codec.StringCodec@47044f7d
2024-12-04T11:45:13.586+01:00 TRACE 72666 --- [intelligent_pv] [           main] c.d.o.d.i.c.t.c.r.CachingCodecRegistry   : [s0] Looking up codec for Java type java.time.Instant (covariant = false)
2024-12-04T11:45:13.586+01:00 TRACE 72666 --- [intelligent_pv] [           main] c.d.o.d.i.c.t.c.r.CachingCodecRegistry   : [s0] Found matching primitive codec com.datastax.oss.driver.internal.core.type.codec.TimestampCodec@3757e8e2
2024-12-04T11:45:13.586+01:00 TRACE 72666 --- [intelligent_pv] [           main] c.d.o.d.i.c.t.c.r.CachingCodecRegistry   : [s0] Looking up codec for Java type java.lang.String (covariant = false)
2024-12-04T11:45:13.586+01:00 TRACE 72666 --- [intelligent_pv] [           main] c.d.o.d.i.c.t.c.r.CachingCodecRegistry   : [s0] Found matching primitive codec com.datastax.oss.driver.internal.core.type.codec.StringCodec@47044f7d
2024-12-04T11:45:13.586+01:00 TRACE 72666 --- [intelligent_pv] [           main] c.d.o.d.i.c.t.c.r.CachingCodecRegistry   : [s0] Looking up codec for Java type int (covariant = false)
2024-12-04T11:45:13.586+01:00 TRACE 72666 --- [intelligent_pv] [           main] c.d.o.d.i.c.t.c.r.CachingCodecRegistry   : [s0] Found matching primitive codec com.datastax.oss.driver.internal.core.type.codec.IntCodec@580902cd
2024-12-04T11:45:13.586+01:00 TRACE 72666 --- [intelligent_pv] [           main] c.d.o.d.i.c.t.c.r.CachingCodecRegistry   : [s0] Looking up codec for Java type int (covariant = false)
2024-12-04T11:45:13.586+01:00 TRACE 72666 --- [intelligent_pv] [           main] c.d.o.d.i.c.t.c.r.CachingCodecRegistry   : [s0] Found matching primitive codec com.datastax.oss.driver.internal.core.type.codec.IntCodec@580902cd
2024-12-04T11:45:13.586+01:00 TRACE 72666 --- [intelligent_pv] [           main] c.d.o.d.i.c.t.c.r.CachingCodecRegistry   : [s0] Looking up codec for Java type java.time.Instant (covariant = false)
2024-12-04T11:45:13.586+01:00 TRACE 72666 --- [intelligent_pv] [           main] c.d.o.d.i.c.t.c.r.CachingCodecRegistry   : [s0] Found matching primitive codec com.datastax.oss.driver.internal.core.type.codec.TimestampCodec@3757e8e2
2024-12-04T11:45:13.586+01:00 TRACE 72666 --- [intelligent_pv] [           main] c.d.o.d.i.c.t.c.r.CachingCodecRegistry   : [s0] Looking up codec for Java type java.lang.String (covariant = false)
2024-12-04T11:45:13.586+01:00 TRACE 72666 --- [intelligent_pv] [           main] c.d.o.d.i.c.t.c.r.CachingCodecRegistry   : [s0] Found matching primitive codec com.datastax.oss.driver.internal.core.type.codec.StringCodec@47044f7d
2024-12-04T11:45:13.587+01:00 TRACE 72666 --- [intelligent_pv] [           main] c.d.o.d.i.c.t.c.r.CachingCodecRegistry   : [s0] Looking up codec for Java type java.lang.String (covariant = false)
2024-12-04T11:45:13.587+01:00 TRACE 72666 --- [intelligent_pv] [           main] c.d.o.d.i.c.t.c.r.CachingCodecRegistry   : [s0] Found matching primitive codec com.datastax.oss.driver.internal.core.type.codec.StringCodec@47044f7d
2024-12-04T11:45:13.587+01:00 TRACE 72666 --- [intelligent_pv] [           main] c.d.o.d.i.c.t.c.r.CachingCodecRegistry   : [s0] Looking up codec for Java type double (covariant = false)
2024-12-04T11:45:13.587+01:00 TRACE 72666 --- [intelligent_pv] [           main] c.d.o.d.i.c.t.c.r.CachingCodecRegistry   : [s0] Found matching primitive codec com.datastax.oss.driver.internal.core.type.codec.DoubleCodec@437c4b25
2024-12-04T11:45:13.588+01:00 DEBUG 72666 --- [intelligent_pv] [           main] o.s.data.cassandra.core.cql.CqlTemplate  : Executing CQL statement [CREATE TABLE IF NOT EXISTS users (id uuid, username text, password text, roles set<text>, PRIMARY KEY (id));]
2024-12-04T11:45:13.589+01:00 TRACE 72666 --- [intelligent_pv] [           main] c.d.o.d.i.c.s.RequestProcessorRegistry   : [s0] com.datastax.oss.driver.internal.core.cql.CqlRequestAsyncProcessor@20fcea37 cannot process com.datastax.oss.driver.internal.core.cql.DefaultSimpleStatement@d1e104c1, trying next
2024-12-04T11:45:13.589+01:00 TRACE 72666 --- [intelligent_pv] [           main] c.d.o.d.i.c.s.RequestProcessorRegistry   : [s0] Using com.datastax.oss.driver.internal.core.cql.CqlRequestSyncProcessor@399af6dc to process com.datastax.oss.driver.internal.core.cql.DefaultSimpleStatement@d1e104c1
2024-12-04T11:45:13.590+01:00 TRACE 72666 --- [intelligent_pv] [           main] c.d.o.d.i.core.cql.CqlRequestHandler     : [s0|608195686] Creating new handler for request com.datastax.oss.driver.internal.core.cql.DefaultSimpleStatement@d1e104c1
2024-12-04T11:45:13.593+01:00 TRACE 72666 --- [intelligent_pv] [           main] c.d.o.d.i.c.l.DefaultLoadBalancingPolicy : [s0|default] Prioritizing 0 local replicas
2024-12-04T11:45:13.595+01:00 TRACE 72666 --- [intelligent_pv] [        s0-io-3] c.d.o.d.i.core.channel.InFlightHandler   : [s0|id: 0x0111ea8c, L:/192.168.100.54:52389 - R:/192.168.100.244:9042] Writing s0|608195686|0 on stream id 0
2024-12-04T11:45:13.595+01:00 TRACE 72666 --- [intelligent_pv] [        s0-io-3] c.d.o.d.i.c.p.ByteBufSegmentBuilder      : [s0|id: 0x0111ea8c, L:/192.168.100.54:52389 - R:/192.168.100.244:9042] Added frame 0 to current self-contained segment (bringing it to 139/131071 bytes, 1 frames)
2024-12-04T11:45:13.595+01:00 TRACE 72666 --- [intelligent_pv] [        s0-io-3] c.d.o.d.i.c.p.ByteBufSegmentBuilder      : [s0|id: 0x0111ea8c, L:/192.168.100.54:52389 - R:/192.168.100.244:9042] Flushing last self-contained segment (139/131071 bytes, 1 frames)
2024-12-04T11:45:13.595+01:00 TRACE 72666 --- [intelligent_pv] [        s0-io-3] c.d.o.d.i.core.cql.CqlRequestHandler     : [s0|608195686|0] Request sent on [id: 0x0111ea8c, L:/192.168.100.54:52389 - R:/192.168.100.244:9042]
2024-12-04T11:45:13.600+01:00 TRACE 72666 --- [intelligent_pv] [        s0-io-3] c.d.o.d.i.c.p.SegmentToFrameDecoder      : [s0|id: 0x0111ea8c, L:/192.168.100.54:52389 - R:/192.168.100.244:9042] Decoded response frame 0 from self-contained segment
2024-12-04T11:45:13.600+01:00 TRACE 72666 --- [intelligent_pv] [        s0-io-3] c.d.o.d.i.c.p.SegmentToFrameDecoder      : [s0|id: 0x0111ea8c, L:/192.168.100.54:52389 - R:/192.168.100.244:9042] Done processing self-contained segment (1 frames)
2024-12-04T11:45:13.600+01:00 DEBUG 72666 --- [intelligent_pv] [        s0-io-3] c.d.o.d.i.core.channel.InFlightHandler   : [s0|id: 0x0111ea8c, L:/192.168.100.54:52389 - R:/192.168.100.244:9042] Got last response on in-flight stream id 0, completing and releasing
2024-12-04T11:45:13.600+01:00 TRACE 72666 --- [intelligent_pv] [        s0-io-3] c.d.o.d.i.core.channel.InFlightHandler   : [s0|id: 0x0111ea8c, L:/192.168.100.54:52389 - R:/192.168.100.244:9042] Releasing stream id 0
2024-12-04T11:45:13.600+01:00 TRACE 72666 --- [intelligent_pv] [        s0-io-3] c.d.o.d.i.core.cql.CqlRequestHandler     : [s0|608195686|0] Got result, completing
2024-12-04T11:45:13.602+01:00 DEBUG 72666 --- [intelligent_pv] [           main] o.s.data.cassandra.core.cql.CqlTemplate  : Executing CQL statement [CREATE TABLE IF NOT EXISTS kpis (kpiname text, pvphase int, value double, datetime timestamp, PRIMARY KEY ((kpiname, pvphase, value)));]
2024-12-04T11:45:13.602+01:00 TRACE 72666 --- [intelligent_pv] [           main] c.d.o.d.i.c.s.RequestProcessorRegistry   : [s0] com.datastax.oss.driver.internal.core.cql.CqlRequestAsyncProcessor@20fcea37 cannot process com.datastax.oss.driver.internal.core.cql.DefaultSimpleStatement@ab1308f7, trying next
2024-12-04T11:45:13.602+01:00 TRACE 72666 --- [intelligent_pv] [           main] c.d.o.d.i.c.s.RequestProcessorRegistry   : [s0] Using com.datastax.oss.driver.internal.core.cql.CqlRequestSyncProcessor@399af6dc to process com.datastax.oss.driver.internal.core.cql.DefaultSimpleStatement@ab1308f7
2024-12-04T11:45:13.602+01:00 TRACE 72666 --- [intelligent_pv] [           main] c.d.o.d.i.core.cql.CqlRequestHandler     : [s0|893060889] Creating new handler for request com.datastax.oss.driver.internal.core.cql.DefaultSimpleStatement@ab1308f7
2024-12-04T11:45:13.602+01:00 TRACE 72666 --- [intelligent_pv] [           main] c.d.o.d.i.c.l.DefaultLoadBalancingPolicy : [s0|default] Prioritizing 0 local replicas
2024-12-04T11:45:13.602+01:00 TRACE 72666 --- [intelligent_pv] [        s0-io-3] c.d.o.d.i.core.channel.InFlightHandler   : [s0|id: 0x0111ea8c, L:/192.168.100.54:52389 - R:/192.168.100.244:9042] Writing s0|893060889|0 on stream id 0
2024-12-04T11:45:13.603+01:00 TRACE 72666 --- [intelligent_pv] [        s0-io-3] c.d.o.d.i.c.p.ByteBufSegmentBuilder      : [s0|id: 0x0111ea8c, L:/192.168.100.54:52389 - R:/192.168.100.244:9042] Added frame 0 to current self-contained segment (bringing it to 166/131071 bytes, 1 frames)
2024-12-04T11:45:13.603+01:00 TRACE 72666 --- [intelligent_pv] [        s0-io-3] c.d.o.d.i.c.p.ByteBufSegmentBuilder      : [s0|id: 0x0111ea8c, L:/192.168.100.54:52389 - R:/192.168.100.244:9042] Flushing last self-contained segment (166/131071 bytes, 1 frames)
2024-12-04T11:45:13.603+01:00 TRACE 72666 --- [intelligent_pv] [        s0-io-3] c.d.o.d.i.core.cql.CqlRequestHandler     : [s0|893060889|0] Request sent on [id: 0x0111ea8c, L:/192.168.100.54:52389 - R:/192.168.100.244:9042]
2024-12-04T11:45:13.607+01:00 TRACE 72666 --- [intelligent_pv] [        s0-io-3] c.d.o.d.i.c.p.SegmentToFrameDecoder      : [s0|id: 0x0111ea8c, L:/192.168.100.54:52389 - R:/192.168.100.244:9042] Decoded response frame 0 from self-contained segment
2024-12-04T11:45:13.607+01:00 TRACE 72666 --- [intelligent_pv] [        s0-io-3] c.d.o.d.i.c.p.SegmentToFrameDecoder      : [s0|id: 0x0111ea8c, L:/192.168.100.54:52389 - R:/192.168.100.244:9042] Done processing self-contained segment (1 frames)
2024-12-04T11:45:13.607+01:00 DEBUG 72666 --- [intelligent_pv] [        s0-io-3] c.d.o.d.i.core.channel.InFlightHandler   : [s0|id: 0x0111ea8c, L:/192.168.100.54:52389 - R:/192.168.100.244:9042] Got last response on in-flight stream id 0, completing and releasing
2024-12-04T11:45:13.607+01:00 TRACE 72666 --- [intelligent_pv] [        s0-io-3] c.d.o.d.i.core.channel.InFlightHandler   : [s0|id: 0x0111ea8c, L:/192.168.100.54:52389 - R:/192.168.100.244:9042] Releasing stream id 0
2024-12-04T11:45:13.607+01:00 TRACE 72666 --- [intelligent_pv] [        s0-io-3] c.d.o.d.i.core.cql.CqlRequestHandler     : [s0|893060889|0] Got result, completing
2024-12-04T11:45:13.608+01:00 DEBUG 72666 --- [intelligent_pv] [           main] o.s.data.cassandra.core.cql.CqlTemplate  : Executing CQL statement [CREATE TABLE IF NOT EXISTS plants (plantid int, datetime timestamp, currentpower double, dayenergy double, inverternum int, performanceratio double, plantname text, specificenergy double, totalenergy double, totalradiation double, totalrate double, totalstringpower double, PRIMARY KEY (plantid, datetime)) WITH CLUSTERING ORDER BY (datetime ASC);]
2024-12-04T11:45:13.608+01:00 TRACE 72666 --- [intelligent_pv] [           main] c.d.o.d.i.c.s.RequestProcessorRegistry   : [s0] com.datastax.oss.driver.internal.core.cql.CqlRequestAsyncProcessor@20fcea37 cannot process com.datastax.oss.driver.internal.core.cql.DefaultSimpleStatement@30dcbe51, trying next
2024-12-04T11:45:13.608+01:00 TRACE 72666 --- [intelligent_pv] [           main] c.d.o.d.i.c.s.RequestProcessorRegistry   : [s0] Using com.datastax.oss.driver.internal.core.cql.CqlRequestSyncProcessor@399af6dc to process com.datastax.oss.driver.internal.core.cql.DefaultSimpleStatement@30dcbe51
2024-12-04T11:45:13.608+01:00 TRACE 72666 --- [intelligent_pv] [           main] c.d.o.d.i.core.cql.CqlRequestHandler     : [s0|17850893] Creating new handler for request com.datastax.oss.driver.internal.core.cql.DefaultSimpleStatement@30dcbe51
2024-12-04T11:45:13.608+01:00 TRACE 72666 --- [intelligent_pv] [           main] c.d.o.d.i.c.l.DefaultLoadBalancingPolicy : [s0|default] Prioritizing 0 local replicas
2024-12-04T11:45:13.608+01:00 TRACE 72666 --- [intelligent_pv] [        s0-io-3] c.d.o.d.i.core.channel.InFlightHandler   : [s0|id: 0x0111ea8c, L:/192.168.100.54:52389 - R:/192.168.100.244:9042] Writing s0|17850893|0 on stream id 0
2024-12-04T11:45:13.608+01:00 TRACE 72666 --- [intelligent_pv] [        s0-io-3] c.d.o.d.i.c.p.ByteBufSegmentBuilder      : [s0|id: 0x0111ea8c, L:/192.168.100.54:52389 - R:/192.168.100.244:9042] Added frame 0 to current self-contained segment (bringing it to 378/131071 bytes, 1 frames)
2024-12-04T11:45:13.608+01:00 TRACE 72666 --- [intelligent_pv] [        s0-io-3] c.d.o.d.i.c.p.ByteBufSegmentBuilder      : [s0|id: 0x0111ea8c, L:/192.168.100.54:52389 - R:/192.168.100.244:9042] Flushing last self-contained segment (378/131071 bytes, 1 frames)
2024-12-04T11:45:13.608+01:00 TRACE 72666 --- [intelligent_pv] [        s0-io-3] c.d.o.d.i.core.cql.CqlRequestHandler     : [s0|17850893|0] Request sent on [id: 0x0111ea8c, L:/192.168.100.54:52389 - R:/192.168.100.244:9042]
2024-12-04T11:45:13.612+01:00 TRACE 72666 --- [intelligent_pv] [        s0-io-3] c.d.o.d.i.c.p.SegmentToFrameDecoder      : [s0|id: 0x0111ea8c, L:/192.168.100.54:52389 - R:/192.168.100.244:9042] Decoded response frame 0 from self-contained segment
2024-12-04T11:45:13.612+01:00 TRACE 72666 --- [intelligent_pv] [        s0-io-3] c.d.o.d.i.c.p.SegmentToFrameDecoder      : [s0|id: 0x0111ea8c, L:/192.168.100.54:52389 - R:/192.168.100.244:9042] Done processing self-contained segment (1 frames)
2024-12-04T11:45:13.612+01:00 DEBUG 72666 --- [intelligent_pv] [        s0-io-3] c.d.o.d.i.core.channel.InFlightHandler   : [s0|id: 0x0111ea8c, L:/192.168.100.54:52389 - R:/192.168.100.244:9042] Got last response on in-flight stream id 0, completing and releasing
2024-12-04T11:45:13.612+01:00 TRACE 72666 --- [intelligent_pv] [        s0-io-3] c.d.o.d.i.core.channel.InFlightHandler   : [s0|id: 0x0111ea8c, L:/192.168.100.54:52389 - R:/192.168.100.244:9042] Releasing stream id 0
2024-12-04T11:45:13.612+01:00 TRACE 72666 --- [intelligent_pv] [        s0-io-3] c.d.o.d.i.core.cql.CqlRequestHandler     : [s0|17850893|0] Got result, completing
2024-12-04T11:45:13.612+01:00 DEBUG 72666 --- [intelligent_pv] [           main] o.s.data.cassandra.core.cql.CqlTemplate  : Executing CQL statement [CREATE TABLE IF NOT EXISTS devices_by_plant (deviceid int, plantid int, devicename text, devicetype text, plantname text, PRIMARY KEY (deviceid, plantid)) WITH CLUSTERING ORDER BY (plantid ASC);]
2024-12-04T11:45:13.613+01:00 TRACE 72666 --- [intelligent_pv] [           main] c.d.o.d.i.c.s.RequestProcessorRegistry   : [s0] com.datastax.oss.driver.internal.core.cql.CqlRequestAsyncProcessor@20fcea37 cannot process com.datastax.oss.driver.internal.core.cql.DefaultSimpleStatement@18f9b68b, trying next
2024-12-04T11:45:13.613+01:00 TRACE 72666 --- [intelligent_pv] [           main] c.d.o.d.i.c.s.RequestProcessorRegistry   : [s0] Using com.datastax.oss.driver.internal.core.cql.CqlRequestSyncProcessor@399af6dc to process com.datastax.oss.driver.internal.core.cql.DefaultSimpleStatement@18f9b68b
2024-12-04T11:45:13.613+01:00 TRACE 72666 --- [intelligent_pv] [           main] c.d.o.d.i.core.cql.CqlRequestHandler     : [s0|581887257] Creating new handler for request com.datastax.oss.driver.internal.core.cql.DefaultSimpleStatement@18f9b68b
2024-12-04T11:45:13.613+01:00 TRACE 72666 --- [intelligent_pv] [           main] c.d.o.d.i.c.l.DefaultLoadBalancingPolicy : [s0|default] Prioritizing 0 local replicas
2024-12-04T11:45:13.613+01:00 TRACE 72666 --- [intelligent_pv] [        s0-io-3] c.d.o.d.i.core.channel.InFlightHandler   : [s0|id: 0x0111ea8c, L:/192.168.100.54:52389 - R:/192.168.100.244:9042] Writing s0|581887257|0 on stream id 0
2024-12-04T11:45:13.613+01:00 TRACE 72666 --- [intelligent_pv] [        s0-io-3] c.d.o.d.i.c.p.ByteBufSegmentBuilder      : [s0|id: 0x0111ea8c, L:/192.168.100.54:52389 - R:/192.168.100.244:9042] Added frame 0 to current self-contained segment (bringing it to 225/131071 bytes, 1 frames)
2024-12-04T11:45:13.613+01:00 TRACE 72666 --- [intelligent_pv] [        s0-io-3] c.d.o.d.i.c.p.ByteBufSegmentBuilder      : [s0|id: 0x0111ea8c, L:/192.168.100.54:52389 - R:/192.168.100.244:9042] Flushing last self-contained segment (225/131071 bytes, 1 frames)
2024-12-04T11:45:13.613+01:00 TRACE 72666 --- [intelligent_pv] [        s0-io-3] c.d.o.d.i.core.cql.CqlRequestHandler     : [s0|581887257|0] Request sent on [id: 0x0111ea8c, L:/192.168.100.54:52389 - R:/192.168.100.244:9042]
2024-12-04T11:45:13.618+01:00 TRACE 72666 --- [intelligent_pv] [        s0-io-3] c.d.o.d.i.c.p.SegmentToFrameDecoder      : [s0|id: 0x0111ea8c, L:/192.168.100.54:52389 - R:/192.168.100.244:9042] Decoded response frame 0 from self-contained segment
2024-12-04T11:45:13.618+01:00 TRACE 72666 --- [intelligent_pv] [        s0-io-3] c.d.o.d.i.c.p.SegmentToFrameDecoder      : [s0|id: 0x0111ea8c, L:/192.168.100.54:52389 - R:/192.168.100.244:9042] Done processing self-contained segment (1 frames)
2024-12-04T11:45:13.618+01:00 DEBUG 72666 --- [intelligent_pv] [        s0-io-3] c.d.o.d.i.core.channel.InFlightHandler   : [s0|id: 0x0111ea8c, L:/192.168.100.54:52389 - R:/192.168.100.244:9042] Got last response on in-flight stream id 0, completing and releasing
2024-12-04T11:45:13.618+01:00 TRACE 72666 --- [intelligent_pv] [        s0-io-3] c.d.o.d.i.core.channel.InFlightHandler   : [s0|id: 0x0111ea8c, L:/192.168.100.54:52389 - R:/192.168.100.244:9042] Releasing stream id 0
2024-12-04T11:45:13.618+01:00 TRACE 72666 --- [intelligent_pv] [        s0-io-3] c.d.o.d.i.core.cql.CqlRequestHandler     : [s0|581887257|0] Got result, completing
2024-12-04T11:45:13.618+01:00 DEBUG 72666 --- [intelligent_pv] [           main] o.s.data.cassandra.core.cql.CqlTemplate  : Executing CQL statement [CREATE TABLE IF NOT EXISTS errors (type text, pvphase int, pvinverter text, pvstring text, datetime timestamp, description text, PRIMARY KEY ((type, pvphase, pvinverter, pvstring)));]
2024-12-04T11:45:13.618+01:00 TRACE 72666 --- [intelligent_pv] [           main] c.d.o.d.i.c.s.RequestProcessorRegistry   : [s0] com.datastax.oss.driver.internal.core.cql.CqlRequestAsyncProcessor@20fcea37 cannot process com.datastax.oss.driver.internal.core.cql.DefaultSimpleStatement@b551b21f, trying next
2024-12-04T11:45:13.618+01:00 TRACE 72666 --- [intelligent_pv] [           main] c.d.o.d.i.c.s.RequestProcessorRegistry   : [s0] Using com.datastax.oss.driver.internal.core.cql.CqlRequestSyncProcessor@399af6dc to process com.datastax.oss.driver.internal.core.cql.DefaultSimpleStatement@b551b21f
2024-12-04T11:45:13.618+01:00 TRACE 72666 --- [intelligent_pv] [           main] c.d.o.d.i.core.cql.CqlRequestHandler     : [s0|2124444950] Creating new handler for request com.datastax.oss.driver.internal.core.cql.DefaultSimpleStatement@b551b21f
2024-12-04T11:45:13.618+01:00 TRACE 72666 --- [intelligent_pv] [           main] c.d.o.d.i.c.l.DefaultLoadBalancingPolicy : [s0|default] Prioritizing 0 local replicas
2024-12-04T11:45:13.619+01:00 TRACE 72666 --- [intelligent_pv] [        s0-io-3] c.d.o.d.i.core.channel.InFlightHandler   : [s0|id: 0x0111ea8c, L:/192.168.100.54:52389 - R:/192.168.100.244:9042] Writing s0|2124444950|0 on stream id 0
2024-12-04T11:45:13.619+01:00 TRACE 72666 --- [intelligent_pv] [        s0-io-3] c.d.o.d.i.c.p.ByteBufSegmentBuilder      : [s0|id: 0x0111ea8c, L:/192.168.100.54:52389 - R:/192.168.100.244:9042] Added frame 0 to current self-contained segment (bringing it to 213/131071 bytes, 1 frames)
2024-12-04T11:45:13.619+01:00 TRACE 72666 --- [intelligent_pv] [        s0-io-3] c.d.o.d.i.c.p.ByteBufSegmentBuilder      : [s0|id: 0x0111ea8c, L:/192.168.100.54:52389 - R:/192.168.100.244:9042] Flushing last self-contained segment (213/131071 bytes, 1 frames)
2024-12-04T11:45:13.619+01:00 TRACE 72666 --- [intelligent_pv] [        s0-io-3] c.d.o.d.i.core.cql.CqlRequestHandler     : [s0|2124444950|0] Request sent on [id: 0x0111ea8c, L:/192.168.100.54:52389 - R:/192.168.100.244:9042]
2024-12-04T11:45:13.623+01:00 TRACE 72666 --- [intelligent_pv] [        s0-io-3] c.d.o.d.i.c.p.SegmentToFrameDecoder      : [s0|id: 0x0111ea8c, L:/192.168.100.54:52389 - R:/192.168.100.244:9042] Decoded response frame 0 from self-contained segment
2024-12-04T11:45:13.623+01:00 TRACE 72666 --- [intelligent_pv] [        s0-io-3] c.d.o.d.i.c.p.SegmentToFrameDecoder      : [s0|id: 0x0111ea8c, L:/192.168.100.54:52389 - R:/192.168.100.244:9042] Done processing self-contained segment (1 frames)
2024-12-04T11:45:13.623+01:00 DEBUG 72666 --- [intelligent_pv] [        s0-io-3] c.d.o.d.i.core.channel.InFlightHandler   : [s0|id: 0x0111ea8c, L:/192.168.100.54:52389 - R:/192.168.100.244:9042] Got last response on in-flight stream id 0, completing and releasing
2024-12-04T11:45:13.623+01:00 TRACE 72666 --- [intelligent_pv] [        s0-io-3] c.d.o.d.i.core.channel.InFlightHandler   : [s0|id: 0x0111ea8c, L:/192.168.100.54:52389 - R:/192.168.100.244:9042] Releasing stream id 0
2024-12-04T11:45:13.623+01:00 TRACE 72666 --- [intelligent_pv] [        s0-io-3] c.d.o.d.i.core.cql.CqlRequestHandler     : [s0|2124444950|0] Got result, completing
2024-12-04T11:45:13.623+01:00 DEBUG 72666 --- [intelligent_pv] [           main] o.s.data.cassandra.core.cql.CqlTemplate  : Executing CQL statement [CREATE TABLE IF NOT EXISTS measures (plantid int, deviceid int, datetime timestamp, variable text, variabletype text, measure double, PRIMARY KEY ((plantid, deviceid), datetime, variable, variabletype)) WITH CLUSTERING ORDER BY (datetime ASC, variable ASC, variabletype ASC);]
2024-12-04T11:45:13.623+01:00 TRACE 72666 --- [intelligent_pv] [           main] c.d.o.d.i.c.s.RequestProcessorRegistry   : [s0] com.datastax.oss.driver.internal.core.cql.CqlRequestAsyncProcessor@20fcea37 cannot process com.datastax.oss.driver.internal.core.cql.DefaultSimpleStatement@584a5dbc, trying next
2024-12-04T11:45:13.623+01:00 TRACE 72666 --- [intelligent_pv] [           main] c.d.o.d.i.c.s.RequestProcessorRegistry   : [s0] Using com.datastax.oss.driver.internal.core.cql.CqlRequestSyncProcessor@399af6dc to process com.datastax.oss.driver.internal.core.cql.DefaultSimpleStatement@584a5dbc
2024-12-04T11:45:13.623+01:00 TRACE 72666 --- [intelligent_pv] [           main] c.d.o.d.i.core.cql.CqlRequestHandler     : [s0|1711050460] Creating new handler for request com.datastax.oss.driver.internal.core.cql.DefaultSimpleStatement@584a5dbc
2024-12-04T11:45:13.623+01:00 TRACE 72666 --- [intelligent_pv] [           main] c.d.o.d.i.c.l.DefaultLoadBalancingPolicy : [s0|default] Prioritizing 0 local replicas
2024-12-04T11:45:13.623+01:00 TRACE 72666 --- [intelligent_pv] [        s0-io-3] c.d.o.d.i.core.channel.InFlightHandler   : [s0|id: 0x0111ea8c, L:/192.168.100.54:52389 - R:/192.168.100.244:9042] Writing s0|1711050460|0 on stream id 0
2024-12-04T11:45:13.624+01:00 TRACE 72666 --- [intelligent_pv] [        s0-io-3] c.d.o.d.i.c.p.ByteBufSegmentBuilder      : [s0|id: 0x0111ea8c, L:/192.168.100.54:52389 - R:/192.168.100.244:9042] Added frame 0 to current self-contained segment (bringing it to 306/131071 bytes, 1 frames)
2024-12-04T11:45:13.624+01:00 TRACE 72666 --- [intelligent_pv] [        s0-io-3] c.d.o.d.i.c.p.ByteBufSegmentBuilder      : [s0|id: 0x0111ea8c, L:/192.168.100.54:52389 - R:/192.168.100.244:9042] Flushing last self-contained segment (306/131071 bytes, 1 frames)
2024-12-04T11:45:13.624+01:00 TRACE 72666 --- [intelligent_pv] [        s0-io-3] c.d.o.d.i.core.cql.CqlRequestHandler     : [s0|1711050460|0] Request sent on [id: 0x0111ea8c, L:/192.168.100.54:52389 - R:/192.168.100.244:9042]
2024-12-04T11:45:13.630+01:00 TRACE 72666 --- [intelligent_pv] [        s0-io-3] c.d.o.d.i.c.p.SegmentToFrameDecoder      : [s0|id: 0x0111ea8c, L:/192.168.100.54:52389 - R:/192.168.100.244:9042] Decoded response frame 0 from self-contained segment
2024-12-04T11:45:13.630+01:00 TRACE 72666 --- [intelligent_pv] [        s0-io-3] c.d.o.d.i.c.p.SegmentToFrameDecoder      : [s0|id: 0x0111ea8c, L:/192.168.100.54:52389 - R:/192.168.100.244:9042] Done processing self-contained segment (1 frames)
2024-12-04T11:45:13.630+01:00 DEBUG 72666 --- [intelligent_pv] [        s0-io-3] c.d.o.d.i.core.channel.InFlightHandler   : [s0|id: 0x0111ea8c, L:/192.168.100.54:52389 - R:/192.168.100.244:9042] Got last response on in-flight stream id 0, completing and releasing
2024-12-04T11:45:13.630+01:00 TRACE 72666 --- [intelligent_pv] [        s0-io-3] c.d.o.d.i.core.channel.InFlightHandler   : [s0|id: 0x0111ea8c, L:/192.168.100.54:52389 - R:/192.168.100.244:9042] Releasing stream id 0
2024-12-04T11:45:13.630+01:00 TRACE 72666 --- [intelligent_pv] [        s0-io-3] c.d.o.d.i.core.cql.CqlRequestHandler     : [s0|1711050460|0] Got result, completing
2024-12-04T11:45:13.635+01:00 DEBUG 72666 --- [intelligent_pv] [     s0-admin-0] c.d.o.d.i.c.util.concurrent.Debouncer    : [s0|metadata debouncer] Received java.util.concurrent.CompletableFuture@6d8eafed[Not completed], scheduling next flush in PT1S
2024-12-04T11:45:13.635+01:00 DEBUG 72666 --- [intelligent_pv] [     s0-admin-0] c.d.o.d.i.c.util.concurrent.Debouncer    : [s0|metadata debouncer] Flushing now
2024-12-04T11:45:13.635+01:00 DEBUG 72666 --- [intelligent_pv] [     s0-admin-0] c.d.o.d.i.c.util.concurrent.Debouncer    : [s0|metadata debouncer] Cancelled existing scheduled flush
2024-12-04T11:45:13.635+01:00 DEBUG 72666 --- [intelligent_pv] [     s0-admin-0] c.d.o.d.i.core.metadata.MetadataManager  : [s0] Starting schema refresh
2024-12-04T11:45:13.635+01:00 DEBUG 72666 --- [intelligent_pv] [     s0-admin-0] c.d.o.d.i.c.m.SchemaAgreementChecker     : [s0] Checking schema agreement
2024-12-04T11:45:13.635+01:00 DEBUG 72666 --- [intelligent_pv] [     s0-admin-0] c.d.o.d.i.c.a.AdminRequestHandler        : [s0] Executing query 'SELECT schema_version FROM system.local WHERE key='local''
2024-12-04T11:45:13.635+01:00 DEBUG 72666 --- [intelligent_pv] [     s0-admin-0] c.d.o.d.i.c.a.AdminRequestHandler        : [s0] Executing query 'SELECT * FROM system.peers'
2024-12-04T11:45:13.635+01:00 TRACE 72666 --- [intelligent_pv] [        s0-io-2] c.d.o.d.i.core.channel.InFlightHandler   : [s0|control|id: 0x5751efae, L:/192.168.100.54:52385 - R:/192.168.100.244:9042] Writing query 'SELECT schema_version FROM system.local WHERE key='local'' on stream id 0
2024-12-04T11:45:13.635+01:00 TRACE 72666 --- [intelligent_pv] [        s0-io-2] c.d.o.d.i.c.p.ByteBufSegmentBuilder      : [s0|control|id: 0x5751efae, L:/192.168.100.54:52385 - R:/192.168.100.244:9042] Added frame 0 to current self-contained segment (bringing it to 76/131071 bytes, 1 frames)
2024-12-04T11:45:13.635+01:00 TRACE 72666 --- [intelligent_pv] [        s0-io-2] c.d.o.d.i.core.channel.InFlightHandler   : [s0|control|id: 0x5751efae, L:/192.168.100.54:52385 - R:/192.168.100.244:9042] Writing query 'SELECT * FROM system.peers' on stream id 1
2024-12-04T11:45:13.635+01:00 TRACE 72666 --- [intelligent_pv] [        s0-io-2] c.d.o.d.i.c.p.ByteBufSegmentBuilder      : [s0|control|id: 0x5751efae, L:/192.168.100.54:52385 - R:/192.168.100.244:9042] Added frame 1 to current self-contained segment (bringing it to 121/131071 bytes, 2 frames)
2024-12-04T11:45:13.635+01:00 TRACE 72666 --- [intelligent_pv] [        s0-io-2] c.d.o.d.i.c.p.ByteBufSegmentBuilder      : [s0|control|id: 0x5751efae, L:/192.168.100.54:52385 - R:/192.168.100.244:9042] Flushing last self-contained segment (121/131071 bytes, 2 frames)
2024-12-04T11:45:13.636+01:00 DEBUG 72666 --- [intelligent_pv] [        s0-io-2] c.d.o.d.i.c.a.AdminRequestHandler        : [s0] Successfully wrote query 'SELECT schema_version FROM system.local WHERE key='local'', waiting for response
2024-12-04T11:45:13.636+01:00 DEBUG 72666 --- [intelligent_pv] [        s0-io-2] c.d.o.d.i.c.a.AdminRequestHandler        : [s0] Successfully wrote query 'SELECT * FROM system.peers', waiting for response
2024-12-04T11:45:13.641+01:00 TRACE 72666 --- [intelligent_pv] [        s0-io-2] c.d.o.d.i.c.p.SegmentToFrameDecoder      : [s0|control|id: 0x5751efae, L:/192.168.100.54:52385 - R:/192.168.100.244:9042] Decoded response frame 0 from self-contained segment
2024-12-04T11:45:13.642+01:00 TRACE 72666 --- [intelligent_pv] [        s0-io-2] c.d.o.d.i.c.p.SegmentToFrameDecoder      : [s0|control|id: 0x5751efae, L:/192.168.100.54:52385 - R:/192.168.100.244:9042] Decoded response frame 1 from self-contained segment
2024-12-04T11:45:13.642+01:00 TRACE 72666 --- [intelligent_pv] [        s0-io-2] c.d.o.d.i.c.p.SegmentToFrameDecoder      : [s0|control|id: 0x5751efae, L:/192.168.100.54:52385 - R:/192.168.100.244:9042] Done processing self-contained segment (2 frames)
2024-12-04T11:45:13.642+01:00 DEBUG 72666 --- [intelligent_pv] [        s0-io-2] c.d.o.d.i.core.channel.InFlightHandler   : [s0|control|id: 0x5751efae, L:/192.168.100.54:52385 - R:/192.168.100.244:9042] Got last response on in-flight stream id 0, completing and releasing
2024-12-04T11:45:13.642+01:00 TRACE 72666 --- [intelligent_pv] [        s0-io-2] c.d.o.d.i.core.channel.InFlightHandler   : [s0|control|id: 0x5751efae, L:/192.168.100.54:52385 - R:/192.168.100.244:9042] Releasing stream id 0
2024-12-04T11:45:13.642+01:00 DEBUG 72666 --- [intelligent_pv] [        s0-io-2] c.d.o.d.i.c.a.AdminRequestHandler        : [s0] Got response ROWS(1 x 1 columns)
2024-12-04T11:45:13.642+01:00 DEBUG 72666 --- [intelligent_pv] [        s0-io-2] c.d.o.d.i.core.channel.InFlightHandler   : [s0|control|id: 0x5751efae, L:/192.168.100.54:52385 - R:/192.168.100.244:9042] Got last response on in-flight stream id 1, completing and releasing
2024-12-04T11:45:13.642+01:00 TRACE 72666 --- [intelligent_pv] [        s0-io-2] c.d.o.d.i.core.channel.InFlightHandler   : [s0|control|id: 0x5751efae, L:/192.168.100.54:52385 - R:/192.168.100.244:9042] Releasing stream id 1
2024-12-04T11:45:13.642+01:00 DEBUG 72666 --- [intelligent_pv] [        s0-io-2] c.d.o.d.i.c.a.AdminRequestHandler        : [s0] Got response ROWS(0 x 9 columns)
2024-12-04T11:45:13.642+01:00 DEBUG 72666 --- [intelligent_pv] [        s0-io-2] c.d.o.d.i.c.m.SchemaAgreementChecker     : [s0] Schema agreement reached (9fdca5b8-72eb-3465-8ed9-d410ce2db1b4), completing
2024-12-04T11:45:13.642+01:00 DEBUG 72666 --- [intelligent_pv] [        s0-io-2] .d.i.c.m.s.q.DefaultSchemaQueriesFactory : [s0] Sending schema queries to Node(endPoint=/192.168.100.244:9042, hostId=15ed43b2-67a9-4feb-99a5-ddbdc4db317a, hashCode=17616cd1) with version 4.0.5
2024-12-04T11:45:13.642+01:00 DEBUG 72666 --- [intelligent_pv] [        s0-io-2] .d.o.d.i.c.m.s.q.RuleBasedKeyspaceFilter : [s0] No server-side filtering
2024-12-04T11:45:13.642+01:00 DEBUG 72666 --- [intelligent_pv] [        s0-io-2] c.d.o.d.i.c.a.AdminRequestHandler        : [s0] Executing query 'SELECT * FROM system_schema.keyspaces'
2024-12-04T11:45:13.642+01:00 DEBUG 72666 --- [intelligent_pv] [        s0-io-2] c.d.o.d.i.c.a.AdminRequestHandler        : [s0] Executing query 'SELECT * FROM system_schema.types'
2024-12-04T11:45:13.642+01:00 DEBUG 72666 --- [intelligent_pv] [        s0-io-2] c.d.o.d.i.c.a.AdminRequestHandler        : [s0] Executing query 'SELECT * FROM system_schema.tables'
2024-12-04T11:45:13.642+01:00 DEBUG 72666 --- [intelligent_pv] [        s0-io-2] c.d.o.d.i.c.a.AdminRequestHandler        : [s0] Executing query 'SELECT * FROM system_schema.columns'
2024-12-04T11:45:13.642+01:00 DEBUG 72666 --- [intelligent_pv] [        s0-io-2] c.d.o.d.i.c.a.AdminRequestHandler        : [s0] Executing query 'SELECT * FROM system_schema.indexes'
2024-12-04T11:45:13.642+01:00 DEBUG 72666 --- [intelligent_pv] [        s0-io-2] c.d.o.d.i.c.a.AdminRequestHandler        : [s0] Executing query 'SELECT * FROM system_schema.views'
2024-12-04T11:45:13.642+01:00 DEBUG 72666 --- [intelligent_pv] [        s0-io-2] c.d.o.d.i.c.a.AdminRequestHandler        : [s0] Executing query 'SELECT * FROM system_schema.functions'
2024-12-04T11:45:13.642+01:00 DEBUG 72666 --- [intelligent_pv] [        s0-io-2] c.d.o.d.i.c.a.AdminRequestHandler        : [s0] Executing query 'SELECT * FROM system_schema.aggregates'
2024-12-04T11:45:13.642+01:00 DEBUG 72666 --- [intelligent_pv] [        s0-io-2] c.d.o.d.i.c.a.AdminRequestHandler        : [s0] Executing query 'SELECT * FROM system_virtual_schema.keyspaces'
2024-12-04T11:45:13.642+01:00 DEBUG 72666 --- [intelligent_pv] [        s0-io-2] c.d.o.d.i.c.a.AdminRequestHandler        : [s0] Executing query 'SELECT * FROM system_virtual_schema.tables'
2024-12-04T11:45:13.642+01:00 DEBUG 72666 --- [intelligent_pv] [        s0-io-2] c.d.o.d.i.c.a.AdminRequestHandler        : [s0] Executing query 'SELECT * FROM system_virtual_schema.columns'
2024-12-04T11:45:13.642+01:00 TRACE 72666 --- [intelligent_pv] [        s0-io-2] c.d.o.d.i.core.channel.InFlightHandler   : [s0|control|id: 0x5751efae, L:/192.168.100.54:52385 - R:/192.168.100.244:9042] Writing query 'SELECT * FROM system_schema.keyspaces' on stream id 0
2024-12-04T11:45:13.642+01:00 TRACE 72666 --- [intelligent_pv] [        s0-io-2] c.d.o.d.i.c.p.ByteBufSegmentBuilder      : [s0|control|id: 0x5751efae, L:/192.168.100.54:52385 - R:/192.168.100.244:9042] Added frame 0 to current self-contained segment (bringing it to 60/131071 bytes, 1 frames)
2024-12-04T11:45:13.642+01:00 TRACE 72666 --- [intelligent_pv] [        s0-io-2] c.d.o.d.i.core.channel.InFlightHandler   : [s0|control|id: 0x5751efae, L:/192.168.100.54:52385 - R:/192.168.100.244:9042] Writing query 'SELECT * FROM system_schema.types' on stream id 1
2024-12-04T11:45:13.642+01:00 TRACE 72666 --- [intelligent_pv] [        s0-io-2] c.d.o.d.i.c.p.ByteBufSegmentBuilder      : [s0|control|id: 0x5751efae, L:/192.168.100.54:52385 - R:/192.168.100.244:9042] Added frame 1 to current self-contained segment (bringing it to 116/131071 bytes, 2 frames)
2024-12-04T11:45:13.642+01:00 TRACE 72666 --- [intelligent_pv] [        s0-io-2] c.d.o.d.i.core.channel.InFlightHandler   : [s0|control|id: 0x5751efae, L:/192.168.100.54:52385 - R:/192.168.100.244:9042] Writing query 'SELECT * FROM system_schema.tables' on stream id 2
2024-12-04T11:45:13.642+01:00 TRACE 72666 --- [intelligent_pv] [        s0-io-2] c.d.o.d.i.c.p.ByteBufSegmentBuilder      : [s0|control|id: 0x5751efae, L:/192.168.100.54:52385 - R:/192.168.100.244:9042] Added frame 2 to current self-contained segment (bringing it to 173/131071 bytes, 3 frames)
2024-12-04T11:45:13.642+01:00 TRACE 72666 --- [intelligent_pv] [        s0-io-2] c.d.o.d.i.core.channel.InFlightHandler   : [s0|control|id: 0x5751efae, L:/192.168.100.54:52385 - R:/192.168.100.244:9042] Writing query 'SELECT * FROM system_schema.columns' on stream id 3
2024-12-04T11:45:13.642+01:00 TRACE 72666 --- [intelligent_pv] [        s0-io-2] c.d.o.d.i.c.p.ByteBufSegmentBuilder      : [s0|control|id: 0x5751efae, L:/192.168.100.54:52385 - R:/192.168.100.244:9042] Added frame 3 to current self-contained segment (bringing it to 231/131071 bytes, 4 frames)
2024-12-04T11:45:13.642+01:00 TRACE 72666 --- [intelligent_pv] [        s0-io-2] c.d.o.d.i.core.channel.InFlightHandler   : [s0|control|id: 0x5751efae, L:/192.168.100.54:52385 - R:/192.168.100.244:9042] Writing query 'SELECT * FROM system_schema.indexes' on stream id 4
2024-12-04T11:45:13.642+01:00 TRACE 72666 --- [intelligent_pv] [        s0-io-2] c.d.o.d.i.c.p.ByteBufSegmentBuilder      : [s0|control|id: 0x5751efae, L:/192.168.100.54:52385 - R:/192.168.100.244:9042] Added frame 4 to current self-contained segment (bringing it to 289/131071 bytes, 5 frames)
2024-12-04T11:45:13.642+01:00 TRACE 72666 --- [intelligent_pv] [        s0-io-2] c.d.o.d.i.core.channel.InFlightHandler   : [s0|control|id: 0x5751efae, L:/192.168.100.54:52385 - R:/192.168.100.244:9042] Writing query 'SELECT * FROM system_schema.views' on stream id 5
2024-12-04T11:45:13.642+01:00 TRACE 72666 --- [intelligent_pv] [        s0-io-2] c.d.o.d.i.c.p.ByteBufSegmentBuilder      : [s0|control|id: 0x5751efae, L:/192.168.100.54:52385 - R:/192.168.100.244:9042] Added frame 5 to current self-contained segment (bringing it to 345/131071 bytes, 6 frames)
2024-12-04T11:45:13.642+01:00 TRACE 72666 --- [intelligent_pv] [        s0-io-2] c.d.o.d.i.core.channel.InFlightHandler   : [s0|control|id: 0x5751efae, L:/192.168.100.54:52385 - R:/192.168.100.244:9042] Writing query 'SELECT * FROM system_schema.functions' on stream id 6
2024-12-04T11:45:13.643+01:00 TRACE 72666 --- [intelligent_pv] [        s0-io-2] c.d.o.d.i.c.p.ByteBufSegmentBuilder      : [s0|control|id: 0x5751efae, L:/192.168.100.54:52385 - R:/192.168.100.244:9042] Added frame 6 to current self-contained segment (bringing it to 405/131071 bytes, 7 frames)
2024-12-04T11:45:13.643+01:00 TRACE 72666 --- [intelligent_pv] [        s0-io-2] c.d.o.d.i.core.channel.InFlightHandler   : [s0|control|id: 0x5751efae, L:/192.168.100.54:52385 - R:/192.168.100.244:9042] Writing query 'SELECT * FROM system_schema.aggregates' on stream id 7
2024-12-04T11:45:13.643+01:00 TRACE 72666 --- [intelligent_pv] [        s0-io-2] c.d.o.d.i.c.p.ByteBufSegmentBuilder      : [s0|control|id: 0x5751efae, L:/192.168.100.54:52385 - R:/192.168.100.244:9042] Added frame 7 to current self-contained segment (bringing it to 466/131071 bytes, 8 frames)
2024-12-04T11:45:13.643+01:00 TRACE 72666 --- [intelligent_pv] [        s0-io-2] c.d.o.d.i.core.channel.InFlightHandler   : [s0|control|id: 0x5751efae, L:/192.168.100.54:52385 - R:/192.168.100.244:9042] Writing query 'SELECT * FROM system_virtual_schema.keyspaces' on stream id 8
2024-12-04T11:45:13.643+01:00 TRACE 72666 --- [intelligent_pv] [        s0-io-2] c.d.o.d.i.c.p.ByteBufSegmentBuilder      : [s0|control|id: 0x5751efae, L:/192.168.100.54:52385 - R:/192.168.100.244:9042] Added frame 8 to current self-contained segment (bringing it to 534/131071 bytes, 9 frames)
2024-12-04T11:45:13.643+01:00 TRACE 72666 --- [intelligent_pv] [        s0-io-2] c.d.o.d.i.core.channel.InFlightHandler   : [s0|control|id: 0x5751efae, L:/192.168.100.54:52385 - R:/192.168.100.244:9042] Writing query 'SELECT * FROM system_virtual_schema.tables' on stream id 9
2024-12-04T11:45:13.643+01:00 TRACE 72666 --- [intelligent_pv] [        s0-io-2] c.d.o.d.i.c.p.ByteBufSegmentBuilder      : [s0|control|id: 0x5751efae, L:/192.168.100.54:52385 - R:/192.168.100.244:9042] Added frame 9 to current self-contained segment (bringing it to 599/131071 bytes, 10 frames)
2024-12-04T11:45:13.643+01:00 TRACE 72666 --- [intelligent_pv] [        s0-io-2] c.d.o.d.i.core.channel.InFlightHandler   : [s0|control|id: 0x5751efae, L:/192.168.100.54:52385 - R:/192.168.100.244:9042] Writing query 'SELECT * FROM system_virtual_schema.columns' on stream id 10
2024-12-04T11:45:13.643+01:00 TRACE 72666 --- [intelligent_pv] [        s0-io-2] c.d.o.d.i.c.p.ByteBufSegmentBuilder      : [s0|control|id: 0x5751efae, L:/192.168.100.54:52385 - R:/192.168.100.244:9042] Added frame 10 to current self-contained segment (bringing it to 665/131071 bytes, 11 frames)
2024-12-04T11:45:13.643+01:00 TRACE 72666 --- [intelligent_pv] [        s0-io-2] c.d.o.d.i.c.p.ByteBufSegmentBuilder      : [s0|control|id: 0x5751efae, L:/192.168.100.54:52385 - R:/192.168.100.244:9042] Flushing last self-contained segment (665/131071 bytes, 11 frames)
2024-12-04T11:45:13.643+01:00 DEBUG 72666 --- [intelligent_pv] [        s0-io-2] c.d.o.d.i.c.a.AdminRequestHandler        : [s0] Successfully wrote query 'SELECT * FROM system_schema.keyspaces', waiting for response
2024-12-04T11:45:13.643+01:00 DEBUG 72666 --- [intelligent_pv] [        s0-io-2] c.d.o.d.i.c.a.AdminRequestHandler        : [s0] Successfully wrote query 'SELECT * FROM system_schema.types', waiting for response
2024-12-04T11:45:13.643+01:00 DEBUG 72666 --- [intelligent_pv] [        s0-io-2] c.d.o.d.i.c.a.AdminRequestHandler        : [s0] Successfully wrote query 'SELECT * FROM system_schema.tables', waiting for response
2024-12-04T11:45:13.643+01:00 DEBUG 72666 --- [intelligent_pv] [        s0-io-2] c.d.o.d.i.c.a.AdminRequestHandler        : [s0] Successfully wrote query 'SELECT * FROM system_schema.columns', waiting for response
2024-12-04T11:45:13.643+01:00 DEBUG 72666 --- [intelligent_pv] [        s0-io-2] c.d.o.d.i.c.a.AdminRequestHandler        : [s0] Successfully wrote query 'SELECT * FROM system_schema.indexes', waiting for response
2024-12-04T11:45:13.643+01:00 DEBUG 72666 --- [intelligent_pv] [        s0-io-2] c.d.o.d.i.c.a.AdminRequestHandler        : [s0] Successfully wrote query 'SELECT * FROM system_schema.views', waiting for response
2024-12-04T11:45:13.643+01:00 DEBUG 72666 --- [intelligent_pv] [        s0-io-2] c.d.o.d.i.c.a.AdminRequestHandler        : [s0] Successfully wrote query 'SELECT * FROM system_schema.functions', waiting for response
2024-12-04T11:45:13.643+01:00 DEBUG 72666 --- [intelligent_pv] [        s0-io-2] c.d.o.d.i.c.a.AdminRequestHandler        : [s0] Successfully wrote query 'SELECT * FROM system_schema.aggregates', waiting for response
2024-12-04T11:45:13.643+01:00 DEBUG 72666 --- [intelligent_pv] [        s0-io-2] c.d.o.d.i.c.a.AdminRequestHandler        : [s0] Successfully wrote query 'SELECT * FROM system_virtual_schema.keyspaces', waiting for response
2024-12-04T11:45:13.643+01:00 DEBUG 72666 --- [intelligent_pv] [        s0-io-2] c.d.o.d.i.c.a.AdminRequestHandler        : [s0] Successfully wrote query 'SELECT * FROM system_virtual_schema.tables', waiting for response
2024-12-04T11:45:13.643+01:00 DEBUG 72666 --- [intelligent_pv] [        s0-io-2] c.d.o.d.i.c.a.AdminRequestHandler        : [s0] Successfully wrote query 'SELECT * FROM system_virtual_schema.columns', waiting for response
2024-12-04T11:45:13.648+01:00 TRACE 72666 --- [intelligent_pv] [        s0-io-2] c.d.o.d.i.c.p.SegmentToFrameDecoder      : [s0|control|id: 0x5751efae, L:/192.168.100.54:52385 - R:/192.168.100.244:9042] Decoded response frame 8 from self-contained segment
2024-12-04T11:45:13.649+01:00 TRACE 72666 --- [intelligent_pv] [        s0-io-2] c.d.o.d.i.c.p.SegmentToFrameDecoder      : [s0|control|id: 0x5751efae, L:/192.168.100.54:52385 - R:/192.168.100.244:9042] Done processing self-contained segment (1 frames)
2024-12-04T11:45:13.649+01:00 DEBUG 72666 --- [intelligent_pv] [        s0-io-2] c.d.o.d.i.core.channel.InFlightHandler   : [s0|control|id: 0x5751efae, L:/192.168.100.54:52385 - R:/192.168.100.244:9042] Got last response on in-flight stream id 8, completing and releasing
2024-12-04T11:45:13.649+01:00 TRACE 72666 --- [intelligent_pv] [        s0-io-2] c.d.o.d.i.core.channel.InFlightHandler   : [s0|control|id: 0x5751efae, L:/192.168.100.54:52385 - R:/192.168.100.244:9042] Releasing stream id 8
2024-12-04T11:45:13.649+01:00 DEBUG 72666 --- [intelligent_pv] [        s0-io-2] c.d.o.d.i.c.a.AdminRequestHandler        : [s0] Got response ROWS(2 x 1 columns)
2024-12-04T11:45:13.649+01:00 TRACE 72666 --- [intelligent_pv] [        s0-io-2] c.d.o.d.i.c.p.SegmentToFrameDecoder      : [s0|control|id: 0x5751efae, L:/192.168.100.54:52385 - R:/192.168.100.244:9042] Decoded response frame 9 from self-contained segment
2024-12-04T11:45:13.649+01:00 TRACE 72666 --- [intelligent_pv] [        s0-io-2] c.d.o.d.i.c.p.SegmentToFrameDecoder      : [s0|control|id: 0x5751efae, L:/192.168.100.54:52385 - R:/192.168.100.244:9042] Done processing self-contained segment (1 frames)
2024-12-04T11:45:13.649+01:00 DEBUG 72666 --- [intelligent_pv] [        s0-io-2] c.d.o.d.i.core.channel.InFlightHandler   : [s0|control|id: 0x5751efae, L:/192.168.100.54:52385 - R:/192.168.100.244:9042] Got last response on in-flight stream id 9, completing and releasing
2024-12-04T11:45:13.649+01:00 TRACE 72666 --- [intelligent_pv] [        s0-io-2] c.d.o.d.i.core.channel.InFlightHandler   : [s0|control|id: 0x5751efae, L:/192.168.100.54:52385 - R:/192.168.100.244:9042] Releasing stream id 9
2024-12-04T11:45:13.649+01:00 DEBUG 72666 --- [intelligent_pv] [        s0-io-2] c.d.o.d.i.c.a.AdminRequestHandler        : [s0] Got response ROWS(21 x 3 columns)
2024-12-04T11:45:13.649+01:00 DEBUG 72666 --- [intelligent_pv] [        s0-io-2] .d.o.d.i.c.m.s.q.RuleBasedKeyspaceFilter : [s0] Filtering out 'system_views' because it matches at least one regex exclude
2024-12-04T11:45:13.649+01:00 DEBUG 72666 --- [intelligent_pv] [        s0-io-2] .d.o.d.i.c.m.s.q.RuleBasedKeyspaceFilter : [s0] Filtering out 'system_virtual_schema' because it matches at least one regex exclude
2024-12-04T11:45:13.650+01:00 TRACE 72666 --- [intelligent_pv] [        s0-io-2] c.d.o.d.i.c.p.SegmentToFrameDecoder      : [s0|control|id: 0x5751efae, L:/192.168.100.54:52385 - R:/192.168.100.244:9042] Decoded response frame 1 from self-contained segment
2024-12-04T11:45:13.650+01:00 TRACE 72666 --- [intelligent_pv] [        s0-io-2] c.d.o.d.i.c.p.SegmentToFrameDecoder      : [s0|control|id: 0x5751efae, L:/192.168.100.54:52385 - R:/192.168.100.244:9042] Decoded response frame 5 from self-contained segment
2024-12-04T11:45:13.650+01:00 TRACE 72666 --- [intelligent_pv] [        s0-io-2] c.d.o.d.i.c.p.SegmentToFrameDecoder      : [s0|control|id: 0x5751efae, L:/192.168.100.54:52385 - R:/192.168.100.244:9042] Decoded response frame 6 from self-contained segment
2024-12-04T11:45:13.650+01:00 TRACE 72666 --- [intelligent_pv] [        s0-io-2] c.d.o.d.i.c.p.SegmentToFrameDecoder      : [s0|control|id: 0x5751efae, L:/192.168.100.54:52385 - R:/192.168.100.244:9042] Done processing self-contained segment (3 frames)
2024-12-04T11:45:13.650+01:00 DEBUG 72666 --- [intelligent_pv] [        s0-io-2] c.d.o.d.i.core.channel.InFlightHandler   : [s0|control|id: 0x5751efae, L:/192.168.100.54:52385 - R:/192.168.100.244:9042] Got last response on in-flight stream id 1, completing and releasing
2024-12-04T11:45:13.650+01:00 TRACE 72666 --- [intelligent_pv] [        s0-io-2] c.d.o.d.i.core.channel.InFlightHandler   : [s0|control|id: 0x5751efae, L:/192.168.100.54:52385 - R:/192.168.100.244:9042] Releasing stream id 1
2024-12-04T11:45:13.650+01:00 DEBUG 72666 --- [intelligent_pv] [        s0-io-2] c.d.o.d.i.c.a.AdminRequestHandler        : [s0] Got response ROWS(0 x 4 columns)
2024-12-04T11:45:13.650+01:00 DEBUG 72666 --- [intelligent_pv] [        s0-io-2] c.d.o.d.i.core.channel.InFlightHandler   : [s0|control|id: 0x5751efae, L:/192.168.100.54:52385 - R:/192.168.100.244:9042] Got last response on in-flight stream id 5, completing and releasing
2024-12-04T11:45:13.650+01:00 TRACE 72666 --- [intelligent_pv] [        s0-io-2] c.d.o.d.i.core.channel.InFlightHandler   : [s0|control|id: 0x5751efae, L:/192.168.100.54:52385 - R:/192.168.100.244:9042] Releasing stream id 5
2024-12-04T11:45:13.650+01:00 DEBUG 72666 --- [intelligent_pv] [        s0-io-2] c.d.o.d.i.c.a.AdminRequestHandler        : [s0] Got response ROWS(0 x 25 columns)
2024-12-04T11:45:13.650+01:00 DEBUG 72666 --- [intelligent_pv] [        s0-io-2] c.d.o.d.i.core.channel.InFlightHandler   : [s0|control|id: 0x5751efae, L:/192.168.100.54:52385 - R:/192.168.100.244:9042] Got last response on in-flight stream id 6, completing and releasing
2024-12-04T11:45:13.650+01:00 TRACE 72666 --- [intelligent_pv] [        s0-io-2] c.d.o.d.i.core.channel.InFlightHandler   : [s0|control|id: 0x5751efae, L:/192.168.100.54:52385 - R:/192.168.100.244:9042] Releasing stream id 6
2024-12-04T11:45:13.650+01:00 DEBUG 72666 --- [intelligent_pv] [        s0-io-2] c.d.o.d.i.c.a.AdminRequestHandler        : [s0] Got response ROWS(0 x 8 columns)
2024-12-04T11:45:13.651+01:00 TRACE 72666 --- [intelligent_pv] [        s0-io-2] c.d.o.d.i.c.p.SegmentToFrameDecoder      : [s0|control|id: 0x5751efae, L:/192.168.100.54:52385 - R:/192.168.100.244:9042] Decoded response frame 4 from self-contained segment
2024-12-04T11:45:13.651+01:00 TRACE 72666 --- [intelligent_pv] [        s0-io-2] c.d.o.d.i.c.p.SegmentToFrameDecoder      : [s0|control|id: 0x5751efae, L:/192.168.100.54:52385 - R:/192.168.100.244:9042] Decoded response frame 7 from self-contained segment
2024-12-04T11:45:13.651+01:00 TRACE 72666 --- [intelligent_pv] [        s0-io-2] c.d.o.d.i.c.p.SegmentToFrameDecoder      : [s0|control|id: 0x5751efae, L:/192.168.100.54:52385 - R:/192.168.100.244:9042] Done processing self-contained segment (2 frames)
2024-12-04T11:45:13.651+01:00 DEBUG 72666 --- [intelligent_pv] [        s0-io-2] c.d.o.d.i.core.channel.InFlightHandler   : [s0|control|id: 0x5751efae, L:/192.168.100.54:52385 - R:/192.168.100.244:9042] Got last response on in-flight stream id 4, completing and releasing
2024-12-04T11:45:13.651+01:00 TRACE 72666 --- [intelligent_pv] [        s0-io-2] c.d.o.d.i.core.channel.InFlightHandler   : [s0|control|id: 0x5751efae, L:/192.168.100.54:52385 - R:/192.168.100.244:9042] Releasing stream id 4
2024-12-04T11:45:13.651+01:00 DEBUG 72666 --- [intelligent_pv] [        s0-io-2] c.d.o.d.i.c.a.AdminRequestHandler        : [s0] Got response ROWS(1 x 5 columns)
2024-12-04T11:45:13.651+01:00 DEBUG 72666 --- [intelligent_pv] [        s0-io-2] c.d.o.d.i.core.channel.InFlightHandler   : [s0|control|id: 0x5751efae, L:/192.168.100.54:52385 - R:/192.168.100.244:9042] Got last response on in-flight stream id 7, completing and releasing
2024-12-04T11:45:13.651+01:00 TRACE 72666 --- [intelligent_pv] [        s0-io-2] c.d.o.d.i.core.channel.InFlightHandler   : [s0|control|id: 0x5751efae, L:/192.168.100.54:52385 - R:/192.168.100.244:9042] Releasing stream id 7
2024-12-04T11:45:13.651+01:00 DEBUG 72666 --- [intelligent_pv] [        s0-io-2] c.d.o.d.i.c.a.AdminRequestHandler        : [s0] Got response ROWS(0 x 8 columns)
2024-12-04T11:45:13.651+01:00 TRACE 72666 --- [intelligent_pv] [        s0-io-2] c.d.o.d.i.c.p.SegmentToFrameDecoder      : [s0|control|id: 0x5751efae, L:/192.168.100.54:52385 - R:/192.168.100.244:9042] Decoded response frame 0 from self-contained segment
2024-12-04T11:45:13.651+01:00 TRACE 72666 --- [intelligent_pv] [        s0-io-2] c.d.o.d.i.c.p.SegmentToFrameDecoder      : [s0|control|id: 0x5751efae, L:/192.168.100.54:52385 - R:/192.168.100.244:9042] Done processing self-contained segment (1 frames)
2024-12-04T11:45:13.651+01:00 DEBUG 72666 --- [intelligent_pv] [        s0-io-2] c.d.o.d.i.core.channel.InFlightHandler   : [s0|control|id: 0x5751efae, L:/192.168.100.54:52385 - R:/192.168.100.244:9042] Got last response on in-flight stream id 0, completing and releasing
2024-12-04T11:45:13.651+01:00 TRACE 72666 --- [intelligent_pv] [        s0-io-2] c.d.o.d.i.core.channel.InFlightHandler   : [s0|control|id: 0x5751efae, L:/192.168.100.54:52385 - R:/192.168.100.244:9042] Releasing stream id 0
2024-12-04T11:45:13.651+01:00 DEBUG 72666 --- [intelligent_pv] [        s0-io-2] c.d.o.d.i.c.a.AdminRequestHandler        : [s0] Got response ROWS(10 x 3 columns)
2024-12-04T11:45:13.651+01:00 DEBUG 72666 --- [intelligent_pv] [        s0-io-2] .d.o.d.i.c.m.s.q.RuleBasedKeyspaceFilter : [s0] Filtering in 'intelligentpv' because it does not match any regex exclude
2024-12-04T11:45:13.651+01:00 DEBUG 72666 --- [intelligent_pv] [        s0-io-2] .d.o.d.i.c.m.s.q.RuleBasedKeyspaceFilter : [s0] Filtering in 'trina' because it does not match any regex exclude
2024-12-04T11:45:13.651+01:00 DEBUG 72666 --- [intelligent_pv] [        s0-io-2] .d.o.d.i.c.m.s.q.RuleBasedKeyspaceFilter : [s0] Filtering out 'system_auth' because it matches at least one regex exclude
2024-12-04T11:45:13.651+01:00 DEBUG 72666 --- [intelligent_pv] [        s0-io-2] .d.o.d.i.c.m.s.q.RuleBasedKeyspaceFilter : [s0] Filtering out 'system_schema' because it matches at least one regex exclude
2024-12-04T11:45:13.651+01:00 DEBUG 72666 --- [intelligent_pv] [        s0-io-2] .d.o.d.i.c.m.s.q.RuleBasedKeyspaceFilter : [s0] Filtering in 'campus' because it does not match any regex exclude
2024-12-04T11:45:13.651+01:00 DEBUG 72666 --- [intelligent_pv] [        s0-io-2] .d.o.d.i.c.m.s.q.RuleBasedKeyspaceFilter : [s0] Filtering in 'testbed' because it does not match any regex exclude
2024-12-04T11:45:13.651+01:00 DEBUG 72666 --- [intelligent_pv] [        s0-io-2] .d.o.d.i.c.m.s.q.RuleBasedKeyspaceFilter : [s0] Filtering in 'heliantha' because it does not match any regex exclude
2024-12-04T11:45:13.651+01:00 DEBUG 72666 --- [intelligent_pv] [        s0-io-2] .d.o.d.i.c.m.s.q.RuleBasedKeyspaceFilter : [s0] Filtering out 'system_distributed' because it matches at least one regex exclude
2024-12-04T11:45:13.651+01:00 DEBUG 72666 --- [intelligent_pv] [        s0-io-2] .d.o.d.i.c.m.s.q.RuleBasedKeyspaceFilter : [s0] Filtering out 'system' because it is excluded by name
2024-12-04T11:45:13.651+01:00 DEBUG 72666 --- [intelligent_pv] [        s0-io-2] .d.o.d.i.c.m.s.q.RuleBasedKeyspaceFilter : [s0] Filtering out 'system_traces' because it matches at least one regex exclude
2024-12-04T11:45:13.653+01:00 TRACE 72666 --- [intelligent_pv] [        s0-io-2] c.d.o.d.i.c.p.SegmentToFrameDecoder      : [s0|control|id: 0x5751efae, L:/192.168.100.54:52385 - R:/192.168.100.244:9042] Decoded response frame 10 from self-contained segment
2024-12-04T11:45:13.653+01:00 TRACE 72666 --- [intelligent_pv] [        s0-io-2] c.d.o.d.i.c.p.SegmentToFrameDecoder      : [s0|control|id: 0x5751efae, L:/192.168.100.54:52385 - R:/192.168.100.244:9042] Done processing self-contained segment (1 frames)
2024-12-04T11:45:13.653+01:00 DEBUG 72666 --- [intelligent_pv] [        s0-io-2] c.d.o.d.i.core.channel.InFlightHandler   : [s0|control|id: 0x5751efae, L:/192.168.100.54:52385 - R:/192.168.100.244:9042] Got last response on in-flight stream id 10, completing and releasing
2024-12-04T11:45:13.653+01:00 TRACE 72666 --- [intelligent_pv] [        s0-io-2] c.d.o.d.i.core.channel.InFlightHandler   : [s0|control|id: 0x5751efae, L:/192.168.100.54:52385 - R:/192.168.100.244:9042] Releasing stream id 10
2024-12-04T11:45:13.653+01:00 DEBUG 72666 --- [intelligent_pv] [        s0-io-2] c.d.o.d.i.c.a.AdminRequestHandler        : [s0] Got response ROWS(151 x 8 columns)
2024-12-04T11:45:13.654+01:00 TRACE 72666 --- [intelligent_pv] [        s0-io-2] c.d.o.d.i.c.p.SegmentToFrameDecoder      : [s0|control|id: 0x5751efae, L:/192.168.100.54:52385 - R:/192.168.100.244:9042] Decoded response frame 3 from self-contained segment
2024-12-04T11:45:13.654+01:00 TRACE 72666 --- [intelligent_pv] [        s0-io-2] c.d.o.d.i.c.p.SegmentToFrameDecoder      : [s0|control|id: 0x5751efae, L:/192.168.100.54:52385 - R:/192.168.100.244:9042] Done processing self-contained segment (1 frames)
2024-12-04T11:45:13.654+01:00 DEBUG 72666 --- [intelligent_pv] [        s0-io-2] c.d.o.d.i.core.channel.InFlightHandler   : [s0|control|id: 0x5751efae, L:/192.168.100.54:52385 - R:/192.168.100.244:9042] Got last response on in-flight stream id 3, completing and releasing
2024-12-04T11:45:13.654+01:00 TRACE 72666 --- [intelligent_pv] [        s0-io-2] c.d.o.d.i.core.channel.InFlightHandler   : [s0|control|id: 0x5751efae, L:/192.168.100.54:52385 - R:/192.168.100.244:9042] Releasing stream id 3
2024-12-04T11:45:13.654+01:00 DEBUG 72666 --- [intelligent_pv] [        s0-io-2] c.d.o.d.i.c.a.AdminRequestHandler        : [s0] Got response ROWS(383 x 8 columns)
2024-12-04T11:45:13.655+01:00 TRACE 72666 --- [intelligent_pv] [        s0-io-2] c.d.o.d.i.c.p.SegmentToFrameDecoder      : [s0|control|id: 0x5751efae, L:/192.168.100.54:52385 - R:/192.168.100.244:9042] Decoded response frame 2 from self-contained segment
2024-12-04T11:45:13.655+01:00 TRACE 72666 --- [intelligent_pv] [        s0-io-2] c.d.o.d.i.c.p.SegmentToFrameDecoder      : [s0|control|id: 0x5751efae, L:/192.168.100.54:52385 - R:/192.168.100.244:9042] Done processing self-contained segment (1 frames)
2024-12-04T11:45:13.655+01:00 DEBUG 72666 --- [intelligent_pv] [        s0-io-2] c.d.o.d.i.core.channel.InFlightHandler   : [s0|control|id: 0x5751efae, L:/192.168.100.54:52385 - R:/192.168.100.244:9042] Got last response on in-flight stream id 2, completing and releasing
2024-12-04T11:45:13.655+01:00 TRACE 72666 --- [intelligent_pv] [        s0-io-2] c.d.o.d.i.core.channel.InFlightHandler   : [s0|control|id: 0x5751efae, L:/192.168.100.54:52385 - R:/192.168.100.244:9042] Releasing stream id 2
2024-12-04T11:45:13.655+01:00 DEBUG 72666 --- [intelligent_pv] [        s0-io-2] c.d.o.d.i.c.a.AdminRequestHandler        : [s0] Got response ROWS(61 x 22 columns)
2024-12-04T11:45:13.655+01:00 DEBUG 72666 --- [intelligent_pv] [        s0-io-2] c.d.o.d.i.c.m.s.q.CassandraSchemaQueries : [s0] Schema queries took 13 ms
2024-12-04T11:45:13.657+01:00 DEBUG 72666 --- [intelligent_pv] [     s0-admin-0] c.d.o.d.i.c.m.s.p.CassandraSchemaParser  : [s0] Schema parsing took 1 ms
2024-12-04T11:45:13.659+01:00 DEBUG 72666 --- [intelligent_pv] [     s0-admin-0] c.d.o.d.i.core.metadata.DefaultMetadata  : [s0] Refreshing token map (only schema has changed)
2024-12-04T11:45:13.659+01:00 DEBUG 72666 --- [intelligent_pv] [     s0-admin-0] c.d.o.d.i.c.m.token.DefaultTokenMap      : [s0] Computing keyspace-level data for {trina={class=org.apache.cassandra.locator.SimpleStrategy, replication_factor=1}, campus={class=org.apache.cassandra.locator.SimpleStrategy, replication_factor=1}, testbed={class=org.apache.cassandra.locator.SimpleStrategy, replication_factor=1}, heliantha={class=org.apache.cassandra.locator.SimpleStrategy, replication_factor=1}, intelligentpv={class=org.apache.cassandra.locator.SimpleStrategy, replication_factor=1}}
2024-12-04T11:45:13.659+01:00 DEBUG 72666 --- [intelligent_pv] [     s0-admin-0] c.d.o.d.i.c.m.token.DefaultTokenMap      : [s0] Schema changes do not impact the token map, no refresh needed
2024-12-04T11:45:13.659+01:00 DEBUG 72666 --- [intelligent_pv] [     s0-admin-0] c.d.o.d.i.core.metadata.DefaultMetadata  : [s0] Rebuilding token map took 148 us
2024-12-04T11:45:13.659+01:00 DEBUG 72666 --- [intelligent_pv] [     s0-admin-0] c.d.o.d.i.core.metadata.MetadataManager  : [s0] Applying schema refresh took 1 ms
2024-12-04T11:45:13.661+01:00 DEBUG 72666 --- [intelligent_pv] [           main] o.s.b.f.s.DefaultListableBeanFactory     : Autowiring by type from bean name 'cassandraTemplate' via factory method to bean named 'cassandraSessionFactory'
2024-12-04T11:45:13.661+01:00 DEBUG 72666 --- [intelligent_pv] [           main] o.s.b.f.s.DefaultListableBeanFactory     : Autowiring by type from bean name 'cassandraTemplate' via factory method to bean named 'cassandraConverter'
2024-12-04T11:45:13.675+01:00 DEBUG 72666 --- [intelligent_pv] [           main] o.s.b.f.s.DefaultListableBeanFactory     : Creating shared instance of singleton bean 'metricsRepositoryMethodInvocationListener'
2024-12-04T11:45:13.676+01:00 DEBUG 72666 --- [intelligent_pv] [           main] o.s.b.f.s.DefaultListableBeanFactory     : Creating shared instance of singleton bean 'org.springframework.boot.actuate.autoconfigure.metrics.data.RepositoryMetricsAutoConfiguration'
2024-12-04T11:45:13.676+01:00 DEBUG 72666 --- [intelligent_pv] [           main] o.s.b.f.s.DefaultListableBeanFactory     : Autowiring by type from bean name 'org.springframework.boot.actuate.autoconfigure.metrics.data.RepositoryMetricsAutoConfiguration' via constructor to bean named 'management.metrics-org.springframework.boot.actuate.autoconfigure.metrics.MetricsProperties'
2024-12-04T11:45:13.676+01:00 DEBUG 72666 --- [intelligent_pv] [           main] o.s.b.f.s.DefaultListableBeanFactory     : Creating shared instance of singleton bean 'repositoryTagsProvider'
2024-12-04T11:45:13.679+01:00 DEBUG 72666 --- [intelligent_pv] [           main] o.s.b.f.s.DefaultListableBeanFactory     : Autowiring by type from bean name 'metricsRepositoryMethodInvocationListener' via factory method to bean named 'repositoryTagsProvider'
2024-12-04T11:45:13.705+01:00 DEBUG 72666 --- [intelligent_pv] [           main] o.s.b.f.s.DefaultListableBeanFactory     : Autowiring by type from bean name 'securityConfig' via constructor to bean named 'jwtAuthenticationFilter'
2024-12-04T11:45:13.706+01:00 DEBUG 72666 --- [intelligent_pv] [           main] o.s.b.f.s.DefaultListableBeanFactory     : Creating shared instance of singleton bean 'webConfig'
2024-12-04T11:45:13.706+01:00 DEBUG 72666 --- [intelligent_pv] [           main] o.s.b.f.s.DefaultListableBeanFactory     : Creating shared instance of singleton bean 'adminController'
2024-12-04T11:45:13.708+01:00 DEBUG 72666 --- [intelligent_pv] [           main] o.s.b.f.s.DefaultListableBeanFactory     : Creating shared instance of singleton bean 'userService'
2024-12-04T11:45:13.709+01:00 DEBUG 72666 --- [intelligent_pv] [           main] o.s.b.f.s.DefaultListableBeanFactory     : Creating shared instance of singleton bean 'passwordEncoder'
2024-12-04T11:45:13.710+01:00 DEBUG 72666 --- [intelligent_pv] [           main] o.s.b.f.s.DefaultListableBeanFactory     : Creating shared instance of singleton bean 'devicesByPlantController'
2024-12-04T11:45:13.710+01:00 DEBUG 72666 --- [intelligent_pv] [           main] o.s.b.f.s.DefaultListableBeanFactory     : Creating shared instance of singleton bean 'devicesByPlantService'
2024-12-04T11:45:13.710+01:00 DEBUG 72666 --- [intelligent_pv] [           main] o.s.b.f.s.DefaultListableBeanFactory     : Creating shared instance of singleton bean 'devicesByPlantRepository'
2024-12-04T11:45:13.710+01:00 DEBUG 72666 --- [intelligent_pv] [           main] o.s.b.f.s.DefaultListableBeanFactory     : Creating shared instance of singleton bean 'cassandra.named-queries#5'
2024-12-04T11:45:13.711+01:00 DEBUG 72666 --- [intelligent_pv] [           main] o.s.b.f.s.DefaultListableBeanFactory     : Creating shared instance of singleton bean 'cassandra.DevicesByPlantRepository.fragments#0'
2024-12-04T11:45:13.714+01:00 DEBUG 72666 --- [intelligent_pv] [           main] o.s.b.f.s.DefaultListableBeanFactory     : Autowiring by type from bean name 'devicesByPlantService' via constructor to bean named 'devicesByPlantRepository'
2024-12-04T11:45:13.714+01:00 DEBUG 72666 --- [intelligent_pv] [           main] o.s.b.f.s.DefaultListableBeanFactory     : Autowiring by type from bean name 'devicesByPlantController' via constructor to bean named 'devicesByPlantService'
2024-12-04T11:45:13.714+01:00 DEBUG 72666 --- [intelligent_pv] [           main] o.s.b.f.s.DefaultListableBeanFactory     : Creating shared instance of singleton bean 'errorsController'
2024-12-04T11:45:13.715+01:00 DEBUG 72666 --- [intelligent_pv] [           main] o.s.b.f.s.DefaultListableBeanFactory     : Creating shared instance of singleton bean 'errorsService'
2024-12-04T11:45:13.715+01:00 DEBUG 72666 --- [intelligent_pv] [           main] o.s.b.f.s.DefaultListableBeanFactory     : Creating shared instance of singleton bean 'errorsRepository'
2024-12-04T11:45:13.715+01:00 DEBUG 72666 --- [intelligent_pv] [           main] o.s.b.f.s.DefaultListableBeanFactory     : Creating shared instance of singleton bean 'cassandra.named-queries#1'
2024-12-04T11:45:13.715+01:00 DEBUG 72666 --- [intelligent_pv] [           main] o.s.b.f.s.DefaultListableBeanFactory     : Creating shared instance of singleton bean 'cassandra.ErrorsRepository.fragments#0'
2024-12-04T11:45:13.717+01:00 DEBUG 72666 --- [intelligent_pv] [           main] o.s.b.f.s.DefaultListableBeanFactory     : Autowiring by type from bean name 'errorsService' via constructor to bean named 'errorsRepository'
2024-12-04T11:45:13.718+01:00 DEBUG 72666 --- [intelligent_pv] [           main] o.s.b.f.s.DefaultListableBeanFactory     : Autowiring by type from bean name 'errorsController' via constructor to bean named 'errorsService'
2024-12-04T11:45:13.718+01:00 DEBUG 72666 --- [intelligent_pv] [           main] o.s.b.f.s.DefaultListableBeanFactory     : Creating shared instance of singleton bean 'kpisController'
2024-12-04T11:45:13.718+01:00 DEBUG 72666 --- [intelligent_pv] [           main] o.s.b.f.s.DefaultListableBeanFactory     : Creating shared instance of singleton bean 'kpisService'
2024-12-04T11:45:13.718+01:00 DEBUG 72666 --- [intelligent_pv] [           main] o.s.b.f.s.DefaultListableBeanFactory     : Creating shared instance of singleton bean 'kpisRepository'
2024-12-04T11:45:13.718+01:00 DEBUG 72666 --- [intelligent_pv] [           main] o.s.b.f.s.DefaultListableBeanFactory     : Creating shared instance of singleton bean 'cassandra.named-queries#4'
2024-12-04T11:45:13.719+01:00 DEBUG 72666 --- [intelligent_pv] [           main] o.s.b.f.s.DefaultListableBeanFactory     : Creating shared instance of singleton bean 'cassandra.KpisRepository.fragments#0'
2024-12-04T11:45:13.721+01:00 DEBUG 72666 --- [intelligent_pv] [           main] o.s.b.f.s.DefaultListableBeanFactory     : Autowiring by type from bean name 'kpisService' via constructor to bean named 'kpisRepository'
2024-12-04T11:45:13.721+01:00 DEBUG 72666 --- [intelligent_pv] [           main] o.s.b.f.s.DefaultListableBeanFactory     : Autowiring by type from bean name 'kpisController' via constructor to bean named 'kpisService'
2024-12-04T11:45:13.721+01:00 DEBUG 72666 --- [intelligent_pv] [           main] o.s.b.f.s.DefaultListableBeanFactory     : Creating shared instance of singleton bean 'measuresController'
2024-12-04T11:45:13.722+01:00 DEBUG 72666 --- [intelligent_pv] [           main] o.s.b.f.s.DefaultListableBeanFactory     : Creating shared instance of singleton bean 'measuresService'
2024-12-04T11:45:13.722+01:00 DEBUG 72666 --- [intelligent_pv] [           main] o.s.b.f.s.DefaultListableBeanFactory     : Creating shared instance of singleton bean 'measuresRepository'
2024-12-04T11:45:13.722+01:00 DEBUG 72666 --- [intelligent_pv] [           main] o.s.b.f.s.DefaultListableBeanFactory     : Creating shared instance of singleton bean 'cassandra.named-queries#0'
2024-12-04T11:45:13.722+01:00 DEBUG 72666 --- [intelligent_pv] [           main] o.s.b.f.s.DefaultListableBeanFactory     : Creating shared instance of singleton bean 'cassandra.MeasuresRepository.fragments#0'
2024-12-04T11:45:13.725+01:00 DEBUG 72666 --- [intelligent_pv] [           main] o.s.b.f.s.DefaultListableBeanFactory     : Autowiring by type from bean name 'measuresService' via constructor to bean named 'measuresRepository'
2024-12-04T11:45:13.725+01:00 DEBUG 72666 --- [intelligent_pv] [           main] o.s.b.f.s.DefaultListableBeanFactory     : Autowiring by type from bean name 'measuresService' via constructor to bean named 'devicesByPlantRepository'
2024-12-04T11:45:13.725+01:00 DEBUG 72666 --- [intelligent_pv] [           main] o.s.b.f.s.DefaultListableBeanFactory     : Autowiring by type from bean name 'measuresController' via constructor to bean named 'measuresService'
2024-12-04T11:45:13.726+01:00 DEBUG 72666 --- [intelligent_pv] [           main] o.s.b.f.s.DefaultListableBeanFactory     : Creating shared instance of singleton bean 'plantsController'
2024-12-04T11:45:13.726+01:00 DEBUG 72666 --- [intelligent_pv] [           main] o.s.b.f.s.DefaultListableBeanFactory     : Creating shared instance of singleton bean 'plantsService'
2024-12-04T11:45:13.726+01:00 DEBUG 72666 --- [intelligent_pv] [           main] o.s.b.f.s.DefaultListableBeanFactory     : Creating shared instance of singleton bean 'plantsRepository'
2024-12-04T11:45:13.727+01:00 DEBUG 72666 --- [intelligent_pv] [           main] o.s.b.f.s.DefaultListableBeanFactory     : Creating shared instance of singleton bean 'cassandra.named-queries#2'
2024-12-04T11:45:13.727+01:00 DEBUG 72666 --- [intelligent_pv] [           main] o.s.b.f.s.DefaultListableBeanFactory     : Creating shared instance of singleton bean 'cassandra.PlantsRepository.fragments#0'
2024-12-04T11:45:13.730+01:00 DEBUG 72666 --- [intelligent_pv] [           main] o.s.b.f.s.DefaultListableBeanFactory     : Autowiring by type from bean name 'plantsService' via constructor to bean named 'plantsRepository'
2024-12-04T11:45:13.730+01:00 DEBUG 72666 --- [intelligent_pv] [           main] o.s.b.f.s.DefaultListableBeanFactory     : Autowiring by type from bean name 'plantsController' via constructor to bean named 'plantsService'
2024-12-04T11:45:13.730+01:00 DEBUG 72666 --- [intelligent_pv] [           main] o.s.b.f.s.DefaultListableBeanFactory     : Creating shared instance of singleton bean 'userController'
2024-12-04T11:45:13.731+01:00 DEBUG 72666 --- [intelligent_pv] [           main] o.s.b.f.s.DefaultListableBeanFactory     : Creating shared instance of singleton bean 'authenticationManager'
2024-12-04T11:45:13.731+01:00 DEBUG 72666 --- [intelligent_pv] [           main] o.s.b.f.s.DefaultListableBeanFactory     : Creating shared instance of singleton bean 'org.springframework.security.config.annotation.authentication.configuration.AuthenticationConfiguration'
2024-12-04T11:45:13.732+01:00 DEBUG 72666 --- [intelligent_pv] [           main] o.s.b.f.s.DefaultListableBeanFactory     : Creating shared instance of singleton bean 'enableGlobalAuthenticationAutowiredConfigurer'
2024-12-04T11:45:13.732+01:00 DEBUG 72666 --- [intelligent_pv] [           main] o.s.b.f.s.DefaultListableBeanFactory     : Autowiring by type from bean name 'enableGlobalAuthenticationAutowiredConfigurer' via factory method to bean named 'org.springframework.web.context.support.GenericWebApplicationContext@1cefc4b3'
2024-12-04T11:45:13.733+01:00 DEBUG 72666 --- [intelligent_pv] [           main] o.s.b.f.s.DefaultListableBeanFactory     : Creating shared instance of singleton bean 'initializeUserDetailsBeanManagerConfigurer'
2024-12-04T11:45:13.733+01:00 DEBUG 72666 --- [intelligent_pv] [           main] o.s.b.f.s.DefaultListableBeanFactory     : Autowiring by type from bean name 'initializeUserDetailsBeanManagerConfigurer' via factory method to bean named 'org.springframework.web.context.support.GenericWebApplicationContext@1cefc4b3'
2024-12-04T11:45:13.733+01:00 DEBUG 72666 --- [intelligent_pv] [           main] o.s.b.f.s.DefaultListableBeanFactory     : Creating shared instance of singleton bean 'initializeAuthenticationProviderBeanManagerConfigurer'
2024-12-04T11:45:13.733+01:00 DEBUG 72666 --- [intelligent_pv] [           main] o.s.b.f.s.DefaultListableBeanFactory     : Autowiring by type from bean name 'initializeAuthenticationProviderBeanManagerConfigurer' via factory method to bean named 'org.springframework.web.context.support.GenericWebApplicationContext@1cefc4b3'
2024-12-04T11:45:13.734+01:00 DEBUG 72666 --- [intelligent_pv] [           main] o.s.b.f.s.DefaultListableBeanFactory     : Creating shared instance of singleton bean 'objectPostProcessor'
2024-12-04T11:45:13.734+01:00 DEBUG 72666 --- [intelligent_pv] [           main] o.s.b.f.s.DefaultListableBeanFactory     : Creating shared instance of singleton bean 'org.springframework.security.config.annotation.configuration.ObjectPostProcessorConfiguration'
2024-12-04T11:45:13.734+01:00 DEBUG 72666 --- [intelligent_pv] [           main] o.s.b.f.s.DefaultListableBeanFactory     : Autowiring by type from bean name 'objectPostProcessor' via factory method to bean named 'org.springframework.beans.factory.support.DefaultListableBeanFactory@a8a8b75'
2024-12-04T11:45:13.735+01:00 DEBUG 72666 --- [intelligent_pv] [           main] o.s.b.f.s.DefaultListableBeanFactory     : Autowiring by type from bean name 'authenticationManager' via factory method to bean named 'org.springframework.security.config.annotation.authentication.configuration.AuthenticationConfiguration'
2024-12-04T11:45:13.735+01:00 DEBUG 72666 --- [intelligent_pv] [           main] o.s.b.f.s.DefaultListableBeanFactory     : Creating shared instance of singleton bean 'authenticationManagerBuilder'
2024-12-04T11:45:13.735+01:00 DEBUG 72666 --- [intelligent_pv] [           main] o.s.b.f.s.DefaultListableBeanFactory     : Autowiring by type from bean name 'authenticationManagerBuilder' via factory method to bean named 'objectPostProcessor'
2024-12-04T11:45:13.735+01:00 DEBUG 72666 --- [intelligent_pv] [           main] o.s.b.f.s.DefaultListableBeanFactory     : Autowiring by type from bean name 'authenticationManagerBuilder' via factory method to bean named 'org.springframework.web.context.support.GenericWebApplicationContext@1cefc4b3'
2024-12-04T11:45:13.736+01:00 DEBUG 72666 --- [intelligent_pv] [           main] o.s.b.f.s.DefaultListableBeanFactory     : Creating shared instance of singleton bean 'authenticationEventPublisher'
2024-12-04T11:45:13.736+01:00 DEBUG 72666 --- [intelligent_pv] [           main] o.s.b.f.s.DefaultListableBeanFactory     : Creating shared instance of singleton bean 'org.springframework.boot.autoconfigure.security.servlet.SecurityAutoConfiguration'
2024-12-04T11:45:13.736+01:00 DEBUG 72666 --- [intelligent_pv] [           main] o.s.b.f.s.DefaultListableBeanFactory     : Autowiring by type from bean name 'authenticationEventPublisher' via factory method to bean named 'org.springframework.web.context.support.GenericWebApplicationContext@1cefc4b3'
2024-12-04T11:45:13.747+01:00  INFO 72666 --- [intelligent_pv] [           main] r$InitializeUserDetailsManagerConfigurer : Global AuthenticationManager configured with UserDetailsService bean with name userDetailsServiceImpl
2024-12-04T11:45:13.748+01:00 DEBUG 72666 --- [intelligent_pv] [           main] o.s.b.f.s.DefaultListableBeanFactory     : Creating shared instance of singleton bean 'org.springframework.security.config.annotation.web.configuration.WebSecurityConfiguration'
2024-12-04T11:45:13.749+01:00 DEBUG 72666 --- [intelligent_pv] [           main] o.s.b.f.s.DefaultListableBeanFactory     : Creating shared instance of singleton bean 'org.springframework.security.config.annotation.web.configuration.HttpSecurityConfiguration'
2024-12-04T11:45:13.751+01:00 DEBUG 72666 --- [intelligent_pv] [           main] o.s.b.f.s.DefaultListableBeanFactory     : Creating shared instance of singleton bean 'mvcContentNegotiationManager'
2024-12-04T11:45:13.751+01:00 DEBUG 72666 --- [intelligent_pv] [           main] o.s.b.f.s.DefaultListableBeanFactory     : Creating shared instance of singleton bean 'org.springframework.boot.autoconfigure.web.servlet.WebMvcAutoConfiguration$EnableWebMvcConfiguration'
2024-12-04T11:45:13.751+01:00 DEBUG 72666 --- [intelligent_pv] [           main] o.s.b.f.s.DefaultListableBeanFactory     : Creating shared instance of singleton bean 'spring.mvc-org.springframework.boot.autoconfigure.web.servlet.WebMvcProperties'
2024-12-04T11:45:13.753+01:00 DEBUG 72666 --- [intelligent_pv] [           main] o.s.b.f.s.DefaultListableBeanFactory     : Creating shared instance of singleton bean 'spring.web-org.springframework.boot.autoconfigure.web.WebProperties'
2024-12-04T11:45:13.755+01:00 DEBUG 72666 --- [intelligent_pv] [           main] o.s.b.f.s.DefaultListableBeanFactory     : Autowiring by type from bean name 'org.springframework.boot.autoconfigure.web.servlet.WebMvcAutoConfiguration$EnableWebMvcConfiguration' via constructor to bean named 'spring.mvc-org.springframework.boot.autoconfigure.web.servlet.WebMvcProperties'
2024-12-04T11:45:13.755+01:00 DEBUG 72666 --- [intelligent_pv] [           main] o.s.b.f.s.DefaultListableBeanFactory     : Autowiring by type from bean name 'org.springframework.boot.autoconfigure.web.servlet.WebMvcAutoConfiguration$EnableWebMvcConfiguration' via constructor to bean named 'spring.web-org.springframework.boot.autoconfigure.web.WebProperties'
2024-12-04T11:45:13.755+01:00 DEBUG 72666 --- [intelligent_pv] [           main] o.s.b.f.s.DefaultListableBeanFactory     : Autowiring by type from bean name 'org.springframework.boot.autoconfigure.web.servlet.WebMvcAutoConfiguration$EnableWebMvcConfiguration' via constructor to bean named 'org.springframework.beans.factory.support.DefaultListableBeanFactory@a8a8b75'
2024-12-04T11:45:13.757+01:00 DEBUG 72666 --- [intelligent_pv] [           main] o.s.b.f.s.DefaultListableBeanFactory     : Creating shared instance of singleton bean 'org.springframework.security.config.annotation.web.configuration.WebMvcSecurityConfiguration'
2024-12-04T11:45:13.757+01:00 DEBUG 72666 --- [intelligent_pv] [           main] o.s.b.f.s.DefaultListableBeanFactory     : Creating shared instance of singleton bean 'org.springframework.boot.autoconfigure.web.servlet.WebMvcAutoConfiguration$WebMvcAutoConfigurationAdapter'
2024-12-04T11:45:13.757+01:00 DEBUG 72666 --- [intelligent_pv] [           main] o.s.b.f.s.DefaultListableBeanFactory     : Autowiring by type from bean name 'org.springframework.boot.autoconfigure.web.servlet.WebMvcAutoConfiguration$WebMvcAutoConfigurationAdapter' via constructor to bean named 'spring.web-org.springframework.boot.autoconfigure.web.WebProperties'
2024-12-04T11:45:13.757+01:00 DEBUG 72666 --- [intelligent_pv] [           main] o.s.b.f.s.DefaultListableBeanFactory     : Autowiring by type from bean name 'org.springframework.boot.autoconfigure.web.servlet.WebMvcAutoConfiguration$WebMvcAutoConfigurationAdapter' via constructor to bean named 'spring.mvc-org.springframework.boot.autoconfigure.web.servlet.WebMvcProperties'
2024-12-04T11:45:13.757+01:00 DEBUG 72666 --- [intelligent_pv] [           main] o.s.b.f.s.DefaultListableBeanFactory     : Autowiring by type from bean name 'org.springframework.boot.autoconfigure.web.servlet.WebMvcAutoConfiguration$WebMvcAutoConfigurationAdapter' via constructor to bean named 'org.springframework.beans.factory.support.DefaultListableBeanFactory@a8a8b75'
2024-12-04T11:45:13.759+01:00 DEBUG 72666 --- [intelligent_pv] [           main] o.s.b.f.s.DefaultListableBeanFactory     : Creating shared instance of singleton bean 'org.springframework.data.web.config.SpringDataWebConfiguration'
2024-12-04T11:45:13.759+01:00 DEBUG 72666 --- [intelligent_pv] [           main] o.s.b.f.s.DefaultListableBeanFactory     : Autowiring by type from bean name 'org.springframework.data.web.config.SpringDataWebConfiguration' via constructor to bean named 'org.springframework.web.context.support.GenericWebApplicationContext@1cefc4b3'
2024-12-04T11:45:13.760+01:00 DEBUG 72666 --- [intelligent_pv] [           main] o.s.b.f.s.DefaultListableBeanFactory     : Creating shared instance of singleton bean 'endpointObjectMapperWebMvcConfigurer'
2024-12-04T11:45:13.760+01:00 DEBUG 72666 --- [intelligent_pv] [           main] o.s.b.f.s.DefaultListableBeanFactory     : Creating shared instance of singleton bean 'endpointObjectMapper'
2024-12-04T11:45:13.760+01:00 DEBUG 72666 --- [intelligent_pv] [           main] o.s.b.f.s.DefaultListableBeanFactory     : Creating shared instance of singleton bean 'org.springframework.boot.actuate.autoconfigure.endpoint.jackson.JacksonEndpointAutoConfiguration'
2024-12-04T11:45:13.761+01:00 DEBUG 72666 --- [intelligent_pv] [           main] o.s.b.f.s.DefaultListableBeanFactory     : Autowiring by type from bean name 'endpointObjectMapperWebMvcConfigurer' via factory method to bean named 'endpointObjectMapper'
2024-12-04T11:45:13.800+01:00 DEBUG 72666 --- [intelligent_pv] [           main] o.s.b.f.s.DefaultListableBeanFactory     : Creating shared instance of singleton bean 'observationRegistry'
2024-12-04T11:45:13.800+01:00 DEBUG 72666 --- [intelligent_pv] [           main] o.s.b.f.s.DefaultListableBeanFactory     : Creating shared instance of singleton bean 'org.springframework.boot.actuate.autoconfigure.observation.ObservationAutoConfiguration'
2024-12-04T11:45:13.801+01:00 DEBUG 72666 --- [intelligent_pv] [           main] o.s.b.f.s.DefaultListableBeanFactory     : Creating shared instance of singleton bean 'propertiesObservationFilter'
2024-12-04T11:45:13.801+01:00 DEBUG 72666 --- [intelligent_pv] [           main] o.s.b.f.s.DefaultListableBeanFactory     : Autowiring by type from bean name 'propertiesObservationFilter' via factory method to bean named 'management.observations-org.springframework.boot.actuate.autoconfigure.observation.ObservationProperties'
2024-12-04T11:45:13.803+01:00 DEBUG 72666 --- [intelligent_pv] [           main] o.s.b.f.s.DefaultListableBeanFactory     : Creating shared instance of singleton bean 'metricsObservationHandlerGrouping'
2024-12-04T11:45:13.803+01:00 DEBUG 72666 --- [intelligent_pv] [           main] o.s.b.f.s.DefaultListableBeanFactory     : Creating shared instance of singleton bean 'org.springframework.boot.actuate.autoconfigure.observation.ObservationAutoConfiguration$OnlyMetricsConfiguration'
2024-12-04T11:45:13.804+01:00 DEBUG 72666 --- [intelligent_pv] [           main] o.s.b.f.s.DefaultListableBeanFactory     : Creating shared instance of singleton bean 'defaultMeterObservationHandler'
2024-12-04T11:45:13.804+01:00 DEBUG 72666 --- [intelligent_pv] [           main] o.s.b.f.s.DefaultListableBeanFactory     : Creating shared instance of singleton bean 'org.springframework.boot.actuate.autoconfigure.observation.ObservationAutoConfiguration$MeterObservationHandlerConfiguration$OnlyMetricsMeterObservationHandlerConfiguration'
2024-12-04T11:45:13.804+01:00 DEBUG 72666 --- [intelligent_pv] [           main] o.s.b.f.s.DefaultListableBeanFactory     : Autowiring by type from bean name 'defaultMeterObservationHandler' via factory method to bean named 'simpleMeterRegistry'
2024-12-04T11:45:13.804+01:00 DEBUG 72666 --- [intelligent_pv] [           main] o.s.b.f.s.DefaultListableBeanFactory     : Autowiring by type from bean name 'defaultMeterObservationHandler' via factory method to bean named 'management.observations-org.springframework.boot.actuate.autoconfigure.observation.ObservationProperties'
2024-12-04T11:45:13.805+01:00 DEBUG 72666 --- [intelligent_pv] [           main] o.s.b.f.s.DefaultListableBeanFactory     : Creating shared instance of singleton bean 'mvcHandlerMappingIntrospectorRequestTransformer'
2024-12-04T11:45:13.805+01:00 DEBUG 72666 --- [intelligent_pv] [           main] o.s.b.f.s.DefaultListableBeanFactory     : Creating shared instance of singleton bean 'mvcHandlerMappingIntrospector'
2024-12-04T11:45:13.807+01:00 DEBUG 72666 --- [intelligent_pv] [           main] o.s.b.f.s.DefaultListableBeanFactory     : Creating shared instance of singleton bean 'welcomePageHandlerMapping'
2024-12-04T11:45:13.807+01:00 DEBUG 72666 --- [intelligent_pv] [           main] o.s.b.f.s.DefaultListableBeanFactory     : Creating shared instance of singleton bean 'mvcConversionService'
2024-12-04T11:45:13.811+01:00 DEBUG 72666 --- [intelligent_pv] [           main] o.s.b.f.s.DefaultListableBeanFactory     : Creating shared instance of singleton bean 'mvcResourceUrlProvider'
2024-12-04T11:45:13.813+01:00 DEBUG 72666 --- [intelligent_pv] [           main] o.s.b.f.s.DefaultListableBeanFactory     : Autowiring by type from bean name 'welcomePageHandlerMapping' via factory method to bean named 'org.springframework.web.context.support.GenericWebApplicationContext@1cefc4b3'
2024-12-04T11:45:13.813+01:00 DEBUG 72666 --- [intelligent_pv] [           main] o.s.b.f.s.DefaultListableBeanFactory     : Autowiring by type from bean name 'welcomePageHandlerMapping' via factory method to bean named 'mvcConversionService'
2024-12-04T11:45:13.813+01:00 DEBUG 72666 --- [intelligent_pv] [           main] o.s.b.f.s.DefaultListableBeanFactory     : Autowiring by type from bean name 'welcomePageHandlerMapping' via factory method to bean named 'mvcResourceUrlProvider'
2024-12-04T11:45:13.821+01:00 DEBUG 72666 --- [intelligent_pv] [           main] o.s.b.f.s.DefaultListableBeanFactory     : Creating shared instance of singleton bean 'welcomePageNotAcceptableHandlerMapping'
2024-12-04T11:45:13.821+01:00 DEBUG 72666 --- [intelligent_pv] [           main] o.s.b.f.s.DefaultListableBeanFactory     : Autowiring by type from bean name 'welcomePageNotAcceptableHandlerMapping' via factory method to bean named 'org.springframework.web.context.support.GenericWebApplicationContext@1cefc4b3'
2024-12-04T11:45:13.821+01:00 DEBUG 72666 --- [intelligent_pv] [           main] o.s.b.f.s.DefaultListableBeanFactory     : Autowiring by type from bean name 'welcomePageNotAcceptableHandlerMapping' via factory method to bean named 'mvcConversionService'
2024-12-04T11:45:13.822+01:00 DEBUG 72666 --- [intelligent_pv] [           main] o.s.b.f.s.DefaultListableBeanFactory     : Autowiring by type from bean name 'welcomePageNotAcceptableHandlerMapping' via factory method to bean named 'mvcResourceUrlProvider'
2024-12-04T11:45:13.823+01:00 DEBUG 72666 --- [intelligent_pv] [           main] o.s.b.f.s.DefaultListableBeanFactory     : Creating shared instance of singleton bean 'requestMappingHandlerMapping'
2024-12-04T11:45:13.824+01:00 DEBUG 72666 --- [intelligent_pv] [           main] o.s.b.f.s.DefaultListableBeanFactory     : Autowiring by type from bean name 'requestMappingHandlerMapping' via factory method to bean named 'mvcContentNegotiationManager'
2024-12-04T11:45:13.824+01:00 DEBUG 72666 --- [intelligent_pv] [           main] o.s.b.f.s.DefaultListableBeanFactory     : Autowiring by type from bean name 'requestMappingHandlerMapping' via factory method to bean named 'mvcConversionService'
2024-12-04T11:45:13.824+01:00 DEBUG 72666 --- [intelligent_pv] [           main] o.s.b.f.s.DefaultListableBeanFactory     : Autowiring by type from bean name 'requestMappingHandlerMapping' via factory method to bean named 'mvcResourceUrlProvider'
2024-12-04T11:45:13.849+01:00 DEBUG 72666 --- [intelligent_pv] [           main] s.w.s.m.m.a.RequestMappingHandlerMapping : 18 mappings in 'requestMappingHandlerMapping'
2024-12-04T11:45:13.851+01:00 DEBUG 72666 --- [intelligent_pv] [           main] o.s.b.f.s.DefaultListableBeanFactory     : Creating shared instance of singleton bean 'viewControllerHandlerMapping'
2024-12-04T11:45:13.851+01:00 DEBUG 72666 --- [intelligent_pv] [           main] o.s.b.f.s.DefaultListableBeanFactory     : Autowiring by type from bean name 'viewControllerHandlerMapping' via factory method to bean named 'mvcConversionService'
2024-12-04T11:45:13.851+01:00 DEBUG 72666 --- [intelligent_pv] [           main] o.s.b.f.s.DefaultListableBeanFactory     : Autowiring by type from bean name 'viewControllerHandlerMapping' via factory method to bean named 'mvcResourceUrlProvider'
2024-12-04T11:45:13.851+01:00 DEBUG 72666 --- [intelligent_pv] [           main] o.s.b.f.s.DefaultListableBeanFactory     : Creating shared instance of singleton bean 'beanNameHandlerMapping'
2024-12-04T11:45:13.852+01:00 DEBUG 72666 --- [intelligent_pv] [           main] o.s.b.f.s.DefaultListableBeanFactory     : Autowiring by type from bean name 'beanNameHandlerMapping' via factory method to bean named 'mvcConversionService'
2024-12-04T11:45:13.852+01:00 DEBUG 72666 --- [intelligent_pv] [           main] o.s.b.f.s.DefaultListableBeanFactory     : Autowiring by type from bean name 'beanNameHandlerMapping' via factory method to bean named 'mvcResourceUrlProvider'
2024-12-04T11:45:13.854+01:00 DEBUG 72666 --- [intelligent_pv] [           main] o.s.b.f.s.DefaultListableBeanFactory     : Creating shared instance of singleton bean 'routerFunctionMapping'
2024-12-04T11:45:13.854+01:00 DEBUG 72666 --- [intelligent_pv] [           main] o.s.b.f.s.DefaultListableBeanFactory     : Autowiring by type from bean name 'routerFunctionMapping' via factory method to bean named 'mvcConversionService'
2024-12-04T11:45:13.854+01:00 DEBUG 72666 --- [intelligent_pv] [           main] o.s.b.f.s.DefaultListableBeanFactory     : Autowiring by type from bean name 'routerFunctionMapping' via factory method to bean named 'mvcResourceUrlProvider'
2024-12-04T11:45:13.854+01:00 DEBUG 72666 --- [intelligent_pv] [           main] o.s.b.f.s.DefaultListableBeanFactory     : Creating shared instance of singleton bean 'messageConverters'
2024-12-04T11:45:13.854+01:00 DEBUG 72666 --- [intelligent_pv] [           main] o.s.b.f.s.DefaultListableBeanFactory     : Creating shared instance of singleton bean 'org.springframework.boot.autoconfigure.http.HttpMessageConvertersAutoConfiguration'
2024-12-04T11:45:13.856+01:00 DEBUG 72666 --- [intelligent_pv] [           main] o.s.b.f.s.DefaultListableBeanFactory     : Creating shared instance of singleton bean 'stringHttpMessageConverter'
2024-12-04T11:45:13.856+01:00 DEBUG 72666 --- [intelligent_pv] [           main] o.s.b.f.s.DefaultListableBeanFactory     : Creating shared instance of singleton bean 'org.springframework.boot.autoconfigure.http.HttpMessageConvertersAutoConfiguration$StringHttpMessageConverterConfiguration'
2024-12-04T11:45:13.856+01:00 DEBUG 72666 --- [intelligent_pv] [           main] o.s.b.f.s.DefaultListableBeanFactory     : Autowiring by type from bean name 'stringHttpMessageConverter' via factory method to bean named 'environment'
2024-12-04T11:45:13.858+01:00 DEBUG 72666 --- [intelligent_pv] [           main] o.s.b.f.s.DefaultListableBeanFactory     : Creating shared instance of singleton bean 'mappingJackson2HttpMessageConverter'
2024-12-04T11:45:13.858+01:00 DEBUG 72666 --- [intelligent_pv] [           main] o.s.b.f.s.DefaultListableBeanFactory     : Creating shared instance of singleton bean 'org.springframework.boot.autoconfigure.http.JacksonHttpMessageConvertersConfiguration$MappingJackson2HttpMessageConverterConfiguration'
2024-12-04T11:45:13.859+01:00 DEBUG 72666 --- [intelligent_pv] [           main] o.s.b.f.s.DefaultListableBeanFactory     : Creating shared instance of singleton bean 'jacksonObjectMapper'
2024-12-04T11:45:13.859+01:00 DEBUG 72666 --- [intelligent_pv] [           main] o.s.b.f.s.DefaultListableBeanFactory     : Creating shared instance of singleton bean 'org.springframework.boot.autoconfigure.jackson.JacksonAutoConfiguration$JacksonObjectMapperConfiguration'
2024-12-04T11:45:13.859+01:00 DEBUG 72666 --- [intelligent_pv] [           main] o.s.b.f.s.DefaultListableBeanFactory     : Creating shared instance of singleton bean 'org.springframework.boot.autoconfigure.jackson.JacksonAutoConfiguration$JacksonObjectMapperBuilderConfiguration'
2024-12-04T11:45:13.859+01:00 DEBUG 72666 --- [intelligent_pv] [           main] o.s.b.f.s.DefaultListableBeanFactory     : Creating shared instance of singleton bean 'standardJacksonObjectMapperBuilderCustomizer'
2024-12-04T11:45:13.859+01:00 DEBUG 72666 --- [intelligent_pv] [           main] o.s.b.f.s.DefaultListableBeanFactory     : Creating shared instance of singleton bean 'org.springframework.boot.autoconfigure.jackson.JacksonAutoConfiguration$Jackson2ObjectMapperBuilderCustomizerConfiguration'
2024-12-04T11:45:13.860+01:00 DEBUG 72666 --- [intelligent_pv] [           main] o.s.b.f.s.DefaultListableBeanFactory     : Creating shared instance of singleton bean 'spring.jackson-org.springframework.boot.autoconfigure.jackson.JacksonProperties'
2024-12-04T11:45:13.861+01:00 DEBUG 72666 --- [intelligent_pv] [           main] o.s.b.f.s.DefaultListableBeanFactory     : Autowiring by type from bean name 'standardJacksonObjectMapperBuilderCustomizer' via factory method to bean named 'spring.jackson-org.springframework.boot.autoconfigure.jackson.JacksonProperties'
2024-12-04T11:45:13.861+01:00 DEBUG 72666 --- [intelligent_pv] [           main] o.s.b.f.s.DefaultListableBeanFactory     : Creating shared instance of singleton bean 'parameterNamesModule'
2024-12-04T11:45:13.861+01:00 DEBUG 72666 --- [intelligent_pv] [           main] o.s.b.f.s.DefaultListableBeanFactory     : Creating shared instance of singleton bean 'org.springframework.boot.autoconfigure.jackson.JacksonAutoConfiguration$ParameterNamesModuleConfiguration'
2024-12-04T11:45:13.863+01:00 DEBUG 72666 --- [intelligent_pv] [           main] o.s.b.f.s.DefaultListableBeanFactory     : Creating shared instance of singleton bean 'jsonMixinModule'
2024-12-04T11:45:13.863+01:00 DEBUG 72666 --- [intelligent_pv] [           main] o.s.b.f.s.DefaultListableBeanFactory     : Creating shared instance of singleton bean 'org.springframework.boot.autoconfigure.jackson.JacksonAutoConfiguration$JacksonMixinConfiguration'
2024-12-04T11:45:13.863+01:00 DEBUG 72666 --- [intelligent_pv] [           main] o.s.b.f.s.DefaultListableBeanFactory     : Creating shared instance of singleton bean 'jsonMixinModuleEntries'
2024-12-04T11:45:13.863+01:00 DEBUG 72666 --- [intelligent_pv] [           main] o.s.b.f.s.DefaultListableBeanFactory     : Autowiring by type from bean name 'jsonMixinModuleEntries' via factory method to bean named 'org.springframework.web.context.support.GenericWebApplicationContext@1cefc4b3'
2024-12-04T11:45:13.866+01:00 TRACE 72666 --- [intelligent_pv] [           main] nModuleEntries$JsonMixinComponentScanner : Scanning file [/Users/youssef.elassaoui/IntelligentPV--/intelligent-pv-backend/target/test-classes/gep/ma/intelligent/pv/IntelligentPvApplicationTests.class]
2024-12-04T11:45:13.866+01:00 TRACE 72666 --- [intelligent_pv] [           main] nModuleEntries$JsonMixinComponentScanner : Ignored because not matching any filter: file [/Users/youssef.elassaoui/IntelligentPV--/intelligent-pv-backend/target/test-classes/gep/ma/intelligent/pv/IntelligentPvApplicationTests.class]
2024-12-04T11:45:13.866+01:00 TRACE 72666 --- [intelligent_pv] [           main] nModuleEntries$JsonMixinComponentScanner : Scanning file [/Users/youssef.elassaoui/IntelligentPV--/intelligent-pv-backend/target/classes/gep/ma/intelligent/pv/Config/SecurityConfig.class]
2024-12-04T11:45:13.866+01:00 TRACE 72666 --- [intelligent_pv] [           main] nModuleEntries$JsonMixinComponentScanner : Ignored because not matching any filter: file [/Users/youssef.elassaoui/IntelligentPV--/intelligent-pv-backend/target/classes/gep/ma/intelligent/pv/Config/SecurityConfig.class]
2024-12-04T11:45:13.866+01:00 TRACE 72666 --- [intelligent_pv] [           main] nModuleEntries$JsonMixinComponentScanner : Scanning file [/Users/youssef.elassaoui/IntelligentPV--/intelligent-pv-backend/target/classes/gep/ma/intelligent/pv/Config/WebConfig.class]
2024-12-04T11:45:13.866+01:00 TRACE 72666 --- [intelligent_pv] [           main] nModuleEntries$JsonMixinComponentScanner : Ignored because not matching any filter: file [/Users/youssef.elassaoui/IntelligentPV--/intelligent-pv-backend/target/classes/gep/ma/intelligent/pv/Config/WebConfig.class]
2024-12-04T11:45:13.866+01:00 TRACE 72666 --- [intelligent_pv] [           main] nModuleEntries$JsonMixinComponentScanner : Scanning file [/Users/youssef.elassaoui/IntelligentPV--/intelligent-pv-backend/target/classes/gep/ma/intelligent/pv/Controllers/AdminController.class]
2024-12-04T11:45:13.866+01:00 TRACE 72666 --- [intelligent_pv] [           main] nModuleEntries$JsonMixinComponentScanner : Ignored because not matching any filter: file [/Users/youssef.elassaoui/IntelligentPV--/intelligent-pv-backend/target/classes/gep/ma/intelligent/pv/Controllers/AdminController.class]
2024-12-04T11:45:13.866+01:00 TRACE 72666 --- [intelligent_pv] [           main] nModuleEntries$JsonMixinComponentScanner : Scanning file [/Users/youssef.elassaoui/IntelligentPV--/intelligent-pv-backend/target/classes/gep/ma/intelligent/pv/Controllers/DevicesByPlantController.class]
2024-12-04T11:45:13.866+01:00 TRACE 72666 --- [intelligent_pv] [           main] nModuleEntries$JsonMixinComponentScanner : Ignored because not matching any filter: file [/Users/youssef.elassaoui/IntelligentPV--/intelligent-pv-backend/target/classes/gep/ma/intelligent/pv/Controllers/DevicesByPlantController.class]
2024-12-04T11:45:13.866+01:00 TRACE 72666 --- [intelligent_pv] [           main] nModuleEntries$JsonMixinComponentScanner : Scanning file [/Users/youssef.elassaoui/IntelligentPV--/intelligent-pv-backend/target/classes/gep/ma/intelligent/pv/Controllers/ErrorsController.class]
2024-12-04T11:45:13.866+01:00 TRACE 72666 --- [intelligent_pv] [           main] nModuleEntries$JsonMixinComponentScanner : Ignored because not matching any filter: file [/Users/youssef.elassaoui/IntelligentPV--/intelligent-pv-backend/target/classes/gep/ma/intelligent/pv/Controllers/ErrorsController.class]
2024-12-04T11:45:13.866+01:00 TRACE 72666 --- [intelligent_pv] [           main] nModuleEntries$JsonMixinComponentScanner : Scanning file [/Users/youssef.elassaoui/IntelligentPV--/intelligent-pv-backend/target/classes/gep/ma/intelligent/pv/Controllers/KpisController.class]
2024-12-04T11:45:13.866+01:00 TRACE 72666 --- [intelligent_pv] [           main] nModuleEntries$JsonMixinComponentScanner : Ignored because not matching any filter: file [/Users/youssef.elassaoui/IntelligentPV--/intelligent-pv-backend/target/classes/gep/ma/intelligent/pv/Controllers/KpisController.class]
2024-12-04T11:45:13.866+01:00 TRACE 72666 --- [intelligent_pv] [           main] nModuleEntries$JsonMixinComponentScanner : Scanning file [/Users/youssef.elassaoui/IntelligentPV--/intelligent-pv-backend/target/classes/gep/ma/intelligent/pv/Controllers/MeasuresController.class]
2024-12-04T11:45:13.866+01:00 TRACE 72666 --- [intelligent_pv] [           main] nModuleEntries$JsonMixinComponentScanner : Ignored because not matching any filter: file [/Users/youssef.elassaoui/IntelligentPV--/intelligent-pv-backend/target/classes/gep/ma/intelligent/pv/Controllers/MeasuresController.class]
2024-12-04T11:45:13.866+01:00 TRACE 72666 --- [intelligent_pv] [           main] nModuleEntries$JsonMixinComponentScanner : Scanning file [/Users/youssef.elassaoui/IntelligentPV--/intelligent-pv-backend/target/classes/gep/ma/intelligent/pv/Controllers/PlantsController.class]
2024-12-04T11:45:13.866+01:00 TRACE 72666 --- [intelligent_pv] [           main] nModuleEntries$JsonMixinComponentScanner : Ignored because not matching any filter: file [/Users/youssef.elassaoui/IntelligentPV--/intelligent-pv-backend/target/classes/gep/ma/intelligent/pv/Controllers/PlantsController.class]
2024-12-04T11:45:13.866+01:00 TRACE 72666 --- [intelligent_pv] [           main] nModuleEntries$JsonMixinComponentScanner : Scanning file [/Users/youssef.elassaoui/IntelligentPV--/intelligent-pv-backend/target/classes/gep/ma/intelligent/pv/Controllers/UserController.class]
2024-12-04T11:45:13.866+01:00 TRACE 72666 --- [intelligent_pv] [           main] nModuleEntries$JsonMixinComponentScanner : Ignored because not matching any filter: file [/Users/youssef.elassaoui/IntelligentPV--/intelligent-pv-backend/target/classes/gep/ma/intelligent/pv/Controllers/UserController.class]
2024-12-04T11:45:13.866+01:00 TRACE 72666 --- [intelligent_pv] [           main] nModuleEntries$JsonMixinComponentScanner : Scanning file [/Users/youssef.elassaoui/IntelligentPV--/intelligent-pv-backend/target/classes/gep/ma/intelligent/pv/DTO/AddUserRequest.class]
2024-12-04T11:45:13.866+01:00 TRACE 72666 --- [intelligent_pv] [           main] nModuleEntries$JsonMixinComponentScanner : Ignored because not matching any filter: file [/Users/youssef.elassaoui/IntelligentPV--/intelligent-pv-backend/target/classes/gep/ma/intelligent/pv/DTO/AddUserRequest.class]
2024-12-04T11:45:13.866+01:00 TRACE 72666 --- [intelligent_pv] [           main] nModuleEntries$JsonMixinComponentScanner : Scanning file [/Users/youssef.elassaoui/IntelligentPV--/intelligent-pv-backend/target/classes/gep/ma/intelligent/pv/DTO/EnergyDataDTO.class]
2024-12-04T11:45:13.866+01:00 TRACE 72666 --- [intelligent_pv] [           main] nModuleEntries$JsonMixinComponentScanner : Ignored because not matching any filter: file [/Users/youssef.elassaoui/IntelligentPV--/intelligent-pv-backend/target/classes/gep/ma/intelligent/pv/DTO/EnergyDataDTO.class]
2024-12-04T11:45:13.866+01:00 TRACE 72666 --- [intelligent_pv] [           main] nModuleEntries$JsonMixinComponentScanner : Scanning file [/Users/youssef.elassaoui/IntelligentPV--/intelligent-pv-backend/target/classes/gep/ma/intelligent/pv/DTO/LoginRequest.class]
2024-12-04T11:45:13.866+01:00 TRACE 72666 --- [intelligent_pv] [           main] nModuleEntries$JsonMixinComponentScanner : Ignored because not matching any filter: file [/Users/youssef.elassaoui/IntelligentPV--/intelligent-pv-backend/target/classes/gep/ma/intelligent/pv/DTO/LoginRequest.class]
2024-12-04T11:45:13.866+01:00 TRACE 72666 --- [intelligent_pv] [           main] nModuleEntries$JsonMixinComponentScanner : Scanning file [/Users/youssef.elassaoui/IntelligentPV--/intelligent-pv-backend/target/classes/gep/ma/intelligent/pv/DTO/PlantEnergyData.class]
2024-12-04T11:45:13.866+01:00 TRACE 72666 --- [intelligent_pv] [           main] nModuleEntries$JsonMixinComponentScanner : Ignored because not matching any filter: file [/Users/youssef.elassaoui/IntelligentPV--/intelligent-pv-backend/target/classes/gep/ma/intelligent/pv/DTO/PlantEnergyData.class]
2024-12-04T11:45:13.866+01:00 TRACE 72666 --- [intelligent_pv] [           main] nModuleEntries$JsonMixinComponentScanner : Scanning file [/Users/youssef.elassaoui/IntelligentPV--/intelligent-pv-backend/target/classes/gep/ma/intelligent/pv/DTO/SignupRequest.class]
2024-12-04T11:45:13.866+01:00 TRACE 72666 --- [intelligent_pv] [           main] nModuleEntries$JsonMixinComponentScanner : Ignored because not matching any filter: file [/Users/youssef.elassaoui/IntelligentPV--/intelligent-pv-backend/target/classes/gep/ma/intelligent/pv/DTO/SignupRequest.class]
2024-12-04T11:45:13.866+01:00 TRACE 72666 --- [intelligent_pv] [           main] nModuleEntries$JsonMixinComponentScanner : Scanning file [/Users/youssef.elassaoui/IntelligentPV--/intelligent-pv-backend/target/classes/gep/ma/intelligent/pv/IntelligentPvApplication.class]
2024-12-04T11:45:13.866+01:00 TRACE 72666 --- [intelligent_pv] [           main] nModuleEntries$JsonMixinComponentScanner : Ignored because not matching any filter: file [/Users/youssef.elassaoui/IntelligentPV--/intelligent-pv-backend/target/classes/gep/ma/intelligent/pv/IntelligentPvApplication.class]
2024-12-04T11:45:13.866+01:00 TRACE 72666 --- [intelligent_pv] [           main] nModuleEntries$JsonMixinComponentScanner : Scanning file [/Users/youssef.elassaoui/IntelligentPV--/intelligent-pv-backend/target/classes/gep/ma/intelligent/pv/Models/DevicesByPlant.class]
2024-12-04T11:45:13.866+01:00 TRACE 72666 --- [intelligent_pv] [           main] nModuleEntries$JsonMixinComponentScanner : Ignored because not matching any filter: file [/Users/youssef.elassaoui/IntelligentPV--/intelligent-pv-backend/target/classes/gep/ma/intelligent/pv/Models/DevicesByPlant.class]
2024-12-04T11:45:13.866+01:00 TRACE 72666 --- [intelligent_pv] [           main] nModuleEntries$JsonMixinComponentScanner : Scanning file [/Users/youssef.elassaoui/IntelligentPV--/intelligent-pv-backend/target/classes/gep/ma/intelligent/pv/Models/DevicesByPlantKey.class]
2024-12-04T11:45:13.866+01:00 TRACE 72666 --- [intelligent_pv] [           main] nModuleEntries$JsonMixinComponentScanner : Ignored because not matching any filter: file [/Users/youssef.elassaoui/IntelligentPV--/intelligent-pv-backend/target/classes/gep/ma/intelligent/pv/Models/DevicesByPlantKey.class]
2024-12-04T11:45:13.866+01:00 TRACE 72666 --- [intelligent_pv] [           main] nModuleEntries$JsonMixinComponentScanner : Scanning file [/Users/youssef.elassaoui/IntelligentPV--/intelligent-pv-backend/target/classes/gep/ma/intelligent/pv/Models/Errors.class]
2024-12-04T11:45:13.866+01:00 TRACE 72666 --- [intelligent_pv] [           main] nModuleEntries$JsonMixinComponentScanner : Ignored because not matching any filter: file [/Users/youssef.elassaoui/IntelligentPV--/intelligent-pv-backend/target/classes/gep/ma/intelligent/pv/Models/Errors.class]
2024-12-04T11:45:13.866+01:00 TRACE 72666 --- [intelligent_pv] [           main] nModuleEntries$JsonMixinComponentScanner : Scanning file [/Users/youssef.elassaoui/IntelligentPV--/intelligent-pv-backend/target/classes/gep/ma/intelligent/pv/Models/ErrorsKey.class]
2024-12-04T11:45:13.866+01:00 TRACE 72666 --- [intelligent_pv] [           main] nModuleEntries$JsonMixinComponentScanner : Ignored because not matching any filter: file [/Users/youssef.elassaoui/IntelligentPV--/intelligent-pv-backend/target/classes/gep/ma/intelligent/pv/Models/ErrorsKey.class]
2024-12-04T11:45:13.866+01:00 TRACE 72666 --- [intelligent_pv] [           main] nModuleEntries$JsonMixinComponentScanner : Scanning file [/Users/youssef.elassaoui/IntelligentPV--/intelligent-pv-backend/target/classes/gep/ma/intelligent/pv/Models/Kpis.class]
2024-12-04T11:45:13.866+01:00 TRACE 72666 --- [intelligent_pv] [           main] nModuleEntries$JsonMixinComponentScanner : Ignored because not matching any filter: file [/Users/youssef.elassaoui/IntelligentPV--/intelligent-pv-backend/target/classes/gep/ma/intelligent/pv/Models/Kpis.class]
2024-12-04T11:45:13.866+01:00 TRACE 72666 --- [intelligent_pv] [           main] nModuleEntries$JsonMixinComponentScanner : Scanning file [/Users/youssef.elassaoui/IntelligentPV--/intelligent-pv-backend/target/classes/gep/ma/intelligent/pv/Models/KpisKey.class]
2024-12-04T11:45:13.866+01:00 TRACE 72666 --- [intelligent_pv] [           main] nModuleEntries$JsonMixinComponentScanner : Ignored because not matching any filter: file [/Users/youssef.elassaoui/IntelligentPV--/intelligent-pv-backend/target/classes/gep/ma/intelligent/pv/Models/KpisKey.class]
2024-12-04T11:45:13.866+01:00 TRACE 72666 --- [intelligent_pv] [           main] nModuleEntries$JsonMixinComponentScanner : Scanning file [/Users/youssef.elassaoui/IntelligentPV--/intelligent-pv-backend/target/classes/gep/ma/intelligent/pv/Models/Measures.class]
2024-12-04T11:45:13.866+01:00 TRACE 72666 --- [intelligent_pv] [           main] nModuleEntries$JsonMixinComponentScanner : Ignored because not matching any filter: file [/Users/youssef.elassaoui/IntelligentPV--/intelligent-pv-backend/target/classes/gep/ma/intelligent/pv/Models/Measures.class]
2024-12-04T11:45:13.866+01:00 TRACE 72666 --- [intelligent_pv] [           main] nModuleEntries$JsonMixinComponentScanner : Scanning file [/Users/youssef.elassaoui/IntelligentPV--/intelligent-pv-backend/target/classes/gep/ma/intelligent/pv/Models/MeasuresKey.class]
2024-12-04T11:45:13.866+01:00 TRACE 72666 --- [intelligent_pv] [           main] nModuleEntries$JsonMixinComponentScanner : Ignored because not matching any filter: file [/Users/youssef.elassaoui/IntelligentPV--/intelligent-pv-backend/target/classes/gep/ma/intelligent/pv/Models/MeasuresKey.class]
2024-12-04T11:45:13.866+01:00 TRACE 72666 --- [intelligent_pv] [           main] nModuleEntries$JsonMixinComponentScanner : Scanning file [/Users/youssef.elassaoui/IntelligentPV--/intelligent-pv-backend/target/classes/gep/ma/intelligent/pv/Models/PageResult.class]
2024-12-04T11:45:13.866+01:00 TRACE 72666 --- [intelligent_pv] [           main] nModuleEntries$JsonMixinComponentScanner : Ignored because not matching any filter: file [/Users/youssef.elassaoui/IntelligentPV--/intelligent-pv-backend/target/classes/gep/ma/intelligent/pv/Models/PageResult.class]
2024-12-04T11:45:13.866+01:00 TRACE 72666 --- [intelligent_pv] [           main] nModuleEntries$JsonMixinComponentScanner : Scanning file [/Users/youssef.elassaoui/IntelligentPV--/intelligent-pv-backend/target/classes/gep/ma/intelligent/pv/Models/Plants.class]
2024-12-04T11:45:13.866+01:00 TRACE 72666 --- [intelligent_pv] [           main] nModuleEntries$JsonMixinComponentScanner : Ignored because not matching any filter: file [/Users/youssef.elassaoui/IntelligentPV--/intelligent-pv-backend/target/classes/gep/ma/intelligent/pv/Models/Plants.class]
2024-12-04T11:45:13.866+01:00 TRACE 72666 --- [intelligent_pv] [           main] nModuleEntries$JsonMixinComponentScanner : Scanning file [/Users/youssef.elassaoui/IntelligentPV--/intelligent-pv-backend/target/classes/gep/ma/intelligent/pv/Models/PlantsKey.class]
2024-12-04T11:45:13.866+01:00 TRACE 72666 --- [intelligent_pv] [           main] nModuleEntries$JsonMixinComponentScanner : Ignored because not matching any filter: file [/Users/youssef.elassaoui/IntelligentPV--/intelligent-pv-backend/target/classes/gep/ma/intelligent/pv/Models/PlantsKey.class]
2024-12-04T11:45:13.866+01:00 TRACE 72666 --- [intelligent_pv] [           main] nModuleEntries$JsonMixinComponentScanner : Scanning file [/Users/youssef.elassaoui/IntelligentPV--/intelligent-pv-backend/target/classes/gep/ma/intelligent/pv/Models/Role.class]
2024-12-04T11:45:13.866+01:00 TRACE 72666 --- [intelligent_pv] [           main] nModuleEntries$JsonMixinComponentScanner : Ignored because not matching any filter: file [/Users/youssef.elassaoui/IntelligentPV--/intelligent-pv-backend/target/classes/gep/ma/intelligent/pv/Models/Role.class]
2024-12-04T11:45:13.866+01:00 TRACE 72666 --- [intelligent_pv] [           main] nModuleEntries$JsonMixinComponentScanner : Scanning file [/Users/youssef.elassaoui/IntelligentPV--/intelligent-pv-backend/target/classes/gep/ma/intelligent/pv/Models/User.class]
2024-12-04T11:45:13.866+01:00 TRACE 72666 --- [intelligent_pv] [           main] nModuleEntries$JsonMixinComponentScanner : Ignored because not matching any filter: file [/Users/youssef.elassaoui/IntelligentPV--/intelligent-pv-backend/target/classes/gep/ma/intelligent/pv/Models/User.class]
2024-12-04T11:45:13.866+01:00 TRACE 72666 --- [intelligent_pv] [           main] nModuleEntries$JsonMixinComponentScanner : Scanning file [/Users/youssef.elassaoui/IntelligentPV--/intelligent-pv-backend/target/classes/gep/ma/intelligent/pv/Repos/DevicesByPlantRepository.class]
2024-12-04T11:45:13.866+01:00 TRACE 72666 --- [intelligent_pv] [           main] nModuleEntries$JsonMixinComponentScanner : Ignored because not matching any filter: file [/Users/youssef.elassaoui/IntelligentPV--/intelligent-pv-backend/target/classes/gep/ma/intelligent/pv/Repos/DevicesByPlantRepository.class]
2024-12-04T11:45:13.866+01:00 TRACE 72666 --- [intelligent_pv] [           main] nModuleEntries$JsonMixinComponentScanner : Scanning file [/Users/youssef.elassaoui/IntelligentPV--/intelligent-pv-backend/target/classes/gep/ma/intelligent/pv/Repos/ErrorsRepository.class]
2024-12-04T11:45:13.866+01:00 TRACE 72666 --- [intelligent_pv] [           main] nModuleEntries$JsonMixinComponentScanner : Ignored because not matching any filter: file [/Users/youssef.elassaoui/IntelligentPV--/intelligent-pv-backend/target/classes/gep/ma/intelligent/pv/Repos/ErrorsRepository.class]
2024-12-04T11:45:13.866+01:00 TRACE 72666 --- [intelligent_pv] [           main] nModuleEntries$JsonMixinComponentScanner : Scanning file [/Users/youssef.elassaoui/IntelligentPV--/intelligent-pv-backend/target/classes/gep/ma/intelligent/pv/Repos/KpisRepository.class]
2024-12-04T11:45:13.866+01:00 TRACE 72666 --- [intelligent_pv] [           main] nModuleEntries$JsonMixinComponentScanner : Ignored because not matching any filter: file [/Users/youssef.elassaoui/IntelligentPV--/intelligent-pv-backend/target/classes/gep/ma/intelligent/pv/Repos/KpisRepository.class]
2024-12-04T11:45:13.866+01:00 TRACE 72666 --- [intelligent_pv] [           main] nModuleEntries$JsonMixinComponentScanner : Scanning file [/Users/youssef.elassaoui/IntelligentPV--/intelligent-pv-backend/target/classes/gep/ma/intelligent/pv/Repos/MeasuresRepository.class]
2024-12-04T11:45:13.866+01:00 TRACE 72666 --- [intelligent_pv] [           main] nModuleEntries$JsonMixinComponentScanner : Ignored because not matching any filter: file [/Users/youssef.elassaoui/IntelligentPV--/intelligent-pv-backend/target/classes/gep/ma/intelligent/pv/Repos/MeasuresRepository.class]
2024-12-04T11:45:13.866+01:00 TRACE 72666 --- [intelligent_pv] [           main] nModuleEntries$JsonMixinComponentScanner : Scanning file [/Users/youssef.elassaoui/IntelligentPV--/intelligent-pv-backend/target/classes/gep/ma/intelligent/pv/Repos/PlantsRepository.class]
2024-12-04T11:45:13.866+01:00 TRACE 72666 --- [intelligent_pv] [           main] nModuleEntries$JsonMixinComponentScanner : Ignored because not matching any filter: file [/Users/youssef.elassaoui/IntelligentPV--/intelligent-pv-backend/target/classes/gep/ma/intelligent/pv/Repos/PlantsRepository.class]
2024-12-04T11:45:13.866+01:00 TRACE 72666 --- [intelligent_pv] [           main] nModuleEntries$JsonMixinComponentScanner : Scanning file [/Users/youssef.elassaoui/IntelligentPV--/intelligent-pv-backend/target/classes/gep/ma/intelligent/pv/Repos/UserRepository.class]
2024-12-04T11:45:13.866+01:00 TRACE 72666 --- [intelligent_pv] [           main] nModuleEntries$JsonMixinComponentScanner : Ignored because not matching any filter: file [/Users/youssef.elassaoui/IntelligentPV--/intelligent-pv-backend/target/classes/gep/ma/intelligent/pv/Repos/UserRepository.class]
2024-12-04T11:45:13.866+01:00 TRACE 72666 --- [intelligent_pv] [           main] nModuleEntries$JsonMixinComponentScanner : Scanning file [/Users/youssef.elassaoui/IntelligentPV--/intelligent-pv-backend/target/classes/gep/ma/intelligent/pv/Security/JwtAuthenticationFilter.class]
2024-12-04T11:45:13.866+01:00 TRACE 72666 --- [intelligent_pv] [           main] nModuleEntries$JsonMixinComponentScanner : Ignored because not matching any filter: file [/Users/youssef.elassaoui/IntelligentPV--/intelligent-pv-backend/target/classes/gep/ma/intelligent/pv/Security/JwtAuthenticationFilter.class]
2024-12-04T11:45:13.866+01:00 TRACE 72666 --- [intelligent_pv] [           main] nModuleEntries$JsonMixinComponentScanner : Scanning file [/Users/youssef.elassaoui/IntelligentPV--/intelligent-pv-backend/target/classes/gep/ma/intelligent/pv/Services/DevicesByPlantService.class]
2024-12-04T11:45:13.866+01:00 TRACE 72666 --- [intelligent_pv] [           main] nModuleEntries$JsonMixinComponentScanner : Ignored because not matching any filter: file [/Users/youssef.elassaoui/IntelligentPV--/intelligent-pv-backend/target/classes/gep/ma/intelligent/pv/Services/DevicesByPlantService.class]
2024-12-04T11:45:13.866+01:00 TRACE 72666 --- [intelligent_pv] [           main] nModuleEntries$JsonMixinComponentScanner : Scanning file [/Users/youssef.elassaoui/IntelligentPV--/intelligent-pv-backend/target/classes/gep/ma/intelligent/pv/Services/ErrorsService.class]
2024-12-04T11:45:13.866+01:00 TRACE 72666 --- [intelligent_pv] [           main] nModuleEntries$JsonMixinComponentScanner : Ignored because not matching any filter: file [/Users/youssef.elassaoui/IntelligentPV--/intelligent-pv-backend/target/classes/gep/ma/intelligent/pv/Services/ErrorsService.class]
2024-12-04T11:45:13.866+01:00 TRACE 72666 --- [intelligent_pv] [           main] nModuleEntries$JsonMixinComponentScanner : Scanning file [/Users/youssef.elassaoui/IntelligentPV--/intelligent-pv-backend/target/classes/gep/ma/intelligent/pv/Services/KpisService.class]
2024-12-04T11:45:13.866+01:00 TRACE 72666 --- [intelligent_pv] [           main] nModuleEntries$JsonMixinComponentScanner : Ignored because not matching any filter: file [/Users/youssef.elassaoui/IntelligentPV--/intelligent-pv-backend/target/classes/gep/ma/intelligent/pv/Services/KpisService.class]
2024-12-04T11:45:13.866+01:00 TRACE 72666 --- [intelligent_pv] [           main] nModuleEntries$JsonMixinComponentScanner : Scanning file [/Users/youssef.elassaoui/IntelligentPV--/intelligent-pv-backend/target/classes/gep/ma/intelligent/pv/Services/MeasuresService.class]
2024-12-04T11:45:13.866+01:00 TRACE 72666 --- [intelligent_pv] [           main] nModuleEntries$JsonMixinComponentScanner : Ignored because not matching any filter: file [/Users/youssef.elassaoui/IntelligentPV--/intelligent-pv-backend/target/classes/gep/ma/intelligent/pv/Services/MeasuresService.class]
2024-12-04T11:45:13.866+01:00 TRACE 72666 --- [intelligent_pv] [           main] nModuleEntries$JsonMixinComponentScanner : Scanning file [/Users/youssef.elassaoui/IntelligentPV--/intelligent-pv-backend/target/classes/gep/ma/intelligent/pv/Services/PlantsService.class]
2024-12-04T11:45:13.866+01:00 TRACE 72666 --- [intelligent_pv] [           main] nModuleEntries$JsonMixinComponentScanner : Ignored because not matching any filter: file [/Users/youssef.elassaoui/IntelligentPV--/intelligent-pv-backend/target/classes/gep/ma/intelligent/pv/Services/PlantsService.class]
2024-12-04T11:45:13.866+01:00 TRACE 72666 --- [intelligent_pv] [           main] nModuleEntries$JsonMixinComponentScanner : Scanning file [/Users/youssef.elassaoui/IntelligentPV--/intelligent-pv-backend/target/classes/gep/ma/intelligent/pv/Services/UserDetailsServiceImpl.class]
2024-12-04T11:45:13.866+01:00 TRACE 72666 --- [intelligent_pv] [           main] nModuleEntries$JsonMixinComponentScanner : Ignored because not matching any filter: file [/Users/youssef.elassaoui/IntelligentPV--/intelligent-pv-backend/target/classes/gep/ma/intelligent/pv/Services/UserDetailsServiceImpl.class]
2024-12-04T11:45:13.866+01:00 TRACE 72666 --- [intelligent_pv] [           main] nModuleEntries$JsonMixinComponentScanner : Scanning file [/Users/youssef.elassaoui/IntelligentPV--/intelligent-pv-backend/target/classes/gep/ma/intelligent/pv/Services/UserService.class]
2024-12-04T11:45:13.866+01:00 TRACE 72666 --- [intelligent_pv] [           main] nModuleEntries$JsonMixinComponentScanner : Ignored because not matching any filter: file [/Users/youssef.elassaoui/IntelligentPV--/intelligent-pv-backend/target/classes/gep/ma/intelligent/pv/Services/UserService.class]
2024-12-04T11:45:13.866+01:00 TRACE 72666 --- [intelligent_pv] [           main] nModuleEntries$JsonMixinComponentScanner : Scanning file [/Users/youssef.elassaoui/IntelligentPV--/intelligent-pv-backend/target/classes/gep/ma/intelligent/pv/Util/JwtUtils.class]
2024-12-04T11:45:13.866+01:00 TRACE 72666 --- [intelligent_pv] [           main] nModuleEntries$JsonMixinComponentScanner : Ignored because not matching any filter: file [/Users/youssef.elassaoui/IntelligentPV--/intelligent-pv-backend/target/classes/gep/ma/intelligent/pv/Util/JwtUtils.class]
2024-12-04T11:45:13.867+01:00 DEBUG 72666 --- [intelligent_pv] [           main] o.s.b.f.s.DefaultListableBeanFactory     : Autowiring by type from bean name 'jsonMixinModule' via factory method to bean named 'org.springframework.web.context.support.GenericWebApplicationContext@1cefc4b3'
2024-12-04T11:45:13.867+01:00 DEBUG 72666 --- [intelligent_pv] [           main] o.s.b.f.s.DefaultListableBeanFactory     : Autowiring by type from bean name 'jsonMixinModule' via factory method to bean named 'jsonMixinModuleEntries'
2024-12-04T11:45:13.867+01:00 DEBUG 72666 --- [intelligent_pv] [           main] o.s.b.f.s.DefaultListableBeanFactory     : Creating shared instance of singleton bean 'jsonComponentModule'
2024-12-04T11:45:13.867+01:00 DEBUG 72666 --- [intelligent_pv] [           main] o.s.b.f.s.DefaultListableBeanFactory     : Creating shared instance of singleton bean 'org.springframework.boot.autoconfigure.jackson.JacksonAutoConfiguration'
2024-12-04T11:45:13.870+01:00 DEBUG 72666 --- [intelligent_pv] [           main] o.s.b.f.s.DefaultListableBeanFactory     : Creating shared instance of singleton bean 'jacksonGeoModule'
2024-12-04T11:45:13.870+01:00 DEBUG 72666 --- [intelligent_pv] [           main] o.s.b.f.s.DefaultListableBeanFactory     : Creating shared instance of singleton bean 'org.springframework.data.web.config.SpringDataJacksonConfiguration'
2024-12-04T11:45:13.870+01:00 DEBUG 72666 --- [intelligent_pv] [           main] o.s.b.f.s.DefaultListableBeanFactory     : Creating shared instance of singleton bean 'org.springframework.data.web.config.SpringDataWebSettings'
2024-12-04T11:45:13.872+01:00 DEBUG 72666 --- [intelligent_pv] [           main] o.s.b.f.s.DefaultListableBeanFactory     : Creating shared instance of singleton bean 'pageModule'
2024-12-04T11:45:13.873+01:00 DEBUG 72666 --- [intelligent_pv] [           main] o.s.b.f.s.DefaultListableBeanFactory     : Autowiring by type from bean name 'jacksonObjectMapperBuilder' via factory method to bean named 'org.springframework.web.context.support.GenericWebApplicationContext@1cefc4b3'
2024-12-04T11:45:13.873+01:00 DEBUG 72666 --- [intelligent_pv] [           main] o.s.b.f.s.DefaultListableBeanFactory     : Autowiring by type from bean name 'jacksonObjectMapperBuilder' via factory method to bean named 'standardJacksonObjectMapperBuilderCustomizer'
2024-12-04T11:45:13.874+01:00 DEBUG 72666 --- [intelligent_pv] [           main] o.s.b.f.s.DefaultListableBeanFactory     : Autowiring by type from bean name 'jacksonObjectMapper' via factory method to bean named 'jacksonObjectMapperBuilder'
2024-12-04T11:45:13.880+01:00 DEBUG 72666 --- [intelligent_pv] [           main] o.s.b.f.s.DefaultListableBeanFactory     : Autowiring by type from bean name 'mappingJackson2HttpMessageConverter' via factory method to bean named 'jacksonObjectMapper'
2024-12-04T11:45:13.903+01:00 DEBUG 72666 --- [intelligent_pv] [           main] o.s.b.f.s.DefaultListableBeanFactory     : Creating shared instance of singleton bean 'resourceHandlerMapping'
2024-12-04T11:45:13.904+01:00 DEBUG 72666 --- [intelligent_pv] [           main] o.s.b.f.s.DefaultListableBeanFactory     : Autowiring by type from bean name 'resourceHandlerMapping' via factory method to bean named 'mvcContentNegotiationManager'
2024-12-04T11:45:13.905+01:00 DEBUG 72666 --- [intelligent_pv] [           main] o.s.b.f.s.DefaultListableBeanFactory     : Autowiring by type from bean name 'resourceHandlerMapping' via factory method to bean named 'mvcConversionService'
2024-12-04T11:45:13.905+01:00 DEBUG 72666 --- [intelligent_pv] [           main] o.s.b.f.s.DefaultListableBeanFactory     : Autowiring by type from bean name 'resourceHandlerMapping' via factory method to bean named 'mvcResourceUrlProvider'
2024-12-04T11:45:13.909+01:00 DEBUG 72666 --- [intelligent_pv] [           main] o.s.w.s.handler.SimpleUrlHandlerMapping  : Patterns [/webjars/**, /**] in 'resourceHandlerMapping'
2024-12-04T11:45:13.910+01:00 DEBUG 72666 --- [intelligent_pv] [           main] o.s.b.f.s.DefaultListableBeanFactory     : Creating shared instance of singleton bean 'defaultServletHandlerMapping'
2024-12-04T11:45:13.910+01:00 DEBUG 72666 --- [intelligent_pv] [           main] o.s.b.f.s.DefaultListableBeanFactory     : Creating shared instance of singleton bean 'healthEndpointWebMvcHandlerMapping'
2024-12-04T11:45:13.910+01:00 DEBUG 72666 --- [intelligent_pv] [           main] o.s.b.f.s.DefaultListableBeanFactory     : Creating shared instance of singleton bean 'org.springframework.boot.actuate.autoconfigure.health.HealthEndpointWebExtensionConfiguration$MvcAdditionalHealthEndpointPathsConfiguration'
2024-12-04T11:45:13.911+01:00 DEBUG 72666 --- [intelligent_pv] [           main] o.s.b.f.s.DefaultListableBeanFactory     : Creating shared instance of singleton bean 'webEndpointDiscoverer'
2024-12-04T11:45:13.911+01:00 DEBUG 72666 --- [intelligent_pv] [           main] o.s.b.f.s.DefaultListableBeanFactory     : Creating shared instance of singleton bean 'org.springframework.boot.actuate.autoconfigure.endpoint.web.WebEndpointAutoConfiguration'
2024-12-04T11:45:13.911+01:00 DEBUG 72666 --- [intelligent_pv] [           main] o.s.b.f.s.DefaultListableBeanFactory     : Creating shared instance of singleton bean 'management.endpoints.web-org.springframework.boot.actuate.autoconfigure.endpoint.web.WebEndpointProperties'
2024-12-04T11:45:13.912+01:00 DEBUG 72666 --- [intelligent_pv] [           main] o.s.b.f.s.DefaultListableBeanFactory     : Autowiring by type from bean name 'org.springframework.boot.actuate.autoconfigure.endpoint.web.WebEndpointAutoConfiguration' via constructor to bean named 'org.springframework.web.context.support.GenericWebApplicationContext@1cefc4b3'
2024-12-04T11:45:13.912+01:00 DEBUG 72666 --- [intelligent_pv] [           main] o.s.b.f.s.DefaultListableBeanFactory     : Autowiring by type from bean name 'org.springframework.boot.actuate.autoconfigure.endpoint.web.WebEndpointAutoConfiguration' via constructor to bean named 'management.endpoints.web-org.springframework.boot.actuate.autoconfigure.endpoint.web.WebEndpointProperties'
2024-12-04T11:45:13.912+01:00 DEBUG 72666 --- [intelligent_pv] [           main] o.s.b.f.s.DefaultListableBeanFactory     : Creating shared instance of singleton bean 'endpointOperationParameterMapper'
2024-12-04T11:45:13.912+01:00 DEBUG 72666 --- [intelligent_pv] [           main] o.s.b.f.s.DefaultListableBeanFactory     : Creating shared instance of singleton bean 'org.springframework.boot.actuate.autoconfigure.endpoint.EndpointAutoConfiguration'
2024-12-04T11:45:13.914+01:00 DEBUG 72666 --- [intelligent_pv] [           main] o.s.b.f.s.DefaultListableBeanFactory     : Creating shared instance of singleton bean 'endpointMediaTypes'
2024-12-04T11:45:13.914+01:00 DEBUG 72666 --- [intelligent_pv] [           main] o.s.b.f.s.DefaultListableBeanFactory     : Autowiring by type from bean name 'webEndpointDiscoverer' via factory method to bean named 'endpointOperationParameterMapper'
2024-12-04T11:45:13.914+01:00 DEBUG 72666 --- [intelligent_pv] [           main] o.s.b.f.s.DefaultListableBeanFactory     : Autowiring by type from bean name 'webEndpointDiscoverer' via factory method to bean named 'endpointMediaTypes'
2024-12-04T11:45:13.916+01:00 DEBUG 72666 --- [intelligent_pv] [           main] o.s.b.f.s.DefaultListableBeanFactory     : Creating shared instance of singleton bean 'webEndpointPathMapper'
2024-12-04T11:45:13.916+01:00 DEBUG 72666 --- [intelligent_pv] [           main] o.s.b.f.s.DefaultListableBeanFactory     : Creating shared instance of singleton bean 'endpointCachingOperationInvokerAdvisor'
2024-12-04T11:45:13.916+01:00 DEBUG 72666 --- [intelligent_pv] [           main] o.s.b.f.s.DefaultListableBeanFactory     : Autowiring by type from bean name 'endpointCachingOperationInvokerAdvisor' via factory method to bean named 'environment'
2024-12-04T11:45:13.917+01:00 DEBUG 72666 --- [intelligent_pv] [           main] o.s.b.f.s.DefaultListableBeanFactory     : Creating shared instance of singleton bean 'webExposeExcludePropertyEndpointFilter'
2024-12-04T11:45:13.919+01:00 DEBUG 72666 --- [intelligent_pv] [           main] o.s.b.f.s.DefaultListableBeanFactory     : Creating shared instance of singleton bean 'healthEndpointGroups'
2024-12-04T11:45:13.919+01:00 DEBUG 72666 --- [intelligent_pv] [           main] o.s.b.f.s.DefaultListableBeanFactory     : Creating shared instance of singleton bean 'org.springframework.boot.actuate.autoconfigure.health.HealthEndpointConfiguration'
2024-12-04T11:45:13.919+01:00 DEBUG 72666 --- [intelligent_pv] [           main] o.s.b.f.s.DefaultListableBeanFactory     : Creating shared instance of singleton bean 'management.endpoint.health-org.springframework.boot.actuate.autoconfigure.health.HealthEndpointProperties'
2024-12-04T11:45:13.921+01:00 DEBUG 72666 --- [intelligent_pv] [           main] o.s.b.f.s.DefaultListableBeanFactory     : Autowiring by type from bean name 'healthEndpointGroups' via factory method to bean named 'org.springframework.web.context.support.GenericWebApplicationContext@1cefc4b3'
2024-12-04T11:45:13.921+01:00 DEBUG 72666 --- [intelligent_pv] [           main] o.s.b.f.s.DefaultListableBeanFactory     : Autowiring by type from bean name 'healthEndpointGroups' via factory method to bean named 'management.endpoint.health-org.springframework.boot.actuate.autoconfigure.health.HealthEndpointProperties'
2024-12-04T11:45:13.922+01:00 DEBUG 72666 --- [intelligent_pv] [           main] o.s.b.f.s.DefaultListableBeanFactory     : Creating shared instance of singleton bean 'healthStatusAggregator'
2024-12-04T11:45:13.922+01:00 DEBUG 72666 --- [intelligent_pv] [           main] o.s.b.f.s.DefaultListableBeanFactory     : Autowiring by type from bean name 'healthStatusAggregator' via factory method to bean named 'management.endpoint.health-org.springframework.boot.actuate.autoconfigure.health.HealthEndpointProperties'
2024-12-04T11:45:13.923+01:00 DEBUG 72666 --- [intelligent_pv] [           main] o.s.b.f.s.DefaultListableBeanFactory     : Creating shared instance of singleton bean 'healthHttpCodeStatusMapper'
2024-12-04T11:45:13.923+01:00 DEBUG 72666 --- [intelligent_pv] [           main] o.s.b.f.s.DefaultListableBeanFactory     : Autowiring by type from bean name 'healthHttpCodeStatusMapper' via factory method to bean named 'management.endpoint.health-org.springframework.boot.actuate.autoconfigure.health.HealthEndpointProperties'
2024-12-04T11:45:13.924+01:00 DEBUG 72666 --- [intelligent_pv] [           main] o.s.b.f.s.DefaultListableBeanFactory     : Autowiring by type from bean name 'healthEndpointWebMvcHandlerMapping' via factory method to bean named 'webEndpointDiscoverer'
2024-12-04T11:45:13.924+01:00 DEBUG 72666 --- [intelligent_pv] [           main] o.s.b.f.s.DefaultListableBeanFactory     : Autowiring by type from bean name 'healthEndpointWebMvcHandlerMapping' via factory method to bean named 'healthEndpointGroups'
2024-12-04T11:45:13.927+01:00 DEBUG 72666 --- [intelligent_pv] [           main] o.s.b.f.s.DefaultListableBeanFactory     : Creating shared instance of singleton bean 'healthEndpoint'
2024-12-04T11:45:13.927+01:00 DEBUG 72666 --- [intelligent_pv] [           main] o.s.b.f.s.DefaultListableBeanFactory     : Creating shared instance of singleton bean 'healthContributorRegistry'
2024-12-04T11:45:13.927+01:00 DEBUG 72666 --- [intelligent_pv] [           main] o.s.b.f.s.DefaultListableBeanFactory     : Creating shared instance of singleton bean 'cassandraHealthContributor'
2024-12-04T11:45:13.927+01:00 DEBUG 72666 --- [intelligent_pv] [           main] o.s.b.f.s.DefaultListableBeanFactory     : Creating shared instance of singleton bean 'org.springframework.boot.actuate.autoconfigure.cassandra.CassandraHealthContributorConfigurations$CassandraDriverConfiguration'
2024-12-04T11:45:13.928+01:00 DEBUG 72666 --- [intelligent_pv] [           main] o.s.b.f.s.DefaultListableBeanFactory     : Autowiring by type from bean name 'cassandraHealthContributor' via factory method to bean named 'cassandraSession'
2024-12-04T11:45:13.929+01:00 DEBUG 72666 --- [intelligent_pv] [           main] o.s.b.f.s.DefaultListableBeanFactory     : Creating shared instance of singleton bean 'diskSpaceHealthIndicator'
2024-12-04T11:45:13.929+01:00 DEBUG 72666 --- [intelligent_pv] [           main] o.s.b.f.s.DefaultListableBeanFactory     : Creating shared instance of singleton bean 'org.springframework.boot.actuate.autoconfigure.system.DiskSpaceHealthContributorAutoConfiguration'
2024-12-04T11:45:13.929+01:00 DEBUG 72666 --- [intelligent_pv] [           main] o.s.b.f.s.DefaultListableBeanFactory     : Creating shared instance of singleton bean 'management.health.diskspace-org.springframework.boot.actuate.autoconfigure.system.DiskSpaceHealthIndicatorProperties'
2024-12-04T11:45:13.930+01:00 DEBUG 72666 --- [intelligent_pv] [           main] o.s.b.f.s.DefaultListableBeanFactory     : Autowiring by type from bean name 'diskSpaceHealthIndicator' via factory method to bean named 'management.health.diskspace-org.springframework.boot.actuate.autoconfigure.system.DiskSpaceHealthIndicatorProperties'
2024-12-04T11:45:13.930+01:00 DEBUG 72666 --- [intelligent_pv] [           main] o.s.b.f.s.DefaultListableBeanFactory     : Creating shared instance of singleton bean 'pingHealthContributor'
2024-12-04T11:45:13.930+01:00 DEBUG 72666 --- [intelligent_pv] [           main] o.s.b.f.s.DefaultListableBeanFactory     : Creating shared instance of singleton bean 'org.springframework.boot.actuate.autoconfigure.health.HealthContributorAutoConfiguration'
2024-12-04T11:45:13.931+01:00 DEBUG 72666 --- [intelligent_pv] [           main] o.s.b.f.s.DefaultListableBeanFactory     : Autowiring by type from bean name 'healthContributorRegistry' via factory method to bean named 'org.springframework.web.context.support.GenericWebApplicationContext@1cefc4b3'
2024-12-04T11:45:13.931+01:00 DEBUG 72666 --- [intelligent_pv] [           main] o.s.b.f.s.DefaultListableBeanFactory     : Autowiring by type from bean name 'healthContributorRegistry' via factory method to bean named 'healthEndpointGroups'
2024-12-04T11:45:13.931+01:00 DEBUG 72666 --- [intelligent_pv] [           main] o.s.b.f.s.DefaultListableBeanFactory     : Autowiring by type from bean name 'healthContributorRegistry' via factory method to bean named 'cassandraHealthContributor'
2024-12-04T11:45:13.931+01:00 DEBUG 72666 --- [intelligent_pv] [           main] o.s.b.f.s.DefaultListableBeanFactory     : Autowiring by type from bean name 'healthContributorRegistry' via factory method to bean named 'diskSpaceHealthIndicator'
2024-12-04T11:45:13.931+01:00 DEBUG 72666 --- [intelligent_pv] [           main] o.s.b.f.s.DefaultListableBeanFactory     : Autowiring by type from bean name 'healthContributorRegistry' via factory method to bean named 'pingHealthContributor'
2024-12-04T11:45:13.933+01:00 DEBUG 72666 --- [intelligent_pv] [           main] o.s.b.f.s.DefaultListableBeanFactory     : Autowiring by type from bean name 'healthEndpoint' via factory method to bean named 'healthContributorRegistry'
2024-12-04T11:45:13.933+01:00 DEBUG 72666 --- [intelligent_pv] [           main] o.s.b.f.s.DefaultListableBeanFactory     : Autowiring by type from bean name 'healthEndpoint' via factory method to bean named 'healthEndpointGroups'
2024-12-04T11:45:13.933+01:00 DEBUG 72666 --- [intelligent_pv] [           main] o.s.b.f.s.DefaultListableBeanFactory     : Autowiring by type from bean name 'healthEndpoint' via factory method to bean named 'management.endpoint.health-org.springframework.boot.actuate.autoconfigure.health.HealthEndpointProperties'
2024-12-04T11:45:13.940+01:00 DEBUG 72666 --- [intelligent_pv] [           main] o.s.b.f.s.DefaultListableBeanFactory     : Creating shared instance of singleton bean 'healthEndpointWebExtension'
2024-12-04T11:45:13.941+01:00 DEBUG 72666 --- [intelligent_pv] [           main] o.s.b.f.s.DefaultListableBeanFactory     : Creating shared instance of singleton bean 'org.springframework.boot.actuate.autoconfigure.health.HealthEndpointWebExtensionConfiguration'
2024-12-04T11:45:13.941+01:00 DEBUG 72666 --- [intelligent_pv] [           main] o.s.b.f.s.DefaultListableBeanFactory     : Autowiring by type from bean name 'healthEndpointWebExtension' via factory method to bean named 'healthContributorRegistry'
2024-12-04T11:45:13.941+01:00 DEBUG 72666 --- [intelligent_pv] [           main] o.s.b.f.s.DefaultListableBeanFactory     : Autowiring by type from bean name 'healthEndpointWebExtension' via factory method to bean named 'healthEndpointGroups'
2024-12-04T11:45:13.941+01:00 DEBUG 72666 --- [intelligent_pv] [           main] o.s.b.f.s.DefaultListableBeanFactory     : Autowiring by type from bean name 'healthEndpointWebExtension' via factory method to bean named 'management.endpoint.health-org.springframework.boot.actuate.autoconfigure.health.HealthEndpointProperties'
2024-12-04T11:45:13.947+01:00 DEBUG 72666 --- [intelligent_pv] [           main] o.s.b.f.s.DefaultListableBeanFactory     : Creating shared instance of singleton bean 'webEndpointServletHandlerMapping'
2024-12-04T11:45:13.947+01:00 DEBUG 72666 --- [intelligent_pv] [           main] o.s.b.f.s.DefaultListableBeanFactory     : Creating shared instance of singleton bean 'org.springframework.boot.actuate.autoconfigure.endpoint.web.servlet.WebMvcEndpointManagementContextConfiguration'
2024-12-04T11:45:13.947+01:00 DEBUG 72666 --- [intelligent_pv] [           main] o.s.b.f.s.DefaultListableBeanFactory     : Creating shared instance of singleton bean 'servletEndpointDiscoverer'
2024-12-04T11:45:13.947+01:00 DEBUG 72666 --- [intelligent_pv] [           main] o.s.b.f.s.DefaultListableBeanFactory     : Creating shared instance of singleton bean 'org.springframework.boot.actuate.autoconfigure.endpoint.web.WebEndpointAutoConfiguration$WebEndpointServletConfiguration'
2024-12-04T11:45:13.948+01:00 DEBUG 72666 --- [intelligent_pv] [           main] o.s.b.f.s.DefaultListableBeanFactory     : Autowiring by type from bean name 'servletEndpointDiscoverer' via factory method to bean named 'org.springframework.web.context.support.GenericWebApplicationContext@1cefc4b3'
2024-12-04T11:45:13.948+01:00 DEBUG 72666 --- [intelligent_pv] [           main] o.s.b.f.s.DefaultListableBeanFactory     : Creating shared instance of singleton bean 'servletExposeExcludePropertyEndpointFilter'
2024-12-04T11:45:13.948+01:00 DEBUG 72666 --- [intelligent_pv] [           main] o.s.b.f.s.DefaultListableBeanFactory     : Creating shared instance of singleton bean 'org.springframework.boot.actuate.autoconfigure.endpoint.web.ServletEndpointManagementContextConfiguration'
2024-12-04T11:45:13.949+01:00 DEBUG 72666 --- [intelligent_pv] [           main] o.s.b.f.s.DefaultListableBeanFactory     : Autowiring by type from bean name 'servletExposeExcludePropertyEndpointFilter' via factory method to bean named 'management.endpoints.web-org.springframework.boot.actuate.autoconfigure.endpoint.web.WebEndpointProperties'
2024-12-04T11:45:13.950+01:00 DEBUG 72666 --- [intelligent_pv] [           main] o.s.b.f.s.DefaultListableBeanFactory     : Creating shared instance of singleton bean 'controllerEndpointDiscoverer'
2024-12-04T11:45:13.950+01:00 DEBUG 72666 --- [intelligent_pv] [           main] o.s.b.f.s.DefaultListableBeanFactory     : Creating shared instance of singleton bean 'controllerExposeExcludePropertyEndpointFilter'
2024-12-04T11:45:13.951+01:00 DEBUG 72666 --- [intelligent_pv] [           main] o.s.b.f.s.DefaultListableBeanFactory     : Creating shared instance of singleton bean 'management.endpoints.web.cors-org.springframework.boot.actuate.autoconfigure.endpoint.web.CorsEndpointProperties'
2024-12-04T11:45:13.952+01:00 DEBUG 72666 --- [intelligent_pv] [           main] o.s.b.f.s.DefaultListableBeanFactory     : Autowiring by type from bean name 'webEndpointServletHandlerMapping' via factory method to bean named 'webEndpointDiscoverer'
2024-12-04T11:45:13.952+01:00 DEBUG 72666 --- [intelligent_pv] [           main] o.s.b.f.s.DefaultListableBeanFactory     : Autowiring by type from bean name 'webEndpointServletHandlerMapping' via factory method to bean named 'servletEndpointDiscoverer'
2024-12-04T11:45:13.953+01:00 DEBUG 72666 --- [intelligent_pv] [           main] o.s.b.f.s.DefaultListableBeanFactory     : Autowiring by type from bean name 'webEndpointServletHandlerMapping' via factory method to bean named 'controllerEndpointDiscoverer'
2024-12-04T11:45:13.953+01:00 DEBUG 72666 --- [intelligent_pv] [           main] o.s.b.f.s.DefaultListableBeanFactory     : Autowiring by type from bean name 'webEndpointServletHandlerMapping' via factory method to bean named 'endpointMediaTypes'
2024-12-04T11:45:13.953+01:00 DEBUG 72666 --- [intelligent_pv] [           main] o.s.b.f.s.DefaultListableBeanFactory     : Autowiring by type from bean name 'webEndpointServletHandlerMapping' via factory method to bean named 'management.endpoints.web.cors-org.springframework.boot.actuate.autoconfigure.endpoint.web.CorsEndpointProperties'
2024-12-04T11:45:13.953+01:00 DEBUG 72666 --- [intelligent_pv] [           main] o.s.b.f.s.DefaultListableBeanFactory     : Autowiring by type from bean name 'webEndpointServletHandlerMapping' via factory method to bean named 'management.endpoints.web-org.springframework.boot.actuate.autoconfigure.endpoint.web.WebEndpointProperties'
2024-12-04T11:45:13.953+01:00 DEBUG 72666 --- [intelligent_pv] [           main] o.s.b.f.s.DefaultListableBeanFactory     : Autowiring by type from bean name 'webEndpointServletHandlerMapping' via factory method to bean named 'environment'
2024-12-04T11:45:13.961+01:00  INFO 72666 --- [intelligent_pv] [           main] o.s.b.a.e.web.EndpointLinksResolver      : Exposing 1 endpoint beneath base path '/actuator'
2024-12-04T11:45:13.965+01:00 DEBUG 72666 --- [intelligent_pv] [           main] o.s.b.f.s.DefaultListableBeanFactory     : Creating shared instance of singleton bean 'controllerEndpointHandlerMapping'
2024-12-04T11:45:13.965+01:00 DEBUG 72666 --- [intelligent_pv] [           main] o.s.b.f.s.DefaultListableBeanFactory     : Autowiring by type from bean name 'controllerEndpointHandlerMapping' via factory method to bean named 'controllerEndpointDiscoverer'
2024-12-04T11:45:13.965+01:00 DEBUG 72666 --- [intelligent_pv] [           main] o.s.b.f.s.DefaultListableBeanFactory     : Autowiring by type from bean name 'controllerEndpointHandlerMapping' via factory method to bean named 'management.endpoints.web.cors-org.springframework.boot.actuate.autoconfigure.endpoint.web.CorsEndpointProperties'
2024-12-04T11:45:13.965+01:00 DEBUG 72666 --- [intelligent_pv] [           main] o.s.b.f.s.DefaultListableBeanFactory     : Autowiring by type from bean name 'controllerEndpointHandlerMapping' via factory method to bean named 'management.endpoints.web-org.springframework.boot.actuate.autoconfigure.endpoint.web.WebEndpointProperties'
2024-12-04T11:45:13.971+01:00 DEBUG 72666 --- [intelligent_pv] [           main] o.s.b.f.s.DefaultListableBeanFactory     : Creating shared instance of singleton bean 'filterChain'
2024-12-04T11:45:13.971+01:00 DEBUG 72666 --- [intelligent_pv] [           main] o.s.b.f.s.DefaultListableBeanFactory     : Autowiring by type from bean name 'filterChain' via factory method to bean named 'org.springframework.security.config.annotation.web.configuration.HttpSecurityConfiguration.httpSecurity'
2024-12-04T11:45:13.986+01:00 DEBUG 72666 --- [intelligent_pv] [           main] o.s.b.f.s.DefaultListableBeanFactory     : Creating shared instance of singleton bean 'corsFilter'
2024-12-04T11:45:13.988+01:00  INFO 72666 --- [intelligent_pv] [           main] o.s.s.web.DefaultSecurityFilterChain     : Will secure any request with [org.springframework.security.web.session.DisableEncodeUrlFilter@126af200, org.springframework.security.web.context.request.async.WebAsyncManagerIntegrationFilter@1e000a17, org.springframework.security.web.context.SecurityContextHolderFilter@b849fa6, org.springframework.security.web.header.HeaderWriterFilter@3c6fb501, org.springframework.web.filter.CorsFilter@77d959f1, org.springframework.security.web.authentication.logout.LogoutFilter@451af781, gep.ma.intelligent.pv.Security.JwtAuthenticationFilter@11c999da, org.springframework.security.web.savedrequest.RequestCacheAwareFilter@4e9ea32f, org.springframework.security.web.servletapi.SecurityContextHolderAwareRequestFilter@c83ed77, org.springframework.security.web.authentication.AnonymousAuthenticationFilter@54f69311, org.springframework.security.web.session.SessionManagementFilter@3909a854, org.springframework.security.web.access.ExceptionTranslationFilter@186dcb05, org.springframework.security.web.access.intercept.AuthorizationFilter@2904bc56]
2024-12-04T11:45:13.989+01:00 DEBUG 72666 --- [intelligent_pv] [           main] o.s.b.f.s.DefaultListableBeanFactory     : Creating shared instance of singleton bean 'springSecurityFilterChain'
2024-12-04T11:45:13.994+01:00 DEBUG 72666 --- [intelligent_pv] [           main] o.s.b.f.s.DefaultListableBeanFactory     : Creating shared instance of singleton bean 'webSecurityExpressionHandler'
2024-12-04T11:45:13.994+01:00 DEBUG 72666 --- [intelligent_pv] [           main] o.s.b.f.s.DefaultListableBeanFactory     : Creating shared instance of singleton bean 'privilegeEvaluator'
2024-12-04T11:45:13.995+01:00 DEBUG 72666 --- [intelligent_pv] [           main] o.s.b.f.s.DefaultListableBeanFactory     : Creating shared instance of singleton bean 'requestDataValueProcessor'
2024-12-04T11:45:13.995+01:00 DEBUG 72666 --- [intelligent_pv] [           main] o.s.b.f.s.DefaultListableBeanFactory     : Creating shared instance of singleton bean 'data-cassandra.repository-aot-processor#0'
2024-12-04T11:45:13.996+01:00 DEBUG 72666 --- [intelligent_pv] [           main] o.s.b.f.s.DefaultListableBeanFactory     : Creating shared instance of singleton bean 'org.springframework.boot.autoconfigure.context.PropertyPlaceholderAutoConfiguration'
2024-12-04T11:45:13.996+01:00 DEBUG 72666 --- [intelligent_pv] [           main] o.s.b.f.s.DefaultListableBeanFactory     : Creating shared instance of singleton bean 'org.springframework.boot.autoconfigure.websocket.servlet.WebSocketServletAutoConfiguration$TomcatWebSocketConfiguration'
2024-12-04T11:45:13.996+01:00 DEBUG 72666 --- [intelligent_pv] [           main] o.s.b.f.s.DefaultListableBeanFactory     : Creating shared instance of singleton bean 'websocketServletWebServerCustomizer'
2024-12-04T11:45:13.997+01:00 DEBUG 72666 --- [intelligent_pv] [           main] o.s.b.f.s.DefaultListableBeanFactory     : Creating shared instance of singleton bean 'org.springframework.boot.autoconfigure.websocket.servlet.WebSocketServletAutoConfiguration'
2024-12-04T11:45:13.997+01:00 DEBUG 72666 --- [intelligent_pv] [           main] o.s.b.f.s.DefaultListableBeanFactory     : Creating shared instance of singleton bean 'org.springframework.boot.autoconfigure.web.servlet.ServletWebServerFactoryConfiguration$EmbeddedTomcat'
2024-12-04T11:45:13.997+01:00 DEBUG 72666 --- [intelligent_pv] [           main] o.s.b.f.s.DefaultListableBeanFactory     : Creating shared instance of singleton bean 'tomcatServletWebServerFactory'
2024-12-04T11:45:14.016+01:00 DEBUG 72666 --- [intelligent_pv] [           main] o.s.b.f.s.DefaultListableBeanFactory     : Creating shared instance of singleton bean 'servletWebServerFactoryCustomizer'
2024-12-04T11:45:14.016+01:00 DEBUG 72666 --- [intelligent_pv] [           main] o.s.b.f.s.DefaultListableBeanFactory     : Creating shared instance of singleton bean 'org.springframework.boot.autoconfigure.web.servlet.ServletWebServerFactoryAutoConfiguration'
2024-12-04T11:45:14.017+01:00 DEBUG 72666 --- [intelligent_pv] [           main] o.s.b.f.s.DefaultListableBeanFactory     : Creating shared instance of singleton bean 'server-org.springframework.boot.autoconfigure.web.ServerProperties'
2024-12-04T11:45:14.023+01:00 DEBUG 72666 --- [intelligent_pv] [           main] o.s.b.f.s.DefaultListableBeanFactory     : Autowiring by type from bean name 'servletWebServerFactoryCustomizer' via factory method to bean named 'server-org.springframework.boot.autoconfigure.web.ServerProperties'
2024-12-04T11:45:14.024+01:00 DEBUG 72666 --- [intelligent_pv] [           main] o.s.b.f.s.DefaultListableBeanFactory     : Creating shared instance of singleton bean 'tomcatServletWebServerFactoryCustomizer'
2024-12-04T11:45:14.024+01:00 DEBUG 72666 --- [intelligent_pv] [           main] o.s.b.f.s.DefaultListableBeanFactory     : Autowiring by type from bean name 'tomcatServletWebServerFactoryCustomizer' via factory method to bean named 'server-org.springframework.boot.autoconfigure.web.ServerProperties'
2024-12-04T11:45:14.025+01:00 DEBUG 72666 --- [intelligent_pv] [           main] o.s.b.f.s.DefaultListableBeanFactory     : Creating shared instance of singleton bean 'localeCharsetMappingsCustomizer'
2024-12-04T11:45:14.025+01:00 DEBUG 72666 --- [intelligent_pv] [           main] o.s.b.f.s.DefaultListableBeanFactory     : Creating shared instance of singleton bean 'org.springframework.boot.autoconfigure.web.servlet.HttpEncodingAutoConfiguration'
2024-12-04T11:45:14.025+01:00 DEBUG 72666 --- [intelligent_pv] [           main] o.s.b.f.s.DefaultListableBeanFactory     : Autowiring by type from bean name 'org.springframework.boot.autoconfigure.web.servlet.HttpEncodingAutoConfiguration' via constructor to bean named 'server-org.springframework.boot.autoconfigure.web.ServerProperties'
2024-12-04T11:45:14.028+01:00 DEBUG 72666 --- [intelligent_pv] [           main] o.s.b.f.s.DefaultListableBeanFactory     : Creating shared instance of singleton bean 'errorPageCustomizer'
2024-12-04T11:45:14.028+01:00 DEBUG 72666 --- [intelligent_pv] [           main] o.s.b.f.s.DefaultListableBeanFactory     : Creating shared instance of singleton bean 'org.springframework.boot.autoconfigure.web.servlet.error.ErrorMvcAutoConfiguration'
2024-12-04T11:45:14.029+01:00 DEBUG 72666 --- [intelligent_pv] [           main] o.s.b.f.s.DefaultListableBeanFactory     : Autowiring by type from bean name 'org.springframework.boot.autoconfigure.web.servlet.error.ErrorMvcAutoConfiguration' via constructor to bean named 'server-org.springframework.boot.autoconfigure.web.ServerProperties'
2024-12-04T11:45:14.029+01:00 DEBUG 72666 --- [intelligent_pv] [           main] o.s.b.f.s.DefaultListableBeanFactory     : Creating shared instance of singleton bean 'dispatcherServletRegistration'
2024-12-04T11:45:14.029+01:00 DEBUG 72666 --- [intelligent_pv] [           main] o.s.b.f.s.DefaultListableBeanFactory     : Creating shared instance of singleton bean 'org.springframework.boot.autoconfigure.web.servlet.DispatcherServletAutoConfiguration$DispatcherServletRegistrationConfiguration'
2024-12-04T11:45:14.029+01:00 DEBUG 72666 --- [intelligent_pv] [           main] o.s.b.f.s.DefaultListableBeanFactory     : Creating shared instance of singleton bean 'dispatcherServlet'
2024-12-04T11:45:14.029+01:00 DEBUG 72666 --- [intelligent_pv] [           main] o.s.b.f.s.DefaultListableBeanFactory     : Creating shared instance of singleton bean 'org.springframework.boot.autoconfigure.web.servlet.DispatcherServletAutoConfiguration$DispatcherServletConfiguration'
2024-12-04T11:45:14.030+01:00 DEBUG 72666 --- [intelligent_pv] [           main] o.s.b.f.s.DefaultListableBeanFactory     : Autowiring by type from bean name 'dispatcherServlet' via factory method to bean named 'spring.mvc-org.springframework.boot.autoconfigure.web.servlet.WebMvcProperties'
2024-12-04T11:45:14.034+01:00 DEBUG 72666 --- [intelligent_pv] [           main] o.s.b.f.s.DefaultListableBeanFactory     : Autowiring by type from bean name 'dispatcherServletRegistration' via factory method to bean named 'dispatcherServlet'
2024-12-04T11:45:14.035+01:00 DEBUG 72666 --- [intelligent_pv] [           main] o.s.b.f.s.DefaultListableBeanFactory     : Autowiring by type from bean name 'dispatcherServletRegistration' via factory method to bean named 'spring.mvc-org.springframework.boot.autoconfigure.web.servlet.WebMvcProperties'
2024-12-04T11:45:14.038+01:00 DEBUG 72666 --- [intelligent_pv] [           main] o.s.b.f.s.DefaultListableBeanFactory     : Creating shared instance of singleton bean 'multipartConfigElement'
2024-12-04T11:45:14.038+01:00 DEBUG 72666 --- [intelligent_pv] [           main] o.s.b.f.s.DefaultListableBeanFactory     : Creating shared instance of singleton bean 'org.springframework.boot.autoconfigure.web.servlet.MultipartAutoConfiguration'
2024-12-04T11:45:14.039+01:00 DEBUG 72666 --- [intelligent_pv] [           main] o.s.b.f.s.DefaultListableBeanFactory     : Creating shared instance of singleton bean 'spring.servlet.multipart-org.springframework.boot.autoconfigure.web.servlet.MultipartProperties'
2024-12-04T11:45:14.040+01:00 DEBUG 72666 --- [intelligent_pv] [           main] o.s.b.f.s.DefaultListableBeanFactory     : Autowiring by type from bean name 'org.springframework.boot.autoconfigure.web.servlet.MultipartAutoConfiguration' via constructor to bean named 'spring.servlet.multipart-org.springframework.boot.autoconfigure.web.servlet.MultipartProperties'
2024-12-04T11:45:14.042+01:00 DEBUG 72666 --- [intelligent_pv] [           main] o.s.b.f.s.DefaultListableBeanFactory     : Autowiring by type from bean name 'errorPageCustomizer' via factory method to bean named 'dispatcherServletRegistration'
2024-12-04T11:45:14.043+01:00 DEBUG 72666 --- [intelligent_pv] [           main] o.s.b.f.s.DefaultListableBeanFactory     : Creating shared instance of singleton bean 'org.springframework.boot.autoconfigure.web.servlet.DispatcherServletAutoConfiguration'
2024-12-04T11:45:14.044+01:00 DEBUG 72666 --- [intelligent_pv] [           main] o.s.b.f.s.DefaultListableBeanFactory     : Creating shared instance of singleton bean 'org.springframework.boot.autoconfigure.task.TaskExecutorConfigurations$ThreadPoolTaskExecutorBuilderConfiguration'
2024-12-04T11:45:14.044+01:00 DEBUG 72666 --- [intelligent_pv] [           main] o.s.b.f.s.DefaultListableBeanFactory     : Creating shared instance of singleton bean 'threadPoolTaskExecutorBuilder'
2024-12-04T11:45:14.044+01:00 DEBUG 72666 --- [intelligent_pv] [           main] o.s.b.f.s.DefaultListableBeanFactory     : Creating shared instance of singleton bean 'spring.task.execution-org.springframework.boot.autoconfigure.task.TaskExecutionProperties'
2024-12-04T11:45:14.045+01:00 DEBUG 72666 --- [intelligent_pv] [           main] o.s.b.f.s.DefaultListableBeanFactory     : Autowiring by type from bean name 'threadPoolTaskExecutorBuilder' via factory method to bean named 'spring.task.execution-org.springframework.boot.autoconfigure.task.TaskExecutionProperties'
2024-12-04T11:45:14.047+01:00 DEBUG 72666 --- [intelligent_pv] [           main] o.s.b.f.s.DefaultListableBeanFactory     : Creating shared instance of singleton bean 'org.springframework.boot.autoconfigure.task.TaskExecutorConfigurations$TaskExecutorBuilderConfiguration'
2024-12-04T11:45:14.047+01:00 DEBUG 72666 --- [intelligent_pv] [           main] o.s.b.f.s.DefaultListableBeanFactory     : Creating shared instance of singleton bean 'taskExecutorBuilder'
2024-12-04T11:45:14.047+01:00 DEBUG 72666 --- [intelligent_pv] [           main] o.s.b.f.s.DefaultListableBeanFactory     : Autowiring by type from bean name 'taskExecutorBuilder' via factory method to bean named 'spring.task.execution-org.springframework.boot.autoconfigure.task.TaskExecutionProperties'
2024-12-04T11:45:14.048+01:00 DEBUG 72666 --- [intelligent_pv] [           main] o.s.b.f.s.DefaultListableBeanFactory     : Creating shared instance of singleton bean 'org.springframework.boot.autoconfigure.task.TaskExecutorConfigurations$SimpleAsyncTaskExecutorBuilderConfiguration'
2024-12-04T11:45:14.048+01:00 DEBUG 72666 --- [intelligent_pv] [           main] o.s.b.f.s.DefaultListableBeanFactory     : Autowiring by type from bean name 'org.springframework.boot.autoconfigure.task.TaskExecutorConfigurations$SimpleAsyncTaskExecutorBuilderConfiguration' via constructor to bean named 'spring.task.execution-org.springframework.boot.autoconfigure.task.TaskExecutionProperties'
2024-12-04T11:45:14.048+01:00 DEBUG 72666 --- [intelligent_pv] [           main] o.s.b.f.s.DefaultListableBeanFactory     : Creating shared instance of singleton bean 'simpleAsyncTaskExecutorBuilder'
2024-12-04T11:45:14.049+01:00 DEBUG 72666 --- [intelligent_pv] [           main] o.s.b.f.s.DefaultListableBeanFactory     : Creating shared instance of singleton bean 'org.springframework.boot.autoconfigure.task.TaskExecutorConfigurations$TaskExecutorConfiguration'
2024-12-04T11:45:14.049+01:00 DEBUG 72666 --- [intelligent_pv] [           main] o.s.b.f.s.DefaultListableBeanFactory     : Creating shared instance of singleton bean 'org.springframework.boot.autoconfigure.task.TaskExecutionAutoConfiguration'
2024-12-04T11:45:14.049+01:00 DEBUG 72666 --- [intelligent_pv] [           main] o.s.b.f.s.DefaultListableBeanFactory     : Creating shared instance of singleton bean 'org.springframework.boot.autoconfigure.validation.ValidationAutoConfiguration'
2024-12-04T11:45:14.050+01:00 DEBUG 72666 --- [intelligent_pv] [           main] o.s.b.f.s.DefaultListableBeanFactory     : Creating shared instance of singleton bean 'defaultValidator'
2024-12-04T11:45:14.050+01:00 DEBUG 72666 --- [intelligent_pv] [           main] o.s.b.f.s.DefaultListableBeanFactory     : Autowiring by type from bean name 'defaultValidator' via factory method to bean named 'org.springframework.web.context.support.GenericWebApplicationContext@1cefc4b3'
2024-12-04T11:45:14.054+01:00 DEBUG 72666 --- [intelligent_pv] [           main] o.s.b.f.s.DefaultListableBeanFactory     : Creating shared instance of singleton bean 'org.springframework.boot.autoconfigure.web.servlet.error.ErrorMvcAutoConfiguration$WhitelabelErrorViewConfiguration'
2024-12-04T11:45:14.055+01:00 DEBUG 72666 --- [intelligent_pv] [           main] o.s.b.f.s.DefaultListableBeanFactory     : Creating shared instance of singleton bean 'error'
2024-12-04T11:45:14.055+01:00 DEBUG 72666 --- [intelligent_pv] [           main] o.s.b.f.s.DefaultListableBeanFactory     : Creating shared instance of singleton bean 'beanNameViewResolver'
2024-12-04T11:45:14.055+01:00 DEBUG 72666 --- [intelligent_pv] [           main] o.s.b.f.s.DefaultListableBeanFactory     : Creating shared instance of singleton bean 'org.springframework.boot.autoconfigure.web.servlet.error.ErrorMvcAutoConfiguration$DefaultErrorViewResolverConfiguration'
2024-12-04T11:45:14.055+01:00 DEBUG 72666 --- [intelligent_pv] [           main] o.s.b.f.s.DefaultListableBeanFactory     : Autowiring by type from bean name 'org.springframework.boot.autoconfigure.web.servlet.error.ErrorMvcAutoConfiguration$DefaultErrorViewResolverConfiguration' via constructor to bean named 'org.springframework.web.context.support.GenericWebApplicationContext@1cefc4b3'
2024-12-04T11:45:14.055+01:00 DEBUG 72666 --- [intelligent_pv] [           main] o.s.b.f.s.DefaultListableBeanFactory     : Autowiring by type from bean name 'org.springframework.boot.autoconfigure.web.servlet.error.ErrorMvcAutoConfiguration$DefaultErrorViewResolverConfiguration' via constructor to bean named 'spring.web-org.springframework.boot.autoconfigure.web.WebProperties'
2024-12-04T11:45:14.056+01:00 DEBUG 72666 --- [intelligent_pv] [           main] o.s.b.f.s.DefaultListableBeanFactory     : Creating shared instance of singleton bean 'conventionErrorViewResolver'
2024-12-04T11:45:14.056+01:00 DEBUG 72666 --- [intelligent_pv] [           main] o.s.b.f.s.DefaultListableBeanFactory     : Creating shared instance of singleton bean 'errorAttributes'
2024-12-04T11:45:14.056+01:00 DEBUG 72666 --- [intelligent_pv] [           main] o.s.b.f.s.DefaultListableBeanFactory     : Creating shared instance of singleton bean 'basicErrorController'
2024-12-04T11:45:14.057+01:00 DEBUG 72666 --- [intelligent_pv] [           main] o.s.b.f.s.DefaultListableBeanFactory     : Autowiring by type from bean name 'basicErrorController' via factory method to bean named 'errorAttributes'
2024-12-04T11:45:14.057+01:00 DEBUG 72666 --- [intelligent_pv] [           main] o.s.b.f.s.DefaultListableBeanFactory     : Creating shared instance of singleton bean 'localeResolver'
2024-12-04T11:45:14.058+01:00 DEBUG 72666 --- [intelligent_pv] [           main] o.s.b.f.s.DefaultListableBeanFactory     : Creating shared instance of singleton bean 'themeResolver'
2024-12-04T11:45:14.059+01:00 DEBUG 72666 --- [intelligent_pv] [           main] o.s.b.f.s.DefaultListableBeanFactory     : Creating shared instance of singleton bean 'flashMapManager'
2024-12-04T11:45:14.060+01:00 DEBUG 72666 --- [intelligent_pv] [           main] o.s.b.f.s.DefaultListableBeanFactory     : Creating shared instance of singleton bean 'mvcValidator'
2024-12-04T11:45:14.060+01:00 DEBUG 72666 --- [intelligent_pv] [           main] o.s.b.f.s.DefaultListableBeanFactory     : Creating shared instance of singleton bean 'mvcPatternParser'
2024-12-04T11:45:14.061+01:00 DEBUG 72666 --- [intelligent_pv] [           main] o.s.b.f.s.DefaultListableBeanFactory     : Creating shared instance of singleton bean 'mvcUrlPathHelper'
2024-12-04T11:45:14.061+01:00 DEBUG 72666 --- [intelligent_pv] [           main] o.s.b.f.s.DefaultListableBeanFactory     : Creating shared instance of singleton bean 'mvcPathMatcher'
2024-12-04T11:45:14.061+01:00 DEBUG 72666 --- [intelligent_pv] [           main] o.s.b.f.s.DefaultListableBeanFactory     : Creating shared instance of singleton bean 'requestMappingHandlerAdapter'
2024-12-04T11:45:14.061+01:00 DEBUG 72666 --- [intelligent_pv] [           main] o.s.b.f.s.DefaultListableBeanFactory     : Autowiring by type from bean name 'requestMappingHandlerAdapter' via factory method to bean named 'mvcContentNegotiationManager'
2024-12-04T11:45:14.061+01:00 DEBUG 72666 --- [intelligent_pv] [           main] o.s.b.f.s.DefaultListableBeanFactory     : Autowiring by type from bean name 'requestMappingHandlerAdapter' via factory method to bean named 'mvcConversionService'
2024-12-04T11:45:14.061+01:00 DEBUG 72666 --- [intelligent_pv] [           main] o.s.b.f.s.DefaultListableBeanFactory     : Autowiring by type from bean name 'requestMappingHandlerAdapter' via factory method to bean named 'mvcValidator'
2024-12-04T11:45:14.065+01:00 DEBUG 72666 --- [intelligent_pv] [           main] o.s.b.f.s.DefaultListableBeanFactory     : Creating shared instance of singleton bean 'sortResolver'
2024-12-04T11:45:14.066+01:00 DEBUG 72666 --- [intelligent_pv] [           main] o.s.b.f.s.DefaultListableBeanFactory     : Creating shared instance of singleton bean 'sortCustomizer'
2024-12-04T11:45:14.066+01:00 DEBUG 72666 --- [intelligent_pv] [           main] o.s.b.f.s.DefaultListableBeanFactory     : Creating shared instance of singleton bean 'org.springframework.boot.autoconfigure.data.web.SpringDataWebAutoConfiguration'
2024-12-04T11:45:14.066+01:00 DEBUG 72666 --- [intelligent_pv] [           main] o.s.b.f.s.DefaultListableBeanFactory     : Creating shared instance of singleton bean 'spring.data.web-org.springframework.boot.autoconfigure.data.web.SpringDataWebProperties'
2024-12-04T11:45:14.067+01:00 DEBUG 72666 --- [intelligent_pv] [           main] o.s.b.f.s.DefaultListableBeanFactory     : Autowiring by type from bean name 'org.springframework.boot.autoconfigure.data.web.SpringDataWebAutoConfiguration' via constructor to bean named 'spring.data.web-org.springframework.boot.autoconfigure.data.web.SpringDataWebProperties'
2024-12-04T11:45:14.068+01:00 DEBUG 72666 --- [intelligent_pv] [           main] o.s.b.f.s.DefaultListableBeanFactory     : Creating shared instance of singleton bean 'pageableResolver'
2024-12-04T11:45:14.068+01:00 DEBUG 72666 --- [intelligent_pv] [           main] o.s.b.f.s.DefaultListableBeanFactory     : Creating shared instance of singleton bean 'pageableCustomizer'
2024-12-04T11:45:14.070+01:00 DEBUG 72666 --- [intelligent_pv] [           main] o.s.b.f.s.DefaultListableBeanFactory     : Creating shared instance of singleton bean 'applicationTaskExecutor'
2024-12-04T11:45:14.071+01:00 DEBUG 72666 --- [intelligent_pv] [           main] o.s.b.f.s.DefaultListableBeanFactory     : Autowiring by type from bean name 'applicationTaskExecutor' via factory method to bean named 'taskExecutorBuilder'
2024-12-04T11:45:14.078+01:00 DEBUG 72666 --- [intelligent_pv] [           main] s.w.s.m.m.a.RequestMappingHandlerAdapter : ControllerAdvice beans: 0 @ModelAttribute, 0 @InitBinder, 1 RequestBodyAdvice, 1 ResponseBodyAdvice
2024-12-04T11:45:14.093+01:00 DEBUG 72666 --- [intelligent_pv] [           main] o.s.b.f.s.DefaultListableBeanFactory     : Creating shared instance of singleton bean 'handlerFunctionAdapter'
2024-12-04T11:45:14.094+01:00 DEBUG 72666 --- [intelligent_pv] [           main] o.s.b.f.s.DefaultListableBeanFactory     : Creating shared instance of singleton bean 'mvcUriComponentsContributor'
2024-12-04T11:45:14.094+01:00 DEBUG 72666 --- [intelligent_pv] [           main] o.s.b.f.s.DefaultListableBeanFactory     : Autowiring by type from bean name 'mvcUriComponentsContributor' via factory method to bean named 'mvcConversionService'
2024-12-04T11:45:14.094+01:00 DEBUG 72666 --- [intelligent_pv] [           main] o.s.b.f.s.DefaultListableBeanFactory     : Autowiring by type from bean name 'mvcUriComponentsContributor' via factory method to bean named 'requestMappingHandlerAdapter'
2024-12-04T11:45:14.095+01:00 DEBUG 72666 --- [intelligent_pv] [           main] o.s.b.f.s.DefaultListableBeanFactory     : Creating shared instance of singleton bean 'httpRequestHandlerAdapter'
2024-12-04T11:45:14.096+01:00 DEBUG 72666 --- [intelligent_pv] [           main] o.s.b.f.s.DefaultListableBeanFactory     : Creating shared instance of singleton bean 'simpleControllerHandlerAdapter'
2024-12-04T11:45:14.096+01:00 DEBUG 72666 --- [intelligent_pv] [           main] o.s.b.f.s.DefaultListableBeanFactory     : Creating shared instance of singleton bean 'handlerExceptionResolver'
2024-12-04T11:45:14.096+01:00 DEBUG 72666 --- [intelligent_pv] [           main] o.s.b.f.s.DefaultListableBeanFactory     : Autowiring by type from bean name 'handlerExceptionResolver' via factory method to bean named 'mvcContentNegotiationManager'
2024-12-04T11:45:14.098+01:00 DEBUG 72666 --- [intelligent_pv] [           main] .m.m.a.ExceptionHandlerExceptionResolver : ControllerAdvice beans: 0 @ExceptionHandler, 1 ResponseBodyAdvice
2024-12-04T11:45:14.099+01:00 DEBUG 72666 --- [intelligent_pv] [           main] o.s.b.f.s.DefaultListableBeanFactory     : Creating shared instance of singleton bean 'mvcViewResolver'
2024-12-04T11:45:14.099+01:00 DEBUG 72666 --- [intelligent_pv] [           main] o.s.b.f.s.DefaultListableBeanFactory     : Autowiring by type from bean name 'mvcViewResolver' via factory method to bean named 'mvcContentNegotiationManager'
2024-12-04T11:45:14.100+01:00 DEBUG 72666 --- [intelligent_pv] [           main] o.s.b.f.s.DefaultListableBeanFactory     : Creating shared instance of singleton bean 'viewNameTranslator'
2024-12-04T11:45:14.101+01:00 DEBUG 72666 --- [intelligent_pv] [           main] o.s.b.f.s.DefaultListableBeanFactory     : Creating shared instance of singleton bean 'defaultViewResolver'
2024-12-04T11:45:14.103+01:00 DEBUG 72666 --- [intelligent_pv] [           main] o.s.b.f.s.DefaultListableBeanFactory     : Creating shared instance of singleton bean 'viewResolver'
2024-12-04T11:45:14.103+01:00 DEBUG 72666 --- [intelligent_pv] [           main] o.s.b.f.s.DefaultListableBeanFactory     : Autowiring by type from bean name 'viewResolver' via factory method to bean named 'org.springframework.beans.factory.support.DefaultListableBeanFactory@a8a8b75'
2024-12-04T11:45:14.104+01:00 DEBUG 72666 --- [intelligent_pv] [           main] o.s.b.f.s.DefaultListableBeanFactory     : Creating shared instance of singleton bean 'viewResolver'
2024-12-04T11:45:14.104+01:00 DEBUG 72666 --- [intelligent_pv] [           main] o.s.b.f.s.DefaultListableBeanFactory     : Creating shared instance of singleton bean 'requestContextFilter'
2024-12-04T11:45:14.105+01:00 DEBUG 72666 --- [intelligent_pv] [           main] o.s.b.f.s.DefaultListableBeanFactory     : Creating shared instance of singleton bean 'org.springframework.boot.autoconfigure.web.servlet.WebMvcAutoConfiguration'
2024-12-04T11:45:14.105+01:00 DEBUG 72666 --- [intelligent_pv] [           main] o.s.b.f.s.DefaultListableBeanFactory     : Creating shared instance of singleton bean 'formContentFilter'
2024-12-04T11:45:14.106+01:00 DEBUG 72666 --- [intelligent_pv] [           main] o.s.b.f.s.DefaultListableBeanFactory     : Creating shared instance of singleton bean 'org.springframework.boot.autoconfigure.availability.ApplicationAvailabilityAutoConfiguration'
2024-12-04T11:45:14.106+01:00 DEBUG 72666 --- [intelligent_pv] [           main] o.s.b.f.s.DefaultListableBeanFactory     : Creating shared instance of singleton bean 'applicationAvailability'
2024-12-04T11:45:14.107+01:00 DEBUG 72666 --- [intelligent_pv] [           main] o.s.b.f.s.DefaultListableBeanFactory     : Creating shared instance of singleton bean 'org.springframework.boot.actuate.autoconfigure.availability.AvailabilityHealthContributorAutoConfiguration'
2024-12-04T11:45:14.108+01:00 DEBUG 72666 --- [intelligent_pv] [           main] o.s.b.f.s.DefaultListableBeanFactory     : Creating shared instance of singleton bean 'org.springframework.boot.autoconfigure.transaction.TransactionManagerCustomizationAutoConfiguration'
2024-12-04T11:45:14.108+01:00 DEBUG 72666 --- [intelligent_pv] [           main] o.s.b.f.s.DefaultListableBeanFactory     : Creating shared instance of singleton bean 'platformTransactionManagerCustomizers'
2024-12-04T11:45:14.108+01:00 DEBUG 72666 --- [intelligent_pv] [           main] o.s.b.f.s.DefaultListableBeanFactory     : Creating shared instance of singleton bean 'transactionExecutionListeners'
2024-12-04T11:45:14.109+01:00 DEBUG 72666 --- [intelligent_pv] [           main] o.s.b.f.s.DefaultListableBeanFactory     : Creating shared instance of singleton bean 'spring.transaction-org.springframework.boot.autoconfigure.transaction.TransactionProperties'
2024-12-04T11:45:14.110+01:00 DEBUG 72666 --- [intelligent_pv] [           main] o.s.b.f.s.DefaultListableBeanFactory     : Creating shared instance of singleton bean 'org.springframework.boot.actuate.autoconfigure.cassandra.CassandraHealthContributorAutoConfiguration'
2024-12-04T11:45:14.110+01:00 DEBUG 72666 --- [intelligent_pv] [           main] o.s.b.f.s.DefaultListableBeanFactory     : Creating shared instance of singleton bean 'healthEndpointGroupMembershipValidator'
2024-12-04T11:45:14.110+01:00 DEBUG 72666 --- [intelligent_pv] [           main] o.s.b.f.s.DefaultListableBeanFactory     : Autowiring by type from bean name 'healthEndpointGroupMembershipValidator' via factory method to bean named 'management.endpoint.health-org.springframework.boot.actuate.autoconfigure.health.HealthEndpointProperties'
2024-12-04T11:45:14.110+01:00 DEBUG 72666 --- [intelligent_pv] [           main] o.s.b.f.s.DefaultListableBeanFactory     : Autowiring by type from bean name 'healthEndpointGroupMembershipValidator' via factory method to bean named 'healthContributorRegistry'
2024-12-04T11:45:14.110+01:00 DEBUG 72666 --- [intelligent_pv] [           main] o.s.b.f.s.DefaultListableBeanFactory     : Creating shared instance of singleton bean 'org.springframework.boot.actuate.autoconfigure.health.HealthEndpointAutoConfiguration'
2024-12-04T11:45:14.110+01:00 DEBUG 72666 --- [intelligent_pv] [           main] o.s.b.f.s.DefaultListableBeanFactory     : Creating shared instance of singleton bean 'org.springframework.boot.autoconfigure.info.ProjectInfoAutoConfiguration'
2024-12-04T11:45:14.111+01:00 DEBUG 72666 --- [intelligent_pv] [           main] o.s.b.f.s.DefaultListableBeanFactory     : Creating shared instance of singleton bean 'spring.info-org.springframework.boot.autoconfigure.info.ProjectInfoProperties'
2024-12-04T11:45:14.111+01:00 DEBUG 72666 --- [intelligent_pv] [           main] o.s.b.f.s.DefaultListableBeanFactory     : Autowiring by type from bean name 'org.springframework.boot.autoconfigure.info.ProjectInfoAutoConfiguration' via constructor to bean named 'spring.info-org.springframework.boot.autoconfigure.info.ProjectInfoProperties'
2024-12-04T11:45:14.111+01:00 DEBUG 72666 --- [intelligent_pv] [           main] o.s.b.f.s.DefaultListableBeanFactory     : Creating shared instance of singleton bean 'org.springframework.boot.actuate.autoconfigure.info.InfoContributorAutoConfiguration'
2024-12-04T11:45:14.113+01:00 DEBUG 72666 --- [intelligent_pv] [           main] o.s.b.f.s.DefaultListableBeanFactory     : Creating shared instance of singleton bean 'management.info-org.springframework.boot.actuate.autoconfigure.info.InfoContributorProperties'
2024-12-04T11:45:14.113+01:00 DEBUG 72666 --- [intelligent_pv] [           main] o.s.b.f.s.DefaultListableBeanFactory     : Creating shared instance of singleton bean 'org.springframework.boot.actuate.autoconfigure.web.servlet.ServletManagementContextAutoConfiguration'
2024-12-04T11:45:14.114+01:00 DEBUG 72666 --- [intelligent_pv] [           main] o.s.b.f.s.DefaultListableBeanFactory     : Creating shared instance of singleton bean 'servletWebChildContextFactory'
2024-12-04T11:45:14.114+01:00 DEBUG 72666 --- [intelligent_pv] [           main] o.s.b.f.s.DefaultListableBeanFactory     : Creating shared instance of singleton bean 'managementServletContext'
2024-12-04T11:45:14.114+01:00 DEBUG 72666 --- [intelligent_pv] [           main] o.s.b.f.s.DefaultListableBeanFactory     : Autowiring by type from bean name 'managementServletContext' via factory method to bean named 'management.endpoints.web-org.springframework.boot.actuate.autoconfigure.endpoint.web.WebEndpointProperties'
2024-12-04T11:45:14.114+01:00 DEBUG 72666 --- [intelligent_pv] [           main] o.s.b.f.s.DefaultListableBeanFactory     : Creating shared instance of singleton bean 'pathMappedEndpoints'
2024-12-04T11:45:14.115+01:00 DEBUG 72666 --- [intelligent_pv] [           main] o.s.b.f.s.DefaultListableBeanFactory     : Autowiring by type from bean name 'pathMappedEndpoints' via factory method to bean named 'servletEndpointDiscoverer'
2024-12-04T11:45:14.115+01:00 DEBUG 72666 --- [intelligent_pv] [           main] o.s.b.f.s.DefaultListableBeanFactory     : Autowiring by type from bean name 'pathMappedEndpoints' via factory method to bean named 'webEndpointDiscoverer'
2024-12-04T11:45:14.115+01:00 DEBUG 72666 --- [intelligent_pv] [           main] o.s.b.f.s.DefaultListableBeanFactory     : Autowiring by type from bean name 'pathMappedEndpoints' via factory method to bean named 'controllerEndpointDiscoverer'
2024-12-04T11:45:14.115+01:00 DEBUG 72666 --- [intelligent_pv] [           main] o.s.b.f.s.DefaultListableBeanFactory     : Creating shared instance of singleton bean 'meterRegistryCloser'
2024-12-04T11:45:14.115+01:00 DEBUG 72666 --- [intelligent_pv] [           main] o.s.b.f.s.DefaultListableBeanFactory     : Creating shared instance of singleton bean 'org.springframework.boot.actuate.autoconfigure.metrics.CompositeMeterRegistryAutoConfiguration'
2024-12-04T11:45:14.116+01:00 DEBUG 72666 --- [intelligent_pv] [           main] o.s.b.f.s.DefaultListableBeanFactory     : Creating shared instance of singleton bean 'org.springframework.boot.actuate.autoconfigure.metrics.JvmMetricsAutoConfiguration'
2024-12-04T11:45:14.116+01:00 DEBUG 72666 --- [intelligent_pv] [           main] o.s.b.f.s.DefaultListableBeanFactory     : Creating shared instance of singleton bean 'jvmGcMetrics'
2024-12-04T11:45:14.121+01:00 DEBUG 72666 --- [intelligent_pv] [           main] o.s.b.f.s.DefaultListableBeanFactory     : Creating shared instance of singleton bean 'jvmHeapPressureMetrics'
2024-12-04T11:45:14.125+01:00 DEBUG 72666 --- [intelligent_pv] [           main] o.s.b.f.s.DefaultListableBeanFactory     : Creating shared instance of singleton bean 'jvmMemoryMetrics'
2024-12-04T11:45:14.125+01:00 DEBUG 72666 --- [intelligent_pv] [           main] o.s.b.f.s.DefaultListableBeanFactory     : Creating shared instance of singleton bean 'jvmThreadMetrics'
2024-12-04T11:45:14.126+01:00 DEBUG 72666 --- [intelligent_pv] [           main] o.s.b.f.s.DefaultListableBeanFactory     : Creating shared instance of singleton bean 'classLoaderMetrics'
2024-12-04T11:45:14.126+01:00 DEBUG 72666 --- [intelligent_pv] [           main] o.s.b.f.s.DefaultListableBeanFactory     : Creating shared instance of singleton bean 'jvmInfoMetrics'
2024-12-04T11:45:14.126+01:00 DEBUG 72666 --- [intelligent_pv] [           main] o.s.b.f.s.DefaultListableBeanFactory     : Creating shared instance of singleton bean 'jvmCompilationMetrics'
2024-12-04T11:45:14.126+01:00 DEBUG 72666 --- [intelligent_pv] [           main] o.s.b.f.s.DefaultListableBeanFactory     : Creating shared instance of singleton bean 'org.springframework.boot.actuate.autoconfigure.metrics.LogbackMetricsAutoConfiguration'
2024-12-04T11:45:14.126+01:00 DEBUG 72666 --- [intelligent_pv] [           main] o.s.b.f.s.DefaultListableBeanFactory     : Creating shared instance of singleton bean 'logbackMetrics'
2024-12-04T11:45:14.127+01:00 DEBUG 72666 --- [intelligent_pv] [           main] o.s.b.f.s.DefaultListableBeanFactory     : Creating shared instance of singleton bean 'org.springframework.boot.actuate.autoconfigure.metrics.SystemMetricsAutoConfiguration'
2024-12-04T11:45:14.127+01:00 DEBUG 72666 --- [intelligent_pv] [           main] o.s.b.f.s.DefaultListableBeanFactory     : Creating shared instance of singleton bean 'uptimeMetrics'
2024-12-04T11:45:14.127+01:00 DEBUG 72666 --- [intelligent_pv] [           main] o.s.b.f.s.DefaultListableBeanFactory     : Creating shared instance of singleton bean 'processorMetrics'
2024-12-04T11:45:14.129+01:00 DEBUG 72666 --- [intelligent_pv] [           main] o.s.b.f.s.DefaultListableBeanFactory     : Creating shared instance of singleton bean 'fileDescriptorMetrics'
2024-12-04T11:45:14.130+01:00 DEBUG 72666 --- [intelligent_pv] [           main] o.s.b.f.s.DefaultListableBeanFactory     : Creating shared instance of singleton bean 'diskSpaceMetrics'
2024-12-04T11:45:14.130+01:00 DEBUG 72666 --- [intelligent_pv] [           main] o.s.b.f.s.DefaultListableBeanFactory     : Autowiring by type from bean name 'diskSpaceMetrics' via factory method to bean named 'management.metrics-org.springframework.boot.actuate.autoconfigure.metrics.MetricsProperties'
2024-12-04T11:45:14.130+01:00 DEBUG 72666 --- [intelligent_pv] [           main] o.s.b.f.s.DefaultListableBeanFactory     : Creating shared instance of singleton bean 'org.springframework.boot.actuate.autoconfigure.metrics.integration.IntegrationMetricsAutoConfiguration'
2024-12-04T11:45:14.130+01:00 DEBUG 72666 --- [intelligent_pv] [           main] o.s.b.f.s.DefaultListableBeanFactory     : Creating shared instance of singleton bean 'org.springframework.boot.autoconfigure.task.TaskSchedulingConfigurations$ThreadPoolTaskSchedulerBuilderConfiguration'
2024-12-04T11:45:14.130+01:00 DEBUG 72666 --- [intelligent_pv] [           main] o.s.b.f.s.DefaultListableBeanFactory     : Creating shared instance of singleton bean 'threadPoolTaskSchedulerBuilder'
2024-12-04T11:45:14.131+01:00 DEBUG 72666 --- [intelligent_pv] [           main] o.s.b.f.s.DefaultListableBeanFactory     : Creating shared instance of singleton bean 'spring.task.scheduling-org.springframework.boot.autoconfigure.task.TaskSchedulingProperties'
2024-12-04T11:45:14.131+01:00 DEBUG 72666 --- [intelligent_pv] [           main] o.s.b.f.s.DefaultListableBeanFactory     : Autowiring by type from bean name 'threadPoolTaskSchedulerBuilder' via factory method to bean named 'spring.task.scheduling-org.springframework.boot.autoconfigure.task.TaskSchedulingProperties'
2024-12-04T11:45:14.133+01:00 DEBUG 72666 --- [intelligent_pv] [           main] o.s.b.f.s.DefaultListableBeanFactory     : Creating shared instance of singleton bean 'org.springframework.boot.autoconfigure.task.TaskSchedulingConfigurations$TaskSchedulerBuilderConfiguration'
2024-12-04T11:45:14.133+01:00 DEBUG 72666 --- [intelligent_pv] [           main] o.s.b.f.s.DefaultListableBeanFactory     : Creating shared instance of singleton bean 'taskSchedulerBuilder'
2024-12-04T11:45:14.133+01:00 DEBUG 72666 --- [intelligent_pv] [           main] o.s.b.f.s.DefaultListableBeanFactory     : Autowiring by type from bean name 'taskSchedulerBuilder' via factory method to bean named 'spring.task.scheduling-org.springframework.boot.autoconfigure.task.TaskSchedulingProperties'
2024-12-04T11:45:14.134+01:00 DEBUG 72666 --- [intelligent_pv] [           main] o.s.b.f.s.DefaultListableBeanFactory     : Creating shared instance of singleton bean 'org.springframework.boot.autoconfigure.task.TaskSchedulingConfigurations$SimpleAsyncTaskSchedulerBuilderConfiguration'
2024-12-04T11:45:14.134+01:00 DEBUG 72666 --- [intelligent_pv] [           main] o.s.b.f.s.DefaultListableBeanFactory     : Autowiring by type from bean name 'org.springframework.boot.autoconfigure.task.TaskSchedulingConfigurations$SimpleAsyncTaskSchedulerBuilderConfiguration' via constructor to bean named 'spring.task.scheduling-org.springframework.boot.autoconfigure.task.TaskSchedulingProperties'
2024-12-04T11:45:14.135+01:00 DEBUG 72666 --- [intelligent_pv] [           main] o.s.b.f.s.DefaultListableBeanFactory     : Creating shared instance of singleton bean 'simpleAsyncTaskSchedulerBuilder'
2024-12-04T11:45:14.135+01:00 DEBUG 72666 --- [intelligent_pv] [           main] o.s.b.f.s.DefaultListableBeanFactory     : Creating shared instance of singleton bean 'org.springframework.boot.autoconfigure.task.TaskSchedulingAutoConfiguration'
2024-12-04T11:45:14.136+01:00 DEBUG 72666 --- [intelligent_pv] [           main] o.s.b.f.s.DefaultListableBeanFactory     : Creating shared instance of singleton bean 'org.springframework.boot.actuate.autoconfigure.metrics.task.TaskExecutorMetricsAutoConfiguration'
2024-12-04T11:45:14.140+01:00 DEBUG 72666 --- [intelligent_pv] [           main] o.s.b.f.s.DefaultListableBeanFactory     : Creating shared instance of singleton bean 'eagerTaskExecutorMetrics'
2024-12-04T11:45:14.141+01:00 DEBUG 72666 --- [intelligent_pv] [           main] o.s.b.f.s.DefaultListableBeanFactory     : Creating shared instance of singleton bean 'org.springframework.boot.actuate.autoconfigure.metrics.web.tomcat.TomcatMetricsAutoConfiguration'
2024-12-04T11:45:14.141+01:00 DEBUG 72666 --- [intelligent_pv] [           main] o.s.b.f.s.DefaultListableBeanFactory     : Creating shared instance of singleton bean 'tomcatMetricsBinder'
2024-12-04T11:45:14.141+01:00 DEBUG 72666 --- [intelligent_pv] [           main] o.s.b.f.s.DefaultListableBeanFactory     : Autowiring by type from bean name 'tomcatMetricsBinder' via factory method to bean named 'simpleMeterRegistry'
2024-12-04T11:45:14.141+01:00 DEBUG 72666 --- [intelligent_pv] [           main] o.s.b.f.s.DefaultListableBeanFactory     : Creating shared instance of singleton bean 'org.springframework.boot.actuate.autoconfigure.observation.ObservationAutoConfiguration$MeterObservationHandlerConfiguration'
2024-12-04T11:45:14.141+01:00 DEBUG 72666 --- [intelligent_pv] [           main] o.s.b.f.s.DefaultListableBeanFactory     : Creating shared instance of singleton bean 'org.springframework.boot.autoconfigure.http.JacksonHttpMessageConvertersConfiguration'
2024-12-04T11:45:14.141+01:00 DEBUG 72666 --- [intelligent_pv] [           main] o.s.b.f.s.DefaultListableBeanFactory     : Creating shared instance of singleton bean 'org.springframework.boot.autoconfigure.web.client.RestClientAutoConfiguration'
2024-12-04T11:45:14.141+01:00 DEBUG 72666 --- [intelligent_pv] [           main] o.s.b.f.s.DefaultListableBeanFactory     : Creating shared instance of singleton bean 'httpMessageConvertersRestClientCustomizer'
2024-12-04T11:45:14.142+01:00 DEBUG 72666 --- [intelligent_pv] [           main] o.s.b.f.s.DefaultListableBeanFactory     : Creating shared instance of singleton bean 'restClientSsl'
2024-12-04T11:45:14.142+01:00 DEBUG 72666 --- [intelligent_pv] [           main] o.s.b.f.s.DefaultListableBeanFactory     : Autowiring by type from bean name 'restClientSsl' via factory method to bean named 'sslBundleRegistry'
2024-12-04T11:45:14.142+01:00 DEBUG 72666 --- [intelligent_pv] [           main] o.s.b.f.s.DefaultListableBeanFactory     : Creating shared instance of singleton bean 'restClientBuilderConfigurer'
2024-12-04T11:45:14.143+01:00 DEBUG 72666 --- [intelligent_pv] [           main] o.s.b.f.s.DefaultListableBeanFactory     : Creating shared instance of singleton bean 'observationRestClientCustomizer'
2024-12-04T11:45:14.143+01:00 DEBUG 72666 --- [intelligent_pv] [           main] o.s.b.f.s.DefaultListableBeanFactory     : Creating shared instance of singleton bean 'org.springframework.boot.actuate.autoconfigure.observation.web.client.RestClientObservationConfiguration'
2024-12-04T11:45:14.143+01:00 DEBUG 72666 --- [intelligent_pv] [           main] o.s.b.f.s.DefaultListableBeanFactory     : Autowiring by type from bean name 'observationRestClientCustomizer' via factory method to bean named 'observationRegistry'
2024-12-04T11:45:14.143+01:00 DEBUG 72666 --- [intelligent_pv] [           main] o.s.b.f.s.DefaultListableBeanFactory     : Autowiring by type from bean name 'observationRestClientCustomizer' via factory method to bean named 'management.observations-org.springframework.boot.actuate.autoconfigure.observation.ObservationProperties'
2024-12-04T11:45:14.146+01:00 DEBUG 72666 --- [intelligent_pv] [           main] o.s.b.f.s.DefaultListableBeanFactory     : Creating shared instance of singleton bean 'org.springframework.boot.autoconfigure.web.client.RestTemplateAutoConfiguration'
2024-12-04T11:45:14.146+01:00 DEBUG 72666 --- [intelligent_pv] [           main] o.s.b.f.s.DefaultListableBeanFactory     : Creating shared instance of singleton bean 'org.springframework.boot.actuate.autoconfigure.observation.web.client.RestTemplateObservationConfiguration'
2024-12-04T11:45:14.146+01:00 DEBUG 72666 --- [intelligent_pv] [           main] o.s.b.f.s.DefaultListableBeanFactory     : Creating shared instance of singleton bean 'observationRestTemplateCustomizer'
2024-12-04T11:45:14.146+01:00 DEBUG 72666 --- [intelligent_pv] [           main] o.s.b.f.s.DefaultListableBeanFactory     : Autowiring by type from bean name 'observationRestTemplateCustomizer' via factory method to bean named 'observationRegistry'
2024-12-04T11:45:14.146+01:00 DEBUG 72666 --- [intelligent_pv] [           main] o.s.b.f.s.DefaultListableBeanFactory     : Autowiring by type from bean name 'observationRestTemplateCustomizer' via factory method to bean named 'management.observations-org.springframework.boot.actuate.autoconfigure.observation.ObservationProperties'
2024-12-04T11:45:14.146+01:00 DEBUG 72666 --- [intelligent_pv] [           main] o.s.b.f.s.DefaultListableBeanFactory     : Creating shared instance of singleton bean 'org.springframework.boot.actuate.autoconfigure.observation.web.client.HttpClientObservationsAutoConfiguration'
2024-12-04T11:45:14.147+01:00 DEBUG 72666 --- [intelligent_pv] [           main] o.s.b.f.s.DefaultListableBeanFactory     : Creating shared instance of singleton bean 'org.springframework.boot.actuate.autoconfigure.observation.web.servlet.WebMvcObservationAutoConfiguration'
2024-12-04T11:45:14.147+01:00 DEBUG 72666 --- [intelligent_pv] [           main] o.s.b.f.s.DefaultListableBeanFactory     : Creating shared instance of singleton bean 'webMvcObservationFilter'
2024-12-04T11:45:14.147+01:00 DEBUG 72666 --- [intelligent_pv] [           main] o.s.b.f.s.DefaultListableBeanFactory     : Autowiring by type from bean name 'webMvcObservationFilter' via factory method to bean named 'observationRegistry'
2024-12-04T11:45:14.147+01:00 DEBUG 72666 --- [intelligent_pv] [           main] o.s.b.f.s.DefaultListableBeanFactory     : Autowiring by type from bean name 'webMvcObservationFilter' via factory method to bean named 'management.observations-org.springframework.boot.actuate.autoconfigure.observation.ObservationProperties'
2024-12-04T11:45:14.149+01:00 DEBUG 72666 --- [intelligent_pv] [           main] o.s.b.f.s.DefaultListableBeanFactory     : Creating shared instance of singleton bean 'org.springframework.boot.actuate.autoconfigure.scheduling.ScheduledTasksObservabilityAutoConfiguration'
2024-12-04T11:45:14.149+01:00 DEBUG 72666 --- [intelligent_pv] [           main] o.s.b.f.s.DefaultListableBeanFactory     : Creating shared instance of singleton bean 'observabilitySchedulingConfigurer'
2024-12-04T11:45:14.149+01:00 DEBUG 72666 --- [intelligent_pv] [           main] o.s.b.f.s.DefaultListableBeanFactory     : Autowiring by type from bean name 'observabilitySchedulingConfigurer' via factory method to bean named 'observationRegistry'
2024-12-04T11:45:14.150+01:00 DEBUG 72666 --- [intelligent_pv] [           main] o.s.b.f.s.DefaultListableBeanFactory     : Creating shared instance of singleton bean 'org.springframework.boot.autoconfigure.aop.AopAutoConfiguration$ClassProxyingConfiguration'
2024-12-04T11:45:14.151+01:00 DEBUG 72666 --- [intelligent_pv] [           main] o.s.b.f.s.DefaultListableBeanFactory     : Creating shared instance of singleton bean 'org.springframework.boot.autoconfigure.aop.AopAutoConfiguration'
2024-12-04T11:45:14.151+01:00 DEBUG 72666 --- [intelligent_pv] [           main] o.s.b.f.s.DefaultListableBeanFactory     : Creating shared instance of singleton bean 'org.springframework.boot.autoconfigure.context.ConfigurationPropertiesAutoConfiguration'
2024-12-04T11:45:14.151+01:00 DEBUG 72666 --- [intelligent_pv] [           main] o.s.b.f.s.DefaultListableBeanFactory     : Creating shared instance of singleton bean 'org.springframework.boot.autoconfigure.context.LifecycleAutoConfiguration'
2024-12-04T11:45:14.151+01:00 DEBUG 72666 --- [intelligent_pv] [           main] o.s.b.f.s.DefaultListableBeanFactory     : Creating shared instance of singleton bean 'lifecycleProcessor'
2024-12-04T11:45:14.151+01:00 DEBUG 72666 --- [intelligent_pv] [           main] o.s.b.f.s.DefaultListableBeanFactory     : Creating shared instance of singleton bean 'spring.lifecycle-org.springframework.boot.autoconfigure.context.LifecycleProperties'
2024-12-04T11:45:14.152+01:00 DEBUG 72666 --- [intelligent_pv] [           main] o.s.b.f.s.DefaultListableBeanFactory     : Autowiring by type from bean name 'lifecycleProcessor' via factory method to bean named 'spring.lifecycle-org.springframework.boot.autoconfigure.context.LifecycleProperties'
2024-12-04T11:45:14.152+01:00 DEBUG 72666 --- [intelligent_pv] [           main] o.s.b.f.s.DefaultListableBeanFactory     : Creating shared instance of singleton bean 'org.springframework.boot.autoconfigure.dao.PersistenceExceptionTranslationAutoConfiguration'
2024-12-04T11:45:14.152+01:00 DEBUG 72666 --- [intelligent_pv] [           main] o.s.b.f.s.DefaultListableBeanFactory     : Creating shared instance of singleton bean 'org.springframework.boot.autoconfigure.data.cassandra.CassandraReactiveRepositoriesAutoConfiguration'
2024-12-04T11:45:14.152+01:00 DEBUG 72666 --- [intelligent_pv] [           main] o.s.b.f.s.DefaultListableBeanFactory     : Creating shared instance of singleton bean 'data-reactive-cassandra.repository-aot-processor#0'
2024-12-04T11:45:14.153+01:00 DEBUG 72666 --- [intelligent_pv] [           main] o.s.b.f.s.DefaultListableBeanFactory     : Creating shared instance of singleton bean 'org.springframework.data.web.config.ProjectingArgumentResolverRegistrar'
2024-12-04T11:45:14.153+01:00 DEBUG 72666 --- [intelligent_pv] [           main] o.s.b.f.s.DefaultListableBeanFactory     : Creating shared instance of singleton bean 'offsetResolver'
2024-12-04T11:45:14.153+01:00 DEBUG 72666 --- [intelligent_pv] [           main] o.s.b.f.s.DefaultListableBeanFactory     : Creating shared instance of singleton bean 'org.springframework.boot.autoconfigure.netty.NettyAutoConfiguration'
2024-12-04T11:45:14.153+01:00 DEBUG 72666 --- [intelligent_pv] [           main] o.s.b.f.s.DefaultListableBeanFactory     : Creating shared instance of singleton bean 'spring.netty-org.springframework.boot.autoconfigure.netty.NettyProperties'
2024-12-04T11:45:14.154+01:00 DEBUG 72666 --- [intelligent_pv] [           main] o.s.b.f.s.DefaultListableBeanFactory     : Autowiring by type from bean name 'org.springframework.boot.autoconfigure.netty.NettyAutoConfiguration' via constructor to bean named 'spring.netty-org.springframework.boot.autoconfigure.netty.NettyProperties'
2024-12-04T11:45:14.154+01:00 DEBUG 72666 --- [intelligent_pv] [           main] o.s.b.f.s.DefaultListableBeanFactory     : Creating shared instance of singleton bean 'org.springframework.boot.autoconfigure.security.servlet.SpringBootWebSecurityConfiguration'
2024-12-04T11:45:14.154+01:00 DEBUG 72666 --- [intelligent_pv] [           main] o.s.b.f.s.DefaultListableBeanFactory     : Creating shared instance of singleton bean 'spring.security-org.springframework.boot.autoconfigure.security.SecurityProperties'
2024-12-04T11:45:14.154+01:00 DEBUG 72666 --- [intelligent_pv] [           main] o.s.b.f.s.DefaultListableBeanFactory     : Creating shared instance of singleton bean 'org.springframework.boot.autoconfigure.security.servlet.SecurityFilterAutoConfiguration'
2024-12-04T11:45:14.155+01:00 DEBUG 72666 --- [intelligent_pv] [           main] o.s.b.f.s.DefaultListableBeanFactory     : Creating shared instance of singleton bean 'securityFilterChainRegistration'
2024-12-04T11:45:14.155+01:00 DEBUG 72666 --- [intelligent_pv] [           main] o.s.b.f.s.DefaultListableBeanFactory     : Autowiring by type from bean name 'securityFilterChainRegistration' via factory method to bean named 'spring.security-org.springframework.boot.autoconfigure.security.SecurityProperties'
2024-12-04T11:45:14.157+01:00 DEBUG 72666 --- [intelligent_pv] [           main] o.s.b.f.s.DefaultListableBeanFactory     : Creating shared instance of singleton bean 'org.springframework.boot.autoconfigure.sql.init.SqlInitializationAutoConfiguration'
2024-12-04T11:45:14.157+01:00 DEBUG 72666 --- [intelligent_pv] [           main] o.s.b.f.s.DefaultListableBeanFactory     : Creating shared instance of singleton bean 'spring.sql.init-org.springframework.boot.autoconfigure.sql.init.SqlInitializationProperties'
2024-12-04T11:45:14.158+01:00 DEBUG 72666 --- [intelligent_pv] [           main] o.s.b.f.s.DefaultListableBeanFactory     : Creating shared instance of singleton bean 'org.springframework.boot.autoconfigure.transaction.TransactionAutoConfiguration'
2024-12-04T11:45:14.158+01:00 DEBUG 72666 --- [intelligent_pv] [           main] o.s.b.f.s.DefaultListableBeanFactory     : Creating shared instance of singleton bean 'characterEncodingFilter'
2024-12-04T11:45:14.159+01:00 DEBUG 72666 --- [intelligent_pv] [           main] o.s.b.f.s.DefaultListableBeanFactory     : Creating shared instance of singleton bean 'multipartResolver'
2024-12-04T11:45:14.160+01:00 DEBUG 72666 --- [intelligent_pv] [           main] o.s.b.f.s.DefaultListableBeanFactory     : Creating shared instance of singleton bean 'org.springframework.boot.actuate.autoconfigure.endpoint.web.ServletEndpointManagementContextConfiguration$WebMvcServletEndpointManagementContextConfiguration'
2024-12-04T11:45:14.160+01:00 DEBUG 72666 --- [intelligent_pv] [           main] o.s.b.f.s.DefaultListableBeanFactory     : Creating shared instance of singleton bean 'servletEndpointRegistrar'
2024-12-04T11:45:14.160+01:00 DEBUG 72666 --- [intelligent_pv] [           main] o.s.b.f.s.DefaultListableBeanFactory     : Autowiring by type from bean name 'servletEndpointRegistrar' via factory method to bean named 'management.endpoints.web-org.springframework.boot.actuate.autoconfigure.endpoint.web.WebEndpointProperties'
2024-12-04T11:45:14.160+01:00 DEBUG 72666 --- [intelligent_pv] [           main] o.s.b.f.s.DefaultListableBeanFactory     : Autowiring by type from bean name 'servletEndpointRegistrar' via factory method to bean named 'servletEndpointDiscoverer'
2024-12-04T11:45:14.160+01:00 DEBUG 72666 --- [intelligent_pv] [           main] o.s.b.f.s.DefaultListableBeanFactory     : Autowiring by type from bean name 'servletEndpointRegistrar' via factory method to bean named 'dispatcherServletRegistration'
2024-12-04T11:45:14.160+01:00 DEBUG 72666 --- [intelligent_pv] [           main] o.s.b.f.s.DefaultListableBeanFactory     : Creating shared instance of singleton bean 'org.springframework.boot.actuate.autoconfigure.security.servlet.SecurityRequestMatchersManagementContextConfiguration$MvcRequestMatcherConfiguration'
2024-12-04T11:45:14.160+01:00 DEBUG 72666 --- [intelligent_pv] [           main] o.s.b.f.s.DefaultListableBeanFactory     : Creating shared instance of singleton bean 'requestMatcherProvider'
2024-12-04T11:45:14.161+01:00 DEBUG 72666 --- [intelligent_pv] [           main] o.s.b.f.s.DefaultListableBeanFactory     : Autowiring by type from bean name 'requestMatcherProvider' via factory method to bean named 'dispatcherServletRegistration'
2024-12-04T11:45:14.161+01:00 DEBUG 72666 --- [intelligent_pv] [           main] o.s.b.f.s.DefaultListableBeanFactory     : Creating shared instance of singleton bean 'org.springframework.boot.actuate.autoconfigure.security.servlet.SecurityRequestMatchersManagementContextConfiguration'
2024-12-04T11:45:14.161+01:00 DEBUG 72666 --- [intelligent_pv] [           main] o.s.b.f.s.DefaultListableBeanFactory     : Creating shared instance of singleton bean 'org.springframework.boot.actuate.autoconfigure.web.server.ManagementContextAutoConfiguration$SameManagementContextConfiguration$EnableSameManagementContextConfiguration'
2024-12-04T11:45:14.161+01:00 DEBUG 72666 --- [intelligent_pv] [           main] o.s.b.f.s.DefaultListableBeanFactory     : Creating shared instance of singleton bean 'org.springframework.boot.actuate.autoconfigure.web.server.ManagementContextAutoConfiguration$SameManagementContextConfiguration'
2024-12-04T11:45:14.161+01:00 DEBUG 72666 --- [intelligent_pv] [           main] o.s.b.f.s.DefaultListableBeanFactory     : Autowiring by type from bean name 'org.springframework.boot.actuate.autoconfigure.web.server.ManagementContextAutoConfiguration$SameManagementContextConfiguration' via constructor to bean named 'environment'
2024-12-04T11:45:14.162+01:00 DEBUG 72666 --- [intelligent_pv] [           main] o.s.b.f.s.DefaultListableBeanFactory     : Creating shared instance of singleton bean 'org.springframework.boot.actuate.autoconfigure.web.server.ManagementContextAutoConfiguration'
2024-12-04T11:45:14.162+01:00 DEBUG 72666 --- [intelligent_pv] [           main] o.s.b.f.s.DefaultListableBeanFactory     : Creating shared instance of singleton bean 'management.server-org.springframework.boot.actuate.autoconfigure.web.server.ManagementServerProperties'
2024-12-04T11:45:14.185+01:00 DEBUG 72666 --- [intelligent_pv] [           main] o.s.c.support.DefaultLifecycleProcessor  : Starting beans in phase -2147483647
2024-12-04T11:45:14.185+01:00 DEBUG 72666 --- [intelligent_pv] [           main] o.s.c.support.DefaultLifecycleProcessor  : Successfully started bean 'springBootLoggingLifecycle'
2024-12-04T11:45:14.185+01:00 DEBUG 72666 --- [intelligent_pv] [           main] o.s.c.support.DefaultLifecycleProcessor  : Starting beans in phase 2147483647
2024-12-04T11:45:14.197+01:00 DEBUG 72666 --- [intelligent_pv] [           main] .s.b.a.l.ConditionEvaluationReportLogger : 


============================
CONDITIONS EVALUATION REPORT
============================


Positive matches:
-----------------

   AopAutoConfiguration matched:
      - @ConditionalOnProperty (spring.aop.auto=true) matched (OnPropertyCondition)

   AopAutoConfiguration.ClassProxyingConfiguration matched:
      - @ConditionalOnMissingClass did not find unwanted class 'org.aspectj.weaver.Advice' (OnClassCondition)
      - @ConditionalOnProperty (spring.aop.proxy-target-class=true) matched (OnPropertyCondition)

   ApplicationAvailabilityAutoConfiguration#applicationAvailability matched:
      - @ConditionalOnMissingBean (types: org.springframework.boot.availability.ApplicationAvailability; SearchStrategy: all) did not find any beans (OnBeanCondition)

   CacheMeterBinderProvidersConfiguration matched:
      - @ConditionalOnClass found required class 'io.micrometer.core.instrument.binder.MeterBinder' (OnClassCondition)

   CassandraAutoConfiguration matched:
      - @ConditionalOnClass found required class 'com.datastax.oss.driver.api.core.CqlSession' (OnClassCondition)

   CassandraAutoConfiguration#cassandraConnectionDetails matched:
      - @ConditionalOnMissingBean (types: org.springframework.boot.autoconfigure.cassandra.CassandraConnectionDetails; SearchStrategy: all) did not find any beans (OnBeanCondition)

   CassandraAutoConfiguration#cassandraDriverConfigLoader matched:
      - @ConditionalOnMissingBean (types: com.datastax.oss.driver.api.core.config.DriverConfigLoader; SearchStrategy: all) did not find any beans (OnBeanCondition)

   CassandraAutoConfiguration#cassandraSession matched:
      - @ConditionalOnMissingBean (types: com.datastax.oss.driver.api.core.CqlSession; SearchStrategy: all) did not find any beans (OnBeanCondition)

   CassandraAutoConfiguration#cassandraSessionBuilder matched:
      - @ConditionalOnMissingBean (types: com.datastax.oss.driver.api.core.CqlSessionBuilder; SearchStrategy: all) did not find any beans (OnBeanCondition)

   CassandraDataAutoConfiguration matched:
      - @ConditionalOnClass found required classes 'com.datastax.oss.driver.api.core.CqlSession', 'org.springframework.data.cassandra.core.CassandraAdminOperations' (OnClassCondition)
      - @ConditionalOnBean (types: com.datastax.oss.driver.api.core.CqlSession; SearchStrategy: all) found bean 'cassandraSession' (OnBeanCondition)

   CassandraDataAutoConfiguration#cassandraConverter matched:
      - @ConditionalOnMissingBean (types: org.springframework.data.cassandra.core.convert.CassandraConverter; SearchStrategy: all) did not find any beans (OnBeanCondition)

   CassandraDataAutoConfiguration#cassandraCustomConversions matched:
      - @ConditionalOnMissingBean (types: org.springframework.data.cassandra.core.convert.CassandraCustomConversions; SearchStrategy: all) did not find any beans (OnBeanCondition)

   CassandraDataAutoConfiguration#cassandraManagedTypes matched:
      - @ConditionalOnMissingBean (types: org.springframework.data.cassandra.CassandraManagedTypes; SearchStrategy: all) did not find any beans (OnBeanCondition)

   CassandraDataAutoConfiguration#cassandraMappingContext matched:
      - @ConditionalOnMissingBean (types: org.springframework.data.cassandra.core.mapping.CassandraMappingContext; SearchStrategy: all) did not find any beans (OnBeanCondition)

   CassandraDataAutoConfiguration#cassandraSessionFactory matched:
      - @ConditionalOnMissingBean (types: org.springframework.data.cassandra.SessionFactory; SearchStrategy: all) did not find any beans (OnBeanCondition)

   CassandraDataAutoConfiguration#cassandraTemplate matched:
      - @ConditionalOnMissingBean (types: org.springframework.data.cassandra.core.CassandraOperations; SearchStrategy: all) did not find any beans (OnBeanCondition)

   CassandraHealthContributorAutoConfiguration matched:
      - @ConditionalOnClass found required class 'com.datastax.oss.driver.api.core.CqlSession' (OnClassCondition)
      - @ConditionalOnEnabledHealthIndicator management.health.defaults.enabled is considered true (OnEnabledHealthIndicatorCondition)

   CassandraHealthContributorConfigurations.CassandraDriverConfiguration matched:
      - @ConditionalOnBean (types: com.datastax.oss.driver.api.core.CqlSession; SearchStrategy: all) found bean 'cassandraSession' (OnBeanCondition)

   CassandraHealthContributorConfigurations.CassandraDriverConfiguration#cassandraHealthContributor matched:
      - @ConditionalOnMissingBean (names: cassandraHealthIndicator,cassandraHealthContributor; SearchStrategy: all) did not find any beans (OnBeanCondition)

   CassandraReactiveRepositoriesAutoConfiguration matched:
      - @ConditionalOnClass found required classes 'org.springframework.data.cassandra.ReactiveSession', 'org.springframework.data.cassandra.repository.ReactiveCassandraRepository' (OnClassCondition)
      - @ConditionalOnRepositoryType configured type of 'AUTO' matched required type (OnRepositoryTypeCondition)
      - @ConditionalOnMissingBean (types: org.springframework.data.cassandra.repository.support.ReactiveCassandraRepositoryFactoryBean; SearchStrategy: all) did not find any beans (OnBeanCondition)

   CompositeMeterRegistryAutoConfiguration matched:
      - @ConditionalOnClass found required class 'io.micrometer.core.instrument.composite.CompositeMeterRegistry' (OnClassCondition)

   DiskSpaceHealthContributorAutoConfiguration matched:
      - @ConditionalOnEnabledHealthIndicator management.health.defaults.enabled is considered true (OnEnabledHealthIndicatorCondition)

   DiskSpaceHealthContributorAutoConfiguration#diskSpaceHealthIndicator matched:
      - @ConditionalOnMissingBean (names: diskSpaceHealthIndicator; SearchStrategy: all) did not find any beans (OnBeanCondition)

   DispatcherServletAutoConfiguration matched:
      - @ConditionalOnClass found required class 'org.springframework.web.servlet.DispatcherServlet' (OnClassCondition)
      - found 'session' scope (OnWebApplicationCondition)

   DispatcherServletAutoConfiguration.DispatcherServletConfiguration matched:
      - @ConditionalOnClass found required class 'jakarta.servlet.ServletRegistration' (OnClassCondition)
      - Default DispatcherServlet did not find dispatcher servlet beans (DispatcherServletAutoConfiguration.DefaultDispatcherServletCondition)

   DispatcherServletAutoConfiguration.DispatcherServletRegistrationConfiguration matched:
      - @ConditionalOnClass found required class 'jakarta.servlet.ServletRegistration' (OnClassCondition)
      - DispatcherServlet Registration did not find servlet registration bean (DispatcherServletAutoConfiguration.DispatcherServletRegistrationCondition)

   DispatcherServletAutoConfiguration.DispatcherServletRegistrationConfiguration#dispatcherServletRegistration matched:
      - @ConditionalOnBean (names: dispatcherServlet types: org.springframework.web.servlet.DispatcherServlet; SearchStrategy: all) found bean 'dispatcherServlet' (OnBeanCondition)

   EndpointAutoConfiguration#endpointCachingOperationInvokerAdvisor matched:
      - @ConditionalOnMissingBean (types: org.springframework.boot.actuate.endpoint.invoker.cache.CachingOperationInvokerAdvisor; SearchStrategy: all) did not find any beans (OnBeanCondition)

   EndpointAutoConfiguration#endpointOperationParameterMapper matched:
      - @ConditionalOnMissingBean (types: org.springframework.boot.actuate.endpoint.invoke.ParameterValueMapper; SearchStrategy: all) did not find any beans (OnBeanCondition)

   ErrorMvcAutoConfiguration matched:
      - @ConditionalOnClass found required classes 'jakarta.servlet.Servlet', 'org.springframework.web.servlet.DispatcherServlet' (OnClassCondition)
      - found 'session' scope (OnWebApplicationCondition)

   ErrorMvcAutoConfiguration#basicErrorController matched:
      - @ConditionalOnMissingBean (types: org.springframework.boot.web.servlet.error.ErrorController; SearchStrategy: current) did not find any beans (OnBeanCondition)

   ErrorMvcAutoConfiguration#errorAttributes matched:
      - @ConditionalOnMissingBean (types: org.springframework.boot.web.servlet.error.ErrorAttributes; SearchStrategy: current) did not find any beans (OnBeanCondition)

   ErrorMvcAutoConfiguration.DefaultErrorViewResolverConfiguration#conventionErrorViewResolver matched:
      - @ConditionalOnBean (types: org.springframework.web.servlet.DispatcherServlet; SearchStrategy: all) found bean 'dispatcherServlet'; @ConditionalOnMissingBean (types: org.springframework.boot.autoconfigure.web.servlet.error.ErrorViewResolver; SearchStrategy: all) did not find any beans (OnBeanCondition)

   ErrorMvcAutoConfiguration.WhitelabelErrorViewConfiguration matched:
      - @ConditionalOnProperty (server.error.whitelabel.enabled) matched (OnPropertyCondition)
      - ErrorTemplate Missing did not find error template view (ErrorMvcAutoConfiguration.ErrorTemplateMissingCondition)

   ErrorMvcAutoConfiguration.WhitelabelErrorViewConfiguration#beanNameViewResolver matched:
      - @ConditionalOnMissingBean (types: org.springframework.web.servlet.view.BeanNameViewResolver; SearchStrategy: all) did not find any beans (OnBeanCondition)

   ErrorMvcAutoConfiguration.WhitelabelErrorViewConfiguration#defaultErrorView matched:
      - @ConditionalOnMissingBean (names: error; SearchStrategy: all) did not find any beans (OnBeanCondition)

   GenericCacheConfiguration matched:
      - Cache org.springframework.boot.autoconfigure.cache.GenericCacheConfiguration automatic cache type (CacheCondition)

   HealthContributorAutoConfiguration#pingHealthContributor matched:
      - @ConditionalOnEnabledHealthIndicator management.health.defaults.enabled is considered true (OnEnabledHealthIndicatorCondition)

   HealthEndpointAutoConfiguration matched:
      - @ConditionalOnAvailableEndpoint marked as exposed by a 'management.endpoints.web.exposure' property (OnAvailableEndpointCondition)

   HealthEndpointConfiguration#healthContributorRegistry matched:
      - @ConditionalOnMissingBean (types: org.springframework.boot.actuate.health.HealthContributorRegistry; SearchStrategy: all) did not find any beans (OnBeanCondition)

   HealthEndpointConfiguration#healthEndpoint matched:
      - @ConditionalOnMissingBean (types: org.springframework.boot.actuate.health.HealthEndpoint; SearchStrategy: all) did not find any beans (OnBeanCondition)

   HealthEndpointConfiguration#healthEndpointGroupMembershipValidator matched:
      - @ConditionalOnProperty (management.endpoint.health.validate-group-membership=true) matched (OnPropertyCondition)

   HealthEndpointConfiguration#healthEndpointGroups matched:
      - @ConditionalOnMissingBean (types: org.springframework.boot.actuate.health.HealthEndpointGroups; SearchStrategy: all) did not find any beans (OnBeanCondition)

   HealthEndpointConfiguration#healthHttpCodeStatusMapper matched:
      - @ConditionalOnMissingBean (types: org.springframework.boot.actuate.health.HttpCodeStatusMapper; SearchStrategy: all) did not find any beans (OnBeanCondition)

   HealthEndpointConfiguration#healthStatusAggregator matched:
      - @ConditionalOnMissingBean (types: org.springframework.boot.actuate.health.StatusAggregator; SearchStrategy: all) did not find any beans (OnBeanCondition)

   HealthEndpointWebExtensionConfiguration matched:
      - found 'session' scope (OnWebApplicationCondition)
      - @ConditionalOnAvailableEndpoint marked as exposed by a 'management.endpoints.web.exposure' property (OnAvailableEndpointCondition)
      - @ConditionalOnBean (types: org.springframework.boot.actuate.health.HealthEndpoint; SearchStrategy: all) found bean 'healthEndpoint' (OnBeanCondition)

   HealthEndpointWebExtensionConfiguration#healthEndpointWebExtension matched:
      - @ConditionalOnMissingBean (types: org.springframework.boot.actuate.health.HealthEndpointWebExtension; SearchStrategy: all) did not find any beans (OnBeanCondition)

   HealthEndpointWebExtensionConfiguration.MvcAdditionalHealthEndpointPathsConfiguration matched:
      - @ConditionalOnAvailableEndpoint marked as exposed by a 'management.endpoints.web.exposure' property (OnAvailableEndpointCondition)
      - @ConditionalOnBean (types: org.springframework.web.servlet.DispatcherServlet; SearchStrategy: all) found bean 'dispatcherServlet' (OnBeanCondition)

   HttpClientObservationsAutoConfiguration matched:
      - @ConditionalOnClass found required class 'io.micrometer.observation.Observation' (OnClassCondition)
      - @ConditionalOnBean (types: io.micrometer.observation.ObservationRegistry; SearchStrategy: all) found bean 'observationRegistry' (OnBeanCondition)

   HttpClientObservationsAutoConfiguration.MeterFilterConfiguration matched:
      - @ConditionalOnClass found required class 'io.micrometer.core.instrument.MeterRegistry' (OnClassCondition)
      - @ConditionalOnBean (types: io.micrometer.core.instrument.MeterRegistry; SearchStrategy: all) found bean 'simpleMeterRegistry' (OnBeanCondition)

   HttpEncodingAutoConfiguration matched:
      - @ConditionalOnClass found required class 'org.springframework.web.filter.CharacterEncodingFilter' (OnClassCondition)
      - found 'session' scope (OnWebApplicationCondition)
      - @ConditionalOnProperty (server.servlet.encoding.enabled) matched (OnPropertyCondition)

   HttpEncodingAutoConfiguration#characterEncodingFilter matched:
      - @ConditionalOnMissingBean (types: org.springframework.web.filter.CharacterEncodingFilter; SearchStrategy: all) did not find any beans (OnBeanCondition)

   HttpMessageConvertersAutoConfiguration matched:
      - @ConditionalOnClass found required class 'org.springframework.http.converter.HttpMessageConverter' (OnClassCondition)
      - NoneNestedConditions 0 matched 1 did not; NestedCondition on HttpMessageConvertersAutoConfiguration.NotReactiveWebApplicationCondition.ReactiveWebApplication did not find reactive web application classes (HttpMessageConvertersAutoConfiguration.NotReactiveWebApplicationCondition)

   HttpMessageConvertersAutoConfiguration#messageConverters matched:
      - @ConditionalOnMissingBean (types: org.springframework.boot.autoconfigure.http.HttpMessageConverters; SearchStrategy: all) did not find any beans (OnBeanCondition)

   HttpMessageConvertersAutoConfiguration.StringHttpMessageConverterConfiguration matched:
      - @ConditionalOnClass found required class 'org.springframework.http.converter.StringHttpMessageConverter' (OnClassCondition)

   HttpMessageConvertersAutoConfiguration.StringHttpMessageConverterConfiguration#stringHttpMessageConverter matched:
      - @ConditionalOnMissingBean (types: org.springframework.http.converter.StringHttpMessageConverter; SearchStrategy: all) did not find any beans (OnBeanCondition)

   JacksonAutoConfiguration matched:
      - @ConditionalOnClass found required class 'com.fasterxml.jackson.databind.ObjectMapper' (OnClassCondition)

   JacksonAutoConfiguration.Jackson2ObjectMapperBuilderCustomizerConfiguration matched:
      - @ConditionalOnClass found required class 'org.springframework.http.converter.json.Jackson2ObjectMapperBuilder' (OnClassCondition)

   JacksonAutoConfiguration.JacksonObjectMapperBuilderConfiguration matched:
      - @ConditionalOnClass found required class 'org.springframework.http.converter.json.Jackson2ObjectMapperBuilder' (OnClassCondition)

   JacksonAutoConfiguration.JacksonObjectMapperBuilderConfiguration#jacksonObjectMapperBuilder matched:
      - @ConditionalOnMissingBean (types: org.springframework.http.converter.json.Jackson2ObjectMapperBuilder; SearchStrategy: all) did not find any beans (OnBeanCondition)

   JacksonAutoConfiguration.JacksonObjectMapperConfiguration matched:
      - @ConditionalOnClass found required class 'org.springframework.http.converter.json.Jackson2ObjectMapperBuilder' (OnClassCondition)

   JacksonAutoConfiguration.JacksonObjectMapperConfiguration#jacksonObjectMapper matched:
      - @ConditionalOnMissingBean (types: com.fasterxml.jackson.databind.ObjectMapper; SearchStrategy: all) did not find any beans (OnBeanCondition)

   JacksonAutoConfiguration.ParameterNamesModuleConfiguration matched:
      - @ConditionalOnClass found required class 'com.fasterxml.jackson.module.paramnames.ParameterNamesModule' (OnClassCondition)

   JacksonAutoConfiguration.ParameterNamesModuleConfiguration#parameterNamesModule matched:
      - @ConditionalOnMissingBean (types: com.fasterxml.jackson.module.paramnames.ParameterNamesModule; SearchStrategy: all) did not find any beans (OnBeanCondition)

   JacksonEndpointAutoConfiguration#endpointObjectMapper matched:
      - @ConditionalOnClass found required classes 'com.fasterxml.jackson.databind.ObjectMapper', 'org.springframework.http.converter.json.Jackson2ObjectMapperBuilder' (OnClassCondition)
      - @ConditionalOnProperty (management.endpoints.jackson.isolated-object-mapper) matched (OnPropertyCondition)

   JacksonHttpMessageConvertersConfiguration.MappingJackson2HttpMessageConverterConfiguration matched:
      - @ConditionalOnClass found required class 'com.fasterxml.jackson.databind.ObjectMapper' (OnClassCondition)
      - @ConditionalOnProperty (spring.mvc.converters.preferred-json-mapper=jackson) matched (OnPropertyCondition)
      - @ConditionalOnBean (types: com.fasterxml.jackson.databind.ObjectMapper; SearchStrategy: all) found bean 'jacksonObjectMapper' (OnBeanCondition)

   JacksonHttpMessageConvertersConfiguration.MappingJackson2HttpMessageConverterConfiguration#mappingJackson2HttpMessageConverter matched:
      - @ConditionalOnMissingBean (types: org.springframework.http.converter.json.MappingJackson2HttpMessageConverter ignored: org.springframework.hateoas.server.mvc.TypeConstrainedMappingJackson2HttpMessageConverter,org.springframework.data.rest.webmvc.alps.AlpsJsonHttpMessageConverter; SearchStrategy: all) did not find any beans (OnBeanCondition)

   JvmMetricsAutoConfiguration matched:
      - @ConditionalOnClass found required class 'io.micrometer.core.instrument.MeterRegistry' (OnClassCondition)
      - @ConditionalOnBean (types: io.micrometer.core.instrument.MeterRegistry; SearchStrategy: all) found bean 'simpleMeterRegistry' (OnBeanCondition)

   JvmMetricsAutoConfiguration#classLoaderMetrics matched:
      - @ConditionalOnMissingBean (types: io.micrometer.core.instrument.binder.jvm.ClassLoaderMetrics; SearchStrategy: all) did not find any beans (OnBeanCondition)

   JvmMetricsAutoConfiguration#jvmCompilationMetrics matched:
      - @ConditionalOnMissingBean (types: io.micrometer.core.instrument.binder.jvm.JvmCompilationMetrics; SearchStrategy: all) did not find any beans (OnBeanCondition)

   JvmMetricsAutoConfiguration#jvmGcMetrics matched:
      - @ConditionalOnMissingBean (types: io.micrometer.core.instrument.binder.jvm.JvmGcMetrics; SearchStrategy: all) did not find any beans (OnBeanCondition)

   JvmMetricsAutoConfiguration#jvmHeapPressureMetrics matched:
      - @ConditionalOnMissingBean (types: io.micrometer.core.instrument.binder.jvm.JvmHeapPressureMetrics; SearchStrategy: all) did not find any beans (OnBeanCondition)

   JvmMetricsAutoConfiguration#jvmInfoMetrics matched:
      - @ConditionalOnMissingBean (types: io.micrometer.core.instrument.binder.jvm.JvmInfoMetrics; SearchStrategy: all) did not find any beans (OnBeanCondition)

   JvmMetricsAutoConfiguration#jvmMemoryMetrics matched:
      - @ConditionalOnMissingBean (types: io.micrometer.core.instrument.binder.jvm.JvmMemoryMetrics; SearchStrategy: all) did not find any beans (OnBeanCondition)

   JvmMetricsAutoConfiguration#jvmThreadMetrics matched:
      - @ConditionalOnMissingBean (types: io.micrometer.core.instrument.binder.jvm.JvmThreadMetrics; SearchStrategy: all) did not find any beans (OnBeanCondition)

   LifecycleAutoConfiguration#defaultLifecycleProcessor matched:
      - @ConditionalOnMissingBean (names: lifecycleProcessor; SearchStrategy: current) did not find any beans (OnBeanCondition)

   LogbackMetricsAutoConfiguration matched:
      - @ConditionalOnClass found required classes 'io.micrometer.core.instrument.MeterRegistry', 'ch.qos.logback.classic.LoggerContext', 'org.slf4j.LoggerFactory' (OnClassCondition)
      - LogbackLoggingCondition ILoggerFactory is a Logback LoggerContext (LogbackMetricsAutoConfiguration.LogbackLoggingCondition)
      - @ConditionalOnBean (types: io.micrometer.core.instrument.MeterRegistry; SearchStrategy: all) found bean 'simpleMeterRegistry' (OnBeanCondition)

   LogbackMetricsAutoConfiguration#logbackMetrics matched:
      - @ConditionalOnMissingBean (types: io.micrometer.core.instrument.binder.logging.LogbackMetrics; SearchStrategy: all) did not find any beans (OnBeanCondition)

   ManagementContextAutoConfiguration.SameManagementContextConfiguration matched:
      - Management Port actual port type (SAME) matched required type (OnManagementPortCondition)

   MetricsAutoConfiguration matched:
      - @ConditionalOnClass found required class 'io.micrometer.core.annotation.Timed' (OnClassCondition)

   MetricsAutoConfiguration#micrometerClock matched:
      - @ConditionalOnMissingBean (types: io.micrometer.core.instrument.Clock; SearchStrategy: all) did not find any beans (OnBeanCondition)

   MultipartAutoConfiguration matched:
      - @ConditionalOnClass found required classes 'jakarta.servlet.Servlet', 'org.springframework.web.multipart.support.StandardServletMultipartResolver', 'jakarta.servlet.MultipartConfigElement' (OnClassCondition)
      - found 'session' scope (OnWebApplicationCondition)
      - @ConditionalOnProperty (spring.servlet.multipart.enabled) matched (OnPropertyCondition)

   MultipartAutoConfiguration#multipartConfigElement matched:
      - @ConditionalOnMissingBean (types: jakarta.servlet.MultipartConfigElement; SearchStrategy: all) did not find any beans (OnBeanCondition)

   MultipartAutoConfiguration#multipartResolver matched:
      - @ConditionalOnMissingBean (types: org.springframework.web.multipart.MultipartResolver; SearchStrategy: all) did not find any beans (OnBeanCondition)

   NettyAutoConfiguration matched:
      - @ConditionalOnClass found required class 'io.netty.util.NettyRuntime' (OnClassCondition)

   NoOpCacheConfiguration matched:
      - Cache org.springframework.boot.autoconfigure.cache.NoOpCacheConfiguration automatic cache type (CacheCondition)

   ObservationAutoConfiguration matched:
      - @ConditionalOnClass found required class 'io.micrometer.observation.ObservationRegistry' (OnClassCondition)

   ObservationAutoConfiguration#observationRegistry matched:
      - @ConditionalOnMissingBean (types: io.micrometer.observation.ObservationRegistry; SearchStrategy: all) did not find any beans (OnBeanCondition)

   ObservationAutoConfiguration.MeterObservationHandlerConfiguration matched:
      - @ConditionalOnBean (types: io.micrometer.core.instrument.MeterRegistry; SearchStrategy: all) found bean 'simpleMeterRegistry'; @ConditionalOnMissingBean (types: io.micrometer.core.instrument.observation.MeterObservationHandler; SearchStrategy: all) did not find any beans (OnBeanCondition)

   ObservationAutoConfiguration.MeterObservationHandlerConfiguration.OnlyMetricsMeterObservationHandlerConfiguration matched:
      - @ConditionalOnMissingBean (types: io.micrometer.tracing.Tracer; SearchStrategy: all) did not find any beans (OnBeanCondition)

   ObservationAutoConfiguration.OnlyMetricsConfiguration matched:
      - @ConditionalOnClass found required class 'io.micrometer.core.instrument.MeterRegistry'; @ConditionalOnMissingClass did not find unwanted class 'io.micrometer.tracing.Tracer' (OnClassCondition)

   PersistenceExceptionTranslationAutoConfiguration matched:
      - @ConditionalOnClass found required class 'org.springframework.dao.annotation.PersistenceExceptionTranslationPostProcessor' (OnClassCondition)

   PersistenceExceptionTranslationAutoConfiguration#persistenceExceptionTranslationPostProcessor matched:
      - @ConditionalOnProperty (spring.dao.exceptiontranslation.enabled) matched (OnPropertyCondition)
      - @ConditionalOnMissingBean (types: org.springframework.dao.annotation.PersistenceExceptionTranslationPostProcessor; SearchStrategy: all) did not find any beans (OnBeanCondition)

   PropertyPlaceholderAutoConfiguration#propertySourcesPlaceholderConfigurer matched:
      - @ConditionalOnMissingBean (types: org.springframework.context.support.PropertySourcesPlaceholderConfigurer; SearchStrategy: current) did not find any beans (OnBeanCondition)

   RepositoryMetricsAutoConfiguration matched:
      - @ConditionalOnClass found required class 'org.springframework.data.repository.Repository' (OnClassCondition)
      - @ConditionalOnBean (types: io.micrometer.core.instrument.MeterRegistry; SearchStrategy: all) found bean 'simpleMeterRegistry' (OnBeanCondition)

   RepositoryMetricsAutoConfiguration#metricsRepositoryMethodInvocationListener matched:
      - @ConditionalOnMissingBean (types: org.springframework.boot.actuate.metrics.data.MetricsRepositoryMethodInvocationListener; SearchStrategy: all) did not find any beans (OnBeanCondition)

   RepositoryMetricsAutoConfiguration#repositoryTagsProvider matched:
      - @ConditionalOnMissingBean (types: org.springframework.boot.actuate.metrics.data.RepositoryTagsProvider; SearchStrategy: all) did not find any beans (OnBeanCondition)

   RestClientAutoConfiguration matched:
      - @ConditionalOnClass found required class 'org.springframework.web.client.RestClient' (OnClassCondition)
      - NoneNestedConditions 0 matched 1 did not; NestedCondition on NotReactiveWebApplicationCondition.ReactiveWebApplication did not find reactive web application classes (NotReactiveWebApplicationCondition)

   RestClientAutoConfiguration#httpMessageConvertersRestClientCustomizer matched:
      - @ConditionalOnMissingBean (types: org.springframework.boot.autoconfigure.web.client.HttpMessageConvertersRestClientCustomizer; SearchStrategy: all) did not find any beans (OnBeanCondition)

   RestClientAutoConfiguration#restClientBuilder matched:
      - @ConditionalOnMissingBean (types: org.springframework.web.client.RestClient$Builder; SearchStrategy: all) did not find any beans (OnBeanCondition)

   RestClientAutoConfiguration#restClientBuilderConfigurer matched:
      - @ConditionalOnMissingBean (types: org.springframework.boot.autoconfigure.web.client.RestClientBuilderConfigurer; SearchStrategy: all) did not find any beans (OnBeanCondition)

   RestClientAutoConfiguration#restClientSsl matched:
      - @ConditionalOnBean (types: org.springframework.boot.ssl.SslBundles; SearchStrategy: all) found bean 'sslBundleRegistry'; @ConditionalOnMissingBean (types: org.springframework.boot.autoconfigure.web.client.RestClientSsl; SearchStrategy: all) did not find any beans (OnBeanCondition)

   RestClientObservationConfiguration matched:
      - @ConditionalOnClass found required class 'org.springframework.web.client.RestClient' (OnClassCondition)
      - @ConditionalOnBean (types: org.springframework.web.client.RestClient$Builder; SearchStrategy: all) found bean 'restClientBuilder' (OnBeanCondition)

   RestTemplateAutoConfiguration matched:
      - @ConditionalOnClass found required class 'org.springframework.web.client.RestTemplate' (OnClassCondition)
      - NoneNestedConditions 0 matched 1 did not; NestedCondition on NotReactiveWebApplicationCondition.ReactiveWebApplication did not find reactive web application classes (NotReactiveWebApplicationCondition)

   RestTemplateAutoConfiguration#restTemplateBuilder matched:
      - @ConditionalOnMissingBean (types: org.springframework.boot.web.client.RestTemplateBuilder; SearchStrategy: all) did not find any beans (OnBeanCondition)

   RestTemplateObservationConfiguration matched:
      - @ConditionalOnClass found required class 'org.springframework.web.client.RestTemplate' (OnClassCondition)
      - @ConditionalOnBean (types: org.springframework.boot.web.client.RestTemplateBuilder; SearchStrategy: all) found bean 'restTemplateBuilder' (OnBeanCondition)

   ScheduledTasksObservabilityAutoConfiguration matched:
      - @ConditionalOnClass found required class 'org.springframework.scheduling.concurrent.ThreadPoolTaskScheduler' (OnClassCondition)
      - @ConditionalOnBean (types: io.micrometer.observation.ObservationRegistry; SearchStrategy: all) found bean 'observationRegistry' (OnBeanCondition)

   SecurityAutoConfiguration matched:
      - @ConditionalOnClass found required class 'org.springframework.security.authentication.DefaultAuthenticationEventPublisher' (OnClassCondition)

   SecurityAutoConfiguration#authenticationEventPublisher matched:
      - @ConditionalOnMissingBean (types: org.springframework.security.authentication.AuthenticationEventPublisher; SearchStrategy: all) did not find any beans (OnBeanCondition)

   SecurityFilterAutoConfiguration matched:
      - @ConditionalOnClass found required classes 'org.springframework.security.web.context.AbstractSecurityWebApplicationInitializer', 'org.springframework.security.config.http.SessionCreationPolicy' (OnClassCondition)
      - found 'session' scope (OnWebApplicationCondition)

   SecurityFilterAutoConfiguration#securityFilterChainRegistration matched:
      - @ConditionalOnBean (names: springSecurityFilterChain; SearchStrategy: all) found bean 'springSecurityFilterChain' (OnBeanCondition)

   SecurityRequestMatchersManagementContextConfiguration matched:
      - @ConditionalOnClass found required class 'org.springframework.security.web.util.matcher.RequestMatcher' (OnClassCondition)
      - found 'session' scope (OnWebApplicationCondition)

   SecurityRequestMatchersManagementContextConfiguration.MvcRequestMatcherConfiguration matched:
      - @ConditionalOnClass found required class 'org.springframework.web.servlet.DispatcherServlet' (OnClassCondition)
      - @ConditionalOnBean (types: org.springframework.boot.autoconfigure.web.servlet.DispatcherServletPath; SearchStrategy: all) found bean 'dispatcherServletRegistration' (OnBeanCondition)

   SecurityRequestMatchersManagementContextConfiguration.MvcRequestMatcherConfiguration#requestMatcherProvider matched:
      - @ConditionalOnClass found required class 'org.springframework.web.servlet.DispatcherServlet' (OnClassCondition)
      - @ConditionalOnMissingBean (types: org.springframework.boot.autoconfigure.security.servlet.RequestMatcherProvider; SearchStrategy: all) did not find any beans (OnBeanCondition)

   ServletEndpointManagementContextConfiguration matched:
      - found 'session' scope (OnWebApplicationCondition)

   ServletEndpointManagementContextConfiguration.WebMvcServletEndpointManagementContextConfiguration matched:
      - @ConditionalOnClass found required class 'org.springframework.web.servlet.DispatcherServlet' (OnClassCondition)

   ServletManagementContextAutoConfiguration matched:
      - @ConditionalOnClass found required class 'jakarta.servlet.Servlet' (OnClassCondition)
      - found 'session' scope (OnWebApplicationCondition)

   ServletWebServerFactoryAutoConfiguration matched:
      - @ConditionalOnClass found required class 'jakarta.servlet.ServletRequest' (OnClassCondition)
      - found 'session' scope (OnWebApplicationCondition)

   ServletWebServerFactoryAutoConfiguration#tomcatServletWebServerFactoryCustomizer matched:
      - @ConditionalOnClass found required class 'org.apache.catalina.startup.Tomcat' (OnClassCondition)

   ServletWebServerFactoryConfiguration.EmbeddedTomcat matched:
      - @ConditionalOnClass found required classes 'jakarta.servlet.Servlet', 'org.apache.catalina.startup.Tomcat', 'org.apache.coyote.UpgradeProtocol' (OnClassCondition)
      - @ConditionalOnMissingBean (types: org.springframework.boot.web.servlet.server.ServletWebServerFactory; SearchStrategy: current) did not find any beans (OnBeanCondition)

   SimpleCacheConfiguration matched:
      - Cache org.springframework.boot.autoconfigure.cache.SimpleCacheConfiguration automatic cache type (CacheCondition)

   SimpleMetricsExportAutoConfiguration matched:
      - @ConditionalOnEnabledMetricsExport management.simple.metrics.export.enabled is true (OnMetricsExportEnabledCondition)
      - @ConditionalOnBean (types: io.micrometer.core.instrument.Clock; SearchStrategy: all) found bean 'micrometerClock'; @ConditionalOnMissingBean (types: io.micrometer.core.instrument.MeterRegistry; SearchStrategy: all) did not find any beans (OnBeanCondition)

   SimpleMetricsExportAutoConfiguration#simpleConfig matched:
      - @ConditionalOnMissingBean (types: io.micrometer.core.instrument.simple.SimpleConfig; SearchStrategy: all) did not find any beans (OnBeanCondition)

   SpringBootWebSecurityConfiguration matched:
      - found 'session' scope (OnWebApplicationCondition)

   SpringDataWebAutoConfiguration matched:
      - @ConditionalOnClass found required classes 'org.springframework.data.web.PageableHandlerMethodArgumentResolver', 'org.springframework.web.servlet.config.annotation.WebMvcConfigurer' (OnClassCondition)
      - found 'session' scope (OnWebApplicationCondition)
      - @ConditionalOnMissingBean (types: org.springframework.data.web.PageableHandlerMethodArgumentResolver; SearchStrategy: all) did not find any beans (OnBeanCondition)

   SpringDataWebAutoConfiguration#pageableCustomizer matched:
      - @ConditionalOnMissingBean (types: org.springframework.data.web.config.PageableHandlerMethodArgumentResolverCustomizer; SearchStrategy: all) did not find any beans (OnBeanCondition)

   SpringDataWebAutoConfiguration#sortCustomizer matched:
      - @ConditionalOnMissingBean (types: org.springframework.data.web.config.SortHandlerMethodArgumentResolverCustomizer; SearchStrategy: all) did not find any beans (OnBeanCondition)

   SqlInitializationAutoConfiguration matched:
      - @ConditionalOnProperty (spring.sql.init.enabled) matched (OnPropertyCondition)
      - NoneNestedConditions 0 matched 1 did not; NestedCondition on SqlInitializationAutoConfiguration.SqlInitializationModeCondition.ModeIsNever @ConditionalOnProperty (spring.sql.init.mode=never) did not find property 'mode' (SqlInitializationAutoConfiguration.SqlInitializationModeCondition)

   SslAutoConfiguration#sslBundleRegistry matched:
      - @ConditionalOnMissingBean (types: org.springframework.boot.ssl.SslBundleRegistry,org.springframework.boot.ssl.SslBundles; SearchStrategy: all) did not find any beans (OnBeanCondition)

   StartupTimeMetricsListenerAutoConfiguration matched:
      - @ConditionalOnClass found required class 'io.micrometer.core.instrument.MeterRegistry' (OnClassCondition)
      - @ConditionalOnBean (types: io.micrometer.core.instrument.MeterRegistry; SearchStrategy: all) found bean 'simpleMeterRegistry' (OnBeanCondition)

   StartupTimeMetricsListenerAutoConfiguration#startupTimeMetrics matched:
      - @ConditionalOnMissingBean (types: org.springframework.boot.actuate.metrics.startup.StartupTimeMetricsListener; SearchStrategy: all) did not find any beans (OnBeanCondition)

   SystemMetricsAutoConfiguration matched:
      - @ConditionalOnClass found required class 'io.micrometer.core.instrument.MeterRegistry' (OnClassCondition)
      - @ConditionalOnBean (types: io.micrometer.core.instrument.MeterRegistry; SearchStrategy: all) found bean 'simpleMeterRegistry' (OnBeanCondition)

   SystemMetricsAutoConfiguration#diskSpaceMetrics matched:
      - @ConditionalOnMissingBean (types: org.springframework.boot.actuate.metrics.system.DiskSpaceMetricsBinder; SearchStrategy: all) did not find any beans (OnBeanCondition)

   SystemMetricsAutoConfiguration#fileDescriptorMetrics matched:
      - @ConditionalOnMissingBean (types: io.micrometer.core.instrument.binder.system.FileDescriptorMetrics; SearchStrategy: all) did not find any beans (OnBeanCondition)

   SystemMetricsAutoConfiguration#processorMetrics matched:
      - @ConditionalOnMissingBean (types: io.micrometer.core.instrument.binder.system.ProcessorMetrics; SearchStrategy: all) did not find any beans (OnBeanCondition)

   SystemMetricsAutoConfiguration#uptimeMetrics matched:
      - @ConditionalOnMissingBean (types: io.micrometer.core.instrument.binder.system.UptimeMetrics; SearchStrategy: all) did not find any beans (OnBeanCondition)

   TaskExecutionAutoConfiguration matched:
      - @ConditionalOnClass found required class 'org.springframework.scheduling.concurrent.ThreadPoolTaskExecutor' (OnClassCondition)

   TaskExecutorConfigurations.SimpleAsyncTaskExecutorBuilderConfiguration#simpleAsyncTaskExecutorBuilder matched:
      - @ConditionalOnMissingBean (types: org.springframework.boot.task.SimpleAsyncTaskExecutorBuilder; SearchStrategy: all) did not find any beans (OnBeanCondition)
      - @ConditionalOnThreading found PLATFORM (OnThreadingCondition)

   TaskExecutorConfigurations.TaskExecutorBuilderConfiguration#taskExecutorBuilder matched:
      - @ConditionalOnMissingBean (types: org.springframework.boot.task.TaskExecutorBuilder; SearchStrategy: all) did not find any beans (OnBeanCondition)

   TaskExecutorConfigurations.TaskExecutorConfiguration matched:
      - @ConditionalOnMissingBean (types: java.util.concurrent.Executor; SearchStrategy: all) did not find any beans (OnBeanCondition)

   TaskExecutorConfigurations.TaskExecutorConfiguration#applicationTaskExecutor matched:
      - @ConditionalOnThreading found PLATFORM (OnThreadingCondition)

   TaskExecutorConfigurations.ThreadPoolTaskExecutorBuilderConfiguration#threadPoolTaskExecutorBuilder matched:
      - @ConditionalOnMissingBean (types: org.springframework.boot.task.TaskExecutorBuilder,org.springframework.boot.task.ThreadPoolTaskExecutorBuilder; SearchStrategy: all) did not find any beans (OnBeanCondition)

   TaskExecutorMetricsAutoConfiguration matched:
      - @ConditionalOnClass found required class 'io.micrometer.core.instrument.binder.jvm.ExecutorServiceMetrics' (OnClassCondition)
      - @ConditionalOnBean (types: java.util.concurrent.Executor,io.micrometer.core.instrument.MeterRegistry; SearchStrategy: all) found beans 'applicationTaskExecutor', 'simpleMeterRegistry' (OnBeanCondition)

   TaskSchedulingAutoConfiguration matched:
      - @ConditionalOnClass found required class 'org.springframework.scheduling.concurrent.ThreadPoolTaskScheduler' (OnClassCondition)

   TaskSchedulingConfigurations.SimpleAsyncTaskSchedulerBuilderConfiguration#simpleAsyncTaskSchedulerBuilder matched:
      - @ConditionalOnMissingBean (types: org.springframework.boot.task.SimpleAsyncTaskSchedulerBuilder; SearchStrategy: all) did not find any beans (OnBeanCondition)
      - @ConditionalOnThreading found PLATFORM (OnThreadingCondition)

   TaskSchedulingConfigurations.TaskSchedulerBuilderConfiguration#taskSchedulerBuilder matched:
      - @ConditionalOnMissingBean (types: org.springframework.boot.task.TaskSchedulerBuilder; SearchStrategy: all) did not find any beans (OnBeanCondition)

   TaskSchedulingConfigurations.ThreadPoolTaskSchedulerBuilderConfiguration#threadPoolTaskSchedulerBuilder matched:
      - @ConditionalOnMissingBean (types: org.springframework.boot.task.TaskSchedulerBuilder,org.springframework.boot.task.ThreadPoolTaskSchedulerBuilder; SearchStrategy: all) did not find any beans (OnBeanCondition)

   TomcatMetricsAutoConfiguration matched:
      - @ConditionalOnClass found required classes 'io.micrometer.core.instrument.binder.tomcat.TomcatMetrics', 'org.apache.catalina.Manager' (OnClassCondition)
      - @ConditionalOnWebApplication (required) found 'session' scope (OnWebApplicationCondition)

   TomcatMetricsAutoConfiguration#tomcatMetricsBinder matched:
      - @ConditionalOnBean (types: io.micrometer.core.instrument.MeterRegistry; SearchStrategy: all) found bean 'simpleMeterRegistry'; @ConditionalOnMissingBean (types: io.micrometer.core.instrument.binder.tomcat.TomcatMetrics,org.springframework.boot.actuate.metrics.web.tomcat.TomcatMetricsBinder; SearchStrategy: all) did not find any beans (OnBeanCondition)

   TransactionAutoConfiguration matched:
      - @ConditionalOnClass found required class 'org.springframework.transaction.PlatformTransactionManager' (OnClassCondition)

   TransactionManagerCustomizationAutoConfiguration matched:
      - @ConditionalOnClass found required class 'org.springframework.transaction.PlatformTransactionManager' (OnClassCondition)

   TransactionManagerCustomizationAutoConfiguration#platformTransactionManagerCustomizers matched:
      - @ConditionalOnMissingBean (types: org.springframework.boot.autoconfigure.transaction.TransactionManagerCustomizers; SearchStrategy: all) did not find any beans (OnBeanCondition)

   ValidationAutoConfiguration matched:
      - @ConditionalOnClass found required class 'jakarta.validation.executable.ExecutableValidator' (OnClassCondition)
      - @ConditionalOnResource found location classpath:META-INF/services/jakarta.validation.spi.ValidationProvider (OnResourceCondition)

   ValidationAutoConfiguration#defaultValidator matched:
      - @ConditionalOnMissingBean (types: jakarta.validation.Validator; SearchStrategy: all) did not find any beans (OnBeanCondition)

   ValidationAutoConfiguration#methodValidationPostProcessor matched:
      - @ConditionalOnMissingBean (types: org.springframework.validation.beanvalidation.MethodValidationPostProcessor; SearchStrategy: current) did not find any beans (OnBeanCondition)

   WebEndpointAutoConfiguration matched:
      - @ConditionalOnWebApplication (required) found 'session' scope (OnWebApplicationCondition)

   WebEndpointAutoConfiguration#controllerEndpointDiscoverer matched:
      - @ConditionalOnMissingBean (types: org.springframework.boot.actuate.endpoint.web.annotation.ControllerEndpointsSupplier; SearchStrategy: all) did not find any beans (OnBeanCondition)

   WebEndpointAutoConfiguration#endpointMediaTypes matched:
      - @ConditionalOnMissingBean (types: org.springframework.boot.actuate.endpoint.web.EndpointMediaTypes; SearchStrategy: all) did not find any beans (OnBeanCondition)

   WebEndpointAutoConfiguration#pathMappedEndpoints matched:
      - @ConditionalOnMissingBean (types: org.springframework.boot.actuate.endpoint.web.PathMappedEndpoints; SearchStrategy: all) did not find any beans (OnBeanCondition)

   WebEndpointAutoConfiguration#webEndpointDiscoverer matched:
      - @ConditionalOnMissingBean (types: org.springframework.boot.actuate.endpoint.web.WebEndpointsSupplier; SearchStrategy: all) did not find any beans (OnBeanCondition)

   WebEndpointAutoConfiguration.WebEndpointServletConfiguration matched:
      - found 'session' scope (OnWebApplicationCondition)

   WebEndpointAutoConfiguration.WebEndpointServletConfiguration#servletEndpointDiscoverer matched:
      - @ConditionalOnMissingBean (types: org.springframework.boot.actuate.endpoint.web.annotation.ServletEndpointsSupplier; SearchStrategy: all) did not find any beans (OnBeanCondition)

   WebMvcAutoConfiguration matched:
      - @ConditionalOnClass found required classes 'jakarta.servlet.Servlet', 'org.springframework.web.servlet.DispatcherServlet', 'org.springframework.web.servlet.config.annotation.WebMvcConfigurer' (OnClassCondition)
      - found 'session' scope (OnWebApplicationCondition)
      - @ConditionalOnMissingBean (types: org.springframework.web.servlet.config.annotation.WebMvcConfigurationSupport; SearchStrategy: all) did not find any beans (OnBeanCondition)

   WebMvcAutoConfiguration#formContentFilter matched:
      - @ConditionalOnProperty (spring.mvc.formcontent.filter.enabled) matched (OnPropertyCondition)
      - @ConditionalOnMissingBean (types: org.springframework.web.filter.FormContentFilter; SearchStrategy: all) did not find any beans (OnBeanCondition)

   WebMvcAutoConfiguration.EnableWebMvcConfiguration#flashMapManager matched:
      - @ConditionalOnMissingBean (names: flashMapManager; SearchStrategy: all) did not find any beans (OnBeanCondition)

   WebMvcAutoConfiguration.EnableWebMvcConfiguration#localeResolver matched:
      - @ConditionalOnMissingBean (names: localeResolver; SearchStrategy: all) did not find any beans (OnBeanCondition)

   WebMvcAutoConfiguration.EnableWebMvcConfiguration#themeResolver matched:
      - @ConditionalOnMissingBean (names: themeResolver; SearchStrategy: all) did not find any beans (OnBeanCondition)

   WebMvcAutoConfiguration.WebMvcAutoConfigurationAdapter#defaultViewResolver matched:
      - @ConditionalOnMissingBean (types: org.springframework.web.servlet.view.InternalResourceViewResolver; SearchStrategy: all) did not find any beans (OnBeanCondition)

   WebMvcAutoConfiguration.WebMvcAutoConfigurationAdapter#requestContextFilter matched:
      - @ConditionalOnMissingBean (types: org.springframework.web.context.request.RequestContextListener,org.springframework.web.filter.RequestContextFilter; SearchStrategy: all) did not find any beans (OnBeanCondition)

   WebMvcAutoConfiguration.WebMvcAutoConfigurationAdapter#viewResolver matched:
      - @ConditionalOnBean (types: org.springframework.web.servlet.ViewResolver; SearchStrategy: all) found beans 'defaultViewResolver', 'beanNameViewResolver', 'mvcViewResolver'; @ConditionalOnMissingBean (names: viewResolver types: org.springframework.web.servlet.view.ContentNegotiatingViewResolver; SearchStrategy: all) did not find any beans (OnBeanCondition)

   WebMvcEndpointManagementContextConfiguration matched:
      - @ConditionalOnClass found required class 'org.springframework.web.servlet.DispatcherServlet' (OnClassCondition)
      - found 'session' scope (OnWebApplicationCondition)
      - @ConditionalOnBean (types: org.springframework.web.servlet.DispatcherServlet,org.springframework.boot.actuate.endpoint.web.WebEndpointsSupplier; SearchStrategy: all) found beans 'webEndpointDiscoverer', 'dispatcherServlet' (OnBeanCondition)

   WebMvcEndpointManagementContextConfiguration#controllerEndpointHandlerMapping matched:
      - @ConditionalOnMissingBean (types: org.springframework.boot.actuate.endpoint.web.servlet.ControllerEndpointHandlerMapping; SearchStrategy: all) did not find any beans (OnBeanCondition)

   WebMvcEndpointManagementContextConfiguration#endpointObjectMapperWebMvcConfigurer matched:
      - @ConditionalOnBean (types: org.springframework.boot.actuate.endpoint.jackson.EndpointObjectMapper; SearchStrategy: all) found bean 'endpointObjectMapper' (OnBeanCondition)

   WebMvcEndpointManagementContextConfiguration#webEndpointServletHandlerMapping matched:
      - @ConditionalOnMissingBean (types: org.springframework.boot.actuate.endpoint.web.servlet.WebMvcEndpointHandlerMapping; SearchStrategy: all) did not find any beans (OnBeanCondition)

   WebMvcObservationAutoConfiguration matched:
      - @ConditionalOnClass found required classes 'org.springframework.web.servlet.DispatcherServlet', 'io.micrometer.observation.Observation' (OnClassCondition)
      - found 'session' scope (OnWebApplicationCondition)
      - @ConditionalOnBean (types: io.micrometer.observation.ObservationRegistry; SearchStrategy: all) found bean 'observationRegistry' (OnBeanCondition)

   WebMvcObservationAutoConfiguration#webMvcObservationFilter matched:
      - @ConditionalOnMissingBean (types: org.springframework.web.filter.ServerHttpObservationFilter; SearchStrategy: all) did not find any beans (OnBeanCondition)

   WebMvcObservationAutoConfiguration.MeterFilterConfiguration matched:
      - @ConditionalOnClass found required class 'io.micrometer.core.instrument.MeterRegistry' (OnClassCondition)
      - @ConditionalOnBean (types: io.micrometer.core.instrument.MeterRegistry; SearchStrategy: all) found bean 'simpleMeterRegistry' (OnBeanCondition)

   WebSocketServletAutoConfiguration matched:
      - @ConditionalOnClass found required classes 'jakarta.servlet.Servlet', 'jakarta.websocket.server.ServerContainer' (OnClassCondition)
      - found 'session' scope (OnWebApplicationCondition)

   WebSocketServletAutoConfiguration.TomcatWebSocketConfiguration matched:
      - @ConditionalOnClass found required classes 'org.apache.catalina.startup.Tomcat', 'org.apache.tomcat.websocket.server.WsSci' (OnClassCondition)

   WebSocketServletAutoConfiguration.TomcatWebSocketConfiguration#websocketServletWebServerCustomizer matched:
      - @ConditionalOnMissingBean (names: websocketServletWebServerCustomizer; SearchStrategy: all) did not find any beans (OnBeanCondition)


Negative matches:
-----------------

   ActiveMQAutoConfiguration:
      Did not match:
         - @ConditionalOnClass did not find required class 'jakarta.jms.ConnectionFactory' (OnClassCondition)

   AopAutoConfiguration.AspectJAutoProxyingConfiguration:
      Did not match:
         - @ConditionalOnClass did not find required class 'org.aspectj.weaver.Advice' (OnClassCondition)

   AppOpticsMetricsExportAutoConfiguration:
      Did not match:
         - @ConditionalOnClass did not find required class 'io.micrometer.appoptics.AppOpticsMeterRegistry' (OnClassCondition)

   ArtemisAutoConfiguration:
      Did not match:
         - @ConditionalOnClass did not find required class 'jakarta.jms.ConnectionFactory' (OnClassCondition)

   AtlasMetricsExportAutoConfiguration:
      Did not match:
         - @ConditionalOnClass did not find required class 'io.micrometer.atlas.AtlasMeterRegistry' (OnClassCondition)

   AuditAutoConfiguration:
      Did not match:
         - @ConditionalOnBean (types: org.springframework.boot.actuate.audit.AuditEventRepository; SearchStrategy: all) did not find any beans of type org.springframework.boot.actuate.audit.AuditEventRepository (OnBeanCondition)
      Matched:
         - @ConditionalOnProperty (management.auditevents.enabled) matched (OnPropertyCondition)

   AuditEventsEndpointAutoConfiguration:
      Did not match:
         - @ConditionalOnAvailableEndpoint no 'management.endpoints' property marked it as exposed (OnAvailableEndpointCondition)

   AvailabilityHealthContributorAutoConfiguration#livenessStateHealthIndicator:
      Did not match:
         - @ConditionalOnProperty (management.health.livenessstate.enabled=true) did not find property 'enabled' (OnPropertyCondition)

   AvailabilityHealthContributorAutoConfiguration#readinessStateHealthIndicator:
      Did not match:
         - @ConditionalOnProperty (management.health.readinessstate.enabled=true) did not find property 'enabled' (OnPropertyCondition)

   AvailabilityProbesAutoConfiguration:
      Did not match:
         - Probes availability not running on a supported cloud platform (AvailabilityProbesAutoConfiguration.ProbesCondition)

   BatchAutoConfiguration:
      Did not match:
         - @ConditionalOnClass did not find required class 'org.springframework.batch.core.launch.JobLauncher' (OnClassCondition)

   BatchObservationAutoConfiguration:
      Did not match:
         - @ConditionalOnClass did not find required class 'org.springframework.batch.core.configuration.annotation.BatchObservabilityBeanPostProcessor' (OnClassCondition)

   BeansEndpointAutoConfiguration:
      Did not match:
         - @ConditionalOnAvailableEndpoint no 'management.endpoints' property marked it as exposed (OnAvailableEndpointCondition)

   BraveAutoConfiguration:
      Did not match:
         - @ConditionalOnClass did not find required class 'brave.Tracer' (OnClassCondition)

   Cache2kCacheConfiguration:
      Did not match:
         - @ConditionalOnClass did not find required class 'org.cache2k.Cache2kBuilder' (OnClassCondition)

   CacheAutoConfiguration:
      Did not match:
         - @ConditionalOnBean (types: org.springframework.cache.interceptor.CacheAspectSupport; SearchStrategy: all) did not find any beans of type org.springframework.cache.interceptor.CacheAspectSupport (OnBeanCondition)
      Matched:
         - @ConditionalOnClass found required class 'org.springframework.cache.CacheManager' (OnClassCondition)

   CacheAutoConfiguration.CacheManagerEntityManagerFactoryDependsOnPostProcessor:
      Did not match:
         - @ConditionalOnClass did not find required class 'org.springframework.orm.jpa.LocalContainerEntityManagerFactoryBean' (OnClassCondition)
         - Ancestor org.springframework.boot.autoconfigure.cache.CacheAutoConfiguration did not match (ConditionEvaluationReport.AncestorsMatchedCondition)

   CacheMeterBinderProvidersConfiguration.Cache2kCacheMeterBinderProviderConfiguration:
      Did not match:
         - @ConditionalOnClass did not find required classes 'org.cache2k.Cache2kBuilder', 'org.cache2k.extra.spring.SpringCache2kCache', 'org.cache2k.extra.micrometer.Cache2kCacheMetrics' (OnClassCondition)

   CacheMeterBinderProvidersConfiguration.CaffeineCacheMeterBinderProviderConfiguration:
      Did not match:
         - @ConditionalOnClass did not find required classes 'org.springframework.cache.caffeine.CaffeineCache', 'com.github.benmanes.caffeine.cache.Cache' (OnClassCondition)

   CacheMeterBinderProvidersConfiguration.HazelcastCacheMeterBinderProviderConfiguration:
      Did not match:
         - @ConditionalOnClass did not find required classes 'com.hazelcast.spring.cache.HazelcastCache', 'com.hazelcast.core.Hazelcast' (OnClassCondition)

   CacheMeterBinderProvidersConfiguration.JCacheCacheMeterBinderProviderConfiguration:
      Did not match:
         - @ConditionalOnClass did not find required classes 'org.springframework.cache.jcache.JCacheCache', 'javax.cache.CacheManager' (OnClassCondition)

   CacheMeterBinderProvidersConfiguration.RedisCacheMeterBinderProviderConfiguration:
      Did not match:
         - @ConditionalOnClass did not find required class 'org.springframework.data.redis.cache.RedisCache' (OnClassCondition)

   CacheMetricsAutoConfiguration:
      Did not match:
         - @ConditionalOnBean (types: org.springframework.cache.CacheManager; SearchStrategy: all) did not find any beans of type org.springframework.cache.CacheManager (OnBeanCondition)

   CachesEndpointAutoConfiguration:
      Did not match:
         - @ConditionalOnAvailableEndpoint no 'management.endpoints' property marked it as exposed (OnAvailableEndpointCondition)
      Matched:
         - @ConditionalOnClass found required class 'org.springframework.cache.CacheManager' (OnClassCondition)

   CaffeineCacheConfiguration:
      Did not match:
         - @ConditionalOnClass did not find required class 'com.github.benmanes.caffeine.cache.Caffeine' (OnClassCondition)

   CassandraReactiveDataAutoConfiguration:
      Did not match:
         - @ConditionalOnClass did not find required class 'reactor.core.publisher.Flux' (OnClassCondition)

   CassandraReactiveHealthContributorAutoConfiguration:
      Did not match:
         - @ConditionalOnClass did not find required class 'reactor.core.publisher.Flux' (OnClassCondition)

   CassandraRepositoriesAutoConfiguration:
      Did not match:
         - @ConditionalOnMissingBean (types: org.springframework.data.cassandra.repository.support.CassandraRepositoryFactoryBean; SearchStrategy: all) found beans of type 'org.springframework.data.cassandra.repository.support.CassandraRepositoryFactoryBean' &measuresRepository, &errorsRepository, &plantsRepository, &userRepository, &kpisRepository, &devicesByPlantRepository (OnBeanCondition)
      Matched:
         - @ConditionalOnClass found required classes 'com.datastax.oss.driver.api.core.CqlSession', 'org.springframework.data.cassandra.repository.CassandraRepository' (OnClassCondition)
         - @ConditionalOnRepositoryType configured type of 'AUTO' matched required type (OnRepositoryTypeCondition)

   ClientHttpConnectorAutoConfiguration:
      Did not match:
         - @ConditionalOnClass did not find required class 'org.springframework.web.reactive.function.client.WebClient' (OnClassCondition)

   CloudFoundryActuatorAutoConfiguration:
      Did not match:
         - @ConditionalOnCloudPlatform did not find CLOUD_FOUNDRY (OnCloudPlatformCondition)
      Matched:
         - @ConditionalOnClass found required class 'org.springframework.web.servlet.DispatcherServlet' (OnClassCondition)
         - found 'session' scope (OnWebApplicationCondition)
         - @ConditionalOnProperty (management.cloudfoundry.enabled) matched (OnPropertyCondition)

   CodecsAutoConfiguration:
      Did not match:
         - @ConditionalOnClass did not find required class 'org.springframework.web.reactive.function.client.WebClient' (OnClassCondition)

   CompositeMeterRegistryConfiguration:
      Did not match:
         - NoneNestedConditions 1 matched 1 did not; NestedCondition on CompositeMeterRegistryConfiguration.MultipleNonPrimaryMeterRegistriesCondition.SingleInjectableMeterRegistry @ConditionalOnSingleCandidate (types: io.micrometer.core.instrument.MeterRegistry; SearchStrategy: all) found a single bean 'simpleMeterRegistry'; NestedCondition on CompositeMeterRegistryConfiguration.MultipleNonPrimaryMeterRegistriesCondition.NoMeterRegistryCondition @ConditionalOnMissingBean (types: io.micrometer.core.instrument.MeterRegistry; SearchStrategy: all) found beans of type 'io.micrometer.core.instrument.MeterRegistry' simpleMeterRegistry (CompositeMeterRegistryConfiguration.MultipleNonPrimaryMeterRegistriesCondition)

   ConditionsReportEndpointAutoConfiguration:
      Did not match:
         - @ConditionalOnAvailableEndpoint no 'management.endpoints' property marked it as exposed (OnAvailableEndpointCondition)

   ConfigurationPropertiesReportEndpointAutoConfiguration:
      Did not match:
         - @ConditionalOnAvailableEndpoint no 'management.endpoints' property marked it as exposed (OnAvailableEndpointCondition)

   ConnectionFactoryHealthContributorAutoConfiguration:
      Did not match:
         - @ConditionalOnClass did not find required class 'io.r2dbc.spi.ConnectionFactory' (OnClassCondition)

   ConnectionPoolMetricsAutoConfiguration:
      Did not match:
         - @ConditionalOnClass did not find required class 'io.r2dbc.pool.ConnectionPool' (OnClassCondition)

   CouchbaseAutoConfiguration:
      Did not match:
         - @ConditionalOnClass did not find required class 'com.couchbase.client.java.Cluster' (OnClassCondition)

   CouchbaseCacheConfiguration:
      Did not match:
         - @ConditionalOnClass did not find required class 'com.couchbase.client.java.Cluster' (OnClassCondition)

   CouchbaseDataAutoConfiguration:
      Did not match:
         - @ConditionalOnClass did not find required class 'com.couchbase.client.java.Bucket' (OnClassCondition)

   CouchbaseHealthContributorAutoConfiguration:
      Did not match:
         - @ConditionalOnClass did not find required class 'com.couchbase.client.java.Cluster' (OnClassCondition)

   CouchbaseReactiveDataAutoConfiguration:
      Did not match:
         - @ConditionalOnClass did not find required class 'com.couchbase.client.java.Cluster' (OnClassCondition)

   CouchbaseReactiveHealthContributorAutoConfiguration:
      Did not match:
         - @ConditionalOnClass did not find required class 'com.couchbase.client.java.Cluster' (OnClassCondition)

   CouchbaseReactiveRepositoriesAutoConfiguration:
      Did not match:
         - @ConditionalOnClass did not find required class 'com.couchbase.client.java.Cluster' (OnClassCondition)

   CouchbaseRepositoriesAutoConfiguration:
      Did not match:
         - @ConditionalOnClass did not find required class 'com.couchbase.client.java.Bucket' (OnClassCondition)

   DataSourceAutoConfiguration:
      Did not match:
         - @ConditionalOnClass did not find required class 'org.springframework.jdbc.datasource.embedded.EmbeddedDatabaseType' (OnClassCondition)

   DataSourceHealthContributorAutoConfiguration:
      Did not match:
         - @ConditionalOnClass did not find required class 'org.springframework.jdbc.core.JdbcTemplate' (OnClassCondition)

   DataSourceInitializationConfiguration:
      Did not match:
         - @ConditionalOnClass did not find required class 'org.springframework.jdbc.datasource.init.DatabasePopulator' (OnClassCondition)

   DataSourcePoolMetricsAutoConfiguration:
      Did not match:
         - @ConditionalOnBean (types: javax.sql.DataSource,io.micrometer.core.instrument.MeterRegistry; SearchStrategy: all) did not find any beans of type javax.sql.DataSource (OnBeanCondition)
      Matched:
         - @ConditionalOnClass found required classes 'javax.sql.DataSource', 'io.micrometer.core.instrument.MeterRegistry' (OnClassCondition)

   DataSourcePoolMetricsAutoConfiguration.HikariDataSourceMetricsConfiguration:
      Did not match:
         - @ConditionalOnClass did not find required class 'com.zaxxer.hikari.HikariDataSource' (OnClassCondition)
         - Ancestor org.springframework.boot.actuate.autoconfigure.metrics.jdbc.DataSourcePoolMetricsAutoConfiguration did not match (ConditionEvaluationReport.AncestorsMatchedCondition)

   DataSourceTransactionManagerAutoConfiguration:
      Did not match:
         - @ConditionalOnClass did not find required class 'org.springframework.jdbc.core.JdbcTemplate' (OnClassCondition)

   DatadogMetricsExportAutoConfiguration:
      Did not match:
         - @ConditionalOnClass did not find required class 'io.micrometer.datadog.DatadogMeterRegistry' (OnClassCondition)

   DevToolsDataSourceAutoConfiguration:
      Did not match:
         - Devtools devtools is disabled for current context. (OnEnabledDevToolsCondition)
      Matched:
         - @ConditionalOnClass found required class 'javax.sql.DataSource' (OnClassCondition)

   DevToolsR2dbcAutoConfiguration:
      Did not match:
         - @ConditionalOnClass did not find required class 'io.r2dbc.spi.ConnectionFactory' (OnClassCondition)

   DispatcherServletAutoConfiguration.DispatcherServletConfiguration#multipartResolver:
      Did not match:
         - @ConditionalOnBean (types: org.springframework.web.multipart.MultipartResolver; SearchStrategy: all) did not find any beans of type org.springframework.web.multipart.MultipartResolver (OnBeanCondition)

   DynatraceMetricsExportAutoConfiguration:
      Did not match:
         - @ConditionalOnClass did not find required class 'io.micrometer.dynatrace.DynatraceMeterRegistry' (OnClassCondition)

   ElasticMetricsExportAutoConfiguration:
      Did not match:
         - @ConditionalOnClass did not find required class 'io.micrometer.elastic.ElasticMeterRegistry' (OnClassCondition)

   ElasticsearchClientAutoConfiguration:
      Did not match:
         - @ConditionalOnClass did not find required class 'co.elastic.clients.elasticsearch.ElasticsearchClient' (OnClassCondition)

   ElasticsearchDataAutoConfiguration:
      Did not match:
         - @ConditionalOnClass did not find required class 'org.springframework.data.elasticsearch.client.elc.ElasticsearchTemplate' (OnClassCondition)

   ElasticsearchReactiveHealthContributorAutoConfiguration:
      Did not match:
         - @ConditionalOnClass did not find required class 'reactor.core.publisher.Flux' (OnClassCondition)

   ElasticsearchRepositoriesAutoConfiguration:
      Did not match:
         - @ConditionalOnClass did not find required class 'org.springframework.data.elasticsearch.repository.ElasticsearchRepository' (OnClassCondition)

   ElasticsearchRestClientAutoConfiguration:
      Did not match:
         - @ConditionalOnClass did not find required class 'org.elasticsearch.client.RestClientBuilder' (OnClassCondition)

   ElasticsearchRestHealthContributorAutoConfiguration:
      Did not match:
         - @ConditionalOnClass did not find required class 'org.elasticsearch.client.RestClient' (OnClassCondition)

   EmbeddedLdapAutoConfiguration:
      Did not match:
         - @ConditionalOnClass did not find required class 'com.unboundid.ldap.listener.InMemoryDirectoryServer' (OnClassCondition)

   EmbeddedWebServerFactoryCustomizerAutoConfiguration:
      Did not match:
         - Application is deployed as a WAR file. (OnWarDeploymentCondition)
      Matched:
         - @ConditionalOnWebApplication (required) found 'session' scope (OnWebApplicationCondition)

   EnvironmentEndpointAutoConfiguration:
      Did not match:
         - @ConditionalOnAvailableEndpoint no 'management.endpoints' property marked it as exposed (OnAvailableEndpointCondition)

   ErrorWebFluxAutoConfiguration:
      Did not match:
         - @ConditionalOnClass did not find required class 'org.springframework.web.reactive.config.WebFluxConfigurer' (OnClassCondition)

   FlywayAutoConfiguration:
      Did not match:
         - @ConditionalOnClass did not find required class 'org.flywaydb.core.Flyway' (OnClassCondition)

   FlywayEndpointAutoConfiguration:
      Did not match:
         - @ConditionalOnClass did not find required class 'org.flywaydb.core.Flyway' (OnClassCondition)

   FreeMarkerAutoConfiguration:
      Did not match:
         - @ConditionalOnClass did not find required class 'freemarker.template.Configuration' (OnClassCondition)

   GangliaMetricsExportAutoConfiguration:
      Did not match:
         - @ConditionalOnClass did not find required class 'io.micrometer.ganglia.GangliaMeterRegistry' (OnClassCondition)

   GraphQlAutoConfiguration:
      Did not match:
         - @ConditionalOnClass did not find required class 'graphql.GraphQL' (OnClassCondition)

   GraphQlObservationAutoConfiguration:
      Did not match:
         - @ConditionalOnClass did not find required class 'graphql.GraphQL' (OnClassCondition)

   GraphQlQueryByExampleAutoConfiguration:
      Did not match:
         - @ConditionalOnClass did not find required class 'graphql.GraphQL' (OnClassCondition)

   GraphQlQuerydslAutoConfiguration:
      Did not match:
         - @ConditionalOnClass did not find required class 'com.querydsl.core.Query' (OnClassCondition)

   GraphQlRSocketAutoConfiguration:
      Did not match:
         - @ConditionalOnClass did not find required class 'graphql.GraphQL' (OnClassCondition)

   GraphQlReactiveQueryByExampleAutoConfiguration:
      Did not match:
         - @ConditionalOnClass did not find required class 'graphql.GraphQL' (OnClassCondition)

   GraphQlReactiveQuerydslAutoConfiguration:
      Did not match:
         - @ConditionalOnClass did not find required class 'com.querydsl.core.Query' (OnClassCondition)

   GraphQlWebFluxAutoConfiguration:
      Did not match:
         - @ConditionalOnClass did not find required class 'graphql.GraphQL' (OnClassCondition)

   GraphQlWebFluxSecurityAutoConfiguration:
      Did not match:
         - @ConditionalOnClass did not find required class 'graphql.GraphQL' (OnClassCondition)

   GraphQlWebMvcAutoConfiguration:
      Did not match:
         - @ConditionalOnClass did not find required class 'graphql.GraphQL' (OnClassCondition)

   GraphQlWebMvcSecurityAutoConfiguration:
      Did not match:
         - @ConditionalOnClass did not find required class 'graphql.GraphQL' (OnClassCondition)

   GraphiteMetricsExportAutoConfiguration:
      Did not match:
         - @ConditionalOnClass did not find required class 'io.micrometer.graphite.GraphiteMeterRegistry' (OnClassCondition)

   GroovyTemplateAutoConfiguration:
      Did not match:
         - @ConditionalOnClass did not find required class 'groovy.text.markup.MarkupTemplateEngine' (OnClassCondition)

   GsonAutoConfiguration:
      Did not match:
         - @ConditionalOnClass did not find required class 'com.google.gson.Gson' (OnClassCondition)

   GsonHttpMessageConvertersConfiguration:
      Did not match:
         - @ConditionalOnClass did not find required class 'com.google.gson.Gson' (OnClassCondition)

   H2ConsoleAutoConfiguration:
      Did not match:
         - @ConditionalOnClass did not find required class 'org.h2.server.web.JakartaWebServlet' (OnClassCondition)

   HazelcastAutoConfiguration:
      Did not match:
         - @ConditionalOnClass did not find required class 'com.hazelcast.core.HazelcastInstance' (OnClassCondition)

   HazelcastCacheConfiguration:
      Did not match:
         - @ConditionalOnClass did not find required class 'com.hazelcast.core.HazelcastInstance' (OnClassCondition)

   HazelcastHealthContributorAutoConfiguration:
      Did not match:
         - @ConditionalOnClass did not find required class 'com.hazelcast.core.HazelcastInstance' (OnClassCondition)

   HazelcastJpaDependencyAutoConfiguration:
      Did not match:
         - @ConditionalOnClass did not find required class 'com.hazelcast.core.HazelcastInstance' (OnClassCondition)

   HealthEndpointReactiveWebExtensionConfiguration:
      Did not match:
         - did not find reactive web application classes (OnWebApplicationCondition)

   HealthEndpointWebExtensionConfiguration.JerseyAdditionalHealthEndpointPathsConfiguration:
      Did not match:
         - @ConditionalOnClass did not find required class 'org.glassfish.jersey.server.ResourceConfig' (OnClassCondition)

   HeapDumpWebEndpointAutoConfiguration:
      Did not match:
         - @ConditionalOnAvailableEndpoint no 'management.endpoints' property marked it as exposed (OnAvailableEndpointCondition)

   HibernateJpaAutoConfiguration:
      Did not match:
         - @ConditionalOnClass did not find required class 'jakarta.persistence.EntityManager' (OnClassCondition)

   HibernateMetricsAutoConfiguration:
      Did not match:
         - @ConditionalOnClass did not find required class 'jakarta.persistence.EntityManagerFactory' (OnClassCondition)

   HttpExchangesAutoConfiguration:
      Did not match:
         - @ConditionalOnBean (types: org.springframework.boot.actuate.web.exchanges.HttpExchangeRepository; SearchStrategy: all) did not find any beans of type org.springframework.boot.actuate.web.exchanges.HttpExchangeRepository (OnBeanCondition)
      Matched:
         - @ConditionalOnWebApplication (required) found 'session' scope (OnWebApplicationCondition)
         - @ConditionalOnProperty (management.httpexchanges.recording.enabled) matched (OnPropertyCondition)

   HttpExchangesAutoConfiguration.ReactiveHttpExchangesConfiguration:
      Did not match:
         - did not find reactive web application classes (OnWebApplicationCondition)
         - Ancestor org.springframework.boot.actuate.autoconfigure.web.exchanges.HttpExchangesAutoConfiguration did not match (ConditionEvaluationReport.AncestorsMatchedCondition)

   HttpExchangesAutoConfiguration.ServletHttpExchangesConfiguration:
      Did not match:
         - Ancestor org.springframework.boot.actuate.autoconfigure.web.exchanges.HttpExchangesAutoConfiguration did not match (ConditionEvaluationReport.AncestorsMatchedCondition)
      Matched:
         - found 'session' scope (OnWebApplicationCondition)

   HttpExchangesEndpointAutoConfiguration:
      Did not match:
         - @ConditionalOnAvailableEndpoint no 'management.endpoints' property marked it as exposed (OnAvailableEndpointCondition)

   HttpHandlerAutoConfiguration:
      Did not match:
         - @ConditionalOnClass did not find required class 'org.springframework.web.reactive.DispatcherHandler' (OnClassCondition)

   HumioMetricsExportAutoConfiguration:
      Did not match:
         - @ConditionalOnClass did not find required class 'io.micrometer.humio.HumioMeterRegistry' (OnClassCondition)

   HypermediaAutoConfiguration:
      Did not match:
         - @ConditionalOnClass did not find required class 'org.springframework.hateoas.EntityModel' (OnClassCondition)

   InfinispanCacheConfiguration:
      Did not match:
         - @ConditionalOnClass did not find required class 'org.infinispan.spring.embedded.provider.SpringEmbeddedCacheManager' (OnClassCondition)

   InfluxDbAutoConfiguration:
      Did not match:
         - @ConditionalOnClass did not find required class 'org.influxdb.InfluxDB' (OnClassCondition)

   InfluxDbHealthContributorAutoConfiguration:
      Did not match:
         - @ConditionalOnClass did not find required class 'org.influxdb.InfluxDB' (OnClassCondition)

   InfluxMetricsExportAutoConfiguration:
      Did not match:
         - @ConditionalOnClass did not find required class 'io.micrometer.influx.InfluxMeterRegistry' (OnClassCondition)

   InfoContributorAutoConfiguration#buildInfoContributor:
      Did not match:
         - @ConditionalOnSingleCandidate (types: org.springframework.boot.info.BuildProperties; SearchStrategy: all) did not find any beans (OnBeanCondition)
      Matched:
         - @ConditionalOnEnabledInfoContributor management.info.defaults.enabled is considered true (OnEnabledInfoContributorCondition)

   InfoContributorAutoConfiguration#envInfoContributor:
      Did not match:
         - @ConditionalOnEnabledInfoContributor management.info.env.enabled is not true (OnEnabledInfoContributorCondition)

   InfoContributorAutoConfiguration#gitInfoContributor:
      Did not match:
         - @ConditionalOnSingleCandidate (types: org.springframework.boot.info.GitProperties; SearchStrategy: all) did not find any beans (OnBeanCondition)
      Matched:
         - @ConditionalOnEnabledInfoContributor management.info.defaults.enabled is considered true (OnEnabledInfoContributorCondition)

   InfoContributorAutoConfiguration#javaInfoContributor:
      Did not match:
         - @ConditionalOnEnabledInfoContributor management.info.java.enabled is not true (OnEnabledInfoContributorCondition)

   InfoContributorAutoConfiguration#osInfoContributor:
      Did not match:
         - @ConditionalOnEnabledInfoContributor management.info.os.enabled is not true (OnEnabledInfoContributorCondition)

   InfoContributorAutoConfiguration#processInfoContributor:
      Did not match:
         - @ConditionalOnEnabledInfoContributor management.info.process.enabled is not true (OnEnabledInfoContributorCondition)

   InfoEndpointAutoConfiguration:
      Did not match:
         - @ConditionalOnAvailableEndpoint no 'management.endpoints' property marked it as exposed (OnAvailableEndpointCondition)

   IntegrationAutoConfiguration:
      Did not match:
         - @ConditionalOnClass did not find required class 'org.springframework.integration.config.EnableIntegration' (OnClassCondition)

   IntegrationGraphEndpointAutoConfiguration:
      Did not match:
         - @ConditionalOnClass did not find required class 'org.springframework.integration.graph.IntegrationGraphServer' (OnClassCondition)

   JCacheCacheConfiguration:
      Did not match:
         - @ConditionalOnClass did not find required class 'javax.cache.Caching' (OnClassCondition)

   JacksonHttpMessageConvertersConfiguration.MappingJackson2XmlHttpMessageConverterConfiguration:
      Did not match:
         - @ConditionalOnClass did not find required class 'com.fasterxml.jackson.dataformat.xml.XmlMapper' (OnClassCondition)

   JdbcClientAutoConfiguration:
      Did not match:
         - @ConditionalOnSingleCandidate did not find required type 'org.springframework.jdbc.core.namedparam.NamedParameterJdbcTemplate' (OnBeanCondition)

   JdbcRepositoriesAutoConfiguration:
      Did not match:
         - @ConditionalOnClass did not find required class 'org.springframework.data.jdbc.repository.config.AbstractJdbcConfiguration' (OnClassCondition)

   JdbcTemplateAutoConfiguration:
      Did not match:
         - @ConditionalOnClass did not find required class 'org.springframework.jdbc.core.JdbcTemplate' (OnClassCondition)

   JerseyAutoConfiguration:
      Did not match:
         - @ConditionalOnClass did not find required class 'org.glassfish.jersey.server.spring.SpringComponentProvider' (OnClassCondition)

   JerseySameManagementContextConfiguration:
      Did not match:
         - @ConditionalOnClass did not find required class 'org.glassfish.jersey.server.ResourceConfig' (OnClassCondition)

   JerseyServerMetricsAutoConfiguration:
      Did not match:
         - @ConditionalOnClass did not find required class 'org.glassfish.jersey.micrometer.server.ObservationApplicationEventListener' (OnClassCondition)

   JerseyWebEndpointManagementContextConfiguration:
      Did not match:
         - @ConditionalOnClass did not find required class 'org.glassfish.jersey.server.ResourceConfig' (OnClassCondition)

   JettyMetricsAutoConfiguration:
      Did not match:
         - @ConditionalOnClass did not find required class 'org.eclipse.jetty.server.Server' (OnClassCondition)

   JmsAutoConfiguration:
      Did not match:
         - @ConditionalOnClass did not find required class 'jakarta.jms.Message' (OnClassCondition)

   JmsHealthContributorAutoConfiguration:
      Did not match:
         - @ConditionalOnClass did not find required class 'jakarta.jms.ConnectionFactory' (OnClassCondition)

   JmxAutoConfiguration:
      Did not match:
         - @ConditionalOnProperty (spring.jmx.enabled=true) found different value in property 'enabled' (OnPropertyCondition)
      Matched:
         - @ConditionalOnClass found required class 'org.springframework.jmx.export.MBeanExporter' (OnClassCondition)

   JmxEndpointAutoConfiguration:
      Did not match:
         - @ConditionalOnProperty (spring.jmx.enabled=true) found different value in property 'enabled' (OnPropertyCondition)

   JmxMetricsExportAutoConfiguration:
      Did not match:
         - @ConditionalOnClass did not find required class 'io.micrometer.jmx.JmxMeterRegistry' (OnClassCondition)

   JndiConnectionFactoryAutoConfiguration:
      Did not match:
         - @ConditionalOnClass did not find required class 'org.springframework.jms.core.JmsTemplate' (OnClassCondition)

   JndiDataSourceAutoConfiguration:
      Did not match:
         - @ConditionalOnClass did not find required class 'org.springframework.jdbc.datasource.embedded.EmbeddedDatabaseType' (OnClassCondition)

   JooqAutoConfiguration:
      Did not match:
         - @ConditionalOnClass did not find required class 'org.jooq.DSLContext' (OnClassCondition)

   JpaRepositoriesAutoConfiguration:
      Did not match:
         - @ConditionalOnClass did not find required class 'org.springframework.data.jpa.repository.JpaRepository' (OnClassCondition)

   JsonbAutoConfiguration:
      Did not match:
         - @ConditionalOnClass did not find required class 'jakarta.json.bind.Jsonb' (OnClassCondition)

   JsonbHttpMessageConvertersConfiguration:
      Did not match:
         - @ConditionalOnClass did not find required class 'jakarta.json.bind.Jsonb' (OnClassCondition)

   JtaAutoConfiguration:
      Did not match:
         - @ConditionalOnClass did not find required class 'jakarta.transaction.Transaction' (OnClassCondition)

   KafkaAutoConfiguration:
      Did not match:
         - @ConditionalOnClass did not find required class 'org.springframework.kafka.core.KafkaTemplate' (OnClassCondition)

   KafkaMetricsAutoConfiguration:
      Did not match:
         - @ConditionalOnClass did not find required class 'org.springframework.kafka.core.ProducerFactory' (OnClassCondition)

   KairosMetricsExportAutoConfiguration:
      Did not match:
         - @ConditionalOnClass did not find required class 'io.micrometer.kairos.KairosMeterRegistry' (OnClassCondition)

   LdapAutoConfiguration:
      Did not match:
         - @ConditionalOnClass did not find required class 'org.springframework.ldap.core.ContextSource' (OnClassCondition)

   LdapHealthContributorAutoConfiguration:
      Did not match:
         - @ConditionalOnClass did not find required class 'org.springframework.ldap.core.LdapOperations' (OnClassCondition)

   LdapRepositoriesAutoConfiguration:
      Did not match:
         - @ConditionalOnClass did not find required class 'org.springframework.data.ldap.repository.LdapRepository' (OnClassCondition)

   LettuceMetricsAutoConfiguration:
      Did not match:
         - @ConditionalOnClass did not find required class 'io.lettuce.core.metrics.MicrometerCommandLatencyRecorder' (OnClassCondition)

   LiquibaseAutoConfiguration:
      Did not match:
         - @ConditionalOnClass did not find required class 'liquibase.change.DatabaseChange' (OnClassCondition)

   LiquibaseEndpointAutoConfiguration:
      Did not match:
         - @ConditionalOnClass did not find required class 'liquibase.integration.spring.SpringLiquibase' (OnClassCondition)

   LocalDevToolsAutoConfiguration:
      Did not match:
         - Initialized Restarter Condition initialized without URLs (OnInitializedRestarterCondition)

   Log4J2MetricsAutoConfiguration:
      Did not match:
         - @ConditionalOnClass did not find required class 'org.apache.logging.log4j.core.LoggerContext' (OnClassCondition)

   LogFileWebEndpointAutoConfiguration:
      Did not match:
         - @ConditionalOnAvailableEndpoint no 'management.endpoints' property marked it as exposed (OnAvailableEndpointCondition)

   LoggersEndpointAutoConfiguration:
      Did not match:
         - @ConditionalOnAvailableEndpoint no 'management.endpoints' property marked it as exposed (OnAvailableEndpointCondition)

   MailHealthContributorAutoConfiguration:
      Did not match:
         - @ConditionalOnClass did not find required class 'org.springframework.mail.javamail.JavaMailSenderImpl' (OnClassCondition)

   MailSenderAutoConfiguration:
      Did not match:
         - @ConditionalOnClass did not find required class 'jakarta.mail.internet.MimeMessage' (OnClassCondition)

   MailSenderValidatorAutoConfiguration:
      Did not match:
         - @ConditionalOnSingleCandidate did not find required type 'org.springframework.mail.javamail.JavaMailSenderImpl' (OnBeanCondition)

   ManagementContextAutoConfiguration.DifferentManagementContextConfiguration:
      Did not match:
         - Management Port actual port type (SAME) did not match required type (DIFFERENT) (OnManagementPortCondition)

   ManagementWebSecurityAutoConfiguration:
      Did not match:
         - AllNestedConditions 1 matched 1 did not; NestedCondition on DefaultWebSecurityCondition.Beans @ConditionalOnMissingBean (types: org.springframework.security.web.SecurityFilterChain; SearchStrategy: all) found beans of type 'org.springframework.security.web.SecurityFilterChain' filterChain; NestedCondition on DefaultWebSecurityCondition.Classes @ConditionalOnClass found required classes 'org.springframework.security.web.SecurityFilterChain', 'org.springframework.security.config.annotation.web.builders.HttpSecurity' (DefaultWebSecurityCondition)
      Matched:
         - found 'session' scope (OnWebApplicationCondition)

   MappingsEndpointAutoConfiguration:
      Did not match:
         - @ConditionalOnAvailableEndpoint no 'management.endpoints' property marked it as exposed (OnAvailableEndpointCondition)

   MessageSourceAutoConfiguration:
      Did not match:
         - ResourceBundle did not find bundle with basename messages (MessageSourceAutoConfiguration.ResourceBundleCondition)

   MetricsAspectsAutoConfiguration:
      Did not match:
         - @ConditionalOnClass did not find required class 'org.aspectj.weaver.Advice' (OnClassCondition)

   MetricsEndpointAutoConfiguration:
      Did not match:
         - @ConditionalOnAvailableEndpoint no 'management.endpoints' property marked it as exposed (OnAvailableEndpointCondition)
      Matched:
         - @ConditionalOnClass found required class 'io.micrometer.core.annotation.Timed' (OnClassCondition)

   MicrometerTracingAutoConfiguration:
      Did not match:
         - @ConditionalOnClass did not find required class 'io.micrometer.tracing.Tracer' (OnClassCondition)

   MongoAutoConfiguration:
      Did not match:
         - @ConditionalOnClass did not find required class 'com.mongodb.client.MongoClient' (OnClassCondition)

   MongoDataAutoConfiguration:
      Did not match:
         - @ConditionalOnClass did not find required class 'com.mongodb.client.MongoClient' (OnClassCondition)

   MongoHealthContributorAutoConfiguration:
      Did not match:
         - @ConditionalOnClass did not find required class 'org.springframework.data.mongodb.core.MongoTemplate' (OnClassCondition)

   MongoMetricsAutoConfiguration:
      Did not match:
         - @ConditionalOnClass did not find required class 'com.mongodb.MongoClientSettings' (OnClassCondition)

   MongoReactiveAutoConfiguration:
      Did not match:
         - @ConditionalOnClass did not find required class 'com.mongodb.reactivestreams.client.MongoClient' (OnClassCondition)

   MongoReactiveDataAutoConfiguration:
      Did not match:
         - @ConditionalOnClass did not find required class 'com.mongodb.reactivestreams.client.MongoClient' (OnClassCondition)

   MongoReactiveHealthContributorAutoConfiguration:
      Did not match:
         - @ConditionalOnClass did not find required class 'reactor.core.publisher.Flux' (OnClassCondition)

   MongoReactiveRepositoriesAutoConfiguration:
      Did not match:
         - @ConditionalOnClass did not find required class 'com.mongodb.reactivestreams.client.MongoClient' (OnClassCondition)

   MongoRepositoriesAutoConfiguration:
      Did not match:
         - @ConditionalOnClass did not find required class 'com.mongodb.client.MongoClient' (OnClassCondition)

   MustacheAutoConfiguration:
      Did not match:
         - @ConditionalOnClass did not find required class 'com.samskivert.mustache.Mustache' (OnClassCondition)

   Neo4jAutoConfiguration:
      Did not match:
         - @ConditionalOnClass did not find required class 'org.neo4j.driver.Driver' (OnClassCondition)

   Neo4jDataAutoConfiguration:
      Did not match:
         - @ConditionalOnClass did not find required class 'org.neo4j.driver.Driver' (OnClassCondition)

   Neo4jHealthContributorAutoConfiguration:
      Did not match:
         - @ConditionalOnClass did not find required class 'org.neo4j.driver.Driver' (OnClassCondition)

   Neo4jReactiveDataAutoConfiguration:
      Did not match:
         - @ConditionalOnClass did not find required class 'org.neo4j.driver.Driver' (OnClassCondition)

   Neo4jReactiveRepositoriesAutoConfiguration:
      Did not match:
         - @ConditionalOnClass did not find required class 'org.neo4j.driver.Driver' (OnClassCondition)

   Neo4jRepositoriesAutoConfiguration:
      Did not match:
         - @ConditionalOnClass did not find required class 'org.neo4j.driver.Driver' (OnClassCondition)

   NewRelicMetricsExportAutoConfiguration:
      Did not match:
         - @ConditionalOnClass did not find required class 'io.micrometer.newrelic.NewRelicMeterRegistry' (OnClassCondition)

   NoOpMeterRegistryConfiguration:
      Did not match:
         - @ConditionalOnMissingBean (types: io.micrometer.core.instrument.MeterRegistry; SearchStrategy: all) found beans of type 'io.micrometer.core.instrument.MeterRegistry' simpleMeterRegistry (OnBeanCondition)

   NoopTracerAutoConfiguration:
      Did not match:
         - @ConditionalOnClass did not find required class 'io.micrometer.tracing.Tracer' (OnClassCondition)

   OAuth2AuthorizationServerAutoConfiguration:
      Did not match:
         - @ConditionalOnClass did not find required class 'org.springframework.security.oauth2.server.authorization.OAuth2Authorization' (OnClassCondition)

   OAuth2AuthorizationServerJwtAutoConfiguration:
      Did not match:
         - @ConditionalOnClass did not find required class 'org.springframework.security.oauth2.server.authorization.OAuth2Authorization' (OnClassCondition)

   OAuth2ClientAutoConfiguration:
      Did not match:
         - @ConditionalOnClass did not find required class 'org.springframework.security.oauth2.client.registration.ClientRegistration' (OnClassCondition)

   OAuth2ResourceServerAutoConfiguration:
      Did not match:
         - @ConditionalOnClass did not find required class 'org.springframework.security.oauth2.server.resource.authentication.BearerTokenAuthenticationToken' (OnClassCondition)

   ObservationAutoConfiguration.MeterObservationHandlerConfiguration.TracingAndMetricsObservationHandlerConfiguration:
      Did not match:
         - @ConditionalOnBean did not find required type 'io.micrometer.tracing.Tracer' (OnBeanCondition)
         - @ConditionalOnBean (types: io.micrometer.tracing.Tracer; SearchStrategy: all) did not find any beans of type io.micrometer.tracing.Tracer (OnBeanCondition)

   ObservationAutoConfiguration.MetricsWithTracingConfiguration:
      Did not match:
         - @ConditionalOnClass did not find required class 'io.micrometer.tracing.Tracer' (OnClassCondition)

   ObservationAutoConfiguration.ObservedAspectConfiguration:
      Did not match:
         - @ConditionalOnClass did not find required class 'org.aspectj.weaver.Advice' (OnClassCondition)

   ObservationAutoConfiguration.OnlyTracingConfiguration:
      Did not match:
         - @ConditionalOnClass did not find required class 'io.micrometer.tracing.Tracer' (OnClassCondition)

   org.springframework.boot.actuate.autoconfigure.opentelemetry.OpenTelemetryAutoConfiguration:
      Did not match:
         - @ConditionalOnClass did not find required class 'io.opentelemetry.sdk.OpenTelemetrySdk' (OnClassCondition)

   org.springframework.boot.actuate.autoconfigure.tracing.OpenTelemetryAutoConfiguration:
      Did not match:
         - @ConditionalOnClass did not find required class 'io.micrometer.tracing.otel.bridge.OtelTracer' (OnClassCondition)

   OtlpAutoConfiguration:
      Did not match:
         - @ConditionalOnClass did not find required class 'io.micrometer.tracing.otel.bridge.OtelTracer' (OnClassCondition)

   OtlpMetricsExportAutoConfiguration:
      Did not match:
         - @ConditionalOnClass did not find required class 'io.micrometer.registry.otlp.OtlpMeterRegistry' (OnClassCondition)

   ProjectInfoAutoConfiguration#buildProperties:
      Did not match:
         - @ConditionalOnResource did not find resource '${spring.info.build.location:classpath:META-INF/build-info.properties}' (OnResourceCondition)

   ProjectInfoAutoConfiguration#gitProperties:
      Did not match:
         - GitResource did not find git info at classpath:git.properties (ProjectInfoAutoConfiguration.GitResourceAvailableCondition)

   PrometheusExemplarsAutoConfiguration:
      Did not match:
         - @ConditionalOnClass did not find required class 'io.micrometer.tracing.Tracer' (OnClassCondition)

   PrometheusMetricsExportAutoConfiguration:
      Did not match:
         - @ConditionalOnClass did not find required class 'io.micrometer.prometheusmetrics.PrometheusMeterRegistry' (OnClassCondition)

   PrometheusSimpleclientExemplarsAutoConfiguration:
      Did not match:
         - @ConditionalOnClass did not find required class 'io.micrometer.tracing.Tracer' (OnClassCondition)

   PrometheusSimpleclientMetricsExportAutoConfiguration:
      Did not match:
         - @ConditionalOnClass did not find required class 'io.micrometer.prometheus.PrometheusMeterRegistry' (OnClassCondition)

   PulsarAutoConfiguration:
      Did not match:
         - @ConditionalOnClass did not find required class 'org.apache.pulsar.client.api.PulsarClient' (OnClassCondition)

   PulsarReactiveAutoConfiguration:
      Did not match:
         - @ConditionalOnClass did not find required class 'org.apache.pulsar.client.api.PulsarClient' (OnClassCondition)

   QuartzAutoConfiguration:
      Did not match:
         - @ConditionalOnClass did not find required class 'org.quartz.Scheduler' (OnClassCondition)

   QuartzEndpointAutoConfiguration:
      Did not match:
         - @ConditionalOnClass did not find required class 'org.quartz.Scheduler' (OnClassCondition)

   R2dbcAutoConfiguration:
      Did not match:
         - @ConditionalOnClass did not find required class 'io.r2dbc.spi.ConnectionFactory' (OnClassCondition)

   R2dbcDataAutoConfiguration:
      Did not match:
         - @ConditionalOnClass did not find required class 'org.springframework.data.r2dbc.core.R2dbcEntityTemplate' (OnClassCondition)

   R2dbcInitializationConfiguration:
      Did not match:
         - @ConditionalOnClass did not find required classes 'io.r2dbc.spi.ConnectionFactory', 'org.springframework.r2dbc.connection.init.DatabasePopulator' (OnClassCondition)

   R2dbcObservationAutoConfiguration:
      Did not match:
         - @ConditionalOnClass did not find required class 'io.r2dbc.proxy.ProxyConnectionFactory' (OnClassCondition)

   R2dbcRepositoriesAutoConfiguration:
      Did not match:
         - @ConditionalOnClass did not find required class 'io.r2dbc.spi.ConnectionFactory' (OnClassCondition)

   R2dbcTransactionManagerAutoConfiguration:
      Did not match:
         - @ConditionalOnClass did not find required class 'org.springframework.r2dbc.connection.R2dbcTransactionManager' (OnClassCondition)

   RSocketGraphQlClientAutoConfiguration:
      Did not match:
         - @ConditionalOnClass did not find required class 'graphql.GraphQL' (OnClassCondition)

   RSocketMessagingAutoConfiguration:
      Did not match:
         - @ConditionalOnClass did not find required class 'io.rsocket.RSocket' (OnClassCondition)

   RSocketRequesterAutoConfiguration:
      Did not match:
         - @ConditionalOnClass did not find required class 'io.rsocket.RSocket' (OnClassCondition)

   RSocketSecurityAutoConfiguration:
      Did not match:
         - @ConditionalOnClass did not find required class 'org.springframework.security.rsocket.core.SecuritySocketAcceptorInterceptor' (OnClassCondition)

   RSocketServerAutoConfiguration:
      Did not match:
         - @ConditionalOnClass did not find required class 'io.rsocket.core.RSocketServer' (OnClassCondition)

   RSocketStrategiesAutoConfiguration:
      Did not match:
         - @ConditionalOnClass did not find required class 'io.rsocket.RSocket' (OnClassCondition)

   RabbitAutoConfiguration:
      Did not match:
         - @ConditionalOnClass did not find required class 'com.rabbitmq.client.Channel' (OnClassCondition)

   RabbitHealthContributorAutoConfiguration:
      Did not match:
         - @ConditionalOnClass did not find required class 'org.springframework.amqp.rabbit.core.RabbitTemplate' (OnClassCondition)

   RabbitMetricsAutoConfiguration:
      Did not match:
         - @ConditionalOnClass did not find required class 'com.rabbitmq.client.ConnectionFactory' (OnClassCondition)

   ReactiveCloudFoundryActuatorAutoConfiguration:
      Did not match:
         - @ConditionalOnWebApplication did not find reactive web application classes (OnWebApplicationCondition)

   ReactiveElasticsearchClientAutoConfiguration:
      Did not match:
         - @ConditionalOnClass did not find required class 'co.elastic.clients.transport.ElasticsearchTransport' (OnClassCondition)

   ReactiveElasticsearchRepositoriesAutoConfiguration:
      Did not match:
         - @ConditionalOnClass did not find required class 'org.springframework.data.elasticsearch.client.elc.ReactiveElasticsearchClient' (OnClassCondition)

   ReactiveHealthEndpointConfiguration:
      Did not match:
         - @ConditionalOnClass did not find required class 'reactor.core.publisher.Flux' (OnClassCondition)

   ReactiveManagementContextAutoConfiguration:
      Did not match:
         - @ConditionalOnClass did not find required class 'reactor.core.publisher.Flux' (OnClassCondition)

   ReactiveManagementWebSecurityAutoConfiguration:
      Did not match:
         - @ConditionalOnWebApplication did not find reactive web application classes (OnWebApplicationCondition)

   ReactiveMultipartAutoConfiguration:
      Did not match:
         - @ConditionalOnClass did not find required class 'org.springframework.web.reactive.config.WebFluxConfigurer' (OnClassCondition)

   ReactiveOAuth2ClientAutoConfiguration:
      Did not match:
         - @ConditionalOnClass did not find required class 'reactor.core.publisher.Flux' (OnClassCondition)

   ReactiveOAuth2ResourceServerAutoConfiguration:
      Did not match:
         - @ConditionalOnWebApplication did not find reactive web application classes (OnWebApplicationCondition)

   ReactiveSecurityAutoConfiguration:
      Did not match:
         - @ConditionalOnClass did not find required class 'reactor.core.publisher.Flux' (OnClassCondition)

   ReactiveUserDetailsServiceAutoConfiguration:
      Did not match:
         - AnyNestedCondition 0 matched 2 did not; NestedCondition on ReactiveUserDetailsServiceAutoConfiguration.RSocketEnabledOrReactiveWebApplication.ReactiveWebApplicationCondition did not find reactive web application classes; NestedCondition on ReactiveUserDetailsServiceAutoConfiguration.RSocketEnabledOrReactiveWebApplication.RSocketSecurityEnabledCondition @ConditionalOnBean (types: org.springframework.messaging.rsocket.annotation.support.RSocketMessageHandler; SearchStrategy: all) did not find any beans of type org.springframework.messaging.rsocket.annotation.support.RSocketMessageHandler (ReactiveUserDetailsServiceAutoConfiguration.RSocketEnabledOrReactiveWebApplication)
      Matched:
         - @ConditionalOnClass found required class 'org.springframework.security.authentication.ReactiveAuthenticationManager' (OnClassCondition)
         - AnyNestedCondition 1 matched 2 did not; NestedCondition on ReactiveUserDetailsServiceAutoConfiguration.MissingAlternativeOrUserPropertiesConfigured.PasswordConfigured @ConditionalOnProperty (spring.security.user.password) did not find property 'password'; NestedCondition on ReactiveUserDetailsServiceAutoConfiguration.MissingAlternativeOrUserPropertiesConfigured.NameConfigured @ConditionalOnProperty (spring.security.user.name) did not find property 'name'; NestedCondition on ReactiveUserDetailsServiceAutoConfiguration.MissingAlternativeOrUserPropertiesConfigured.MissingAlternative @ConditionalOnMissingClass did not find unwanted classes 'org.springframework.security.oauth2.client.registration.ClientRegistrationRepository', 'org.springframework.security.oauth2.server.resource.introspection.ReactiveOpaqueTokenIntrospector' (ReactiveUserDetailsServiceAutoConfiguration.MissingAlternativeOrUserPropertiesConfigured)

   ReactiveWebServerFactoryAutoConfiguration:
      Did not match:
         - @ConditionalOnWebApplication did not find reactive web application classes (OnWebApplicationCondition)

   ReactorAutoConfiguration:
      Did not match:
         - @ConditionalOnClass did not find required class 'reactor.core.publisher.Hooks' (OnClassCondition)

   RedisAutoConfiguration:
      Did not match:
         - @ConditionalOnClass did not find required class 'org.springframework.data.redis.core.RedisOperations' (OnClassCondition)

   RedisCacheConfiguration:
      Did not match:
         - @ConditionalOnClass did not find required class 'org.springframework.data.redis.connection.RedisConnectionFactory' (OnClassCondition)

   RedisHealthContributorAutoConfiguration:
      Did not match:
         - @ConditionalOnClass did not find required class 'org.springframework.data.redis.connection.RedisConnectionFactory' (OnClassCondition)

   RedisReactiveAutoConfiguration:
      Did not match:
         - @ConditionalOnClass did not find required class 'reactor.core.publisher.Flux' (OnClassCondition)

   RedisReactiveHealthContributorAutoConfiguration:
      Did not match:
         - @ConditionalOnClass did not find required class 'reactor.core.publisher.Flux' (OnClassCondition)

   RedisRepositoriesAutoConfiguration:
      Did not match:
         - @ConditionalOnClass did not find required class 'org.springframework.data.redis.repository.configuration.EnableRedisRepositories' (OnClassCondition)

   RemoteDevToolsAutoConfiguration:
      Did not match:
         - @ConditionalOnProperty (spring.devtools.remote.secret) did not find property 'secret' (OnPropertyCondition)
      Matched:
         - @ConditionalOnClass found required classes 'jakarta.servlet.Filter', 'org.springframework.http.server.ServerHttpRequest' (OnClassCondition)

   RepositoryRestMvcAutoConfiguration:
      Did not match:
         - @ConditionalOnClass did not find required class 'org.springframework.data.rest.webmvc.config.RepositoryRestMvcConfiguration' (OnClassCondition)

   Saml2RelyingPartyAutoConfiguration:
      Did not match:
         - @ConditionalOnClass did not find required class 'org.springframework.security.saml2.provider.service.registration.RelyingPartyRegistrationRepository' (OnClassCondition)

   SbomEndpointAutoConfiguration:
      Did not match:
         - @ConditionalOnAvailableEndpoint no 'management.endpoints' property marked it as exposed (OnAvailableEndpointCondition)

   ScheduledTasksEndpointAutoConfiguration:
      Did not match:
         - @ConditionalOnAvailableEndpoint no 'management.endpoints' property marked it as exposed (OnAvailableEndpointCondition)

   SecurityDataConfiguration:
      Did not match:
         - @ConditionalOnClass did not find required class 'org.springframework.security.data.repository.query.SecurityEvaluationContextExtension' (OnClassCondition)

   SecurityRequestMatchersManagementContextConfiguration.JerseyRequestMatcherConfiguration:
      Did not match:
         - @ConditionalOnClass did not find required class 'org.glassfish.jersey.server.ResourceConfig' (OnClassCondition)

   SendGridAutoConfiguration:
      Did not match:
         - @ConditionalOnClass did not find required class 'com.sendgrid.SendGrid' (OnClassCondition)

   ServletEndpointManagementContextConfiguration.JerseyServletEndpointManagementContextConfiguration:
      Did not match:
         - @ConditionalOnClass did not find required class 'org.glassfish.jersey.server.ResourceConfig' (OnClassCondition)

   ServletManagementContextAutoConfiguration.ApplicationContextFilterConfiguration:
      Did not match:
         - @ConditionalOnProperty (management.server.add-application-context-header=true) did not find property 'add-application-context-header' (OnPropertyCondition)

   ServletWebServerFactoryAutoConfiguration.ForwardedHeaderFilterConfiguration:
      Did not match:
         - @ConditionalOnProperty (server.forward-headers-strategy=framework) did not find property 'server.forward-headers-strategy' (OnPropertyCondition)

   ServletWebServerFactoryConfiguration.EmbeddedJetty:
      Did not match:
         - @ConditionalOnClass did not find required classes 'org.eclipse.jetty.server.Server', 'org.eclipse.jetty.util.Loader', 'org.eclipse.jetty.ee10.webapp.WebAppContext' (OnClassCondition)

   ServletWebServerFactoryConfiguration.EmbeddedUndertow:
      Did not match:
         - @ConditionalOnClass did not find required classes 'io.undertow.Undertow', 'org.xnio.SslClientAuthMode' (OnClassCondition)

   SessionAutoConfiguration:
      Did not match:
         - @ConditionalOnClass did not find required class 'org.springframework.session.Session' (OnClassCondition)

   SessionsEndpointAutoConfiguration:
      Did not match:
         - @ConditionalOnClass did not find required class 'org.springframework.session.Session' (OnClassCondition)

   ShutdownEndpointAutoConfiguration:
      Did not match:
         - @ConditionalOnAvailableEndpoint no property management.endpoint.shutdown.enabled found so using endpoint default of false (OnAvailableEndpointCondition)

   SignalFxMetricsExportAutoConfiguration:
      Did not match:
         - @ConditionalOnClass did not find required class 'io.micrometer.signalfx.SignalFxMeterRegistry' (OnClassCondition)

   SpringApplicationAdminJmxAutoConfiguration:
      Did not match:
         - @ConditionalOnProperty (spring.application.admin.enabled=true) did not find property 'enabled' (OnPropertyCondition)

   SpringBootWebSecurityConfiguration.SecurityFilterChainConfiguration:
      Did not match:
         - AllNestedConditions 1 matched 1 did not; NestedCondition on DefaultWebSecurityCondition.Beans @ConditionalOnMissingBean (types: org.springframework.security.web.SecurityFilterChain; SearchStrategy: all) found beans of type 'org.springframework.security.web.SecurityFilterChain' filterChain; NestedCondition on DefaultWebSecurityCondition.Classes @ConditionalOnClass found required classes 'org.springframework.security.web.SecurityFilterChain', 'org.springframework.security.config.annotation.web.builders.HttpSecurity' (DefaultWebSecurityCondition)

   SpringBootWebSecurityConfiguration.WebSecurityEnablerConfiguration:
      Did not match:
         - @ConditionalOnMissingBean (names: springSecurityFilterChain; SearchStrategy: all) found beans named springSecurityFilterChain (OnBeanCondition)
      Matched:
         - @ConditionalOnClass found required class 'org.springframework.security.config.annotation.web.configuration.EnableWebSecurity' (OnClassCondition)

   StackdriverMetricsExportAutoConfiguration:
      Did not match:
         - @ConditionalOnClass did not find required class 'io.micrometer.stackdriver.StackdriverMeterRegistry' (OnClassCondition)

   StartupEndpointAutoConfiguration:
      Did not match:
         - ApplicationStartup configured applicationStartup is of type class org.springframework.core.metrics.DefaultApplicationStartup, expected BufferingApplicationStartup. (StartupEndpointAutoConfiguration.ApplicationStartupCondition)

   StatsdMetricsExportAutoConfiguration:
      Did not match:
         - @ConditionalOnClass did not find required class 'io.micrometer.statsd.StatsdMeterRegistry' (OnClassCondition)

   TaskExecutorConfigurations.SimpleAsyncTaskExecutorBuilderConfiguration#simpleAsyncTaskExecutorBuilderVirtualThreads:
      Did not match:
         - @ConditionalOnMissingBean (types: org.springframework.boot.task.SimpleAsyncTaskExecutorBuilder; SearchStrategy: all) found beans of type 'org.springframework.boot.task.SimpleAsyncTaskExecutorBuilder' simpleAsyncTaskExecutorBuilder (OnBeanCondition)

   TaskExecutorConfigurations.TaskExecutorConfiguration#applicationTaskExecutorVirtualThreads:
      Did not match:
         - @ConditionalOnThreading did not find VIRTUAL (OnThreadingCondition)

   TaskSchedulingAutoConfiguration#scheduledBeanLazyInitializationExcludeFilter:
      Did not match:
         - @ConditionalOnBean (names: org.springframework.context.annotation.internalScheduledAnnotationProcessor; SearchStrategy: all) did not find any beans named org.springframework.context.annotation.internalScheduledAnnotationProcessor (OnBeanCondition)

   TaskSchedulingConfigurations.SimpleAsyncTaskSchedulerBuilderConfiguration#simpleAsyncTaskSchedulerBuilderVirtualThreads:
      Did not match:
         - @ConditionalOnMissingBean (types: org.springframework.boot.task.SimpleAsyncTaskSchedulerBuilder; SearchStrategy: all) found beans of type 'org.springframework.boot.task.SimpleAsyncTaskSchedulerBuilder' simpleAsyncTaskSchedulerBuilder (OnBeanCondition)

   TaskSchedulingConfigurations.TaskSchedulerConfiguration:
      Did not match:
         - @ConditionalOnBean (names: org.springframework.context.annotation.internalScheduledAnnotationProcessor; SearchStrategy: all) did not find any beans named org.springframework.context.annotation.internalScheduledAnnotationProcessor (OnBeanCondition)

   ThreadDumpEndpointAutoConfiguration:
      Did not match:
         - @ConditionalOnAvailableEndpoint no 'management.endpoints' property marked it as exposed (OnAvailableEndpointCondition)

   ThymeleafAutoConfiguration:
      Did not match:
         - @ConditionalOnClass did not find required class 'org.thymeleaf.spring6.SpringTemplateEngine' (OnClassCondition)

   TransactionAutoConfiguration#transactionalOperator:
      Did not match:
         - @ConditionalOnSingleCandidate (types: org.springframework.transaction.ReactiveTransactionManager; SearchStrategy: all) did not find any beans (OnBeanCondition)

   TransactionAutoConfiguration.AspectJTransactionManagementConfiguration:
      Did not match:
         - @ConditionalOnBean did not find required type 'org.springframework.transaction.aspectj.AbstractTransactionAspect' (OnBeanCondition)
         - @ConditionalOnBean (types: org.springframework.transaction.aspectj.AbstractTransactionAspect; SearchStrategy: all) did not find any beans of type org.springframework.transaction.aspectj.AbstractTransactionAspect (OnBeanCondition)

   TransactionAutoConfiguration.EnableTransactionManagementConfiguration:
      Did not match:
         - @ConditionalOnBean (types: org.springframework.transaction.TransactionManager; SearchStrategy: all) did not find any beans of type org.springframework.transaction.TransactionManager (OnBeanCondition)

   TransactionAutoConfiguration.EnableTransactionManagementConfiguration.CglibAutoProxyConfiguration:
      Did not match:
         - Ancestor org.springframework.boot.autoconfigure.transaction.TransactionAutoConfiguration$EnableTransactionManagementConfiguration did not match (ConditionEvaluationReport.AncestorsMatchedCondition)
      Matched:
         - @ConditionalOnProperty (spring.aop.proxy-target-class=true) matched (OnPropertyCondition)

   TransactionAutoConfiguration.EnableTransactionManagementConfiguration.JdkDynamicAutoProxyConfiguration:
      Did not match:
         - @ConditionalOnProperty (spring.aop.proxy-target-class=false) did not find property 'proxy-target-class' (OnPropertyCondition)
         - Ancestor org.springframework.boot.autoconfigure.transaction.TransactionAutoConfiguration$EnableTransactionManagementConfiguration did not match (ConditionEvaluationReport.AncestorsMatchedCondition)

   TransactionAutoConfiguration.TransactionTemplateConfiguration:
      Did not match:
         - @ConditionalOnSingleCandidate (types: org.springframework.transaction.PlatformTransactionManager; SearchStrategy: all) did not find any beans (OnBeanCondition)

   UserDetailsServiceAutoConfiguration:
      Did not match:
         - @ConditionalOnMissingBean (types: org.springframework.security.authentication.AuthenticationManager,org.springframework.security.authentication.AuthenticationProvider,org.springframework.security.core.userdetails.UserDetailsService,org.springframework.security.authentication.AuthenticationManagerResolver,org.springframework.security.oauth2.jwt.JwtDecoder; SearchStrategy: all) found beans of type 'org.springframework.security.authentication.AuthenticationManager' authenticationManager and found beans of type 'org.springframework.security.core.userdetails.UserDetailsService' userDetailsServiceImpl (OnBeanCondition)
      Matched:
         - @ConditionalOnClass found required class 'org.springframework.security.authentication.AuthenticationManager' (OnClassCondition)
         - AnyNestedCondition 1 matched 2 did not; NestedCondition on UserDetailsServiceAutoConfiguration.MissingAlternativeOrUserPropertiesConfigured.PasswordConfigured @ConditionalOnProperty (spring.security.user.password) did not find property 'password'; NestedCondition on UserDetailsServiceAutoConfiguration.MissingAlternativeOrUserPropertiesConfigured.NameConfigured @ConditionalOnProperty (spring.security.user.name) did not find property 'name'; NestedCondition on UserDetailsServiceAutoConfiguration.MissingAlternativeOrUserPropertiesConfigured.MissingAlternative @ConditionalOnMissingClass did not find unwanted classes 'org.springframework.security.oauth2.client.registration.ClientRegistrationRepository', 'org.springframework.security.oauth2.server.resource.introspection.OpaqueTokenIntrospector', 'org.springframework.security.saml2.provider.service.registration.RelyingPartyRegistrationRepository' (UserDetailsServiceAutoConfiguration.MissingAlternativeOrUserPropertiesConfigured)

   WavefrontAutoConfiguration:
      Did not match:
         - @ConditionalOnClass did not find required class 'com.wavefront.sdk.common.application.ApplicationTags' (OnClassCondition)

   WavefrontMetricsExportAutoConfiguration:
      Did not match:
         - @ConditionalOnClass did not find required class 'com.wavefront.sdk.common.WavefrontSender' (OnClassCondition)

   WavefrontTracingAutoConfiguration:
      Did not match:
         - @ConditionalOnClass did not find required class 'com.wavefront.sdk.common.WavefrontSender' (OnClassCondition)

   WebClientAutoConfiguration:
      Did not match:
         - @ConditionalOnClass did not find required class 'org.springframework.web.reactive.function.client.WebClient' (OnClassCondition)

   WebClientObservationConfiguration:
      Did not match:
         - @ConditionalOnClass did not find required class 'org.springframework.web.reactive.function.client.WebClient' (OnClassCondition)

   WebFluxAutoConfiguration:
      Did not match:
         - @ConditionalOnClass did not find required class 'org.springframework.web.reactive.config.WebFluxConfigurer' (OnClassCondition)

   WebFluxEndpointManagementContextConfiguration:
      Did not match:
         - @ConditionalOnClass did not find required class 'org.springframework.web.reactive.DispatcherHandler' (OnClassCondition)

   WebFluxObservationAutoConfiguration:
      Did not match:
         - @ConditionalOnWebApplication did not find reactive web application classes (OnWebApplicationCondition)

   WebMvcAutoConfiguration#hiddenHttpMethodFilter:
      Did not match:
         - @ConditionalOnProperty (spring.mvc.hiddenmethod.filter.enabled) did not find property 'enabled' (OnPropertyCondition)

   WebMvcAutoConfiguration.ProblemDetailsErrorHandlingConfiguration:
      Did not match:
         - @ConditionalOnProperty (spring.mvc.problemdetails.enabled=true) did not find property 'enabled' (OnPropertyCondition)

   WebMvcAutoConfiguration.ResourceChainCustomizerConfiguration:
      Did not match:
         - @ConditionalOnEnabledResourceChain did not find class org.webjars.WebJarAssetLocator (OnEnabledResourceChainCondition)

   WebMvcAutoConfiguration.WebMvcAutoConfigurationAdapter#beanNameViewResolver:
      Did not match:
         - @ConditionalOnMissingBean (types: org.springframework.web.servlet.view.BeanNameViewResolver; SearchStrategy: all) found beans of type 'org.springframework.web.servlet.view.BeanNameViewResolver' beanNameViewResolver (OnBeanCondition)

   WebMvcEndpointManagementContextConfiguration#managementHealthEndpointWebMvcHandlerMapping:
      Did not match:
         - Management Port actual port type (SAME) did not match required type (DIFFERENT) (OnManagementPortCondition)

   WebServiceTemplateAutoConfiguration:
      Did not match:
         - @ConditionalOnClass did not find required class 'org.springframework.oxm.Marshaller' (OnClassCondition)

   WebServicesAutoConfiguration:
      Did not match:
         - @ConditionalOnClass did not find required class 'org.springframework.ws.transport.http.MessageDispatcherServlet' (OnClassCondition)

   WebSessionIdResolverAutoConfiguration:
      Did not match:
         - @ConditionalOnClass did not find required class 'reactor.core.publisher.Mono' (OnClassCondition)

   WebSocketMessagingAutoConfiguration:
      Did not match:
         - @ConditionalOnClass did not find required class 'org.springframework.web.socket.config.annotation.WebSocketMessageBrokerConfigurer' (OnClassCondition)

   WebSocketReactiveAutoConfiguration:
      Did not match:
         - @ConditionalOnWebApplication did not find reactive web application classes (OnWebApplicationCondition)

   WebSocketServletAutoConfiguration.JettyWebSocketConfiguration:
      Did not match:
         - @ConditionalOnClass did not find required class 'org.eclipse.jetty.ee10.websocket.jakarta.server.config.JakartaWebSocketServletContainerInitializer' (OnClassCondition)

   WebSocketServletAutoConfiguration.UndertowWebSocketConfiguration:
      Did not match:
         - @ConditionalOnClass did not find required class 'io.undertow.websockets.jsr.Bootstrap' (OnClassCondition)

   XADataSourceAutoConfiguration:
      Did not match:
         - @ConditionalOnClass did not find required class 'jakarta.transaction.TransactionManager' (OnClassCondition)

   ZipkinAutoConfiguration:
      Did not match:
         - @ConditionalOnClass did not find required class 'zipkin2.reporter.Encoding' (OnClassCondition)


Exclusions:
-----------

    None


Unconditional classes:
----------------------

    org.springframework.boot.autoconfigure.context.ConfigurationPropertiesAutoConfiguration

    org.springframework.boot.actuate.autoconfigure.availability.AvailabilityHealthContributorAutoConfiguration

    org.springframework.boot.autoconfigure.ssl.SslAutoConfiguration

    org.springframework.boot.actuate.autoconfigure.info.InfoContributorAutoConfiguration

    org.springframework.boot.autoconfigure.context.PropertyPlaceholderAutoConfiguration

    org.springframework.boot.autoconfigure.context.LifecycleAutoConfiguration

    org.springframework.boot.actuate.autoconfigure.metrics.integration.IntegrationMetricsAutoConfiguration

    org.springframework.boot.actuate.autoconfigure.endpoint.EndpointAutoConfiguration

    org.springframework.boot.actuate.autoconfigure.web.server.ManagementContextAutoConfiguration

    org.springframework.boot.actuate.autoconfigure.health.HealthContributorAutoConfiguration

    org.springframework.boot.actuate.autoconfigure.endpoint.jackson.JacksonEndpointAutoConfiguration

    org.springframework.boot.autoconfigure.availability.ApplicationAvailabilityAutoConfiguration

    org.springframework.boot.autoconfigure.info.ProjectInfoAutoConfiguration



2024-12-04T11:45:14.200+01:00  INFO 72666 --- [intelligent_pv] [           main] g.m.i.pv.IntelligentPvApplicationTests   : Started IntelligentPvApplicationTests in 2.637 seconds (process running for 3.139)
2024-12-04T11:45:14.254+01:00 DEBUG 72666 --- [intelligent_pv] [           main] o.s.b.a.ApplicationAvailabilityBean      : Application availability state LivenessState changed to CORRECT
2024-12-04T11:45:14.255+01:00 DEBUG 72666 --- [intelligent_pv] [           main] o.s.boot.devtools.restart.Restarter      : Creating new Restarter for thread Thread[#1,main,5,main]
2024-12-04T11:45:14.255+01:00 DEBUG 72666 --- [intelligent_pv] [           main] o.s.b.a.ApplicationAvailabilityBean      : Application availability state ReadinessState changed to ACCEPTING_TRAFFIC
]]></system-out>
    <system-err><![CDATA[WARNING: A Java agent has been loaded dynamically (/Users/youssef.elassaoui/.m2/repository/net/bytebuddy/byte-buddy-agent/1.14.16/byte-buddy-agent-1.14.16.jar)
WARNING: If a serviceability tool is in use, please run with -XX:+EnableDynamicAgentLoading to hide this warning
WARNING: If a serviceability tool is not in use, please run with -Djdk.instrument.traceUsage for more information
WARNING: Dynamic loading of agents will be disallowed by default in a future release
]]></system-err>
  </testcase>
</testsuite>